[2022-10-06T07:56:23.809Z] Log level: Info
[2022-10-06T07:56:23.854Z] [info] Validating found git in: git
[2022-10-06T07:56:24.121Z] [info] Using git 2.34.1 from git
[2022-10-06T07:56:24.651Z] > git rev-parse --show-toplevel [417ms]
[2022-10-06T07:56:24.730Z] > git rev-parse --git-dir --git-common-dir [18ms]
[2022-10-06T07:56:24.792Z] [info] Open repository: /home/ubuntu
[2022-10-06T07:56:25.880Z] > git status -z -uall [1008ms]
[2022-10-06T07:56:25.959Z] > git symbolic-ref --short HEAD [58ms]
[2022-10-06T07:56:26.007Z] > git for-each-ref --format=%(refname)%00%(upstream:short)%00%(objectname)%00%(upstream:track)%00%(upstream:remotename)%00%(upstream:remoteref) refs/heads/main refs/remotes/main [25ms]
[2022-10-06T07:56:26.056Z] > git for-each-ref --sort -committerdate --format %(refname) %(objectname) %(*objectname) [23ms]
[2022-10-06T07:56:26.058Z] > git remote --verbose [20ms]
[2022-10-06T07:56:26.867Z] > git config --get commit.template [67ms]
[2022-10-06T07:56:26.912Z] > git check-ignore -v -z --stdin [67ms]
[2022-10-06T07:56:28.140Z] > git status -z -uall [1230ms]
[2022-10-06T07:56:28.228Z] > git show --textconv :jinkange/src/App.js [850ms]
[2022-10-06T07:56:28.228Z] > git check-ignore -v -z --stdin [808ms]
[2022-10-06T07:56:28.353Z] > git symbolic-ref --short HEAD [126ms]
[2022-10-06T07:56:28.385Z] > git ls-files --stage -- /home/ubuntu/jinkange/src/App.js [984ms]
[2022-10-06T07:56:28.418Z] > git for-each-ref --format=%(refname)%00%(upstream:short)%00%(objectname)%00%(upstream:track)%00%(upstream:remotename)%00%(upstream:remoteref) refs/heads/main refs/remotes/main [34ms]
[2022-10-06T07:56:28.457Z] > git for-each-ref --sort -committerdate --format %(refname) %(objectname) %(*objectname) [14ms]
[2022-10-06T07:56:28.485Z] > git remote --verbose [31ms]
[2022-10-06T07:56:29.430Z] > git config --get commit.template [853ms]
[2022-10-06T07:56:33.329Z] > git status -z -uall [1288ms]
[2022-10-06T07:56:33.368Z] > git symbolic-ref --short HEAD [21ms]
[2022-10-06T07:56:33.405Z] > git for-each-ref --format=%(refname)%00%(upstream:short)%00%(objectname)%00%(upstream:track)%00%(upstream:remotename)%00%(upstream:remoteref) refs/heads/main refs/remotes/main [12ms]
[2022-10-06T07:56:33.434Z] > git for-each-ref --sort -committerdate --format %(refname) %(objectname) %(*objectname) [16ms]
[2022-10-06T07:56:33.444Z] > git remote --verbose [12ms]
[2022-10-06T07:56:33.529Z] > git config --get commit.template [21ms]
[2022-10-06T07:56:39.112Z] > git status -z -uall [567ms]
[2022-10-06T07:56:39.122Z] > git symbolic-ref --short HEAD [3ms]
[2022-10-06T07:56:39.129Z] > git for-each-ref --format=%(refname)%00%(upstream:short)%00%(objectname)%00%(upstream:track)%00%(upstream:remotename)%00%(upstream:remoteref) refs/heads/main refs/remotes/main [3ms]
[2022-10-06T07:56:39.142Z] > git for-each-ref --sort -committerdate --format %(refname) %(objectname) %(*objectname) [10ms]
[2022-10-06T07:56:39.142Z] > git remote --verbose [6ms]
[2022-10-06T07:56:39.166Z] > git config --get commit.template [3ms]
[2022-10-06T07:56:42.236Z] > git check-ignore -v -z --stdin [18ms]
[2022-10-06T07:56:44.340Z] > git status -z -uall [168ms]
[2022-10-06T07:56:44.351Z] > git symbolic-ref --short HEAD [4ms]
[2022-10-06T07:56:44.358Z] > git for-each-ref --format=%(refname)%00%(upstream:short)%00%(objectname)%00%(upstream:track)%00%(upstream:remotename)%00%(upstream:remoteref) refs/heads/main refs/remotes/main [4ms]
[2022-10-06T07:56:44.380Z] > git for-each-ref --sort -committerdate --format %(refname) %(objectname) %(*objectname) [18ms]
[2022-10-06T07:56:44.387Z] > git remote --verbose [9ms]
[2022-10-06T07:56:44.420Z] > git config --get commit.template [2ms]
[2022-10-06T07:56:45.004Z] > git check-ignore -v -z --stdin [6ms]
[2022-10-06T07:56:47.386Z] > git check-ignore -v -z --stdin [15ms]
[2022-10-06T07:56:49.542Z] > git status -z -uall [116ms]
[2022-10-06T07:56:49.549Z] > git symbolic-ref --short HEAD [2ms]
[2022-10-06T07:56:49.554Z] > git for-each-ref --format=%(refname)%00%(upstream:short)%00%(objectname)%00%(upstream:track)%00%(upstream:remotename)%00%(upstream:remoteref) refs/heads/main refs/remotes/main [2ms]
[2022-10-06T07:56:49.562Z] > git for-each-ref --sort -committerdate --format %(refname) %(objectname) %(*objectname) [5ms]
[2022-10-06T07:56:49.564Z] > git remote --verbose [3ms]
[2022-10-06T07:56:49.591Z] > git config --get commit.template [3ms]
[2022-10-06T07:56:54.483Z] > git check-ignore -v -z --stdin [9ms]
[2022-10-06T07:56:54.717Z] > git status -z -uall [121ms]
[2022-10-06T07:56:54.724Z] > git symbolic-ref --short HEAD [2ms]
[2022-10-06T07:56:54.729Z] > git for-each-ref --format=%(refname)%00%(upstream:short)%00%(objectname)%00%(upstream:track)%00%(upstream:remotename)%00%(upstream:remoteref) refs/heads/main refs/remotes/main [2ms]
[2022-10-06T07:56:54.739Z] > git for-each-ref --sort -committerdate --format %(refname) %(objectname) %(*objectname) [5ms]
[2022-10-06T07:56:54.741Z] > git remote --verbose [3ms]
[2022-10-06T07:56:54.753Z] > git config --get commit.template [2ms]
[2022-10-06T07:56:59.865Z] > git status -z -uall [106ms]
[2022-10-06T07:56:59.872Z] > git symbolic-ref --short HEAD [2ms]
[2022-10-06T07:56:59.878Z] > git for-each-ref --format=%(refname)%00%(upstream:short)%00%(objectname)%00%(upstream:track)%00%(upstream:remotename)%00%(upstream:remoteref) refs/heads/main refs/remotes/main [2ms]
[2022-10-06T07:56:59.886Z] > git for-each-ref --sort -committerdate --format %(refname) %(objectname) %(*objectname) [5ms]
[2022-10-06T07:56:59.888Z] > git remote --verbose [3ms]
[2022-10-06T07:56:59.910Z] > git config --get commit.template [8ms]
