[2022-09-30T05:45:19.811Z] Log level: Info
[2022-09-30T05:45:19.847Z] [info] Validating found git in: git
[2022-09-30T05:45:20.038Z] [info] Using git 2.34.1 from git
[2022-09-30T05:45:20.137Z] > git rev-parse --show-toplevel [33ms]
[2022-09-30T05:45:20.137Z] fatal: detected dubious ownership in repository at '/home/ubuntu/jinkange'
To add an exception for this directory, call:

	git config --global --add safe.directory /home/ubuntu/jinkange
[2022-09-30T05:45:20.198Z] > git rev-parse --show-toplevel [10ms]
[2022-09-30T05:45:20.198Z] fatal: detected dubious ownership in repository at '/home/ubuntu/jinkange'
To add an exception for this directory, call:

	git config --global --add safe.directory /home/ubuntu/jinkange
[2022-09-30T05:45:20.270Z] > git rev-parse --show-toplevel [61ms]
[2022-09-30T05:45:20.270Z] fatal: detected dubious ownership in repository at '/home/ubuntu/jinkange'
To add an exception for this directory, call:

	git config --global --add safe.directory /home/ubuntu/jinkange
[2022-09-30T05:45:20.298Z] > git rev-parse --show-toplevel [10ms]
[2022-09-30T05:45:20.298Z] fatal: detected dubious ownership in repository at '/home/ubuntu/jinkange'
To add an exception for this directory, call:

	git config --global --add safe.directory /home/ubuntu/jinkange
[2022-09-30T05:45:34.707Z] > git rev-parse --show-toplevel [9ms]
[2022-09-30T05:45:34.707Z] fatal: detected dubious ownership in repository at '/home/ubuntu/jinkange'
To add an exception for this directory, call:

	git config --global --add safe.directory /home/ubuntu/jinkange
