[2022-10-11 04:22:58.483] [exthost] [info] Extension host with pid 2277 started
[2022-10-11 04:22:58.487] [exthost] [error] Error: EEXIST: file already exists, open '/home/ubuntu/.vscode-server/data/User/workspaceStorage/79c8c1bf689d18c431c5140b29fc52cc/vscode.lock'
[2022-10-11 04:22:58.493] [exthost] [info] Lock '/home/ubuntu/.vscode-server/data/User/workspaceStorage/79c8c1bf689d18c431c5140b29fc52cc/vscode.lock': Could not acquire lock, checking if the file is stale.
[2022-10-11 04:22:58.497] [exthost] [info] Lock '/home/ubuntu/.vscode-server/data/User/workspaceStorage/79c8c1bf689d18c431c5140b29fc52cc/vscode.lock': The pid 17217 appears to be gone.
[2022-10-11 04:22:58.497] [exthost] [info] Lock '/home/ubuntu/.vscode-server/data/User/workspaceStorage/79c8c1bf689d18c431c5140b29fc52cc/vscode.lock': Deleting a stale lock.
[2022-10-11 04:22:58.502] [exthost] [info] Lock '/home/ubuntu/.vscode-server/data/User/workspaceStorage/79c8c1bf689d18c431c5140b29fc52cc/vscode.lock': Lock acquired.
[2022-10-11 04:22:59.126] [exthost] [info] ExtensionService#_doActivateExtension vscode.typescript-language-features, startup: false, activationEvent: 'onLanguage:javascript'
[2022-10-11 04:22:59.127] [exthost] [info] ExtensionService#_doActivateExtension vscode.debug-auto-launch, startup: true, activationEvent: '*'
[2022-10-11 04:22:59.128] [exthost] [info] ExtensionService#_doActivateExtension vscode.git-base, startup: true, activationEvent: '*', root cause: vscode.git
[2022-10-11 04:22:59.128] [exthost] [info] ExtensionService#_doActivateExtension vscode.ipynb, startup: true, activationEvent: '*'
[2022-10-11 04:22:59.128] [exthost] [info] ExtensionService#_doActivateExtension ecmel.vscode-html-css, startup: true, activationEvent: '*'
[2022-10-11 04:22:59.284] [exthost] [info] ExtensionService#_doActivateExtension vscode.npm, startup: true, activationEvent: 'workspaceContains:package.json'
[2022-10-11 04:22:59.617] [exthost] [info] ExtensionService#_doActivateExtension vscode.git, startup: true, activationEvent: '*'
[2022-10-11 04:22:59.618] [exthost] [info] ExtensionService#_doActivateExtension vscode.github, startup: true, activationEvent: '*'
[2022-10-11 04:23:00.448] [exthost] [info] ExtensionService#_doActivateExtension vscode.emmet, startup: false, activationEvent: 'onStartupFinished'
[2022-10-11 04:23:00.449] [exthost] [info] ExtensionService#_doActivateExtension vscode.merge-conflict, startup: false, activationEvent: 'onStartupFinished'
[2022-10-11 04:23:00.449] [exthost] [info] ExtensionService#_doActivateExtension esbenp.prettier-vscode, startup: false, activationEvent: 'onStartupFinished'
[2022-10-11 04:23:00.450] [exthost] [info] Eager extensions activated
[2022-10-11 05:53:33.421] [exthost] [info] Extension host terminating: renderer disconnected for too long (2)
[2022-10-11 05:53:33.422] [exthost] [info] Lock '/home/ubuntu/.vscode-server/data/User/workspaceStorage/79c8c1bf689d18c431c5140b29fc52cc/vscode.lock': Marking the lockfile as scheduled to be released in 6000 ms.
[2022-10-11 05:53:33.446] [exthost] [info] Extension host with pid 2277 exiting with code 0
