[2022-10-03 06:48:20.040] [exthost] [info] Extension host with pid 92969 started
[2022-10-03 06:48:20.143] [exthost] [info] Lock '/home/ubuntu/.vscode-server/data/User/workspaceStorage/f754b7aa2240ec878ccf37628a1e6a51/vscode.lock': Lock acquired.
[2022-10-03 06:48:20.252] [exthost] [info] ExtensionService#_doActivateExtension vscode.debug-auto-launch, startup: true, activationEvent: '*'
[2022-10-03 06:48:20.277] [exthost] [info] ExtensionService#_doActivateExtension vscode.git-base, startup: true, activationEvent: '*'
[2022-10-03 06:48:20.292] [exthost] [info] ExtensionService#_doActivateExtension vscode.ipynb, startup: true, activationEvent: '*'
[2022-10-03 06:48:20.386] [exthost] [info] ExtensionService#_doActivateExtension vscode.github, startup: true, activationEvent: '*'
[2022-10-03 06:48:20.443] [exthost] [info] ExtensionService#_doActivateExtension vscode.emmet, startup: false, activationEvent: 'onStartupFinished'
[2022-10-03 06:48:20.521] [exthost] [info] ExtensionService#_doActivateExtension vscode.merge-conflict, startup: false, activationEvent: 'onStartupFinished'
[2022-10-03 06:48:20.534] [exthost] [info] Eager extensions activated
[2022-10-03 06:48:24.351] [exthost] [info] ExtensionService#_doActivateExtension vscode.git, startup: false, activationEvent: 'api', root cause: vscode.github
[2022-10-03 06:48:25.853] [exthost] [warning] [Decorations] CAPPING events from decorations provider vscode.git 4614
[2022-10-03 06:48:28.095] [exthost] [warning] [Decorations] CAPPING events from decorations provider vscode.git 4614
[2022-10-03 06:48:30.466] [exthost] [warning] [Decorations] CAPPING events from decorations provider vscode.git 4614
[2022-10-03 06:48:36.672] [exthost] [warning] [Decorations] CAPPING events from decorations provider vscode.git 4614
[2022-10-03 06:48:42.761] [exthost] [warning] [Decorations] CAPPING events from decorations provider vscode.git 4614
[2022-10-03 07:00:32.033] [exthost] [warning] [Decorations] CAPPING events from decorations provider vscode.git 4614
[2022-10-03 07:00:38.149] [exthost] [warning] [Decorations] CAPPING events from decorations provider vscode.git 4614
[2022-10-03 07:00:43.066] [exthost] [info] ExtensionService#_doActivateExtension vscode.npm, startup: false, activationEvent: 'onStartupFinished', root cause: esbenp.prettier-vscode
[2022-10-03 07:00:43.400] [exthost] [info] ExtensionService#_doActivateExtension esbenp.prettier-vscode, startup: false, activationEvent: 'onStartupFinished'
[2022-10-03 07:00:44.526] [exthost] [warning] [Decorations] CAPPING events from decorations provider vscode.git 4652
[2022-10-03 10:06:00.583] [exthost] [warning] [Decorations] CAPPING events from decorations provider vscode.git 4651
[2022-10-03 10:06:07.820] [exthost] [warning] [Decorations] CAPPING events from decorations provider vscode.git 4651
[2022-10-03 14:19:19.633] [exthost] [info] Extension host terminating: renderer disconnected for too long (1)
[2022-10-03 14:19:19.633] [exthost] [info] Lock '/home/ubuntu/.vscode-server/data/User/workspaceStorage/f754b7aa2240ec878ccf37628a1e6a51/vscode.lock': Marking the lockfile as scheduled to be released in 6000 ms.
[2022-10-03 14:19:19.645] [exthost] [info] Extension host with pid 92969 exiting with code 0
