[2022-10-13 03:17:07.923] [exthost] [info] Extension host with pid 466504 started
[2022-10-13 03:17:07.927] [exthost] [error] Error: EEXIST: file already exists, open '/home/ubuntu/.vscode-server/data/User/workspaceStorage/f754b7aa2240ec878ccf37628a1e6a51/vscode.lock'
[2022-10-13 03:17:07.934] [exthost] [info] Lock '/home/ubuntu/.vscode-server/data/User/workspaceStorage/f754b7aa2240ec878ccf37628a1e6a51/vscode.lock': Could not acquire lock, checking if the file is stale.
[2022-10-13 03:17:07.938] [exthost] [info] Lock '/home/ubuntu/.vscode-server/data/User/workspaceStorage/f754b7aa2240ec878ccf37628a1e6a51/vscode.lock': The lock does not look stale, elapsed: 661 ms, giving up.
[2022-10-13 03:17:07.948] [exthost] [info] Lock '/home/ubuntu/.vscode-server/data/User/workspaceStorage/f754b7aa2240ec878ccf37628a1e6a51-1/vscode.lock': Lock acquired.
[2022-10-13 03:17:08.072] [exthost] [info] ExtensionService#_doActivateExtension vscode.typescript-language-features, startup: false, activationEvent: 'onLanguage:javascript'
[2022-10-13 03:17:08.074] [exthost] [info] ExtensionService#_doActivateExtension vscode.debug-auto-launch, startup: true, activationEvent: '*'
[2022-10-13 03:17:08.075] [exthost] [info] ExtensionService#_doActivateExtension vscode.git-base, startup: true, activationEvent: '*', root cause: vscode.git
[2022-10-13 03:17:08.075] [exthost] [info] ExtensionService#_doActivateExtension vscode.ipynb, startup: true, activationEvent: '*'
[2022-10-13 03:17:08.076] [exthost] [info] ExtensionService#_doActivateExtension ecmel.vscode-html-css, startup: true, activationEvent: '*'
[2022-10-13 03:17:08.330] [exthost] [info] ExtensionService#_doActivateExtension vscode.npm, startup: true, activationEvent: 'workspaceContains:package.json'
[2022-10-13 03:17:08.742] [exthost] [info] ExtensionService#_doActivateExtension vscode.git, startup: true, activationEvent: '*'
[2022-10-13 03:17:08.746] [exthost] [info] ExtensionService#_doActivateExtension vscode.github, startup: true, activationEvent: '*'
[2022-10-13 03:17:10.996] [exthost] [warning] [Decorations] CAPPING events from decorations provider vscode.git 3409
[2022-10-13 03:17:13.844] [exthost] [warning] [Decorations] CAPPING events from decorations provider vscode.git 3496
[2022-10-13 03:17:15.247] [exthost] [info] ExtensionService#_doActivateExtension vscode.emmet, startup: false, activationEvent: 'onStartupFinished'
[2022-10-13 03:17:15.249] [exthost] [info] ExtensionService#_doActivateExtension vscode.merge-conflict, startup: false, activationEvent: 'onStartupFinished'
[2022-10-13 03:17:15.249] [exthost] [info] ExtensionService#_doActivateExtension esbenp.prettier-vscode, startup: false, activationEvent: 'onStartupFinished'
[2022-10-13 03:17:15.253] [exthost] [info] Eager extensions activated
[2022-10-13 03:17:24.472] [exthost] [warning] [Decorations] CAPPING events from decorations provider vscode.git 3627
[2022-10-13 03:17:31.441] [exthost] [warning] [Decorations] CAPPING events from decorations provider vscode.git 3627
[2022-10-13 03:17:36.808] [exthost] [warning] [Decorations] CAPPING events from decorations provider vscode.git 3763
[2022-10-13 03:17:42.284] [exthost] [warning] [Decorations] CAPPING events from decorations provider vscode.git 4510
[2022-10-13 03:17:48.873] [exthost] [warning] [Decorations] CAPPING events from decorations provider vscode.git 5029
[2022-10-13 03:17:54.331] [exthost] [warning] [Decorations] CAPPING events from decorations provider vscode.git 5357
[2022-10-13 03:18:02.593] [exthost] [warning] [Decorations] CAPPING events from decorations provider vscode.git 5614
[2022-10-13 10:19:44.929] [exthost] [info] Extension host terminating: renderer disconnected for too long (1)
[2022-10-13 10:19:44.930] [exthost] [info] Lock '/home/ubuntu/.vscode-server/data/User/workspaceStorage/f754b7aa2240ec878ccf37628a1e6a51-1/vscode.lock': Marking the lockfile as scheduled to be released in 6000 ms.
[2022-10-13 10:19:44.960] [exthost] [info] Extension host with pid 466504 exiting with code 0
