[2022-09-30 08:19:36.470] [exthost] [info] Extension host with pid 1289 started
[2022-09-30 08:19:36.476] [exthost] [error] Error: EEXIST: file already exists, open '/home/ubuntu/.vscode-server/data/User/workspaceStorage/f754b7aa2240ec878ccf37628a1e6a51/vscode.lock'
[2022-09-30 08:19:36.485] [exthost] [info] Lock '/home/ubuntu/.vscode-server/data/User/workspaceStorage/f754b7aa2240ec878ccf37628a1e6a51/vscode.lock': Could not acquire lock, checking if the file is stale.
[2022-09-30 08:19:36.491] [exthost] [info] Lock '/home/ubuntu/.vscode-server/data/User/workspaceStorage/f754b7aa2240ec878ccf37628a1e6a51/vscode.lock': The pid 56489 appears to be gone.
[2022-09-30 08:19:36.491] [exthost] [info] Lock '/home/ubuntu/.vscode-server/data/User/workspaceStorage/f754b7aa2240ec878ccf37628a1e6a51/vscode.lock': Deleting a stale lock.
[2022-09-30 08:19:36.495] [exthost] [info] Lock '/home/ubuntu/.vscode-server/data/User/workspaceStorage/f754b7aa2240ec878ccf37628a1e6a51/vscode.lock': Lock acquired.
[2022-09-30 08:19:36.685] [exthost] [info] ExtensionService#_doActivateExtension vscode.debug-auto-launch, startup: true, activationEvent: '*'
[2022-09-30 08:19:36.742] [exthost] [info] ExtensionService#_doActivateExtension vscode.git-base, startup: true, activationEvent: '*', root cause: vscode.git
[2022-09-30 08:19:36.767] [exthost] [info] ExtensionService#_doActivateExtension vscode.ipynb, startup: true, activationEvent: '*'
[2022-09-30 08:19:36.941] [exthost] [info] ExtensionService#_doActivateExtension vscode.git, startup: true, activationEvent: '*'
[2022-09-30 08:19:37.248] [exthost] [info] ExtensionService#_doActivateExtension vscode.github, startup: true, activationEvent: '*'
[2022-09-30 08:19:37.433] [exthost] [info] ExtensionService#_doActivateExtension vscode.emmet, startup: false, activationEvent: 'onStartupFinished'
[2022-09-30 08:19:37.483] [exthost] [info] ExtensionService#_doActivateExtension vscode.merge-conflict, startup: false, activationEvent: 'onStartupFinished'
[2022-09-30 08:19:37.491] [exthost] [info] Eager extensions activated
[2022-09-30 08:19:38.312] [exthost] [warning] [Decorations] CAPPING events from decorations provider vscode.git 1113
[2022-09-30 08:19:39.015] [exthost] [warning] [Decorations] CAPPING events from decorations provider vscode.git 1113
[2022-09-30 08:19:43.433] [exthost] [info] ExtensionService#_doActivateExtension vscode.typescript-language-features, startup: false, activationEvent: 'onLanguage:javascript'
[2022-09-30 08:19:47.025] [exthost] [warning] [Decorations] CAPPING events from decorations provider vscode.git 1114
[2022-09-30 08:21:06.583] [exthost] [warning] [Decorations] CAPPING events from decorations provider vscode.git 1116
[2022-09-30 08:21:11.770] [exthost] [warning] [Decorations] CAPPING events from decorations provider vscode.git 1116
[2022-09-30 08:21:16.964] [exthost] [warning] [Decorations] CAPPING events from decorations provider vscode.git 1116
[2022-09-30 08:21:22.227] [exthost] [warning] [Decorations] CAPPING events from decorations provider vscode.git 1116
[2022-09-30 08:21:35.260] [exthost] [warning] [Decorations] CAPPING events from decorations provider vscode.git 1116
[2022-09-30 08:21:40.471] [exthost] [warning] [Decorations] CAPPING events from decorations provider vscode.git 1116
[2022-09-30 08:21:45.666] [exthost] [warning] [Decorations] CAPPING events from decorations provider vscode.git 1116
[2022-09-30 08:21:50.853] [exthost] [warning] [Decorations] CAPPING events from decorations provider vscode.git 1116
[2022-09-30 08:21:56.052] [exthost] [warning] [Decorations] CAPPING events from decorations provider vscode.git 1116
[2022-09-30 08:22:01.237] [exthost] [warning] [Decorations] CAPPING events from decorations provider vscode.git 1116
[2022-09-30 08:22:06.490] [exthost] [warning] [Decorations] CAPPING events from decorations provider vscode.git 1116
[2022-09-30 08:22:11.986] [exthost] [warning] [Decorations] CAPPING events from decorations provider vscode.git 1116
[2022-09-30 08:22:17.484] [exthost] [warning] [Decorations] CAPPING events from decorations provider vscode.git 1116
[2022-09-30 08:22:22.696] [exthost] [warning] [Decorations] CAPPING events from decorations provider vscode.git 1116
[2022-09-30 08:22:27.890] [exthost] [warning] [Decorations] CAPPING events from decorations provider vscode.git 1116
[2022-09-30 08:22:33.095] [exthost] [warning] [Decorations] CAPPING events from decorations provider vscode.git 1116
[2022-09-30 08:22:38.272] [exthost] [warning] [Decorations] CAPPING events from decorations provider vscode.git 1116
[2022-09-30 08:22:43.450] [exthost] [warning] [Decorations] CAPPING events from decorations provider vscode.git 1116
[2022-09-30 08:22:48.638] [exthost] [warning] [Decorations] CAPPING events from decorations provider vscode.git 1116
[2022-09-30 08:22:53.881] [exthost] [warning] [Decorations] CAPPING events from decorations provider vscode.git 1116
[2022-09-30 08:22:59.273] [exthost] [warning] [Decorations] CAPPING events from decorations provider vscode.git 1116
[2022-09-30 08:23:04.528] [exthost] [warning] [Decorations] CAPPING events from decorations provider vscode.git 1116
[2022-09-30 08:23:09.718] [exthost] [warning] [Decorations] CAPPING events from decorations provider vscode.git 1116
[2022-09-30 08:23:14.899] [exthost] [warning] [Decorations] CAPPING events from decorations provider vscode.git 1116
[2022-09-30 08:23:21.782] [exthost] [warning] [Decorations] CAPPING events from decorations provider vscode.git 1117
[2022-09-30 08:23:26.965] [exthost] [warning] [Decorations] CAPPING events from decorations provider vscode.git 1117
[2022-09-30 08:23:32.148] [exthost] [warning] [Decorations] CAPPING events from decorations provider vscode.git 1117
[2022-09-30 08:23:37.329] [exthost] [warning] [Decorations] CAPPING events from decorations provider vscode.git 1117
[2022-09-30 08:23:42.573] [exthost] [warning] [Decorations] CAPPING events from decorations provider vscode.git 1117
[2022-09-30 08:23:47.764] [exthost] [warning] [Decorations] CAPPING events from decorations provider vscode.git 1117
[2022-09-30 08:23:53.004] [exthost] [warning] [Decorations] CAPPING events from decorations provider vscode.git 1117
[2022-09-30 08:23:58.186] [exthost] [warning] [Decorations] CAPPING events from decorations provider vscode.git 1117
[2022-09-30 08:24:03.450] [exthost] [warning] [Decorations] CAPPING events from decorations provider vscode.git 1117
[2022-09-30 08:35:53.113] [exthost] [warning] [Decorations] CAPPING events from decorations provider vscode.git 1117
[2022-09-30 08:35:58.298] [exthost] [warning] [Decorations] CAPPING events from decorations provider vscode.git 1117
[2022-09-30 08:36:03.486] [exthost] [warning] [Decorations] CAPPING events from decorations provider vscode.git 1117
[2022-09-30 08:36:08.681] [exthost] [warning] [Decorations] CAPPING events from decorations provider vscode.git 1117
[2022-09-30 08:36:13.861] [exthost] [warning] [Decorations] CAPPING events from decorations provider vscode.git 1117
[2022-09-30 08:36:19.046] [exthost] [warning] [Decorations] CAPPING events from decorations provider vscode.git 1117
[2022-09-30 08:36:24.231] [exthost] [warning] [Decorations] CAPPING events from decorations provider vscode.git 1117
[2022-09-30 08:36:45.570] [exthost] [warning] [Decorations] CAPPING events from decorations provider vscode.git 1117
[2022-09-30 08:36:50.818] [exthost] [warning] [Decorations] CAPPING events from decorations provider vscode.git 1116
[2022-09-30 08:37:07.474] [exthost] [warning] [Decorations] CAPPING events from decorations provider vscode.git 1116
[2022-09-30 08:37:12.656] [exthost] [warning] [Decorations] CAPPING events from decorations provider vscode.git 1116
[2022-09-30 08:37:17.832] [exthost] [warning] [Decorations] CAPPING events from decorations provider vscode.git 1116
[2022-09-30 08:37:23.006] [exthost] [warning] [Decorations] CAPPING events from decorations provider vscode.git 1116
[2022-09-30 08:37:28.185] [exthost] [warning] [Decorations] CAPPING events from decorations provider vscode.git 1116
[2022-09-30 08:37:33.780] [exthost] [warning] [Decorations] CAPPING events from decorations provider vscode.git 1119
[2022-09-30 08:37:39.156] [exthost] [warning] [Decorations] CAPPING events from decorations provider vscode.git 1122
[2022-09-30 08:37:44.561] [exthost] [warning] [Decorations] CAPPING events from decorations provider vscode.git 1122
[2022-09-30 08:37:50.020] [exthost] [warning] [Decorations] CAPPING events from decorations provider vscode.git 1122
[2022-09-30 08:37:55.218] [exthost] [warning] [Decorations] CAPPING events from decorations provider vscode.git 1122
[2022-09-30 08:38:00.414] [exthost] [warning] [Decorations] CAPPING events from decorations provider vscode.git 1121
[2022-09-30 08:38:05.591] [exthost] [warning] [Decorations] CAPPING events from decorations provider vscode.git 1121
[2022-09-30 08:38:10.768] [exthost] [warning] [Decorations] CAPPING events from decorations provider vscode.git 1121
[2022-09-30 08:38:15.944] [exthost] [warning] [Decorations] CAPPING events from decorations provider vscode.git 1121
[2022-09-30 08:38:21.114] [exthost] [warning] [Decorations] CAPPING events from decorations provider vscode.git 1121
[2022-09-30 08:38:26.290] [exthost] [warning] [Decorations] CAPPING events from decorations provider vscode.git 1121
[2022-09-30 08:38:31.460] [exthost] [warning] [Decorations] CAPPING events from decorations provider vscode.git 1121
[2022-09-30 08:38:36.657] [exthost] [warning] [Decorations] CAPPING events from decorations provider vscode.git 1373
[2022-09-30 08:38:42.072] [exthost] [warning] [Decorations] CAPPING events from decorations provider vscode.git 1374
[2022-09-30 08:38:50.041] [exthost] [warning] [Decorations] CAPPING events from decorations provider vscode.git 1374
[2022-09-30 08:38:55.239] [exthost] [warning] [Decorations] CAPPING events from decorations provider vscode.git 1373
[2022-09-30 08:39:00.417] [exthost] [warning] [Decorations] CAPPING events from decorations provider vscode.git 1373
[2022-09-30 08:39:05.592] [exthost] [warning] [Decorations] CAPPING events from decorations provider vscode.git 1373
[2022-09-30 08:39:10.813] [exthost] [warning] [Decorations] CAPPING events from decorations provider vscode.git 1373
[2022-09-30 08:39:15.994] [exthost] [warning] [Decorations] CAPPING events from decorations provider vscode.git 1373
[2022-09-30 08:39:21.177] [exthost] [warning] [Decorations] CAPPING events from decorations provider vscode.git 1373
[2022-09-30 08:39:26.391] [exthost] [warning] [Decorations] CAPPING events from decorations provider vscode.git 1373
[2022-09-30 08:39:31.646] [exthost] [warning] [Decorations] CAPPING events from decorations provider vscode.git 1373
[2022-09-30 08:39:36.828] [exthost] [warning] [Decorations] CAPPING events from decorations provider vscode.git 1373
[2022-09-30 08:39:42.050] [exthost] [warning] [Decorations] CAPPING events from decorations provider vscode.git 1373
[2022-09-30 08:39:47.224] [exthost] [warning] [Decorations] CAPPING events from decorations provider vscode.git 1373
[2022-09-30 08:39:59.964] [exthost] [warning] [Decorations] CAPPING events from decorations provider vscode.git 1374
[2022-09-30 08:40:05.225] [exthost] [warning] [Decorations] CAPPING events from decorations provider vscode.git 1374
[2022-09-30 08:40:10.697] [exthost] [warning] [Decorations] CAPPING events from decorations provider vscode.git 1429
[2022-09-30 08:40:16.058] [exthost] [warning] [Decorations] CAPPING events from decorations provider vscode.git 1936
[2022-09-30 08:40:21.280] [exthost] [warning] [Decorations] CAPPING events from decorations provider vscode.git 1936
[2022-09-30 08:40:45.454] [exthost] [warning] [Decorations] CAPPING events from decorations provider vscode.git 1936
[2022-09-30 08:40:50.653] [exthost] [warning] [Decorations] CAPPING events from decorations provider vscode.git 1936
[2022-09-30 08:48:45.408] [exthost] [warning] [Decorations] CAPPING events from decorations provider vscode.git 1936
[2022-09-30 15:29:03.737] [exthost] [warning] [Decorations] CAPPING events from decorations provider vscode.git 1936
[2022-09-30 15:29:07.822] [exthost] [info] Extension host terminating: received terminate message from renderer
[2022-09-30 15:29:07.823] [exthost] [info] Lock '/home/ubuntu/.vscode-server/data/User/workspaceStorage/f754b7aa2240ec878ccf37628a1e6a51/vscode.lock': Marking the lockfile as scheduled to be released in 6000 ms.
[2022-09-30 15:29:07.864] [exthost] [info] Extension host with pid 1289 exiting with code 0
