[2022-10-06T08:11:32.141Z] Log level: Info
[2022-10-06T08:11:32.159Z] [info] Validating found git in: git
[2022-10-06T08:11:32.345Z] [info] Using git 2.34.1 from git
[2022-10-06T08:11:32.705Z] > git rev-parse --show-toplevel [278ms]
[2022-10-06T08:11:32.763Z] > git rev-parse --git-dir --git-common-dir [18ms]
[2022-10-06T08:11:32.804Z] [info] Open repository: /home/ubuntu
[2022-10-06T08:11:33.516Z] > git status -z -uall [664ms]
[2022-10-06T08:11:33.546Z] > git symbolic-ref --short HEAD [15ms]
[2022-10-06T08:11:33.582Z] > git for-each-ref --format=%(refname)%00%(upstream:short)%00%(objectname)%00%(upstream:track)%00%(upstream:remotename)%00%(upstream:remoteref) refs/heads/main refs/remotes/main [12ms]
[2022-10-06T08:11:33.608Z] > git for-each-ref --sort -committerdate --format %(refname) %(objectname) %(*objectname) [11ms]
[2022-10-06T08:11:33.997Z] > git remote --verbose [391ms]
[2022-10-06T08:11:34.033Z] > git check-ignore -v -z --stdin [72ms]
[2022-10-06T08:11:34.042Z] > git config --get commit.template [10ms]
[2022-10-06T08:11:34.344Z] > git status -z -uall [297ms]
[2022-10-06T08:11:34.360Z] > git symbolic-ref --short HEAD [11ms]
[2022-10-06T08:11:34.373Z] > git for-each-ref --format=%(refname)%00%(upstream:short)%00%(objectname)%00%(upstream:track)%00%(upstream:remotename)%00%(upstream:remoteref) refs/heads/main refs/remotes/main [10ms]
[2022-10-06T08:11:34.382Z] > git for-each-ref --sort -committerdate --format %(refname) %(objectname) %(*objectname) [5ms]
[2022-10-06T08:11:34.387Z] > git remote --verbose [6ms]
[2022-10-06T08:11:34.410Z] > git config --get commit.template [3ms]
[2022-10-06T08:11:34.731Z] > git check-ignore -v -z --stdin [70ms]
[2022-10-06T08:11:36.325Z] > git check-ignore -v -z --stdin [8ms]
[2022-10-06T08:11:38.133Z] > git status -z -uall [106ms]
[2022-10-06T08:11:38.139Z] > git symbolic-ref --short HEAD [2ms]
[2022-10-06T08:11:38.144Z] > git for-each-ref --format=%(refname)%00%(upstream:short)%00%(objectname)%00%(upstream:track)%00%(upstream:remotename)%00%(upstream:remoteref) refs/heads/main refs/remotes/main [1ms]
[2022-10-06T08:11:38.152Z] > git for-each-ref --sort -committerdate --format %(refname) %(objectname) %(*objectname) [5ms]
[2022-10-06T08:11:38.155Z] > git remote --verbose [4ms]
[2022-10-06T08:11:38.185Z] > git config --get commit.template [4ms]
[2022-10-06T08:12:13.342Z] > git status -z -uall [109ms]
[2022-10-06T08:12:13.350Z] > git symbolic-ref --short HEAD [4ms]
[2022-10-06T08:12:13.355Z] > git for-each-ref --format=%(refname)%00%(upstream:short)%00%(objectname)%00%(upstream:track)%00%(upstream:remotename)%00%(upstream:remoteref) refs/heads/main refs/remotes/main [2ms]
[2022-10-06T08:12:13.363Z] > git for-each-ref --sort -committerdate --format %(refname) %(objectname) %(*objectname) [5ms]
[2022-10-06T08:12:13.365Z] > git remote --verbose [3ms]
[2022-10-06T08:12:13.393Z] > git config --get commit.template [2ms]
[2022-10-06T08:12:18.504Z] > git status -z -uall [105ms]
[2022-10-06T08:12:18.510Z] > git symbolic-ref --short HEAD [2ms]
[2022-10-06T08:12:18.515Z] > git for-each-ref --format=%(refname)%00%(upstream:short)%00%(objectname)%00%(upstream:track)%00%(upstream:remotename)%00%(upstream:remoteref) refs/heads/main refs/remotes/main [2ms]
[2022-10-06T08:12:18.523Z] > git for-each-ref --sort -committerdate --format %(refname) %(objectname) %(*objectname) [5ms]
[2022-10-06T08:12:18.525Z] > git remote --verbose [3ms]
[2022-10-06T08:12:18.552Z] > git config --get commit.template [2ms]
[2022-10-06T08:12:28.846Z] > git status -z -uall [122ms]
[2022-10-06T08:12:28.853Z] > git symbolic-ref --short HEAD [2ms]
[2022-10-06T08:12:28.858Z] > git for-each-ref --format=%(refname)%00%(upstream:short)%00%(objectname)%00%(upstream:track)%00%(upstream:remotename)%00%(upstream:remoteref) refs/heads/main refs/remotes/main [2ms]
[2022-10-06T08:12:28.867Z] > git for-each-ref --sort -committerdate --format %(refname) %(objectname) %(*objectname) [5ms]
[2022-10-06T08:12:28.869Z] > git remote --verbose [3ms]
[2022-10-06T08:12:28.898Z] > git config --get commit.template [5ms]
[2022-10-06T08:12:34.011Z] > git status -z -uall [106ms]
[2022-10-06T08:12:34.018Z] > git symbolic-ref --short HEAD [2ms]
[2022-10-06T08:12:34.024Z] > git for-each-ref --format=%(refname)%00%(upstream:short)%00%(objectname)%00%(upstream:track)%00%(upstream:remotename)%00%(upstream:remoteref) refs/heads/main refs/remotes/main [2ms]
[2022-10-06T08:12:34.033Z] > git for-each-ref --sort -committerdate --format %(refname) %(objectname) %(*objectname) [6ms]
[2022-10-06T08:12:34.035Z] > git remote --verbose [3ms]
[2022-10-06T08:12:34.056Z] > git config --get commit.template [2ms]
[2022-10-06T08:12:39.178Z] > git status -z -uall [116ms]
[2022-10-06T08:12:39.185Z] > git symbolic-ref --short HEAD [2ms]
[2022-10-06T08:12:39.190Z] > git for-each-ref --format=%(refname)%00%(upstream:short)%00%(objectname)%00%(upstream:track)%00%(upstream:remotename)%00%(upstream:remoteref) refs/heads/main refs/remotes/main [2ms]
[2022-10-06T08:12:39.199Z] > git for-each-ref --sort -committerdate --format %(refname) %(objectname) %(*objectname) [6ms]
[2022-10-06T08:12:39.201Z] > git remote --verbose [3ms]
[2022-10-06T08:12:39.216Z] > git config --get commit.template [2ms]
[2022-10-06T08:12:44.326Z] > git status -z -uall [103ms]
[2022-10-06T08:12:44.333Z] > git symbolic-ref --short HEAD [2ms]
[2022-10-06T08:12:44.338Z] > git for-each-ref --format=%(refname)%00%(upstream:short)%00%(objectname)%00%(upstream:track)%00%(upstream:remotename)%00%(upstream:remoteref) refs/heads/main refs/remotes/main [2ms]
[2022-10-06T08:12:44.347Z] > git for-each-ref --sort -committerdate --format %(refname) %(objectname) %(*objectname) [6ms]
[2022-10-06T08:12:44.349Z] > git remote --verbose [3ms]
[2022-10-06T08:12:44.384Z] > git config --get commit.template [4ms]
[2022-10-06T08:12:49.154Z] > git check-ignore -v -z --stdin [27ms]
[2022-10-06T08:12:49.498Z] > git status -z -uall [104ms]
[2022-10-06T08:12:49.505Z] > git symbolic-ref --short HEAD [2ms]
[2022-10-06T08:12:49.512Z] > git for-each-ref --format=%(refname)%00%(upstream:short)%00%(objectname)%00%(upstream:track)%00%(upstream:remotename)%00%(upstream:remoteref) refs/heads/main refs/remotes/main [3ms]
[2022-10-06T08:12:49.521Z] > git for-each-ref --sort -committerdate --format %(refname) %(objectname) %(*objectname) [6ms]
[2022-10-06T08:12:49.522Z] > git remote --verbose [2ms]
[2022-10-06T08:12:49.539Z] > git config --get commit.template [1ms]
[2022-10-06T08:12:55.993Z] > git status -z -uall [111ms]
[2022-10-06T08:12:56.000Z] > git symbolic-ref --short HEAD [2ms]
[2022-10-06T08:12:56.006Z] > git for-each-ref --format=%(refname)%00%(upstream:short)%00%(objectname)%00%(upstream:track)%00%(upstream:remotename)%00%(upstream:remoteref) refs/heads/main refs/remotes/main [1ms]
[2022-10-06T08:12:56.014Z] > git for-each-ref --sort -committerdate --format %(refname) %(objectname) %(*objectname) [5ms]
[2022-10-06T08:12:56.016Z] > git remote --verbose [3ms]
[2022-10-06T08:12:56.043Z] > git config --get commit.template [2ms]
[2022-10-06T08:13:04.092Z] > git status -z -uall [108ms]
[2022-10-06T08:13:04.099Z] > git symbolic-ref --short HEAD [2ms]
[2022-10-06T08:13:04.105Z] > git for-each-ref --format=%(refname)%00%(upstream:short)%00%(objectname)%00%(upstream:track)%00%(upstream:remotename)%00%(upstream:remoteref) refs/heads/main refs/remotes/main [2ms]
[2022-10-06T08:13:04.114Z] > git for-each-ref --sort -committerdate --format %(refname) %(objectname) %(*objectname) [6ms]
[2022-10-06T08:13:04.116Z] > git remote --verbose [3ms]
[2022-10-06T08:13:04.131Z] > git config --get commit.template [2ms]
[2022-10-06T08:13:09.240Z] > git status -z -uall [102ms]
[2022-10-06T08:13:09.248Z] > git symbolic-ref --short HEAD [2ms]
[2022-10-06T08:13:09.254Z] > git for-each-ref --format=%(refname)%00%(upstream:short)%00%(objectname)%00%(upstream:track)%00%(upstream:remotename)%00%(upstream:remoteref) refs/heads/main refs/remotes/main [2ms]
[2022-10-06T08:13:09.265Z] > git for-each-ref --sort -committerdate --format %(refname) %(objectname) %(*objectname) [5ms]
[2022-10-06T08:13:09.266Z] > git remote --verbose [2ms]
[2022-10-06T08:13:09.323Z] > git config --get commit.template [43ms]
[2022-10-06T08:13:14.434Z] > git status -z -uall [104ms]
[2022-10-06T08:13:14.442Z] > git symbolic-ref --short HEAD [2ms]
[2022-10-06T08:13:14.448Z] > git for-each-ref --format=%(refname)%00%(upstream:short)%00%(objectname)%00%(upstream:track)%00%(upstream:remotename)%00%(upstream:remoteref) refs/heads/main refs/remotes/main [2ms]
[2022-10-06T08:13:14.457Z] > git for-each-ref --sort -committerdate --format %(refname) %(objectname) %(*objectname) [5ms]
[2022-10-06T08:13:14.459Z] > git remote --verbose [2ms]
[2022-10-06T08:13:14.480Z] > git config --get commit.template [2ms]
[2022-10-06T08:13:19.592Z] > git status -z -uall [105ms]
[2022-10-06T08:13:19.600Z] > git symbolic-ref --short HEAD [2ms]
[2022-10-06T08:13:19.606Z] > git for-each-ref --format=%(refname)%00%(upstream:short)%00%(objectname)%00%(upstream:track)%00%(upstream:remotename)%00%(upstream:remoteref) refs/heads/main refs/remotes/main [2ms]
[2022-10-06T08:13:19.616Z] > git for-each-ref --sort -committerdate --format %(refname) %(objectname) %(*objectname) [6ms]
[2022-10-06T08:13:19.618Z] > git remote --verbose [3ms]
[2022-10-06T08:13:19.631Z] > git config --get commit.template [2ms]
[2022-10-06T08:13:24.738Z] > git status -z -uall [101ms]
[2022-10-06T08:13:24.746Z] > git symbolic-ref --short HEAD [2ms]
[2022-10-06T08:13:24.751Z] > git for-each-ref --format=%(refname)%00%(upstream:short)%00%(objectname)%00%(upstream:track)%00%(upstream:remotename)%00%(upstream:remoteref) refs/heads/main refs/remotes/main [2ms]
[2022-10-06T08:13:24.760Z] > git for-each-ref --sort -committerdate --format %(refname) %(objectname) %(*objectname) [5ms]
[2022-10-06T08:13:24.762Z] > git remote --verbose [3ms]
[2022-10-06T08:13:24.782Z] > git config --get commit.template [2ms]
[2022-10-06T08:13:42.781Z] > git status -z -uall [109ms]
[2022-10-06T08:13:42.789Z] > git symbolic-ref --short HEAD [3ms]
[2022-10-06T08:13:42.795Z] > git for-each-ref --format=%(refname)%00%(upstream:short)%00%(objectname)%00%(upstream:track)%00%(upstream:remotename)%00%(upstream:remoteref) refs/heads/main refs/remotes/main [2ms]
[2022-10-06T08:13:42.804Z] > git for-each-ref --sort -committerdate --format %(refname) %(objectname) %(*objectname) [6ms]
[2022-10-06T08:13:42.806Z] > git remote --verbose [3ms]
[2022-10-06T08:13:42.823Z] > git config --get commit.template [2ms]
[2022-10-06T08:13:47.932Z] > git status -z -uall [103ms]
[2022-10-06T08:13:47.939Z] > git symbolic-ref --short HEAD [2ms]
[2022-10-06T08:13:47.944Z] > git for-each-ref --format=%(refname)%00%(upstream:short)%00%(objectname)%00%(upstream:track)%00%(upstream:remotename)%00%(upstream:remoteref) refs/heads/main refs/remotes/main [1ms]
[2022-10-06T08:13:47.953Z] > git for-each-ref --sort -committerdate --format %(refname) %(objectname) %(*objectname) [5ms]
[2022-10-06T08:13:47.955Z] > git remote --verbose [3ms]
[2022-10-06T08:13:47.983Z] > git config --get commit.template [2ms]
[2022-10-06T08:13:53.093Z] > git status -z -uall [103ms]
[2022-10-06T08:13:53.100Z] > git symbolic-ref --short HEAD [2ms]
[2022-10-06T08:13:53.105Z] > git for-each-ref --format=%(refname)%00%(upstream:short)%00%(objectname)%00%(upstream:track)%00%(upstream:remotename)%00%(upstream:remoteref) refs/heads/main refs/remotes/main [1ms]
[2022-10-06T08:13:53.114Z] > git for-each-ref --sort -committerdate --format %(refname) %(objectname) %(*objectname) [5ms]
[2022-10-06T08:13:53.116Z] > git remote --verbose [3ms]
[2022-10-06T08:13:53.134Z] > git config --get commit.template [2ms]
[2022-10-06T08:13:58.248Z] > git status -z -uall [108ms]
[2022-10-06T08:13:58.255Z] > git symbolic-ref --short HEAD [2ms]
[2022-10-06T08:13:58.260Z] > git for-each-ref --format=%(refname)%00%(upstream:short)%00%(objectname)%00%(upstream:track)%00%(upstream:remotename)%00%(upstream:remoteref) refs/heads/main refs/remotes/main [2ms]
[2022-10-06T08:13:58.269Z] > git for-each-ref --sort -committerdate --format %(refname) %(objectname) %(*objectname) [5ms]
[2022-10-06T08:13:58.271Z] > git remote --verbose [3ms]
[2022-10-06T08:13:58.318Z] > git config --get commit.template [34ms]
[2022-10-06T08:14:03.433Z] > git status -z -uall [104ms]
[2022-10-06T08:14:03.440Z] > git symbolic-ref --short HEAD [2ms]
[2022-10-06T08:14:03.446Z] > git for-each-ref --format=%(refname)%00%(upstream:short)%00%(objectname)%00%(upstream:track)%00%(upstream:remotename)%00%(upstream:remoteref) refs/heads/main refs/remotes/main [2ms]
[2022-10-06T08:14:03.455Z] > git for-each-ref --sort -committerdate --format %(refname) %(objectname) %(*objectname) [6ms]
[2022-10-06T08:14:03.457Z] > git remote --verbose [3ms]
[2022-10-06T08:14:03.486Z] > git config --get commit.template [2ms]
[2022-10-06T08:14:08.601Z] > git status -z -uall [107ms]
[2022-10-06T08:14:08.609Z] > git symbolic-ref --short HEAD [3ms]
[2022-10-06T08:14:08.615Z] > git for-each-ref --format=%(refname)%00%(upstream:short)%00%(objectname)%00%(upstream:track)%00%(upstream:remotename)%00%(upstream:remoteref) refs/heads/main refs/remotes/main [2ms]
[2022-10-06T08:14:08.624Z] > git for-each-ref --sort -committerdate --format %(refname) %(objectname) %(*objectname) [6ms]
[2022-10-06T08:14:08.626Z] > git remote --verbose [3ms]
[2022-10-06T08:14:08.643Z] > git config --get commit.template [2ms]
[2022-10-06T08:14:13.751Z] > git status -z -uall [102ms]
[2022-10-06T08:14:13.758Z] > git symbolic-ref --short HEAD [2ms]
[2022-10-06T08:14:13.764Z] > git for-each-ref --format=%(refname)%00%(upstream:short)%00%(objectname)%00%(upstream:track)%00%(upstream:remotename)%00%(upstream:remoteref) refs/heads/main refs/remotes/main [2ms]
[2022-10-06T08:14:13.773Z] > git for-each-ref --sort -committerdate --format %(refname) %(objectname) %(*objectname) [5ms]
[2022-10-06T08:14:13.775Z] > git remote --verbose [3ms]
[2022-10-06T08:14:13.799Z] > git config --get commit.template [2ms]
[2022-10-06T08:14:18.908Z] > git status -z -uall [102ms]
[2022-10-06T08:14:18.916Z] > git symbolic-ref --short HEAD [2ms]
[2022-10-06T08:14:18.923Z] > git for-each-ref --format=%(refname)%00%(upstream:short)%00%(objectname)%00%(upstream:track)%00%(upstream:remotename)%00%(upstream:remoteref) refs/heads/main refs/remotes/main [3ms]
[2022-10-06T08:14:18.933Z] > git for-each-ref --sort -committerdate --format %(refname) %(objectname) %(*objectname) [6ms]
[2022-10-06T08:14:18.935Z] > git remote --verbose [3ms]
[2022-10-06T08:14:18.959Z] > git config --get commit.template [2ms]
[2022-10-06T08:14:24.067Z] > git status -z -uall [101ms]
[2022-10-06T08:14:24.075Z] > git symbolic-ref --short HEAD [3ms]
[2022-10-06T08:14:24.080Z] > git for-each-ref --format=%(refname)%00%(upstream:short)%00%(objectname)%00%(upstream:track)%00%(upstream:remotename)%00%(upstream:remoteref) refs/heads/main refs/remotes/main [2ms]
[2022-10-06T08:14:24.089Z] > git for-each-ref --sort -committerdate --format %(refname) %(objectname) %(*objectname) [5ms]
[2022-10-06T08:14:24.091Z] > git remote --verbose [3ms]
[2022-10-06T08:14:24.117Z] > git config --get commit.template [13ms]
[2022-10-06T08:14:28.766Z] > git check-ignore -v -z --stdin [6ms]
[2022-10-06T08:14:29.247Z] > git status -z -uall [124ms]
[2022-10-06T08:14:29.256Z] > git symbolic-ref --short HEAD [3ms]
[2022-10-06T08:14:29.262Z] > git for-each-ref --format=%(refname)%00%(upstream:short)%00%(objectname)%00%(upstream:track)%00%(upstream:remotename)%00%(upstream:remoteref) refs/heads/main refs/remotes/main [2ms]
[2022-10-06T08:14:29.273Z] > git for-each-ref --sort -committerdate --format %(refname) %(objectname) %(*objectname) [7ms]
[2022-10-06T08:14:29.278Z] > git remote --verbose [8ms]
[2022-10-06T08:14:29.296Z] > git config --get commit.template [3ms]
[2022-10-06T08:14:31.541Z] > git check-ignore -v -z --stdin [7ms]
[2022-10-06T08:14:34.090Z] > git ls-files --stage -- /home/ubuntu/README.md [33ms]
[2022-10-06T08:14:34.114Z] > git show --textconv :README.md [64ms]
[2022-10-06T08:14:34.132Z] > git cat-file -s 4ba25dc41ba3b8169013f7810dbdb16249d9d8b0 [18ms]
[2022-10-06T08:14:34.490Z] > git status -z -uall [181ms]
[2022-10-06T08:14:34.502Z] > git symbolic-ref --short HEAD [7ms]
[2022-10-06T08:14:34.510Z] > git for-each-ref --format=%(refname)%00%(upstream:short)%00%(objectname)%00%(upstream:track)%00%(upstream:remotename)%00%(upstream:remoteref) refs/heads/main refs/remotes/main [3ms]
[2022-10-06T08:14:34.521Z] > git for-each-ref --sort -committerdate --format %(refname) %(objectname) %(*objectname) [6ms]
[2022-10-06T08:14:34.523Z] > git remote --verbose [3ms]
[2022-10-06T08:14:34.543Z] > git config --get commit.template [2ms]
[2022-10-06T08:14:34.919Z] > git show --textconv :Dockerfile [12ms]
[2022-10-06T08:14:34.924Z] > git ls-files --stage -- /home/ubuntu/Dockerfile [11ms]
[2022-10-06T08:14:39.651Z] > git status -z -uall [101ms]
[2022-10-06T08:14:39.659Z] > git symbolic-ref --short HEAD [3ms]
[2022-10-06T08:14:39.664Z] > git for-each-ref --format=%(refname)%00%(upstream:short)%00%(objectname)%00%(upstream:track)%00%(upstream:remotename)%00%(upstream:remoteref) refs/heads/main refs/remotes/main [2ms]
[2022-10-06T08:14:39.673Z] > git for-each-ref --sort -committerdate --format %(refname) %(objectname) %(*objectname) [5ms]
[2022-10-06T08:14:39.675Z] > git remote --verbose [2ms]
[2022-10-06T08:14:39.688Z] > git config --get commit.template [2ms]
[2022-10-06T08:14:44.803Z] > git status -z -uall [106ms]
[2022-10-06T08:14:44.811Z] > git symbolic-ref --short HEAD [2ms]
[2022-10-06T08:14:44.817Z] > git for-each-ref --format=%(refname)%00%(upstream:short)%00%(objectname)%00%(upstream:track)%00%(upstream:remotename)%00%(upstream:remoteref) refs/heads/main refs/remotes/main [2ms]
[2022-10-06T08:14:44.829Z] > git for-each-ref --sort -committerdate --format %(refname) %(objectname) %(*objectname) [9ms]
[2022-10-06T08:14:44.831Z] > git remote --verbose [4ms]
[2022-10-06T08:14:44.845Z] > git config --get commit.template [2ms]
[2022-10-06T08:14:49.960Z] > git status -z -uall [106ms]
[2022-10-06T08:14:49.967Z] > git symbolic-ref --short HEAD [2ms]
[2022-10-06T08:14:49.972Z] > git for-each-ref --format=%(refname)%00%(upstream:short)%00%(objectname)%00%(upstream:track)%00%(upstream:remotename)%00%(upstream:remoteref) refs/heads/main refs/remotes/main [2ms]
[2022-10-06T08:14:49.981Z] > git for-each-ref --sort -committerdate --format %(refname) %(objectname) %(*objectname) [5ms]
[2022-10-06T08:14:49.983Z] > git remote --verbose [2ms]
[2022-10-06T08:14:49.999Z] > git config --get commit.template [2ms]
[2022-10-06T08:14:55.111Z] > git status -z -uall [105ms]
[2022-10-06T08:14:55.118Z] > git symbolic-ref --short HEAD [2ms]
[2022-10-06T08:14:55.126Z] > git for-each-ref --format=%(refname)%00%(upstream:short)%00%(objectname)%00%(upstream:track)%00%(upstream:remotename)%00%(upstream:remoteref) refs/heads/main refs/remotes/main [4ms]
[2022-10-06T08:14:55.136Z] > git for-each-ref --sort -committerdate --format %(refname) %(objectname) %(*objectname) [6ms]
[2022-10-06T08:14:55.138Z] > git remote --verbose [3ms]
[2022-10-06T08:14:55.153Z] > git config --get commit.template [3ms]
[2022-10-06T08:15:00.279Z] > git status -z -uall [106ms]
[2022-10-06T08:15:00.286Z] > git symbolic-ref --short HEAD [2ms]
[2022-10-06T08:15:00.292Z] > git for-each-ref --format=%(refname)%00%(upstream:short)%00%(objectname)%00%(upstream:track)%00%(upstream:remotename)%00%(upstream:remoteref) refs/heads/main refs/remotes/main [2ms]
[2022-10-06T08:15:00.301Z] > git for-each-ref --sort -committerdate --format %(refname) %(objectname) %(*objectname) [6ms]
[2022-10-06T08:15:00.303Z] > git remote --verbose [3ms]
[2022-10-06T08:15:00.321Z] > git config --get commit.template [2ms]
[2022-10-06T08:15:06.277Z] > git status -z -uall [110ms]
[2022-10-06T08:15:06.287Z] > git symbolic-ref --short HEAD [4ms]
[2022-10-06T08:15:06.294Z] > git for-each-ref --format=%(refname)%00%(upstream:short)%00%(objectname)%00%(upstream:track)%00%(upstream:remotename)%00%(upstream:remoteref) refs/heads/main refs/remotes/main [3ms]
[2022-10-06T08:15:06.304Z] > git for-each-ref --sort -committerdate --format %(refname) %(objectname) %(*objectname) [5ms]
[2022-10-06T08:15:06.306Z] > git remote --verbose [2ms]
[2022-10-06T08:15:06.333Z] > git config --get commit.template [2ms]
[2022-10-06T08:15:11.476Z] > git status -z -uall [136ms]
[2022-10-06T08:15:11.524Z] > git symbolic-ref --short HEAD [21ms]
[2022-10-06T08:15:11.576Z] > git for-each-ref --format=%(refname)%00%(upstream:short)%00%(objectname)%00%(upstream:track)%00%(upstream:remotename)%00%(upstream:remoteref) refs/heads/main refs/remotes/main [26ms]
[2022-10-06T08:15:11.597Z] > git for-each-ref --sort -committerdate --format %(refname) %(objectname) %(*objectname) [7ms]
[2022-10-06T08:15:11.600Z] > git remote --verbose [4ms]
[2022-10-06T08:15:11.623Z] > git config --get commit.template [8ms]
[2022-10-06T08:15:16.733Z] > git status -z -uall [103ms]
[2022-10-06T08:15:16.741Z] > git symbolic-ref --short HEAD [2ms]
[2022-10-06T08:15:16.746Z] > git for-each-ref --format=%(refname)%00%(upstream:short)%00%(objectname)%00%(upstream:track)%00%(upstream:remotename)%00%(upstream:remoteref) refs/heads/main refs/remotes/main [1ms]
[2022-10-06T08:15:16.758Z] > git for-each-ref --sort -committerdate --format %(refname) %(objectname) %(*objectname) [6ms]
[2022-10-06T08:15:16.760Z] > git remote --verbose [3ms]
[2022-10-06T08:15:16.776Z] > git config --get commit.template [3ms]
[2022-10-06T08:15:21.964Z] > git status -z -uall [178ms]
[2022-10-06T08:15:21.972Z] > git symbolic-ref --short HEAD [2ms]
[2022-10-06T08:15:21.979Z] > git for-each-ref --format=%(refname)%00%(upstream:short)%00%(objectname)%00%(upstream:track)%00%(upstream:remotename)%00%(upstream:remoteref) refs/heads/main refs/remotes/main [2ms]
[2022-10-06T08:15:21.988Z] > git for-each-ref --sort -committerdate --format %(refname) %(objectname) %(*objectname) [6ms]
[2022-10-06T08:15:21.990Z] > git remote --verbose [2ms]
[2022-10-06T08:15:22.007Z] > git config --get commit.template [2ms]
[2022-10-06T08:15:27.123Z] > git status -z -uall [109ms]
[2022-10-06T08:15:27.131Z] > git symbolic-ref --short HEAD [2ms]
[2022-10-06T08:15:27.137Z] > git for-each-ref --format=%(refname)%00%(upstream:short)%00%(objectname)%00%(upstream:track)%00%(upstream:remotename)%00%(upstream:remoteref) refs/heads/main refs/remotes/main [2ms]
[2022-10-06T08:15:27.147Z] > git for-each-ref --sort -committerdate --format %(refname) %(objectname) %(*objectname) [6ms]
[2022-10-06T08:15:27.150Z] > git remote --verbose [3ms]
[2022-10-06T08:15:27.166Z] > git config --get commit.template [2ms]
[2022-10-06T08:15:32.323Z] > git status -z -uall [149ms]
[2022-10-06T08:15:32.391Z] > git symbolic-ref --short HEAD [32ms]
[2022-10-06T08:15:32.420Z] > git for-each-ref --format=%(refname)%00%(upstream:short)%00%(objectname)%00%(upstream:track)%00%(upstream:remotename)%00%(upstream:remoteref) refs/heads/main refs/remotes/main [24ms]
[2022-10-06T08:15:32.443Z] > git for-each-ref --sort -committerdate --format %(refname) %(objectname) %(*objectname) [6ms]
[2022-10-06T08:15:32.445Z] > git remote --verbose [3ms]
[2022-10-06T08:15:32.463Z] > git config --get commit.template [4ms]
[2022-10-06T08:15:37.578Z] > git status -z -uall [106ms]
[2022-10-06T08:15:37.585Z] > git symbolic-ref --short HEAD [2ms]
[2022-10-06T08:15:37.591Z] > git for-each-ref --format=%(refname)%00%(upstream:short)%00%(objectname)%00%(upstream:track)%00%(upstream:remotename)%00%(upstream:remoteref) refs/heads/main refs/remotes/main [2ms]
[2022-10-06T08:15:37.600Z] > git for-each-ref --sort -committerdate --format %(refname) %(objectname) %(*objectname) [6ms]
[2022-10-06T08:15:37.602Z] > git remote --verbose [3ms]
[2022-10-06T08:15:37.619Z] > git config --get commit.template [2ms]
[2022-10-06T08:15:44.419Z] > git status -z -uall [104ms]
[2022-10-06T08:15:44.427Z] > git symbolic-ref --short HEAD [2ms]
[2022-10-06T08:15:44.433Z] > git for-each-ref --format=%(refname)%00%(upstream:short)%00%(objectname)%00%(upstream:track)%00%(upstream:remotename)%00%(upstream:remoteref) refs/heads/main refs/remotes/main [1ms]
[2022-10-06T08:15:44.443Z] > git for-each-ref --sort -committerdate --format %(refname) %(objectname) %(*objectname) [6ms]
[2022-10-06T08:15:44.445Z] > git remote --verbose [3ms]
[2022-10-06T08:15:44.468Z] > git config --get commit.template [2ms]
[2022-10-06T08:16:10.353Z] > git status -z -uall [109ms]
[2022-10-06T08:16:10.362Z] > git symbolic-ref --short HEAD [2ms]
[2022-10-06T08:16:10.369Z] > git for-each-ref --format=%(refname)%00%(upstream:short)%00%(objectname)%00%(upstream:track)%00%(upstream:remotename)%00%(upstream:remoteref) refs/heads/main refs/remotes/main [2ms]
[2022-10-06T08:16:10.379Z] > git for-each-ref --sort -committerdate --format %(refname) %(objectname) %(*objectname) [6ms]
[2022-10-06T08:16:10.381Z] > git remote --verbose [3ms]
[2022-10-06T08:16:10.399Z] > git config --get commit.template [2ms]
[2022-10-06T08:16:15.510Z] > git status -z -uall [105ms]
[2022-10-06T08:16:15.518Z] > git symbolic-ref --short HEAD [3ms]
[2022-10-06T08:16:15.524Z] > git for-each-ref --format=%(refname)%00%(upstream:short)%00%(objectname)%00%(upstream:track)%00%(upstream:remotename)%00%(upstream:remoteref) refs/heads/main refs/remotes/main [2ms]
[2022-10-06T08:16:15.534Z] > git for-each-ref --sort -committerdate --format %(refname) %(objectname) %(*objectname) [6ms]
[2022-10-06T08:16:15.537Z] > git remote --verbose [4ms]
[2022-10-06T08:16:15.554Z] > git config --get commit.template [2ms]
[2022-10-06T08:16:17.675Z] > git check-ignore -v -z --stdin [29ms]
[2022-10-06T08:16:20.272Z] > git show --textconv :docker_test/Dockerfile [11ms]
[2022-10-06T08:16:20.276Z] > git ls-files --stage -- /home/ubuntu/docker_test/Dockerfile [7ms]
[2022-10-06T08:16:20.639Z] > git check-ignore -v -z --stdin [33ms]
[2022-10-06T08:16:20.686Z] > git status -z -uall [125ms]
[2022-10-06T08:16:20.695Z] > git symbolic-ref --short HEAD [4ms]
[2022-10-06T08:16:20.702Z] > git for-each-ref --format=%(refname)%00%(upstream:short)%00%(objectname)%00%(upstream:track)%00%(upstream:remotename)%00%(upstream:remoteref) refs/heads/main refs/remotes/main [1ms]
[2022-10-06T08:16:20.711Z] > git for-each-ref --sort -committerdate --format %(refname) %(objectname) %(*objectname) [6ms]
[2022-10-06T08:16:20.713Z] > git remote --verbose [3ms]
[2022-10-06T08:16:20.729Z] > git config --get commit.template [4ms]
[2022-10-06T08:16:25.840Z] > git status -z -uall [104ms]
[2022-10-06T08:16:25.848Z] > git symbolic-ref --short HEAD [2ms]
[2022-10-06T08:16:25.853Z] > git for-each-ref --format=%(refname)%00%(upstream:short)%00%(objectname)%00%(upstream:track)%00%(upstream:remotename)%00%(upstream:remoteref) refs/heads/main refs/remotes/main [1ms]
[2022-10-06T08:16:25.862Z] > git for-each-ref --sort -committerdate --format %(refname) %(objectname) %(*objectname) [5ms]
[2022-10-06T08:16:25.864Z] > git remote --verbose [2ms]
[2022-10-06T08:16:25.877Z] > git config --get commit.template [2ms]
[2022-10-06T08:16:47.038Z] > git status -z -uall [105ms]
[2022-10-06T08:16:47.046Z] > git symbolic-ref --short HEAD [2ms]
[2022-10-06T08:16:47.052Z] > git for-each-ref --format=%(refname)%00%(upstream:short)%00%(objectname)%00%(upstream:track)%00%(upstream:remotename)%00%(upstream:remoteref) refs/heads/main refs/remotes/main [2ms]
[2022-10-06T08:16:47.061Z] > git for-each-ref --sort -committerdate --format %(refname) %(objectname) %(*objectname) [6ms]
[2022-10-06T08:16:47.063Z] > git remote --verbose [3ms]
[2022-10-06T08:16:47.089Z] > git config --get commit.template [2ms]
[2022-10-06T08:16:52.199Z] > git status -z -uall [103ms]
[2022-10-06T08:16:52.207Z] > git symbolic-ref --short HEAD [2ms]
[2022-10-06T08:16:52.212Z] > git for-each-ref --format=%(refname)%00%(upstream:short)%00%(objectname)%00%(upstream:track)%00%(upstream:remotename)%00%(upstream:remoteref) refs/heads/main refs/remotes/main [2ms]
[2022-10-06T08:16:52.221Z] > git for-each-ref --sort -committerdate --format %(refname) %(objectname) %(*objectname) [6ms]
[2022-10-06T08:16:52.223Z] > git remote --verbose [3ms]
[2022-10-06T08:16:52.237Z] > git config --get commit.template [2ms]
[2022-10-06T08:16:57.359Z] > git status -z -uall [116ms]
[2022-10-06T08:16:57.367Z] > git symbolic-ref --short HEAD [3ms]
[2022-10-06T08:16:57.376Z] > git for-each-ref --format=%(refname)%00%(upstream:short)%00%(objectname)%00%(upstream:track)%00%(upstream:remotename)%00%(upstream:remoteref) refs/heads/main refs/remotes/main [6ms]
[2022-10-06T08:16:57.385Z] > git for-each-ref --sort -committerdate --format %(refname) %(objectname) %(*objectname) [5ms]
[2022-10-06T08:16:57.387Z] > git remote --verbose [3ms]
[2022-10-06T08:16:57.417Z] > git config --get commit.template [2ms]
[2022-10-06T08:17:02.649Z] > git status -z -uall [221ms]
[2022-10-06T08:17:02.656Z] > git symbolic-ref --short HEAD [2ms]
[2022-10-06T08:17:02.667Z] > git for-each-ref --format=%(refname)%00%(upstream:short)%00%(objectname)%00%(upstream:track)%00%(upstream:remotename)%00%(upstream:remoteref) refs/heads/main refs/remotes/main [7ms]
[2022-10-06T08:17:02.677Z] > git for-each-ref --sort -committerdate --format %(refname) %(objectname) %(*objectname) [5ms]
[2022-10-06T08:17:02.679Z] > git remote --verbose [3ms]
[2022-10-06T08:17:02.696Z] > git config --get commit.template [2ms]
[2022-10-06T08:17:08.856Z] > git status -z -uall [106ms]
[2022-10-06T08:17:08.864Z] > git symbolic-ref --short HEAD [3ms]
[2022-10-06T08:17:08.869Z] > git for-each-ref --format=%(refname)%00%(upstream:short)%00%(objectname)%00%(upstream:track)%00%(upstream:remotename)%00%(upstream:remoteref) refs/heads/main refs/remotes/main [2ms]
[2022-10-06T08:17:08.878Z] > git for-each-ref --sort -committerdate --format %(refname) %(objectname) %(*objectname) [5ms]
[2022-10-06T08:17:08.880Z] > git remote --verbose [3ms]
[2022-10-06T08:17:08.898Z] > git config --get commit.template [2ms]
[2022-10-06T08:17:15.243Z] > git status -z -uall [110ms]
[2022-10-06T08:17:15.251Z] > git symbolic-ref --short HEAD [2ms]
[2022-10-06T08:17:15.256Z] > git for-each-ref --format=%(refname)%00%(upstream:short)%00%(objectname)%00%(upstream:track)%00%(upstream:remotename)%00%(upstream:remoteref) refs/heads/main refs/remotes/main [1ms]
[2022-10-06T08:17:15.265Z] > git for-each-ref --sort -committerdate --format %(refname) %(objectname) %(*objectname) [5ms]
[2022-10-06T08:17:15.267Z] > git remote --verbose [2ms]
[2022-10-06T08:17:15.285Z] > git config --get commit.template [4ms]
[2022-10-06T08:17:20.392Z] > git status -z -uall [101ms]
[2022-10-06T08:17:20.400Z] > git symbolic-ref --short HEAD [3ms]
[2022-10-06T08:17:20.405Z] > git for-each-ref --format=%(refname)%00%(upstream:short)%00%(objectname)%00%(upstream:track)%00%(upstream:remotename)%00%(upstream:remoteref) refs/heads/main refs/remotes/main [2ms]
[2022-10-06T08:17:20.414Z] > git for-each-ref --sort -committerdate --format %(refname) %(objectname) %(*objectname) [5ms]
[2022-10-06T08:17:20.416Z] > git remote --verbose [3ms]
[2022-10-06T08:17:20.430Z] > git config --get commit.template [2ms]
[2022-10-06T08:17:25.541Z] > git status -z -uall [103ms]
[2022-10-06T08:17:25.548Z] > git symbolic-ref --short HEAD [2ms]
[2022-10-06T08:17:25.554Z] > git for-each-ref --format=%(refname)%00%(upstream:short)%00%(objectname)%00%(upstream:track)%00%(upstream:remotename)%00%(upstream:remoteref) refs/heads/main refs/remotes/main [2ms]
[2022-10-06T08:17:25.563Z] > git for-each-ref --sort -committerdate --format %(refname) %(objectname) %(*objectname) [5ms]
[2022-10-06T08:17:25.565Z] > git remote --verbose [3ms]
[2022-10-06T08:17:25.578Z] > git config --get commit.template [2ms]
[2022-10-06T08:17:30.686Z] > git status -z -uall [100ms]
[2022-10-06T08:17:30.694Z] > git symbolic-ref --short HEAD [2ms]
[2022-10-06T08:17:30.700Z] > git for-each-ref --format=%(refname)%00%(upstream:short)%00%(objectname)%00%(upstream:track)%00%(upstream:remotename)%00%(upstream:remoteref) refs/heads/main refs/remotes/main [2ms]
[2022-10-06T08:17:30.711Z] > git for-each-ref --sort -committerdate --format %(refname) %(objectname) %(*objectname) [6ms]
[2022-10-06T08:17:30.713Z] > git remote --verbose [3ms]
[2022-10-06T08:17:30.731Z] > git config --get commit.template [2ms]
[2022-10-06T08:17:35.838Z] > git status -z -uall [100ms]
[2022-10-06T08:17:35.846Z] > git symbolic-ref --short HEAD [2ms]
[2022-10-06T08:17:35.852Z] > git for-each-ref --format=%(refname)%00%(upstream:short)%00%(objectname)%00%(upstream:track)%00%(upstream:remotename)%00%(upstream:remoteref) refs/heads/main refs/remotes/main [2ms]
[2022-10-06T08:17:35.861Z] > git for-each-ref --sort -committerdate --format %(refname) %(objectname) %(*objectname) [6ms]
[2022-10-06T08:17:35.862Z] > git remote --verbose [2ms]
[2022-10-06T08:17:35.882Z] > git config --get commit.template [2ms]
[2022-10-06T08:17:40.996Z] > git status -z -uall [107ms]
[2022-10-06T08:17:41.010Z] > git symbolic-ref --short HEAD [4ms]
[2022-10-06T08:17:41.016Z] > git for-each-ref --format=%(refname)%00%(upstream:short)%00%(objectname)%00%(upstream:track)%00%(upstream:remotename)%00%(upstream:remoteref) refs/heads/main refs/remotes/main [2ms]
[2022-10-06T08:17:41.026Z] > git for-each-ref --sort -committerdate --format %(refname) %(objectname) %(*objectname) [6ms]
[2022-10-06T08:17:41.028Z] > git remote --verbose [3ms]
[2022-10-06T08:17:41.041Z] > git config --get commit.template [2ms]
[2022-10-06T08:17:46.154Z] > git status -z -uall [105ms]
[2022-10-06T08:17:46.163Z] > git symbolic-ref --short HEAD [3ms]
[2022-10-06T08:17:46.171Z] > git for-each-ref --format=%(refname)%00%(upstream:short)%00%(objectname)%00%(upstream:track)%00%(upstream:remotename)%00%(upstream:remoteref) refs/heads/main refs/remotes/main [2ms]
[2022-10-06T08:17:46.183Z] > git for-each-ref --sort -committerdate --format %(refname) %(objectname) %(*objectname) [6ms]
[2022-10-06T08:17:46.185Z] > git remote --verbose [3ms]
[2022-10-06T08:17:46.200Z] > git config --get commit.template [2ms]
[2022-10-06T08:17:51.309Z] > git status -z -uall [102ms]
[2022-10-06T08:17:51.317Z] > git symbolic-ref --short HEAD [2ms]
[2022-10-06T08:17:51.322Z] > git for-each-ref --format=%(refname)%00%(upstream:short)%00%(objectname)%00%(upstream:track)%00%(upstream:remotename)%00%(upstream:remoteref) refs/heads/main refs/remotes/main [2ms]
[2022-10-06T08:17:51.331Z] > git for-each-ref --sort -committerdate --format %(refname) %(objectname) %(*objectname) [6ms]
[2022-10-06T08:17:51.333Z] > git remote --verbose [3ms]
[2022-10-06T08:17:51.349Z] > git config --get commit.template [2ms]
[2022-10-06T08:18:34.289Z] > git status -z -uall [104ms]
[2022-10-06T08:18:34.297Z] > git symbolic-ref --short HEAD [2ms]
[2022-10-06T08:18:34.305Z] > git for-each-ref --format=%(refname)%00%(upstream:short)%00%(objectname)%00%(upstream:track)%00%(upstream:remotename)%00%(upstream:remoteref) refs/heads/main refs/remotes/main [4ms]
[2022-10-06T08:18:34.314Z] > git for-each-ref --sort -committerdate --format %(refname) %(objectname) %(*objectname) [6ms]
[2022-10-06T08:18:34.316Z] > git remote --verbose [2ms]
[2022-10-06T08:18:34.332Z] > git config --get commit.template [3ms]
[2022-10-06T08:18:39.451Z] > git status -z -uall [112ms]
[2022-10-06T08:18:39.460Z] > git symbolic-ref --short HEAD [2ms]
[2022-10-06T08:18:39.467Z] > git for-each-ref --format=%(refname)%00%(upstream:short)%00%(objectname)%00%(upstream:track)%00%(upstream:remotename)%00%(upstream:remoteref) refs/heads/main refs/remotes/main [2ms]
[2022-10-06T08:18:39.477Z] > git for-each-ref --sort -committerdate --format %(refname) %(objectname) %(*objectname) [6ms]
[2022-10-06T08:18:39.478Z] > git remote --verbose [2ms]
[2022-10-06T08:18:39.498Z] > git config --get commit.template [4ms]
[2022-10-06T08:18:44.607Z] > git status -z -uall [103ms]
[2022-10-06T08:18:44.614Z] > git symbolic-ref --short HEAD [2ms]
[2022-10-06T08:18:44.619Z] > git for-each-ref --format=%(refname)%00%(upstream:short)%00%(objectname)%00%(upstream:track)%00%(upstream:remotename)%00%(upstream:remoteref) refs/heads/main refs/remotes/main [1ms]
[2022-10-06T08:18:44.628Z] > git for-each-ref --sort -committerdate --format %(refname) %(objectname) %(*objectname) [5ms]
[2022-10-06T08:18:44.630Z] > git remote --verbose [2ms]
[2022-10-06T08:18:44.673Z] > git config --get commit.template [30ms]
[2022-10-06T08:18:49.784Z] > git status -z -uall [102ms]
[2022-10-06T08:18:49.792Z] > git symbolic-ref --short HEAD [3ms]
[2022-10-06T08:18:49.797Z] > git for-each-ref --format=%(refname)%00%(upstream:short)%00%(objectname)%00%(upstream:track)%00%(upstream:remotename)%00%(upstream:remoteref) refs/heads/main refs/remotes/main [2ms]
[2022-10-06T08:18:49.806Z] > git for-each-ref --sort -committerdate --format %(refname) %(objectname) %(*objectname) [6ms]
[2022-10-06T08:18:49.808Z] > git remote --verbose [3ms]
[2022-10-06T08:18:49.830Z] > git config --get commit.template [2ms]
[2022-10-06T08:18:54.946Z] > git status -z -uall [110ms]
[2022-10-06T08:18:54.953Z] > git symbolic-ref --short HEAD [2ms]
[2022-10-06T08:18:54.959Z] > git for-each-ref --format=%(refname)%00%(upstream:short)%00%(objectname)%00%(upstream:track)%00%(upstream:remotename)%00%(upstream:remoteref) refs/heads/main refs/remotes/main [2ms]
[2022-10-06T08:18:54.968Z] > git for-each-ref --sort -committerdate --format %(refname) %(objectname) %(*objectname) [6ms]
[2022-10-06T08:18:54.970Z] > git remote --verbose [3ms]
[2022-10-06T08:18:54.988Z] > git config --get commit.template [3ms]
[2022-10-06T08:19:00.117Z] > git status -z -uall [119ms]
[2022-10-06T08:19:00.126Z] > git symbolic-ref --short HEAD [3ms]
[2022-10-06T08:19:00.132Z] > git for-each-ref --format=%(refname)%00%(upstream:short)%00%(objectname)%00%(upstream:track)%00%(upstream:remotename)%00%(upstream:remoteref) refs/heads/main refs/remotes/main [2ms]
[2022-10-06T08:19:00.144Z] > git for-each-ref --sort -committerdate --format %(refname) %(objectname) %(*objectname) [7ms]
[2022-10-06T08:19:00.148Z] > git remote --verbose [5ms]
[2022-10-06T08:19:00.162Z] > git config --get commit.template [2ms]
[2022-10-06T08:19:05.280Z] > git status -z -uall [111ms]
[2022-10-06T08:19:05.288Z] > git symbolic-ref --short HEAD [2ms]
[2022-10-06T08:19:05.294Z] > git for-each-ref --format=%(refname)%00%(upstream:short)%00%(objectname)%00%(upstream:track)%00%(upstream:remotename)%00%(upstream:remoteref) refs/heads/main refs/remotes/main [2ms]
[2022-10-06T08:19:05.304Z] > git for-each-ref --sort -committerdate --format %(refname) %(objectname) %(*objectname) [6ms]
[2022-10-06T08:19:05.305Z] > git remote --verbose [2ms]
[2022-10-06T08:19:05.320Z] > git config --get commit.template [2ms]
[2022-10-06T08:19:10.435Z] > git status -z -uall [108ms]
[2022-10-06T08:19:10.443Z] > git symbolic-ref --short HEAD [2ms]
[2022-10-06T08:19:10.449Z] > git for-each-ref --format=%(refname)%00%(upstream:short)%00%(objectname)%00%(upstream:track)%00%(upstream:remotename)%00%(upstream:remoteref) refs/heads/main refs/remotes/main [2ms]
[2022-10-06T08:19:10.458Z] > git for-each-ref --sort -committerdate --format %(refname) %(objectname) %(*objectname) [5ms]
[2022-10-06T08:19:10.460Z] > git remote --verbose [2ms]
[2022-10-06T08:19:10.474Z] > git config --get commit.template [2ms]
[2022-10-06T08:19:15.583Z] > git status -z -uall [102ms]
[2022-10-06T08:19:15.591Z] > git symbolic-ref --short HEAD [2ms]
[2022-10-06T08:19:15.596Z] > git for-each-ref --format=%(refname)%00%(upstream:short)%00%(objectname)%00%(upstream:track)%00%(upstream:remotename)%00%(upstream:remoteref) refs/heads/main refs/remotes/main [2ms]
[2022-10-06T08:19:15.605Z] > git for-each-ref --sort -committerdate --format %(refname) %(objectname) %(*objectname) [5ms]
[2022-10-06T08:19:15.607Z] > git remote --verbose [2ms]
[2022-10-06T08:19:15.655Z] > git config --get commit.template [33ms]
[2022-10-06T08:19:20.770Z] > git status -z -uall [101ms]
[2022-10-06T08:19:20.778Z] > git symbolic-ref --short HEAD [2ms]
[2022-10-06T08:19:20.783Z] > git for-each-ref --format=%(refname)%00%(upstream:short)%00%(objectname)%00%(upstream:track)%00%(upstream:remotename)%00%(upstream:remoteref) refs/heads/main refs/remotes/main [1ms]
[2022-10-06T08:19:20.792Z] > git for-each-ref --sort -committerdate --format %(refname) %(objectname) %(*objectname) [5ms]
[2022-10-06T08:19:20.794Z] > git remote --verbose [2ms]
[2022-10-06T08:19:20.808Z] > git config --get commit.template [2ms]
[2022-10-06T08:19:25.918Z] > git status -z -uall [102ms]
[2022-10-06T08:19:25.926Z] > git symbolic-ref --short HEAD [2ms]
[2022-10-06T08:19:25.932Z] > git for-each-ref --format=%(refname)%00%(upstream:short)%00%(objectname)%00%(upstream:track)%00%(upstream:remotename)%00%(upstream:remoteref) refs/heads/main refs/remotes/main [1ms]
[2022-10-06T08:19:25.941Z] > git for-each-ref --sort -committerdate --format %(refname) %(objectname) %(*objectname) [6ms]
[2022-10-06T08:19:25.942Z] > git remote --verbose [2ms]
[2022-10-06T08:19:25.960Z] > git config --get commit.template [2ms]
[2022-10-06T08:19:31.068Z] > git status -z -uall [102ms]
[2022-10-06T08:19:31.076Z] > git symbolic-ref --short HEAD [2ms]
[2022-10-06T08:19:31.082Z] > git for-each-ref --format=%(refname)%00%(upstream:short)%00%(objectname)%00%(upstream:track)%00%(upstream:remotename)%00%(upstream:remoteref) refs/heads/main refs/remotes/main [2ms]
[2022-10-06T08:19:31.091Z] > git for-each-ref --sort -committerdate --format %(refname) %(objectname) %(*objectname) [6ms]
[2022-10-06T08:19:31.093Z] > git remote --verbose [3ms]
[2022-10-06T08:19:31.115Z] > git config --get commit.template [2ms]
[2022-10-06T08:19:36.233Z] > git status -z -uall [111ms]
[2022-10-06T08:19:36.240Z] > git symbolic-ref --short HEAD [2ms]
[2022-10-06T08:19:36.246Z] > git for-each-ref --format=%(refname)%00%(upstream:short)%00%(objectname)%00%(upstream:track)%00%(upstream:remotename)%00%(upstream:remoteref) refs/heads/main refs/remotes/main [2ms]
[2022-10-06T08:19:36.255Z] > git for-each-ref --sort -committerdate --format %(refname) %(objectname) %(*objectname) [6ms]
[2022-10-06T08:19:36.257Z] > git remote --verbose [3ms]
[2022-10-06T08:19:36.274Z] > git config --get commit.template [5ms]
[2022-10-06T08:19:41.382Z] > git status -z -uall [101ms]
[2022-10-06T08:19:41.390Z] > git symbolic-ref --short HEAD [2ms]
[2022-10-06T08:19:41.395Z] > git for-each-ref --format=%(refname)%00%(upstream:short)%00%(objectname)%00%(upstream:track)%00%(upstream:remotename)%00%(upstream:remoteref) refs/heads/main refs/remotes/main [1ms]
[2022-10-06T08:19:41.408Z] > git for-each-ref --sort -committerdate --format %(refname) %(objectname) %(*objectname) [6ms]
[2022-10-06T08:19:41.410Z] > git remote --verbose [3ms]
[2022-10-06T08:19:41.426Z] > git config --get commit.template [2ms]
[2022-10-06T08:19:46.535Z] > git status -z -uall [102ms]
[2022-10-06T08:19:46.543Z] > git symbolic-ref --short HEAD [2ms]
[2022-10-06T08:19:46.548Z] > git for-each-ref --format=%(refname)%00%(upstream:short)%00%(objectname)%00%(upstream:track)%00%(upstream:remotename)%00%(upstream:remoteref) refs/heads/main refs/remotes/main [1ms]
[2022-10-06T08:19:46.558Z] > git for-each-ref --sort -committerdate --format %(refname) %(objectname) %(*objectname) [6ms]
[2022-10-06T08:19:46.559Z] > git remote --verbose [2ms]
[2022-10-06T08:19:46.574Z] > git config --get commit.template [1ms]
[2022-10-06T08:19:51.683Z] > git status -z -uall [102ms]
[2022-10-06T08:19:51.691Z] > git symbolic-ref --short HEAD [2ms]
[2022-10-06T08:19:51.697Z] > git for-each-ref --format=%(refname)%00%(upstream:short)%00%(objectname)%00%(upstream:track)%00%(upstream:remotename)%00%(upstream:remoteref) refs/heads/main refs/remotes/main [2ms]
[2022-10-06T08:19:51.706Z] > git for-each-ref --sort -committerdate --format %(refname) %(objectname) %(*objectname) [6ms]
[2022-10-06T08:19:51.708Z] > git remote --verbose [3ms]
[2022-10-06T08:19:51.724Z] > git config --get commit.template [2ms]
[2022-10-06T08:20:08.387Z] > git status -z -uall [105ms]
[2022-10-06T08:20:08.394Z] > git symbolic-ref --short HEAD [2ms]
[2022-10-06T08:20:08.400Z] > git for-each-ref --format=%(refname)%00%(upstream:short)%00%(objectname)%00%(upstream:track)%00%(upstream:remotename)%00%(upstream:remoteref) refs/heads/main refs/remotes/main [2ms]
[2022-10-06T08:20:08.409Z] > git for-each-ref --sort -committerdate --format %(refname) %(objectname) %(*objectname) [6ms]
[2022-10-06T08:20:08.411Z] > git remote --verbose [3ms]
[2022-10-06T08:20:08.428Z] > git config --get commit.template [1ms]
[2022-10-06T08:20:14.821Z] > git status -z -uall [108ms]
[2022-10-06T08:20:14.830Z] > git symbolic-ref --short HEAD [4ms]
[2022-10-06T08:20:14.836Z] > git for-each-ref --format=%(refname)%00%(upstream:short)%00%(objectname)%00%(upstream:track)%00%(upstream:remotename)%00%(upstream:remoteref) refs/heads/main refs/remotes/main [2ms]
[2022-10-06T08:20:14.845Z] > git for-each-ref --sort -committerdate --format %(refname) %(objectname) %(*objectname) [5ms]
[2022-10-06T08:20:14.847Z] > git remote --verbose [3ms]
[2022-10-06T08:20:14.865Z] > git config --get commit.template [2ms]
[2022-10-06T08:20:19.975Z] > git status -z -uall [104ms]
[2022-10-06T08:20:19.983Z] > git symbolic-ref --short HEAD [3ms]
[2022-10-06T08:20:19.988Z] > git for-each-ref --format=%(refname)%00%(upstream:short)%00%(objectname)%00%(upstream:track)%00%(upstream:remotename)%00%(upstream:remoteref) refs/heads/main refs/remotes/main [2ms]
[2022-10-06T08:20:19.997Z] > git for-each-ref --sort -committerdate --format %(refname) %(objectname) %(*objectname) [5ms]
[2022-10-06T08:20:20.002Z] > git remote --verbose [6ms]
[2022-10-06T08:20:20.018Z] > git config --get commit.template [3ms]
[2022-10-06T08:20:25.127Z] > git status -z -uall [103ms]
[2022-10-06T08:20:25.135Z] > git symbolic-ref --short HEAD [2ms]
[2022-10-06T08:20:25.141Z] > git for-each-ref --format=%(refname)%00%(upstream:short)%00%(objectname)%00%(upstream:track)%00%(upstream:remotename)%00%(upstream:remoteref) refs/heads/main refs/remotes/main [2ms]
[2022-10-06T08:20:25.150Z] > git for-each-ref --sort -committerdate --format %(refname) %(objectname) %(*objectname) [5ms]
[2022-10-06T08:20:25.152Z] > git remote --verbose [2ms]
[2022-10-06T08:20:25.169Z] > git config --get commit.template [2ms]
[2022-10-06T08:20:30.280Z] > git status -z -uall [104ms]
[2022-10-06T08:20:30.288Z] > git symbolic-ref --short HEAD [2ms]
[2022-10-06T08:20:30.293Z] > git for-each-ref --format=%(refname)%00%(upstream:short)%00%(objectname)%00%(upstream:track)%00%(upstream:remotename)%00%(upstream:remoteref) refs/heads/main refs/remotes/main [2ms]
[2022-10-06T08:20:30.302Z] > git for-each-ref --sort -committerdate --format %(refname) %(objectname) %(*objectname) [6ms]
[2022-10-06T08:20:30.304Z] > git remote --verbose [3ms]
[2022-10-06T08:20:30.325Z] > git config --get commit.template [2ms]
[2022-10-06T08:20:35.435Z] > git status -z -uall [102ms]
[2022-10-06T08:20:35.447Z] > git symbolic-ref --short HEAD [7ms]
[2022-10-06T08:20:35.453Z] > git for-each-ref --format=%(refname)%00%(upstream:short)%00%(objectname)%00%(upstream:track)%00%(upstream:remotename)%00%(upstream:remoteref) refs/heads/main refs/remotes/main [2ms]
[2022-10-06T08:20:35.468Z] > git for-each-ref --sort -committerdate --format %(refname) %(objectname) %(*objectname) [11ms]
[2022-10-06T08:20:35.470Z] > git remote --verbose [3ms]
[2022-10-06T08:20:35.490Z] > git config --get commit.template [2ms]
[2022-10-06T08:20:40.601Z] > git status -z -uall [105ms]
[2022-10-06T08:20:40.609Z] > git symbolic-ref --short HEAD [2ms]
[2022-10-06T08:20:40.614Z] > git for-each-ref --format=%(refname)%00%(upstream:short)%00%(objectname)%00%(upstream:track)%00%(upstream:remotename)%00%(upstream:remoteref) refs/heads/main refs/remotes/main [1ms]
[2022-10-06T08:20:40.624Z] > git for-each-ref --sort -committerdate --format %(refname) %(objectname) %(*objectname) [5ms]
[2022-10-06T08:20:40.626Z] > git remote --verbose [2ms]
[2022-10-06T08:20:40.640Z] > git config --get commit.template [2ms]
[2022-10-06T08:20:45.749Z] > git status -z -uall [102ms]
[2022-10-06T08:20:45.757Z] > git symbolic-ref --short HEAD [2ms]
[2022-10-06T08:20:45.763Z] > git for-each-ref --format=%(refname)%00%(upstream:short)%00%(objectname)%00%(upstream:track)%00%(upstream:remotename)%00%(upstream:remoteref) refs/heads/main refs/remotes/main [2ms]
[2022-10-06T08:20:45.774Z] > git for-each-ref --sort -committerdate --format %(refname) %(objectname) %(*objectname) [7ms]
[2022-10-06T08:20:45.776Z] > git remote --verbose [3ms]
[2022-10-06T08:20:45.790Z] > git config --get commit.template [2ms]
[2022-10-06T08:20:50.935Z] > git status -z -uall [137ms]
[2022-10-06T08:20:51.016Z] > git symbolic-ref --short HEAD [49ms]
[2022-10-06T08:20:51.037Z] > git for-each-ref --format=%(refname)%00%(upstream:short)%00%(objectname)%00%(upstream:track)%00%(upstream:remotename)%00%(upstream:remoteref) refs/heads/main refs/remotes/main [4ms]
[2022-10-06T08:20:51.048Z] > git for-each-ref --sort -committerdate --format %(refname) %(objectname) %(*objectname) [6ms]
[2022-10-06T08:20:51.049Z] > git remote --verbose [2ms]
[2022-10-06T08:20:51.065Z] > git config --get commit.template [2ms]
[2022-10-06T08:20:56.174Z] > git status -z -uall [102ms]
[2022-10-06T08:20:56.182Z] > git symbolic-ref --short HEAD [2ms]
[2022-10-06T08:20:56.187Z] > git for-each-ref --format=%(refname)%00%(upstream:short)%00%(objectname)%00%(upstream:track)%00%(upstream:remotename)%00%(upstream:remoteref) refs/heads/main refs/remotes/main [1ms]
[2022-10-06T08:20:56.196Z] > git for-each-ref --sort -committerdate --format %(refname) %(objectname) %(*objectname) [5ms]
[2022-10-06T08:20:56.198Z] > git remote --verbose [2ms]
[2022-10-06T08:20:56.214Z] > git config --get commit.template [2ms]
[2022-10-06T08:21:01.326Z] > git status -z -uall [104ms]
[2022-10-06T08:21:01.333Z] > git symbolic-ref --short HEAD [2ms]
[2022-10-06T08:21:01.339Z] > git for-each-ref --format=%(refname)%00%(upstream:short)%00%(objectname)%00%(upstream:track)%00%(upstream:remotename)%00%(upstream:remoteref) refs/heads/main refs/remotes/main [2ms]
[2022-10-06T08:21:01.348Z] > git for-each-ref --sort -committerdate --format %(refname) %(objectname) %(*objectname) [5ms]
[2022-10-06T08:21:01.350Z] > git remote --verbose [3ms]
[2022-10-06T08:21:01.367Z] > git config --get commit.template [2ms]
[2022-10-06T08:21:39.613Z] > git status -z -uall [104ms]
[2022-10-06T08:21:39.622Z] > git symbolic-ref --short HEAD [4ms]
[2022-10-06T08:21:39.628Z] > git for-each-ref --format=%(refname)%00%(upstream:short)%00%(objectname)%00%(upstream:track)%00%(upstream:remotename)%00%(upstream:remoteref) refs/heads/main refs/remotes/main [2ms]
[2022-10-06T08:21:39.637Z] > git for-each-ref --sort -committerdate --format %(refname) %(objectname) %(*objectname) [5ms]
[2022-10-06T08:21:39.639Z] > git remote --verbose [3ms]
[2022-10-06T08:21:39.653Z] > git config --get commit.template [2ms]
[2022-10-06T08:21:44.761Z] > git status -z -uall [101ms]
[2022-10-06T08:21:44.768Z] > git symbolic-ref --short HEAD [2ms]
[2022-10-06T08:21:44.781Z] > git for-each-ref --format=%(refname)%00%(upstream:short)%00%(objectname)%00%(upstream:track)%00%(upstream:remotename)%00%(upstream:remoteref) refs/heads/main refs/remotes/main [9ms]
[2022-10-06T08:21:44.793Z] > git for-each-ref --sort -committerdate --format %(refname) %(objectname) %(*objectname) [6ms]
[2022-10-06T08:21:44.795Z] > git remote --verbose [3ms]
[2022-10-06T08:21:44.810Z] > git config --get commit.template [1ms]
[2022-10-06T08:21:49.922Z] > git status -z -uall [105ms]
[2022-10-06T08:21:49.929Z] > git symbolic-ref --short HEAD [2ms]
[2022-10-06T08:21:49.935Z] > git for-each-ref --format=%(refname)%00%(upstream:short)%00%(objectname)%00%(upstream:track)%00%(upstream:remotename)%00%(upstream:remoteref) refs/heads/main refs/remotes/main [2ms]
[2022-10-06T08:21:49.947Z] > git for-each-ref --sort -committerdate --format %(refname) %(objectname) %(*objectname) [9ms]
[2022-10-06T08:21:49.953Z] > git remote --verbose [10ms]
[2022-10-06T08:21:49.969Z] > git config --get commit.template [2ms]
[2022-10-06T08:21:55.080Z] > git status -z -uall [104ms]
[2022-10-06T08:21:55.088Z] > git symbolic-ref --short HEAD [2ms]
[2022-10-06T08:21:55.104Z] > git for-each-ref --format=%(refname)%00%(upstream:short)%00%(objectname)%00%(upstream:track)%00%(upstream:remotename)%00%(upstream:remoteref) refs/heads/main refs/remotes/main [12ms]
[2022-10-06T08:21:55.116Z] > git for-each-ref --sort -committerdate --format %(refname) %(objectname) %(*objectname) [6ms]
[2022-10-06T08:21:55.118Z] > git remote --verbose [3ms]
[2022-10-06T08:21:55.144Z] > git config --get commit.template [7ms]
[2022-10-06T08:22:00.263Z] > git status -z -uall [108ms]
[2022-10-06T08:22:00.270Z] > git symbolic-ref --short HEAD [2ms]
[2022-10-06T08:22:00.277Z] > git for-each-ref --format=%(refname)%00%(upstream:short)%00%(objectname)%00%(upstream:track)%00%(upstream:remotename)%00%(upstream:remoteref) refs/heads/main refs/remotes/main [2ms]
[2022-10-06T08:22:00.286Z] > git for-each-ref --sort -committerdate --format %(refname) %(objectname) %(*objectname) [5ms]
[2022-10-06T08:22:00.289Z] > git remote --verbose [3ms]
[2022-10-06T08:22:00.304Z] > git config --get commit.template [2ms]
[2022-10-06T08:22:05.413Z] > git status -z -uall [103ms]
[2022-10-06T08:22:05.420Z] > git symbolic-ref --short HEAD [2ms]
[2022-10-06T08:22:05.426Z] > git for-each-ref --format=%(refname)%00%(upstream:short)%00%(objectname)%00%(upstream:track)%00%(upstream:remotename)%00%(upstream:remoteref) refs/heads/main refs/remotes/main [2ms]
[2022-10-06T08:22:05.436Z] > git for-each-ref --sort -committerdate --format %(refname) %(objectname) %(*objectname) [6ms]
[2022-10-06T08:22:05.438Z] > git remote --verbose [4ms]
[2022-10-06T08:22:05.450Z] > git config --get commit.template [1ms]
[2022-10-06T08:22:17.203Z] > git status -z -uall [369ms]
[2022-10-06T08:22:17.226Z] > git symbolic-ref --short HEAD [4ms]
[2022-10-06T08:22:17.247Z] > git for-each-ref --format=%(refname)%00%(upstream:short)%00%(objectname)%00%(upstream:track)%00%(upstream:remotename)%00%(upstream:remoteref) refs/heads/main refs/remotes/main [10ms]
[2022-10-06T08:22:17.271Z] > git for-each-ref --sort -committerdate --format %(refname) %(objectname) %(*objectname) [14ms]
[2022-10-06T08:22:17.279Z] > git remote --verbose [8ms]
[2022-10-06T08:22:17.379Z] > git config --get commit.template [50ms]
[2022-10-06T08:22:17.905Z] > git show --textconv :docker_test/index.js [82ms]
[2022-10-06T08:22:17.923Z] > git ls-files --stage -- /home/ubuntu/docker_test/index.js [52ms]
[2022-10-06T08:22:20.237Z] > git show --textconv :docker_test/Dockerfile [171ms]
[2022-10-06T08:22:20.244Z] > git ls-files --stage -- /home/ubuntu/docker_test/Dockerfile [145ms]
[2022-10-06T08:23:36.251Z] > git status -z -uall [73558ms]
[2022-10-06T08:23:50.117Z] > git symbolic-ref --short HEAD [7366ms]
[2022-10-06T08:23:56.550Z] > git for-each-ref --format=%(refname)%00%(upstream:short)%00%(objectname)%00%(upstream:track)%00%(upstream:remotename)%00%(upstream:remoteref) refs/heads/main refs/remotes/main [5132ms]
