[2022-10-13 01:11:45.621] [exthost] [info] Extension host with pid 444216 started
[2022-10-13 01:11:45.648] [exthost] [info] Lock '/home/ubuntu/.vscode-server/data/User/workspaceStorage/f754b7aa2240ec878ccf37628a1e6a51/vscode.lock': Lock acquired.
[2022-10-13 01:11:46.171] [exthost] [info] ExtensionService#_doActivateExtension vscode.typescript-language-features, startup: false, activationEvent: 'onLanguage:javascript'
[2022-10-13 01:11:46.173] [exthost] [info] ExtensionService#_doActivateExtension vscode.debug-auto-launch, startup: true, activationEvent: '*'
[2022-10-13 01:11:46.177] [exthost] [info] ExtensionService#_doActivateExtension vscode.git-base, startup: true, activationEvent: '*', root cause: vscode.git
[2022-10-13 01:11:46.179] [exthost] [info] ExtensionService#_doActivateExtension vscode.ipynb, startup: true, activationEvent: '*'
[2022-10-13 01:11:46.179] [exthost] [info] ExtensionService#_doActivateExtension ecmel.vscode-html-css, startup: true, activationEvent: '*'
[2022-10-13 01:11:46.607] [exthost] [info] ExtensionService#_doActivateExtension vscode.git, startup: true, activationEvent: '*'
[2022-10-13 01:11:46.607] [exthost] [info] ExtensionService#_doActivateExtension vscode.github, startup: true, activationEvent: '*'
[2022-10-13 01:11:47.123] [exthost] [info] ExtensionService#_doActivateExtension vscode.emmet, startup: false, activationEvent: 'onStartupFinished'
[2022-10-13 01:11:47.124] [exthost] [info] ExtensionService#_doActivateExtension vscode.merge-conflict, startup: false, activationEvent: 'onStartupFinished'
[2022-10-13 01:11:47.124] [exthost] [info] ExtensionService#_doActivateExtension vscode.npm, startup: false, activationEvent: 'onStartupFinished', root cause: esbenp.prettier-vscode
[2022-10-13 01:11:47.125] [exthost] [info] Eager extensions activated
[2022-10-13 01:11:47.969] [exthost] [error] {"message":"Git error","stdout":"","stderr":"fatal: Pathspec '/home/ubuntu/jinkange/src' is in submodule 'jinkange'\n","exitCode":128,"gitErrorCode":"IsInSubmodule"}
[2022-10-13 01:11:47.973] [exthost] [error] {"message":"Git error","stdout":"","stderr":"fatal: Pathspec '/home/ubuntu/jinkange/src' is in submodule 'jinkange'\n","exitCode":128,"gitErrorCode":"IsInSubmodule"}
[2022-10-13 01:11:47.973] [exthost] [error] {"message":"Git error","stdout":"","stderr":"fatal: Pathspec '/home/ubuntu/jinkange/src' is in submodule 'jinkange'\n","exitCode":128,"gitErrorCode":"IsInSubmodule"}
[2022-10-13 01:11:47.973] [exthost] [error] {"message":"Git error","stdout":"","stderr":"fatal: Pathspec '/home/ubuntu/jinkange/src' is in submodule 'jinkange'\n","exitCode":128,"gitErrorCode":"IsInSubmodule"}
[2022-10-13 01:11:47.973] [exthost] [error] {"message":"Git error","stdout":"","stderr":"fatal: Pathspec '/home/ubuntu/jinkange/src' is in submodule 'jinkange'\n","exitCode":128,"gitErrorCode":"IsInSubmodule"}
[2022-10-13 01:11:47.973] [exthost] [error] {"message":"Git error","stdout":"","stderr":"fatal: Pathspec '/home/ubuntu/jinkange/src' is in submodule 'jinkange'\n","exitCode":128,"gitErrorCode":"IsInSubmodule"}
[2022-10-13 01:11:47.973] [exthost] [error] {"message":"Git error","stdout":"","stderr":"fatal: Pathspec '/home/ubuntu/jinkange/src' is in submodule 'jinkange'\n","exitCode":128,"gitErrorCode":"IsInSubmodule"}
[2022-10-13 01:11:47.973] [exthost] [error] {"message":"Git error","stdout":"","stderr":"fatal: Pathspec '/home/ubuntu/jinkange/src' is in submodule 'jinkange'\n","exitCode":128,"gitErrorCode":"IsInSubmodule"}
[2022-10-13 01:11:47.973] [exthost] [error] {"message":"Git error","stdout":"","stderr":"fatal: Pathspec '/home/ubuntu/jinkange/src' is in submodule 'jinkange'\n","exitCode":128,"gitErrorCode":"IsInSubmodule"}
[2022-10-13 01:11:47.973] [exthost] [error] {"message":"Git error","stdout":"","stderr":"fatal: Pathspec '/home/ubuntu/jinkange/src' is in submodule 'jinkange'\n","exitCode":128,"gitErrorCode":"IsInSubmodule"}
[2022-10-13 01:11:47.973] [exthost] [error] {"message":"Git error","stdout":"","stderr":"fatal: Pathspec '/home/ubuntu/jinkange/src' is in submodule 'jinkange'\n","exitCode":128,"gitErrorCode":"IsInSubmodule"}
[2022-10-13 01:11:47.973] [exthost] [error] {"message":"Git error","stdout":"","stderr":"fatal: Pathspec '/home/ubuntu/jinkange/src' is in submodule 'jinkange'\n","exitCode":128,"gitErrorCode":"IsInSubmodule"}
[2022-10-13 01:11:47.973] [exthost] [error] {"message":"Git error","stdout":"","stderr":"fatal: Pathspec '/home/ubuntu/jinkange/src' is in submodule 'jinkange'\n","exitCode":128,"gitErrorCode":"IsInSubmodule"}
[2022-10-13 01:11:47.973] [exthost] [error] {"message":"Git error","stdout":"","stderr":"fatal: Pathspec '/home/ubuntu/jinkange/src' is in submodule 'jinkange'\n","exitCode":128,"gitErrorCode":"IsInSubmodule"}
[2022-10-13 01:11:47.973] [exthost] [error] {"message":"Git error","stdout":"","stderr":"fatal: Pathspec '/home/ubuntu/jinkange/src' is in submodule 'jinkange'\n","exitCode":128,"gitErrorCode":"IsInSubmodule"}
[2022-10-13 01:11:47.974] [exthost] [error] {"message":"Git error","stdout":"","stderr":"fatal: Pathspec '/home/ubuntu/jinkange/src' is in submodule 'jinkange'\n","exitCode":128,"gitErrorCode":"IsInSubmodule"}
[2022-10-13 01:11:47.974] [exthost] [error] {"message":"Git error","stdout":"","stderr":"fatal: Pathspec '/home/ubuntu/jinkange/src' is in submodule 'jinkange'\n","exitCode":128,"gitErrorCode":"IsInSubmodule"}
[2022-10-13 01:11:47.974] [exthost] [error] {"message":"Git error","stdout":"","stderr":"fatal: Pathspec '/home/ubuntu/jinkange/src' is in submodule 'jinkange'\n","exitCode":128,"gitErrorCode":"IsInSubmodule"}
[2022-10-13 01:11:47.974] [exthost] [error] {"message":"Git error","stdout":"","stderr":"fatal: Pathspec '/home/ubuntu/jinkange/src' is in submodule 'jinkange'\n","exitCode":128,"gitErrorCode":"IsInSubmodule"}
[2022-10-13 01:11:47.974] [exthost] [error] {"message":"Git error","stdout":"","stderr":"fatal: Pathspec '/home/ubuntu/jinkange/src' is in submodule 'jinkange'\n","exitCode":128,"gitErrorCode":"IsInSubmodule"}
[2022-10-13 01:11:47.974] [exthost] [error] {"message":"Git error","stdout":"","stderr":"fatal: Pathspec '/home/ubuntu/jinkange/src' is in submodule 'jinkange'\n","exitCode":128,"gitErrorCode":"IsInSubmodule"}
[2022-10-13 01:11:47.974] [exthost] [error] {"message":"Git error","stdout":"","stderr":"fatal: Pathspec '/home/ubuntu/jinkange/src' is in submodule 'jinkange'\n","exitCode":128,"gitErrorCode":"IsInSubmodule"}
[2022-10-13 01:11:47.974] [exthost] [error] {"message":"Git error","stdout":"","stderr":"fatal: Pathspec '/home/ubuntu/jinkange/src' is in submodule 'jinkange'\n","exitCode":128,"gitErrorCode":"IsInSubmodule"}
[2022-10-13 01:11:47.974] [exthost] [error] {"message":"Git error","stdout":"","stderr":"fatal: Pathspec '/home/ubuntu/jinkange/src' is in submodule 'jinkange'\n","exitCode":128,"gitErrorCode":"IsInSubmodule"}
[2022-10-13 01:11:47.974] [exthost] [error] {"message":"Git error","stdout":"","stderr":"fatal: Pathspec '/home/ubuntu/jinkange/src' is in submodule 'jinkange'\n","exitCode":128,"gitErrorCode":"IsInSubmodule"}
[2022-10-13 01:11:47.974] [exthost] [error] {"message":"Git error","stdout":"","stderr":"fatal: Pathspec '/home/ubuntu/jinkange/src' is in submodule 'jinkange'\n","exitCode":128,"gitErrorCode":"IsInSubmodule"}
[2022-10-13 01:11:47.974] [exthost] [error] {"message":"Git error","stdout":"","stderr":"fatal: Pathspec '/home/ubuntu/jinkange/src' is in submodule 'jinkange'\n","exitCode":128,"gitErrorCode":"IsInSubmodule"}
[2022-10-13 01:11:47.974] [exthost] [error] {"message":"Git error","stdout":"","stderr":"fatal: Pathspec '/home/ubuntu/jinkange/src' is in submodule 'jinkange'\n","exitCode":128,"gitErrorCode":"IsInSubmodule"}
[2022-10-13 01:11:47.974] [exthost] [error] {"message":"Git error","stdout":"","stderr":"fatal: Pathspec '/home/ubuntu/jinkange/src' is in submodule 'jinkange'\n","exitCode":128,"gitErrorCode":"IsInSubmodule"}
[2022-10-13 01:11:47.974] [exthost] [error] {"message":"Git error","stdout":"","stderr":"fatal: Pathspec '/home/ubuntu/jinkange/src' is in submodule 'jinkange'\n","exitCode":128,"gitErrorCode":"IsInSubmodule"}
[2022-10-13 01:11:47.974] [exthost] [error] {"message":"Git error","stdout":"","stderr":"fatal: Pathspec '/home/ubuntu/jinkange/src' is in submodule 'jinkange'\n","exitCode":128,"gitErrorCode":"IsInSubmodule"}
[2022-10-13 01:11:47.974] [exthost] [error] {"message":"Git error","stdout":"","stderr":"fatal: Pathspec '/home/ubuntu/jinkange/src' is in submodule 'jinkange'\n","exitCode":128,"gitErrorCode":"IsInSubmodule"}
[2022-10-13 01:11:47.974] [exthost] [error] {"message":"Git error","stdout":"","stderr":"fatal: Pathspec '/home/ubuntu/jinkange/src' is in submodule 'jinkange'\n","exitCode":128,"gitErrorCode":"IsInSubmodule"}
[2022-10-13 01:11:47.974] [exthost] [error] {"message":"Git error","stdout":"","stderr":"fatal: Pathspec '/home/ubuntu/jinkange/src' is in submodule 'jinkange'\n","exitCode":128,"gitErrorCode":"IsInSubmodule"}
[2022-10-13 01:11:47.974] [exthost] [error] {"message":"Git error","stdout":"","stderr":"fatal: Pathspec '/home/ubuntu/jinkange/src' is in submodule 'jinkange'\n","exitCode":128,"gitErrorCode":"IsInSubmodule"}
[2022-10-13 01:11:47.974] [exthost] [error] {"message":"Git error","stdout":"","stderr":"fatal: Pathspec '/home/ubuntu/jinkange/src' is in submodule 'jinkange'\n","exitCode":128,"gitErrorCode":"IsInSubmodule"}
[2022-10-13 01:11:47.974] [exthost] [error] {"message":"Git error","stdout":"","stderr":"fatal: Pathspec '/home/ubuntu/jinkange/src' is in submodule 'jinkange'\n","exitCode":128,"gitErrorCode":"IsInSubmodule"}
[2022-10-13 01:11:47.974] [exthost] [error] {"message":"Git error","stdout":"","stderr":"fatal: Pathspec '/home/ubuntu/jinkange/src' is in submodule 'jinkange'\n","exitCode":128,"gitErrorCode":"IsInSubmodule"}
[2022-10-13 01:11:47.974] [exthost] [error] {"message":"Git error","stdout":"","stderr":"fatal: Pathspec '/home/ubuntu/jinkange/src' is in submodule 'jinkange'\n","exitCode":128,"gitErrorCode":"IsInSubmodule"}
[2022-10-13 01:11:47.974] [exthost] [error] {"message":"Git error","stdout":"","stderr":"fatal: Pathspec '/home/ubuntu/jinkange/src' is in submodule 'jinkange'\n","exitCode":128,"gitErrorCode":"IsInSubmodule"}
[2022-10-13 01:11:47.975] [exthost] [error] {"message":"Git error","stdout":"","stderr":"fatal: Pathspec '/home/ubuntu/jinkange/src' is in submodule 'jinkange'\n","exitCode":128,"gitErrorCode":"IsInSubmodule"}
[2022-10-13 01:11:47.975] [exthost] [error] {"message":"Git error","stdout":"","stderr":"fatal: Pathspec '/home/ubuntu/jinkange/src' is in submodule 'jinkange'\n","exitCode":128,"gitErrorCode":"IsInSubmodule"}
[2022-10-13 01:11:47.975] [exthost] [error] {"message":"Git error","stdout":"","stderr":"fatal: Pathspec '/home/ubuntu/jinkange/src' is in submodule 'jinkange'\n","exitCode":128,"gitErrorCode":"IsInSubmodule"}
[2022-10-13 01:11:47.975] [exthost] [error] {"message":"Git error","stdout":"","stderr":"fatal: Pathspec '/home/ubuntu/jinkange/src' is in submodule 'jinkange'\n","exitCode":128,"gitErrorCode":"IsInSubmodule"}
[2022-10-13 01:11:47.975] [exthost] [error] {"message":"Git error","stdout":"","stderr":"fatal: Pathspec '/home/ubuntu/jinkange/src' is in submodule 'jinkange'\n","exitCode":128,"gitErrorCode":"IsInSubmodule"}
[2022-10-13 01:11:47.975] [exthost] [error] {"message":"Git error","stdout":"","stderr":"fatal: Pathspec '/home/ubuntu/jinkange/src' is in submodule 'jinkange'\n","exitCode":128,"gitErrorCode":"IsInSubmodule"}
[2022-10-13 01:11:47.975] [exthost] [error] {"message":"Git error","stdout":"","stderr":"fatal: Pathspec '/home/ubuntu/jinkange/src' is in submodule 'jinkange'\n","exitCode":128,"gitErrorCode":"IsInSubmodule"}
[2022-10-13 01:11:47.975] [exthost] [error] {"message":"Git error","stdout":"","stderr":"fatal: Pathspec '/home/ubuntu/jinkange/src' is in submodule 'jinkange'\n","exitCode":128,"gitErrorCode":"IsInSubmodule"}
[2022-10-13 01:11:47.975] [exthost] [error] {"message":"Git error","stdout":"","stderr":"fatal: Pathspec '/home/ubuntu/jinkange/src' is in submodule 'jinkange'\n","exitCode":128,"gitErrorCode":"IsInSubmodule"}
[2022-10-13 01:11:47.975] [exthost] [error] {"message":"Git error","stdout":"","stderr":"fatal: Pathspec '/home/ubuntu/jinkange/src' is in submodule 'jinkange'\n","exitCode":128,"gitErrorCode":"IsInSubmodule"}
[2022-10-13 01:11:47.975] [exthost] [error] {"message":"Git error","stdout":"","stderr":"fatal: Pathspec '/home/ubuntu/jinkange/src' is in submodule 'jinkange'\n","exitCode":128,"gitErrorCode":"IsInSubmodule"}
[2022-10-13 01:11:47.975] [exthost] [error] {"message":"Git error","stdout":"","stderr":"fatal: Pathspec '/home/ubuntu/jinkange/src' is in submodule 'jinkange'\n","exitCode":128,"gitErrorCode":"IsInSubmodule"}
[2022-10-13 01:11:47.975] [exthost] [error] {"message":"Git error","stdout":"","stderr":"fatal: Pathspec '/home/ubuntu/jinkange/src' is in submodule 'jinkange'\n","exitCode":128,"gitErrorCode":"IsInSubmodule"}
[2022-10-13 01:11:47.975] [exthost] [error] {"message":"Git error","stdout":"","stderr":"fatal: Pathspec '/home/ubuntu/jinkange/src' is in submodule 'jinkange'\n","exitCode":128,"gitErrorCode":"IsInSubmodule"}
[2022-10-13 01:11:47.975] [exthost] [error] {"message":"Git error","stdout":"","stderr":"fatal: Pathspec '/home/ubuntu/jinkange/src' is in submodule 'jinkange'\n","exitCode":128,"gitErrorCode":"IsInSubmodule"}
[2022-10-13 01:11:47.975] [exthost] [error] {"message":"Git error","stdout":"","stderr":"fatal: Pathspec '/home/ubuntu/jinkange/src' is in submodule 'jinkange'\n","exitCode":128,"gitErrorCode":"IsInSubmodule"}
[2022-10-13 01:11:47.975] [exthost] [error] {"message":"Git error","stdout":"","stderr":"fatal: Pathspec '/home/ubuntu/jinkange/src' is in submodule 'jinkange'\n","exitCode":128,"gitErrorCode":"IsInSubmodule"}
[2022-10-13 01:11:47.975] [exthost] [error] {"message":"Git error","stdout":"","stderr":"fatal: Pathspec '/home/ubuntu/jinkange/src' is in submodule 'jinkange'\n","exitCode":128,"gitErrorCode":"IsInSubmodule"}
[2022-10-13 01:11:47.975] [exthost] [error] {"message":"Git error","stdout":"","stderr":"fatal: Pathspec '/home/ubuntu/jinkange/src' is in submodule 'jinkange'\n","exitCode":128,"gitErrorCode":"IsInSubmodule"}
[2022-10-13 01:11:47.975] [exthost] [error] {"message":"Git error","stdout":"","stderr":"fatal: Pathspec '/home/ubuntu/jinkange/src' is in submodule 'jinkange'\n","exitCode":128,"gitErrorCode":"IsInSubmodule"}
[2022-10-13 01:11:47.976] [exthost] [error] {"message":"Git error","stdout":"","stderr":"fatal: Pathspec '/home/ubuntu/jinkange/src' is in submodule 'jinkange'\n","exitCode":128,"gitErrorCode":"IsInSubmodule"}
[2022-10-13 01:11:47.976] [exthost] [error] {"message":"Git error","stdout":"","stderr":"fatal: Pathspec '/home/ubuntu/jinkange/src' is in submodule 'jinkange'\n","exitCode":128,"gitErrorCode":"IsInSubmodule"}
[2022-10-13 01:11:47.976] [exthost] [error] {"message":"Git error","stdout":"","stderr":"fatal: Pathspec '/home/ubuntu/jinkange/src' is in submodule 'jinkange'\n","exitCode":128,"gitErrorCode":"IsInSubmodule"}
[2022-10-13 01:11:47.976] [exthost] [error] {"message":"Git error","stdout":"","stderr":"fatal: Pathspec '/home/ubuntu/jinkange/src' is in submodule 'jinkange'\n","exitCode":128,"gitErrorCode":"IsInSubmodule"}
[2022-10-13 01:11:47.976] [exthost] [error] {"message":"Git error","stdout":"","stderr":"fatal: Pathspec '/home/ubuntu/jinkange/src' is in submodule 'jinkange'\n","exitCode":128,"gitErrorCode":"IsInSubmodule"}
[2022-10-13 01:11:47.976] [exthost] [error] {"message":"Git error","stdout":"","stderr":"fatal: Pathspec '/home/ubuntu/jinkange/src' is in submodule 'jinkange'\n","exitCode":128,"gitErrorCode":"IsInSubmodule"}
[2022-10-13 01:11:47.976] [exthost] [error] {"message":"Git error","stdout":"","stderr":"fatal: Pathspec '/home/ubuntu/jinkange/src' is in submodule 'jinkange'\n","exitCode":128,"gitErrorCode":"IsInSubmodule"}
[2022-10-13 01:11:47.977] [exthost] [error] {"message":"Git error","stdout":"","stderr":"fatal: Pathspec '/home/ubuntu/jinkange/src' is in submodule 'jinkange'\n","exitCode":128,"gitErrorCode":"IsInSubmodule"}
[2022-10-13 01:11:47.977] [exthost] [error] {"message":"Git error","stdout":"","stderr":"fatal: Pathspec '/home/ubuntu/jinkange/src' is in submodule 'jinkange'\n","exitCode":128,"gitErrorCode":"IsInSubmodule"}
[2022-10-13 01:11:47.977] [exthost] [error] {"message":"Git error","stdout":"","stderr":"fatal: Pathspec '/home/ubuntu/jinkange/src' is in submodule 'jinkange'\n","exitCode":128,"gitErrorCode":"IsInSubmodule"}
[2022-10-13 01:11:47.977] [exthost] [error] {"message":"Git error","stdout":"","stderr":"fatal: Pathspec '/home/ubuntu/jinkange/src' is in submodule 'jinkange'\n","exitCode":128,"gitErrorCode":"IsInSubmodule"}
[2022-10-13 01:11:47.977] [exthost] [error] {"message":"Git error","stdout":"","stderr":"fatal: Pathspec '/home/ubuntu/jinkange/src' is in submodule 'jinkange'\n","exitCode":128,"gitErrorCode":"IsInSubmodule"}
[2022-10-13 01:11:47.977] [exthost] [error] {"message":"Git error","stdout":"","stderr":"fatal: Pathspec '/home/ubuntu/jinkange/src' is in submodule 'jinkange'\n","exitCode":128,"gitErrorCode":"IsInSubmodule"}
[2022-10-13 01:11:47.977] [exthost] [error] {"message":"Git error","stdout":"","stderr":"fatal: Pathspec '/home/ubuntu/jinkange/src' is in submodule 'jinkange'\n","exitCode":128,"gitErrorCode":"IsInSubmodule"}
[2022-10-13 01:11:47.977] [exthost] [error] {"message":"Git error","stdout":"","stderr":"fatal: Pathspec '/home/ubuntu/jinkange/src' is in submodule 'jinkange'\n","exitCode":128,"gitErrorCode":"IsInSubmodule"}
[2022-10-13 01:11:47.977] [exthost] [error] {"message":"Git error","stdout":"","stderr":"fatal: Pathspec '/home/ubuntu/jinkange/src' is in submodule 'jinkange'\n","exitCode":128,"gitErrorCode":"IsInSubmodule"}
[2022-10-13 01:11:47.977] [exthost] [error] {"message":"Git error","stdout":"","stderr":"fatal: Pathspec '/home/ubuntu/jinkange/src' is in submodule 'jinkange'\n","exitCode":128,"gitErrorCode":"IsInSubmodule"}
[2022-10-13 01:11:47.977] [exthost] [error] {"message":"Git error","stdout":"","stderr":"fatal: Pathspec '/home/ubuntu/jinkange/src' is in submodule 'jinkange'\n","exitCode":128,"gitErrorCode":"IsInSubmodule"}
[2022-10-13 01:11:47.977] [exthost] [error] {"message":"Git error","stdout":"","stderr":"fatal: Pathspec '/home/ubuntu/jinkange/src' is in submodule 'jinkange'\n","exitCode":128,"gitErrorCode":"IsInSubmodule"}
[2022-10-13 01:11:47.977] [exthost] [error] {"message":"Git error","stdout":"","stderr":"fatal: Pathspec '/home/ubuntu/jinkange/src' is in submodule 'jinkange'\n","exitCode":128,"gitErrorCode":"IsInSubmodule"}
[2022-10-13 01:11:47.977] [exthost] [error] {"message":"Git error","stdout":"","stderr":"fatal: Pathspec '/home/ubuntu/jinkange/src' is in submodule 'jinkange'\n","exitCode":128,"gitErrorCode":"IsInSubmodule"}
[2022-10-13 01:11:47.977] [exthost] [error] {"message":"Git error","stdout":"","stderr":"fatal: Pathspec '/home/ubuntu/jinkange/src' is in submodule 'jinkange'\n","exitCode":128,"gitErrorCode":"IsInSubmodule"}
[2022-10-13 01:11:47.977] [exthost] [error] {"message":"Git error","stdout":"","stderr":"fatal: Pathspec '/home/ubuntu/jinkange/src' is in submodule 'jinkange'\n","exitCode":128,"gitErrorCode":"IsInSubmodule"}
[2022-10-13 01:11:47.977] [exthost] [error] {"message":"Git error","stdout":"","stderr":"fatal: Pathspec '/home/ubuntu/jinkange/src' is in submodule 'jinkange'\n","exitCode":128,"gitErrorCode":"IsInSubmodule"}
[2022-10-13 01:11:47.977] [exthost] [error] {"message":"Git error","stdout":"","stderr":"fatal: Pathspec '/home/ubuntu/jinkange/src' is in submodule 'jinkange'\n","exitCode":128,"gitErrorCode":"IsInSubmodule"}
[2022-10-13 01:11:47.977] [exthost] [error] {"message":"Git error","stdout":"","stderr":"fatal: Pathspec '/home/ubuntu/jinkange/src' is in submodule 'jinkange'\n","exitCode":128,"gitErrorCode":"IsInSubmodule"}
[2022-10-13 01:11:47.978] [exthost] [error] {"message":"Git error","stdout":"","stderr":"fatal: Pathspec '/home/ubuntu/jinkange/src' is in submodule 'jinkange'\n","exitCode":128,"gitErrorCode":"IsInSubmodule"}
[2022-10-13 01:11:47.978] [exthost] [error] {"message":"Git error","stdout":"","stderr":"fatal: Pathspec '/home/ubuntu/jinkange/src' is in submodule 'jinkange'\n","exitCode":128,"gitErrorCode":"IsInSubmodule"}
[2022-10-13 01:11:47.978] [exthost] [error] {"message":"Git error","stdout":"","stderr":"fatal: Pathspec '/home/ubuntu/jinkange/src' is in submodule 'jinkange'\n","exitCode":128,"gitErrorCode":"IsInSubmodule"}
[2022-10-13 01:11:47.978] [exthost] [error] {"message":"Git error","stdout":"","stderr":"fatal: Pathspec '/home/ubuntu/jinkange/src' is in submodule 'jinkange'\n","exitCode":128,"gitErrorCode":"IsInSubmodule"}
[2022-10-13 01:11:47.978] [exthost] [error] {"message":"Git error","stdout":"","stderr":"fatal: Pathspec '/home/ubuntu/jinkange/src' is in submodule 'jinkange'\n","exitCode":128,"gitErrorCode":"IsInSubmodule"}
[2022-10-13 01:11:47.978] [exthost] [error] {"message":"Git error","stdout":"","stderr":"fatal: Pathspec '/home/ubuntu/jinkange/src' is in submodule 'jinkange'\n","exitCode":128,"gitErrorCode":"IsInSubmodule"}
[2022-10-13 01:11:47.978] [exthost] [error] {"message":"Git error","stdout":"","stderr":"fatal: Pathspec '/home/ubuntu/jinkange/src' is in submodule 'jinkange'\n","exitCode":128,"gitErrorCode":"IsInSubmodule"}
[2022-10-13 01:11:47.978] [exthost] [error] {"message":"Git error","stdout":"","stderr":"fatal: Pathspec '/home/ubuntu/jinkange/src' is in submodule 'jinkange'\n","exitCode":128,"gitErrorCode":"IsInSubmodule"}
[2022-10-13 01:11:47.978] [exthost] [error] {"message":"Git error","stdout":"","stderr":"fatal: Pathspec '/home/ubuntu/jinkange/src' is in submodule 'jinkange'\n","exitCode":128,"gitErrorCode":"IsInSubmodule"}
[2022-10-13 01:11:47.978] [exthost] [error] {"message":"Git error","stdout":"","stderr":"fatal: Pathspec '/home/ubuntu/jinkange/src' is in submodule 'jinkange'\n","exitCode":128,"gitErrorCode":"IsInSubmodule"}
[2022-10-13 01:11:47.978] [exthost] [error] {"message":"Git error","stdout":"","stderr":"fatal: Pathspec '/home/ubuntu/jinkange/src' is in submodule 'jinkange'\n","exitCode":128,"gitErrorCode":"IsInSubmodule"}
[2022-10-13 01:11:47.978] [exthost] [error] {"message":"Git error","stdout":"","stderr":"fatal: Pathspec '/home/ubuntu/jinkange/src' is in submodule 'jinkange'\n","exitCode":128,"gitErrorCode":"IsInSubmodule"}
[2022-10-13 01:11:47.978] [exthost] [error] {"message":"Git error","stdout":"","stderr":"fatal: Pathspec '/home/ubuntu/jinkange/src' is in submodule 'jinkange'\n","exitCode":128,"gitErrorCode":"IsInSubmodule"}
[2022-10-13 01:11:47.978] [exthost] [error] {"message":"Git error","stdout":"","stderr":"fatal: Pathspec '/home/ubuntu/jinkange/src' is in submodule 'jinkange'\n","exitCode":128,"gitErrorCode":"IsInSubmodule"}
[2022-10-13 01:11:47.978] [exthost] [error] {"message":"Git error","stdout":"","stderr":"fatal: Pathspec '/home/ubuntu/jinkange/src' is in submodule 'jinkange'\n","exitCode":128,"gitErrorCode":"IsInSubmodule"}
[2022-10-13 01:11:47.978] [exthost] [error] {"message":"Git error","stdout":"","stderr":"fatal: Pathspec '/home/ubuntu/jinkange/src' is in submodule 'jinkange'\n","exitCode":128,"gitErrorCode":"IsInSubmodule"}
[2022-10-13 01:11:47.978] [exthost] [error] {"message":"Git error","stdout":"","stderr":"fatal: Pathspec '/home/ubuntu/jinkange/src' is in submodule 'jinkange'\n","exitCode":128,"gitErrorCode":"IsInSubmodule"}
[2022-10-13 01:11:47.978] [exthost] [error] {"message":"Git error","stdout":"","stderr":"fatal: Pathspec '/home/ubuntu/jinkange/src' is in submodule 'jinkange'\n","exitCode":128,"gitErrorCode":"IsInSubmodule"}
[2022-10-13 01:11:47.978] [exthost] [error] {"message":"Git error","stdout":"","stderr":"fatal: Pathspec '/home/ubuntu/jinkange/src' is in submodule 'jinkange'\n","exitCode":128,"gitErrorCode":"IsInSubmodule"}
[2022-10-13 01:11:47.978] [exthost] [error] {"message":"Git error","stdout":"","stderr":"fatal: Pathspec '/home/ubuntu/jinkange/src' is in submodule 'jinkange'\n","exitCode":128,"gitErrorCode":"IsInSubmodule"}
[2022-10-13 01:11:48.768] [exthost] [info] ExtensionService#_doActivateExtension esbenp.prettier-vscode, startup: false, activationEvent: 'onStartupFinished'
[2022-10-13 01:24:13.906] [exthost] [info] ExtensionService#_doActivateExtension ms-azuretools.vscode-docker, startup: false, activationEvent: 'onLanguage:dockerfile'
[2022-10-13 01:24:32.074] [exthost] [info] ExtensionService#_doActivateExtension vscode.html-language-features, startup: false, activationEvent: 'onLanguage:html'
[2022-10-13 01:25:38.565] [exthost] [info] ExtensionService#_doActivateExtension vscode.configuration-editing, startup: false, activationEvent: 'onLanguage:json'
[2022-10-13 01:25:38.566] [exthost] [info] ExtensionService#_doActivateExtension vscode.extension-editing, startup: false, activationEvent: 'onLanguage:json'
[2022-10-13 01:25:38.566] [exthost] [info] ExtensionService#_doActivateExtension vscode.json-language-features, startup: false, activationEvent: 'onLanguage:json'
[2022-10-13 03:22:06.964] [exthost] [info] Extension host terminating: renderer disconnected for too long (2)
[2022-10-13 03:22:06.965] [exthost] [info] Lock '/home/ubuntu/.vscode-server/data/User/workspaceStorage/f754b7aa2240ec878ccf37628a1e6a51/vscode.lock': Marking the lockfile as scheduled to be released in 6000 ms.
[2022-10-13 03:22:07.009] [exthost] [info] Extension host with pid 444216 exiting with code 0
