[2022-10-01 03:53:20.624] [exthost] [info] Extension host with pid 10123 started
[2022-10-01 03:53:20.678] [exthost] [info] Lock '/home/ubuntu/.vscode-server/data/User/workspaceStorage/f754b7aa2240ec878ccf37628a1e6a51/vscode.lock': Lock acquired.
[2022-10-01 03:53:20.791] [exthost] [info] ExtensionService#_doActivateExtension vscode.typescript-language-features, startup: false, activationEvent: 'onLanguage:javascript'
[2022-10-01 03:53:21.002] [exthost] [info] ExtensionService#_doActivateExtension vscode.debug-auto-launch, startup: true, activationEvent: '*'
[2022-10-01 03:53:21.015] [exthost] [info] ExtensionService#_doActivateExtension vscode.git-base, startup: true, activationEvent: '*', root cause: vscode.git
[2022-10-01 03:53:21.028] [exthost] [info] ExtensionService#_doActivateExtension vscode.ipynb, startup: true, activationEvent: '*'
[2022-10-01 03:53:22.125] [exthost] [info] ExtensionService#_doActivateExtension vscode.git, startup: true, activationEvent: '*'
[2022-10-01 03:53:22.476] [exthost] [info] ExtensionService#_doActivateExtension vscode.github, startup: true, activationEvent: '*'
[2022-10-01 03:53:23.043] [exthost] [info] ExtensionService#_doActivateExtension vscode.emmet, startup: false, activationEvent: 'onStartupFinished'
[2022-10-01 03:53:23.119] [exthost] [info] ExtensionService#_doActivateExtension vscode.merge-conflict, startup: false, activationEvent: 'onStartupFinished'
[2022-10-01 03:53:23.127] [exthost] [info] Eager extensions activated
[2022-10-01 03:53:24.684] [exthost] [warning] [Decorations] CAPPING events from decorations provider vscode.git 1942
[2022-10-01 03:53:28.112] [exthost] [warning] [Decorations] CAPPING events from decorations provider vscode.git 1942
[2022-10-01 03:53:33.844] [exthost] [warning] [Decorations] CAPPING events from decorations provider vscode.git 1957
[2022-10-01 03:53:39.064] [exthost] [warning] [Decorations] CAPPING events from decorations provider vscode.git 1957
[2022-10-01 03:54:07.984] [exthost] [warning] [Decorations] CAPPING events from decorations provider vscode.git 1957
[2022-10-01 03:55:19.488] [exthost] [warning] [Decorations] CAPPING events from decorations provider vscode.git 1957
[2022-10-01 03:55:24.701] [exthost] [warning] [Decorations] CAPPING events from decorations provider vscode.git 1957
[2022-10-01 03:55:29.911] [exthost] [warning] [Decorations] CAPPING events from decorations provider vscode.git 1957
[2022-10-01 03:55:35.199] [exthost] [warning] [Decorations] CAPPING events from decorations provider vscode.git 1957
[2022-10-01 03:55:40.474] [exthost] [warning] [Decorations] CAPPING events from decorations provider vscode.git 1957
[2022-10-01 03:55:45.694] [exthost] [warning] [Decorations] CAPPING events from decorations provider vscode.git 1957
[2022-10-01 03:55:50.895] [exthost] [warning] [Decorations] CAPPING events from decorations provider vscode.git 1957
[2022-10-01 03:55:56.184] [exthost] [warning] [Decorations] CAPPING events from decorations provider vscode.git 1957
[2022-10-01 03:56:01.466] [exthost] [warning] [Decorations] CAPPING events from decorations provider vscode.git 1957
[2022-10-01 03:56:06.733] [exthost] [warning] [Decorations] CAPPING events from decorations provider vscode.git 1957
[2022-10-01 03:56:11.999] [exthost] [warning] [Decorations] CAPPING events from decorations provider vscode.git 1957
[2022-10-01 03:56:17.264] [exthost] [warning] [Decorations] CAPPING events from decorations provider vscode.git 1957
[2022-10-01 03:56:22.472] [exthost] [warning] [Decorations] CAPPING events from decorations provider vscode.git 1957
[2022-10-01 03:56:27.675] [exthost] [warning] [Decorations] CAPPING events from decorations provider vscode.git 1957
[2022-10-01 03:56:32.871] [exthost] [warning] [Decorations] CAPPING events from decorations provider vscode.git 1957
[2022-10-01 03:56:38.092] [exthost] [warning] [Decorations] CAPPING events from decorations provider vscode.git 1957
[2022-10-01 03:56:43.291] [exthost] [warning] [Decorations] CAPPING events from decorations provider vscode.git 1957
[2022-10-01 03:56:48.495] [exthost] [warning] [Decorations] CAPPING events from decorations provider vscode.git 1957
[2022-10-01 03:56:53.688] [exthost] [warning] [Decorations] CAPPING events from decorations provider vscode.git 1957
[2022-10-01 03:56:58.897] [exthost] [warning] [Decorations] CAPPING events from decorations provider vscode.git 1957
[2022-10-01 03:57:04.104] [exthost] [warning] [Decorations] CAPPING events from decorations provider vscode.git 1957
[2022-10-01 03:57:09.378] [exthost] [warning] [Decorations] CAPPING events from decorations provider vscode.git 1957
[2022-10-01 03:57:14.642] [exthost] [warning] [Decorations] CAPPING events from decorations provider vscode.git 1957
[2022-10-01 03:57:19.844] [exthost] [warning] [Decorations] CAPPING events from decorations provider vscode.git 1957
[2022-10-01 03:57:25.053] [exthost] [warning] [Decorations] CAPPING events from decorations provider vscode.git 1957
[2022-10-01 03:57:30.266] [exthost] [warning] [Decorations] CAPPING events from decorations provider vscode.git 1957
[2022-10-01 03:57:35.466] [exthost] [warning] [Decorations] CAPPING events from decorations provider vscode.git 1957
[2022-10-01 03:57:40.744] [exthost] [warning] [Decorations] CAPPING events from decorations provider vscode.git 1957
[2022-10-01 03:57:46.011] [exthost] [warning] [Decorations] CAPPING events from decorations provider vscode.git 1957
[2022-10-01 03:57:51.275] [exthost] [warning] [Decorations] CAPPING events from decorations provider vscode.git 1957
[2022-10-01 03:57:56.466] [exthost] [warning] [Decorations] CAPPING events from decorations provider vscode.git 1957
[2022-10-01 03:58:01.735] [exthost] [warning] [Decorations] CAPPING events from decorations provider vscode.git 1957
[2022-10-01 03:58:07.009] [exthost] [warning] [Decorations] CAPPING events from decorations provider vscode.git 1957
[2022-10-01 03:58:12.210] [exthost] [warning] [Decorations] CAPPING events from decorations provider vscode.git 1957
[2022-10-01 03:58:17.403] [exthost] [warning] [Decorations] CAPPING events from decorations provider vscode.git 1957
[2022-10-01 03:58:22.614] [exthost] [warning] [Decorations] CAPPING events from decorations provider vscode.git 1957
[2022-10-01 03:58:27.813] [exthost] [warning] [Decorations] CAPPING events from decorations provider vscode.git 1957
[2022-10-01 03:58:33.016] [exthost] [warning] [Decorations] CAPPING events from decorations provider vscode.git 1957
[2022-10-01 03:58:38.220] [exthost] [warning] [Decorations] CAPPING events from decorations provider vscode.git 1957
[2022-10-01 03:58:43.424] [exthost] [warning] [Decorations] CAPPING events from decorations provider vscode.git 1957
[2022-10-01 03:58:48.621] [exthost] [warning] [Decorations] CAPPING events from decorations provider vscode.git 1957
[2022-10-01 03:58:53.822] [exthost] [warning] [Decorations] CAPPING events from decorations provider vscode.git 1957
[2022-10-01 03:58:59.024] [exthost] [warning] [Decorations] CAPPING events from decorations provider vscode.git 1957
[2022-10-01 03:59:04.229] [exthost] [warning] [Decorations] CAPPING events from decorations provider vscode.git 1957
[2022-10-01 03:59:09.427] [exthost] [warning] [Decorations] CAPPING events from decorations provider vscode.git 1957
[2022-10-01 03:59:14.634] [exthost] [warning] [Decorations] CAPPING events from decorations provider vscode.git 1957
[2022-10-01 03:59:19.832] [exthost] [warning] [Decorations] CAPPING events from decorations provider vscode.git 1957
[2022-10-01 03:59:25.042] [exthost] [warning] [Decorations] CAPPING events from decorations provider vscode.git 1957
[2022-10-01 03:59:30.241] [exthost] [warning] [Decorations] CAPPING events from decorations provider vscode.git 1957
[2022-10-01 03:59:35.451] [exthost] [warning] [Decorations] CAPPING events from decorations provider vscode.git 1957
[2022-10-01 03:59:40.653] [exthost] [warning] [Decorations] CAPPING events from decorations provider vscode.git 1957
[2022-10-01 03:59:45.857] [exthost] [warning] [Decorations] CAPPING events from decorations provider vscode.git 1957
[2022-10-01 03:59:51.439] [exthost] [warning] [Decorations] CAPPING events from decorations provider vscode.git 1957
[2022-10-01 03:59:56.709] [exthost] [warning] [Decorations] CAPPING events from decorations provider vscode.git 1957
[2022-10-01 04:00:01.992] [exthost] [warning] [Decorations] CAPPING events from decorations provider vscode.git 1957
[2022-10-01 04:00:07.261] [exthost] [warning] [Decorations] CAPPING events from decorations provider vscode.git 1957
[2022-10-01 04:00:12.525] [exthost] [warning] [Decorations] CAPPING events from decorations provider vscode.git 1957
[2022-10-01 04:00:17.796] [exthost] [warning] [Decorations] CAPPING events from decorations provider vscode.git 1957
[2022-10-01 04:00:23.065] [exthost] [warning] [Decorations] CAPPING events from decorations provider vscode.git 1957
[2022-10-01 04:00:28.267] [exthost] [warning] [Decorations] CAPPING events from decorations provider vscode.git 1957
[2022-10-01 04:00:33.466] [exthost] [warning] [Decorations] CAPPING events from decorations provider vscode.git 1957
[2022-10-01 04:00:38.675] [exthost] [warning] [Decorations] CAPPING events from decorations provider vscode.git 1957
[2022-10-01 04:00:43.870] [exthost] [warning] [Decorations] CAPPING events from decorations provider vscode.git 1957
[2022-10-01 04:00:49.157] [exthost] [warning] [Decorations] CAPPING events from decorations provider vscode.git 1957
[2022-10-01 04:00:54.419] [exthost] [warning] [Decorations] CAPPING events from decorations provider vscode.git 1957
[2022-10-01 04:00:59.684] [exthost] [warning] [Decorations] CAPPING events from decorations provider vscode.git 1957
[2022-10-01 04:01:04.951] [exthost] [warning] [Decorations] CAPPING events from decorations provider vscode.git 1957
[2022-10-01 04:01:10.217] [exthost] [warning] [Decorations] CAPPING events from decorations provider vscode.git 1957
[2022-10-01 04:01:15.415] [exthost] [warning] [Decorations] CAPPING events from decorations provider vscode.git 1957
[2022-10-01 04:01:20.690] [exthost] [warning] [Decorations] CAPPING events from decorations provider vscode.git 1957
[2022-10-01 04:01:25.951] [exthost] [warning] [Decorations] CAPPING events from decorations provider vscode.git 1957
[2022-10-01 04:01:31.226] [exthost] [warning] [Decorations] CAPPING events from decorations provider vscode.git 1957
[2022-10-01 04:01:36.428] [exthost] [warning] [Decorations] CAPPING events from decorations provider vscode.git 1957
[2022-10-01 04:01:41.696] [exthost] [warning] [Decorations] CAPPING events from decorations provider vscode.git 1957
[2022-10-01 04:01:46.959] [exthost] [warning] [Decorations] CAPPING events from decorations provider vscode.git 1957
[2022-10-01 04:01:52.221] [exthost] [warning] [Decorations] CAPPING events from decorations provider vscode.git 1957
[2022-10-01 04:01:57.488] [exthost] [warning] [Decorations] CAPPING events from decorations provider vscode.git 1957
[2022-10-01 04:02:02.783] [exthost] [warning] [Decorations] CAPPING events from decorations provider vscode.git 1957
[2022-10-01 04:02:08.049] [exthost] [warning] [Decorations] CAPPING events from decorations provider vscode.git 1957
[2022-10-01 04:02:13.322] [exthost] [warning] [Decorations] CAPPING events from decorations provider vscode.git 1957
[2022-10-01 04:02:18.520] [exthost] [warning] [Decorations] CAPPING events from decorations provider vscode.git 1957
[2022-10-01 04:02:23.731] [exthost] [warning] [Decorations] CAPPING events from decorations provider vscode.git 1957
[2022-10-01 04:02:28.930] [exthost] [warning] [Decorations] CAPPING events from decorations provider vscode.git 1957
[2022-10-01 04:02:34.135] [exthost] [warning] [Decorations] CAPPING events from decorations provider vscode.git 1957
[2022-10-01 04:02:39.338] [exthost] [warning] [Decorations] CAPPING events from decorations provider vscode.git 1957
[2022-10-01 04:02:44.604] [exthost] [warning] [Decorations] CAPPING events from decorations provider vscode.git 1957
[2022-10-01 04:02:49.869] [exthost] [warning] [Decorations] CAPPING events from decorations provider vscode.git 1957
[2022-10-01 04:02:55.131] [exthost] [warning] [Decorations] CAPPING events from decorations provider vscode.git 1957
[2022-10-01 04:03:00.333] [exthost] [warning] [Decorations] CAPPING events from decorations provider vscode.git 1957
[2022-10-01 04:03:05.537] [exthost] [warning] [Decorations] CAPPING events from decorations provider vscode.git 1957
[2022-10-01 04:03:10.729] [exthost] [warning] [Decorations] CAPPING events from decorations provider vscode.git 1957
[2022-10-01 04:03:15.939] [exthost] [warning] [Decorations] CAPPING events from decorations provider vscode.git 1957
[2022-10-01 04:03:21.141] [exthost] [warning] [Decorations] CAPPING events from decorations provider vscode.git 1957
[2022-10-01 04:03:26.371] [exthost] [warning] [Decorations] CAPPING events from decorations provider vscode.git 1957
[2022-10-01 04:03:31.574] [exthost] [warning] [Decorations] CAPPING events from decorations provider vscode.git 1957
[2022-10-01 04:03:36.778] [exthost] [warning] [Decorations] CAPPING events from decorations provider vscode.git 1957
[2022-10-01 04:03:41.974] [exthost] [warning] [Decorations] CAPPING events from decorations provider vscode.git 1957
[2022-10-01 04:03:47.352] [exthost] [warning] [Decorations] CAPPING events from decorations provider vscode.git 1958
[2022-10-01 04:03:52.754] [exthost] [warning] [Decorations] CAPPING events from decorations provider vscode.git 1958
[2022-10-01 04:06:18.380] [exthost] [warning] [Decorations] CAPPING events from decorations provider vscode.git 1958
[2022-10-01 04:06:23.586] [exthost] [warning] [Decorations] CAPPING events from decorations provider vscode.git 1957
[2022-10-01 04:06:28.785] [exthost] [warning] [Decorations] CAPPING events from decorations provider vscode.git 1957
[2022-10-01 04:06:34.044] [exthost] [warning] [Decorations] CAPPING events from decorations provider vscode.git 1957
[2022-10-01 04:06:39.310] [exthost] [warning] [Decorations] CAPPING events from decorations provider vscode.git 1957
[2022-10-01 04:06:44.559] [exthost] [warning] [Decorations] CAPPING events from decorations provider vscode.git 1957
[2022-10-01 04:06:49.767] [exthost] [warning] [Decorations] CAPPING events from decorations provider vscode.git 1957
[2022-10-01 04:06:54.964] [exthost] [warning] [Decorations] CAPPING events from decorations provider vscode.git 1957
[2022-10-01 04:07:00.266] [exthost] [warning] [Decorations] CAPPING events from decorations provider vscode.git 1957
[2022-10-01 04:07:05.576] [exthost] [warning] [Decorations] CAPPING events from decorations provider vscode.git 1957
[2022-10-01 04:07:10.845] [exthost] [warning] [Decorations] CAPPING events from decorations provider vscode.git 1957
[2022-10-01 04:07:16.038] [exthost] [warning] [Decorations] CAPPING events from decorations provider vscode.git 1957
[2022-10-01 04:07:21.311] [exthost] [warning] [Decorations] CAPPING events from decorations provider vscode.git 1957
[2022-10-01 04:07:26.562] [exthost] [warning] [Decorations] CAPPING events from decorations provider vscode.git 1957
[2022-10-01 04:07:31.825] [exthost] [warning] [Decorations] CAPPING events from decorations provider vscode.git 1957
[2022-10-01 04:07:37.023] [exthost] [warning] [Decorations] CAPPING events from decorations provider vscode.git 1957
[2022-10-01 04:07:42.286] [exthost] [warning] [Decorations] CAPPING events from decorations provider vscode.git 1957
[2022-10-01 04:07:47.546] [exthost] [warning] [Decorations] CAPPING events from decorations provider vscode.git 1957
[2022-10-01 04:07:52.806] [exthost] [warning] [Decorations] CAPPING events from decorations provider vscode.git 1957
[2022-10-01 04:07:57.996] [exthost] [warning] [Decorations] CAPPING events from decorations provider vscode.git 1957
[2022-10-01 04:08:03.205] [exthost] [warning] [Decorations] CAPPING events from decorations provider vscode.git 1957
[2022-10-01 04:08:08.403] [exthost] [warning] [Decorations] CAPPING events from decorations provider vscode.git 1957
[2022-10-01 04:08:13.604] [exthost] [warning] [Decorations] CAPPING events from decorations provider vscode.git 1957
[2022-10-01 04:08:18.799] [exthost] [warning] [Decorations] CAPPING events from decorations provider vscode.git 1957
[2022-10-01 04:08:24.064] [exthost] [warning] [Decorations] CAPPING events from decorations provider vscode.git 1957
[2022-10-01 04:08:29.260] [exthost] [warning] [Decorations] CAPPING events from decorations provider vscode.git 1957
[2022-10-01 04:08:34.530] [exthost] [warning] [Decorations] CAPPING events from decorations provider vscode.git 1957
[2022-10-01 04:08:39.778] [exthost] [warning] [Decorations] CAPPING events from decorations provider vscode.git 1957
[2022-10-01 04:08:45.042] [exthost] [warning] [Decorations] CAPPING events from decorations provider vscode.git 1957
[2022-10-01 04:08:50.236] [exthost] [warning] [Decorations] CAPPING events from decorations provider vscode.git 1957
[2022-10-01 04:08:55.501] [exthost] [warning] [Decorations] CAPPING events from decorations provider vscode.git 1957
[2022-10-01 04:09:00.755] [exthost] [warning] [Decorations] CAPPING events from decorations provider vscode.git 1957
[2022-10-01 04:10:55.198] [exthost] [warning] [Decorations] CAPPING events from decorations provider vscode.git 1957
[2022-10-01 04:11:00.400] [exthost] [warning] [Decorations] CAPPING events from decorations provider vscode.git 1957
[2022-10-01 04:11:05.605] [exthost] [warning] [Decorations] CAPPING events from decorations provider vscode.git 1957
[2022-10-01 04:11:10.913] [exthost] [warning] [Decorations] CAPPING events from decorations provider vscode.git 1957
[2022-10-01 04:11:16.124] [exthost] [warning] [Decorations] CAPPING events from decorations provider vscode.git 1957
[2022-10-01 04:11:21.311] [exthost] [warning] [Decorations] CAPPING events from decorations provider vscode.git 1957
[2022-10-01 04:11:26.509] [exthost] [warning] [Decorations] CAPPING events from decorations provider vscode.git 1957
[2022-10-01 04:11:31.856] [exthost] [warning] [Decorations] CAPPING events from decorations provider vscode.git 1957
[2022-10-01 04:11:37.344] [exthost] [warning] [Decorations] CAPPING events from decorations provider vscode.git 1957
[2022-10-01 04:11:42.540] [exthost] [warning] [Decorations] CAPPING events from decorations provider vscode.git 1957
[2022-10-01 04:11:47.811] [exthost] [warning] [Decorations] CAPPING events from decorations provider vscode.git 1957
[2022-10-01 04:11:53.357] [exthost] [warning] [Decorations] CAPPING events from decorations provider vscode.git 1959
[2022-10-01 04:11:59.965] [exthost] [warning] [Decorations] CAPPING events from decorations provider vscode.git 1959
[2022-10-01 04:12:07.143] [exthost] [warning] [Decorations] CAPPING events from decorations provider vscode.git 1959
[2022-10-01 04:12:14.361] [exthost] [warning] [Decorations] CAPPING events from decorations provider vscode.git 1959
[2022-10-01 04:12:23.601] [exthost] [warning] [Decorations] CAPPING events from decorations provider vscode.git 1959
[2022-10-01 04:12:29.626] [exthost] [warning] [Decorations] CAPPING events from decorations provider vscode.git 1959
[2022-10-01 04:12:35.930] [exthost] [warning] [Decorations] CAPPING events from decorations provider vscode.git 1960
[2022-10-01 04:12:42.331] [exthost] [warning] [Decorations] CAPPING events from decorations provider vscode.git 1960
[2022-10-01 04:12:47.521] [exthost] [warning] [Decorations] CAPPING events from decorations provider vscode.git 1959
[2022-10-01 04:12:52.759] [exthost] [warning] [Decorations] CAPPING events from decorations provider vscode.git 1958
[2022-10-01 04:12:57.957] [exthost] [warning] [Decorations] CAPPING events from decorations provider vscode.git 1958
[2022-10-01 04:13:03.223] [exthost] [warning] [Decorations] CAPPING events from decorations provider vscode.git 1958
[2022-10-01 04:13:08.467] [exthost] [warning] [Decorations] CAPPING events from decorations provider vscode.git 1958
[2022-10-01 04:13:14.069] [exthost] [warning] [Decorations] CAPPING events from decorations provider vscode.git 1958
[2022-10-01 04:13:19.269] [exthost] [warning] [Decorations] CAPPING events from decorations provider vscode.git 1958
[2022-10-01 04:13:24.466] [exthost] [warning] [Decorations] CAPPING events from decorations provider vscode.git 1958
[2022-10-01 04:13:29.666] [exthost] [warning] [Decorations] CAPPING events from decorations provider vscode.git 1958
[2022-10-01 04:13:34.917] [exthost] [warning] [Decorations] CAPPING events from decorations provider vscode.git 1958
[2022-10-01 04:13:40.120] [exthost] [warning] [Decorations] CAPPING events from decorations provider vscode.git 1958
[2022-10-01 04:13:45.315] [exthost] [warning] [Decorations] CAPPING events from decorations provider vscode.git 1958
[2022-10-01 04:13:50.516] [exthost] [warning] [Decorations] CAPPING events from decorations provider vscode.git 1958
[2022-10-01 04:13:55.706] [exthost] [warning] [Decorations] CAPPING events from decorations provider vscode.git 1958
[2022-10-01 04:14:00.906] [exthost] [warning] [Decorations] CAPPING events from decorations provider vscode.git 1958
[2022-10-01 04:14:06.105] [exthost] [warning] [Decorations] CAPPING events from decorations provider vscode.git 1958
[2022-10-01 04:14:11.356] [exthost] [warning] [Decorations] CAPPING events from decorations provider vscode.git 1958
[2022-10-01 04:14:17.981] [exthost] [warning] [Decorations] CAPPING events from decorations provider vscode.git 1961
[2022-10-01 04:14:23.602] [exthost] [warning] [Decorations] CAPPING events from decorations provider vscode.git 1961
[2022-10-01 04:14:29.874] [exthost] [warning] [Decorations] CAPPING events from decorations provider vscode.git 1961
[2022-10-01 04:14:36.838] [exthost] [warning] [Decorations] CAPPING events from decorations provider vscode.git 1961
[2022-10-01 04:14:46.751] [exthost] [warning] [Decorations] CAPPING events from decorations provider vscode.git 1962
[2022-10-01 04:14:52.250] [exthost] [warning] [Decorations] CAPPING events from decorations provider vscode.git 1962
[2022-10-01 04:14:57.777] [exthost] [warning] [Decorations] CAPPING events from decorations provider vscode.git 1962
[2022-10-01 04:15:03.259] [exthost] [warning] [Decorations] CAPPING events from decorations provider vscode.git 1961
[2022-10-01 04:15:08.809] [exthost] [warning] [Decorations] CAPPING events from decorations provider vscode.git 1961
[2022-10-01 04:15:19.788] [exthost] [warning] [Decorations] CAPPING events from decorations provider vscode.git 1961
[2022-10-01 04:16:11.159] [exthost] [info] ExtensionService#_doActivateExtension humy2833.ftp-simple, startup: false, activationEvent: '*'
[2022-10-01 04:16:11.956] [exthost] [warning] [Decorations] CAPPING events from decorations provider vscode.git 2716
[2022-10-01 04:16:27.816] [exthost] [warning] [Decorations] CAPPING events from decorations provider vscode.git 2717
[2022-10-01 04:16:46.536] [exthost] [warning] [Decorations] CAPPING events from decorations provider vscode.git 2718
[2022-10-01 04:16:51.769] [exthost] [warning] [Decorations] CAPPING events from decorations provider vscode.git 2716
[2022-10-01 04:16:57.530] [exthost] [warning] [Decorations] CAPPING events from decorations provider vscode.git 2716
[2022-10-01 04:17:02.829] [exthost] [warning] [Decorations] CAPPING events from decorations provider vscode.git 2716
[2022-10-01 04:17:04.739] [exthost] [info] ExtensionService#_doActivateExtension vscode.html-language-features, startup: false, activationEvent: 'onLanguage:html'
[2022-10-01 04:17:08.079] [exthost] [warning] [Decorations] CAPPING events from decorations provider vscode.git 2717
[2022-10-01 04:17:13.398] [exthost] [warning] [Decorations] CAPPING events from decorations provider vscode.git 2717
[2022-10-01 04:17:18.619] [exthost] [warning] [Decorations] CAPPING events from decorations provider vscode.git 2717
[2022-10-01 04:17:23.835] [exthost] [warning] [Decorations] CAPPING events from decorations provider vscode.git 2717
[2022-10-01 04:17:29.055] [exthost] [warning] [Decorations] CAPPING events from decorations provider vscode.git 2717
[2022-10-01 04:17:34.267] [exthost] [warning] [Decorations] CAPPING events from decorations provider vscode.git 2717
[2022-10-01 04:17:39.485] [exthost] [warning] [Decorations] CAPPING events from decorations provider vscode.git 2717
[2022-10-01 04:17:44.696] [exthost] [warning] [Decorations] CAPPING events from decorations provider vscode.git 2717
[2022-10-01 04:17:49.915] [exthost] [warning] [Decorations] CAPPING events from decorations provider vscode.git 2717
[2022-10-01 04:17:55.127] [exthost] [warning] [Decorations] CAPPING events from decorations provider vscode.git 2717
[2022-10-01 04:18:31.536] [exthost] [warning] [Decorations] CAPPING events from decorations provider vscode.git 2717
[2022-10-01 04:18:36.763] [exthost] [warning] [Decorations] CAPPING events from decorations provider vscode.git 2717
[2022-10-01 04:18:42.092] [exthost] [warning] [Decorations] CAPPING events from decorations provider vscode.git 2717
[2022-10-01 04:19:22.903] [exthost] [warning] [Decorations] CAPPING events from decorations provider vscode.git 2718
[2022-10-01 04:19:38.588] [exthost] [warning] [Decorations] CAPPING events from decorations provider vscode.git 2718
[2022-10-01 04:19:43.814] [exthost] [warning] [Decorations] CAPPING events from decorations provider vscode.git 2718
[2022-10-01 04:19:49.038] [exthost] [warning] [Decorations] CAPPING events from decorations provider vscode.git 2726
[2022-10-01 04:19:57.895] [exthost] [warning] [Decorations] CAPPING events from decorations provider vscode.git 2726
[2022-10-01 04:20:03.131] [exthost] [warning] [Decorations] CAPPING events from decorations provider vscode.git 2727
[2022-10-01 04:20:09.238] [exthost] [warning] [Decorations] CAPPING events from decorations provider vscode.git 2730
[2022-10-01 04:20:47.763] [exthost] [warning] [Decorations] CAPPING events from decorations provider vscode.git 2729
[2022-10-01 04:20:52.982] [exthost] [warning] [Decorations] CAPPING events from decorations provider vscode.git 2727
[2022-10-01 04:21:03.691] [exthost] [warning] [Decorations] CAPPING events from decorations provider vscode.git 2727
[2022-10-01 04:21:08.905] [exthost] [warning] [Decorations] CAPPING events from decorations provider vscode.git 2727
[2022-10-01 04:21:14.212] [exthost] [warning] [Decorations] CAPPING events from decorations provider vscode.git 2727
[2022-10-01 04:21:19.544] [exthost] [warning] [Decorations] CAPPING events from decorations provider vscode.git 2727
[2022-10-01 04:21:51.841] [exthost] [warning] [Decorations] CAPPING events from decorations provider vscode.git 2727
[2022-10-01 04:21:57.059] [exthost] [warning] [Decorations] CAPPING events from decorations provider vscode.git 2727
[2022-10-01 04:22:02.286] [exthost] [warning] [Decorations] CAPPING events from decorations provider vscode.git 2727
[2022-10-01 04:22:14.227] [exthost] [warning] [Decorations] CAPPING events from decorations provider vscode.git 2727
[2022-10-01 04:22:19.445] [exthost] [warning] [Decorations] CAPPING events from decorations provider vscode.git 2727
[2022-10-01 04:22:24.659] [exthost] [warning] [Decorations] CAPPING events from decorations provider vscode.git 2727
[2022-10-01 04:22:46.693] [exthost] [warning] [Decorations] CAPPING events from decorations provider vscode.git 2727
[2022-10-01 04:22:56.652] [exthost] [warning] [Decorations] CAPPING events from decorations provider vscode.git 2727
[2022-10-01 04:23:01.873] [exthost] [warning] [Decorations] CAPPING events from decorations provider vscode.git 2727
[2022-10-01 04:23:07.096] [exthost] [warning] [Decorations] CAPPING events from decorations provider vscode.git 2727
[2022-10-01 04:23:12.421] [exthost] [warning] [Decorations] CAPPING events from decorations provider vscode.git 2727
[2022-10-01 04:24:41.134] [exthost] [warning] [Decorations] CAPPING events from decorations provider vscode.git 2727
[2022-10-01 04:24:46.364] [exthost] [warning] [Decorations] CAPPING events from decorations provider vscode.git 2727
[2022-10-01 04:24:51.671] [exthost] [warning] [Decorations] CAPPING events from decorations provider vscode.git 2727
[2022-10-01 04:24:56.988] [exthost] [warning] [Decorations] CAPPING events from decorations provider vscode.git 2727
[2022-10-01 04:25:02.307] [exthost] [warning] [Decorations] CAPPING events from decorations provider vscode.git 2727
[2022-10-01 04:25:07.625] [exthost] [warning] [Decorations] CAPPING events from decorations provider vscode.git 2727
[2022-10-01 04:25:12.938] [exthost] [warning] [Decorations] CAPPING events from decorations provider vscode.git 2727
[2022-10-01 04:25:18.261] [exthost] [warning] [Decorations] CAPPING events from decorations provider vscode.git 2727
[2022-10-01 04:25:23.573] [exthost] [warning] [Decorations] CAPPING events from decorations provider vscode.git 2727
[2022-10-01 04:25:28.902] [exthost] [warning] [Decorations] CAPPING events from decorations provider vscode.git 2727
[2022-10-01 04:25:34.143] [exthost] [warning] [Decorations] CAPPING events from decorations provider vscode.git 2727
[2022-10-01 04:25:39.360] [exthost] [warning] [Decorations] CAPPING events from decorations provider vscode.git 2727
[2022-10-01 04:25:44.663] [exthost] [warning] [Decorations] CAPPING events from decorations provider vscode.git 2727
[2022-10-01 04:25:49.985] [exthost] [warning] [Decorations] CAPPING events from decorations provider vscode.git 2727
[2022-10-01 04:25:55.297] [exthost] [warning] [Decorations] CAPPING events from decorations provider vscode.git 2727
[2022-10-01 04:26:00.611] [exthost] [warning] [Decorations] CAPPING events from decorations provider vscode.git 2727
[2022-10-01 04:26:05.923] [exthost] [warning] [Decorations] CAPPING events from decorations provider vscode.git 2727
[2022-10-01 04:26:11.231] [exthost] [warning] [Decorations] CAPPING events from decorations provider vscode.git 2727
[2022-10-01 04:26:16.545] [exthost] [warning] [Decorations] CAPPING events from decorations provider vscode.git 2727
[2022-10-01 04:26:21.856] [exthost] [warning] [Decorations] CAPPING events from decorations provider vscode.git 2727
[2022-10-01 04:26:27.167] [exthost] [warning] [Decorations] CAPPING events from decorations provider vscode.git 2727
[2022-10-01 04:26:32.475] [exthost] [warning] [Decorations] CAPPING events from decorations provider vscode.git 2727
[2022-10-01 04:26:37.787] [exthost] [warning] [Decorations] CAPPING events from decorations provider vscode.git 2727
[2022-10-01 04:26:43.104] [exthost] [warning] [Decorations] CAPPING events from decorations provider vscode.git 2727
[2022-10-01 04:26:48.409] [exthost] [warning] [Decorations] CAPPING events from decorations provider vscode.git 2727
[2022-10-01 04:26:53.726] [exthost] [warning] [Decorations] CAPPING events from decorations provider vscode.git 2727
[2022-10-01 04:28:36.480] [exthost] [warning] [Decorations] CAPPING events from decorations provider vscode.git 2727
[2022-10-01 04:28:47.747] [exthost] [warning] [Decorations] CAPPING events from decorations provider vscode.git 2728
[2022-10-01 04:28:53.070] [exthost] [warning] [Decorations] CAPPING events from decorations provider vscode.git 2728
[2022-10-01 04:28:58.375] [exthost] [warning] [Decorations] CAPPING events from decorations provider vscode.git 2728
[2022-10-01 04:29:16.164] [exthost] [warning] [Decorations] CAPPING events from decorations provider vscode.git 2728
[2022-10-01 04:29:21.386] [exthost] [warning] [Decorations] CAPPING events from decorations provider vscode.git 2728
[2022-10-01 04:29:26.620] [exthost] [warning] [Decorations] CAPPING events from decorations provider vscode.git 2728
[2022-10-01 04:29:31.915] [exthost] [warning] [Decorations] CAPPING events from decorations provider vscode.git 2728
[2022-10-01 04:29:37.220] [exthost] [warning] [Decorations] CAPPING events from decorations provider vscode.git 2728
[2022-10-01 04:29:42.435] [exthost] [warning] [Decorations] CAPPING events from decorations provider vscode.git 2728
[2022-10-01 04:29:47.665] [exthost] [warning] [Decorations] CAPPING events from decorations provider vscode.git 2728
[2022-10-01 04:29:52.976] [exthost] [warning] [Decorations] CAPPING events from decorations provider vscode.git 2728
[2022-10-01 04:29:58.277] [exthost] [warning] [Decorations] CAPPING events from decorations provider vscode.git 2728
[2022-10-01 04:30:03.506] [exthost] [warning] [Decorations] CAPPING events from decorations provider vscode.git 2728
[2022-10-01 04:30:08.730] [exthost] [warning] [Decorations] CAPPING events from decorations provider vscode.git 2728
[2022-10-01 04:30:14.098] [exthost] [warning] [Decorations] CAPPING events from decorations provider vscode.git 2728
[2022-10-01 04:30:20.189] [exthost] [warning] [Decorations] CAPPING events from decorations provider vscode.git 2728
[2022-10-01 04:30:25.411] [exthost] [warning] [Decorations] CAPPING events from decorations provider vscode.git 2728
[2022-10-01 04:30:30.714] [exthost] [warning] [Decorations] CAPPING events from decorations provider vscode.git 2728
[2022-10-01 04:30:36.028] [exthost] [warning] [Decorations] CAPPING events from decorations provider vscode.git 2728
[2022-10-01 04:30:41.338] [exthost] [warning] [Decorations] CAPPING events from decorations provider vscode.git 2728
[2022-10-01 04:30:46.644] [exthost] [warning] [Decorations] CAPPING events from decorations provider vscode.git 2728
[2022-10-01 04:30:51.862] [exthost] [warning] [Decorations] CAPPING events from decorations provider vscode.git 2728
[2022-10-01 04:30:57.090] [exthost] [warning] [Decorations] CAPPING events from decorations provider vscode.git 2728
[2022-10-01 04:31:02.399] [exthost] [warning] [Decorations] CAPPING events from decorations provider vscode.git 2728
[2022-10-01 04:31:07.714] [exthost] [warning] [Decorations] CAPPING events from decorations provider vscode.git 2728
[2022-10-01 04:31:13.018] [exthost] [warning] [Decorations] CAPPING events from decorations provider vscode.git 2728
[2022-10-01 04:31:18.333] [exthost] [warning] [Decorations] CAPPING events from decorations provider vscode.git 2728
[2022-10-01 04:31:23.637] [exthost] [warning] [Decorations] CAPPING events from decorations provider vscode.git 2728
[2022-10-01 04:31:28.949] [exthost] [warning] [Decorations] CAPPING events from decorations provider vscode.git 2728
[2022-10-01 04:31:34.293] [exthost] [warning] [Decorations] CAPPING events from decorations provider vscode.git 2728
[2022-10-01 04:31:39.596] [exthost] [warning] [Decorations] CAPPING events from decorations provider vscode.git 2728
[2022-10-01 04:31:44.911] [exthost] [warning] [Decorations] CAPPING events from decorations provider vscode.git 2728
[2022-10-01 04:31:59.909] [exthost] [warning] [Decorations] CAPPING events from decorations provider vscode.git 2728
[2022-10-01 04:32:05.125] [exthost] [warning] [Decorations] CAPPING events from decorations provider vscode.git 2728
[2022-10-01 04:32:10.340] [exthost] [warning] [Decorations] CAPPING events from decorations provider vscode.git 2728
[2022-10-01 04:32:15.633] [exthost] [warning] [Decorations] CAPPING events from decorations provider vscode.git 2728
[2022-10-01 04:32:20.935] [exthost] [warning] [Decorations] CAPPING events from decorations provider vscode.git 2728
[2022-10-01 04:32:29.675] [exthost] [warning] [Decorations] CAPPING events from decorations provider vscode.git 2728
[2022-10-01 04:32:34.897] [exthost] [warning] [Decorations] CAPPING events from decorations provider vscode.git 2728
[2022-10-01 04:32:40.114] [exthost] [warning] [Decorations] CAPPING events from decorations provider vscode.git 2728
[2022-10-01 04:32:45.328] [exthost] [warning] [Decorations] CAPPING events from decorations provider vscode.git 2735
[2022-10-01 04:33:16.548] [exthost] [warning] [Decorations] CAPPING events from decorations provider vscode.git 2735
[2022-10-01 04:33:21.761] [exthost] [warning] [Decorations] CAPPING events from decorations provider vscode.git 2735
[2022-10-01 04:33:26.984] [exthost] [warning] [Decorations] CAPPING events from decorations provider vscode.git 2735
[2022-10-01 04:33:32.254] [exthost] [warning] [Decorations] CAPPING events from decorations provider vscode.git 2733
[2022-10-01 04:33:37.471] [exthost] [warning] [Decorations] CAPPING events from decorations provider vscode.git 2733
[2022-10-01 04:33:42.777] [exthost] [warning] [Decorations] CAPPING events from decorations provider vscode.git 2733
[2022-10-01 04:33:48.091] [exthost] [warning] [Decorations] CAPPING events from decorations provider vscode.git 2733
[2022-10-01 04:33:53.411] [exthost] [warning] [Decorations] CAPPING events from decorations provider vscode.git 2733
[2022-10-01 04:33:58.723] [exthost] [warning] [Decorations] CAPPING events from decorations provider vscode.git 2733
[2022-10-01 04:34:04.069] [exthost] [warning] [Decorations] CAPPING events from decorations provider vscode.git 2733
[2022-10-01 04:34:09.400] [exthost] [warning] [Decorations] CAPPING events from decorations provider vscode.git 2733
[2022-10-01 04:34:14.726] [exthost] [warning] [Decorations] CAPPING events from decorations provider vscode.git 2733
[2022-10-01 04:34:20.028] [exthost] [warning] [Decorations] CAPPING events from decorations provider vscode.git 2733
[2022-10-01 04:34:25.331] [exthost] [warning] [Decorations] CAPPING events from decorations provider vscode.git 2733
[2022-10-01 04:34:30.546] [exthost] [warning] [Decorations] CAPPING events from decorations provider vscode.git 2733
[2022-10-01 04:34:35.758] [exthost] [warning] [Decorations] CAPPING events from decorations provider vscode.git 2733
[2022-10-01 04:34:41.057] [exthost] [warning] [Decorations] CAPPING events from decorations provider vscode.git 2733
[2022-10-01 04:34:46.292] [exthost] [warning] [Decorations] CAPPING events from decorations provider vscode.git 2733
[2022-10-01 04:34:51.532] [exthost] [warning] [Decorations] CAPPING events from decorations provider vscode.git 2733
[2022-10-01 04:34:56.843] [exthost] [warning] [Decorations] CAPPING events from decorations provider vscode.git 2733
[2022-10-01 04:35:19.316] [exthost] [warning] [Decorations] CAPPING events from decorations provider vscode.git 2733
[2022-10-01 04:35:24.543] [exthost] [warning] [Decorations] CAPPING events from decorations provider vscode.git 2733
[2022-10-01 04:35:29.766] [exthost] [warning] [Decorations] CAPPING events from decorations provider vscode.git 2733
[2022-10-01 04:35:35.086] [exthost] [warning] [Decorations] CAPPING events from decorations provider vscode.git 2733
[2022-10-01 04:35:40.393] [exthost] [warning] [Decorations] CAPPING events from decorations provider vscode.git 2733
[2022-10-01 04:35:45.698] [exthost] [warning] [Decorations] CAPPING events from decorations provider vscode.git 2733
[2022-10-01 04:36:39.720] [exthost] [warning] [Decorations] CAPPING events from decorations provider vscode.git 2733
[2022-10-01 04:36:44.929] [exthost] [warning] [Decorations] CAPPING events from decorations provider vscode.git 2733
[2022-10-01 04:36:50.240] [exthost] [warning] [Decorations] CAPPING events from decorations provider vscode.git 2734
[2022-10-01 04:36:55.543] [exthost] [warning] [Decorations] CAPPING events from decorations provider vscode.git 2735
[2022-10-01 04:37:00.887] [exthost] [warning] [Decorations] CAPPING events from decorations provider vscode.git 2735
[2022-10-01 04:37:06.201] [exthost] [warning] [Decorations] CAPPING events from decorations provider vscode.git 2735
[2022-10-01 04:37:11.519] [exthost] [warning] [Decorations] CAPPING events from decorations provider vscode.git 2735
[2022-10-01 04:37:16.846] [exthost] [warning] [Decorations] CAPPING events from decorations provider vscode.git 2735
[2022-10-01 04:37:22.064] [exthost] [warning] [Decorations] CAPPING events from decorations provider vscode.git 2735
[2022-10-01 04:37:27.288] [exthost] [warning] [Decorations] CAPPING events from decorations provider vscode.git 2735
[2022-10-01 04:37:32.512] [exthost] [warning] [Decorations] CAPPING events from decorations provider vscode.git 2735
[2022-10-01 04:37:37.819] [exthost] [warning] [Decorations] CAPPING events from decorations provider vscode.git 2735
[2022-10-01 04:37:43.056] [exthost] [warning] [Decorations] CAPPING events from decorations provider vscode.git 2735
[2022-10-01 04:37:48.375] [exthost] [warning] [Decorations] CAPPING events from decorations provider vscode.git 2735
[2022-10-01 04:37:53.590] [exthost] [warning] [Decorations] CAPPING events from decorations provider vscode.git 2735
[2022-10-01 04:37:58.810] [exthost] [warning] [Decorations] CAPPING events from decorations provider vscode.git 2735
[2022-10-01 04:38:05.509] [exthost] [warning] [Decorations] CAPPING events from decorations provider vscode.git 2735
[2022-10-01 04:38:10.727] [exthost] [warning] [Decorations] CAPPING events from decorations provider vscode.git 2735
[2022-10-01 04:38:15.941] [exthost] [warning] [Decorations] CAPPING events from decorations provider vscode.git 2735
[2022-10-01 04:38:21.168] [exthost] [warning] [Decorations] CAPPING events from decorations provider vscode.git 2735
[2022-10-01 04:38:26.468] [exthost] [warning] [Decorations] CAPPING events from decorations provider vscode.git 2735
[2022-10-01 04:41:08.306] [exthost] [warning] [Decorations] CAPPING events from decorations provider vscode.git 2735
[2022-10-01 04:41:13.515] [exthost] [warning] [Decorations] CAPPING events from decorations provider vscode.git 2735
[2022-10-01 04:41:18.733] [exthost] [warning] [Decorations] CAPPING events from decorations provider vscode.git 2735
