[2022-10-12T03:45:04.926Z] Log level: Info
[2022-10-12T03:45:04.939Z] [info] Validating found git in: git
[2022-10-12T03:45:05.057Z] [info] Using git 2.34.1 from git
[2022-10-12T03:45:05.339Z] > git rev-parse --show-toplevel [239ms]
[2022-10-12T03:45:05.394Z] > git rev-parse --git-dir --git-common-dir [14ms]
[2022-10-12T03:45:05.415Z] [info] Open repository: /home/ubuntu
[2022-10-12T03:45:05.518Z] > git rev-parse --show-toplevel [42ms]
[2022-10-12T03:45:05.604Z] > git rev-parse --show-toplevel [61ms]
[2022-10-12T03:45:05.653Z] > git rev-parse --git-dir --git-common-dir [35ms]
[2022-10-12T03:45:05.657Z] [info] Open repository: /home/ubuntu/jinkange
[2022-10-12T03:45:05.693Z] > git status -z -uall [16ms]
[2022-10-12T03:45:05.731Z] > git rev-parse --show-toplevel [40ms]
[2022-10-12T03:45:05.756Z] > git symbolic-ref --short HEAD [26ms]
[2022-10-12T03:45:05.778Z] > git rev-parse --show-toplevel [24ms]
[2022-10-12T03:45:05.797Z] > git for-each-ref --format=%(refname)%00%(upstream:short)%00%(objectname)%00%(upstream:track)%00%(upstream:remotename)%00%(upstream:remoteref) refs/heads/master refs/remotes/master [20ms]
[2022-10-12T03:45:05.838Z] > git for-each-ref --sort -committerdate --format %(refname) %(objectname) %(*objectname) [31ms]
[2022-10-12T03:45:05.839Z] > git rev-parse --show-toplevel [44ms]
[2022-10-12T03:45:05.870Z] > git remote --verbose [34ms]
[2022-10-12T03:45:05.980Z] > git rev-parse --show-toplevel [111ms]
[2022-10-12T03:45:06.043Z] > git rev-parse --show-toplevel [31ms]
[2022-10-12T03:45:06.079Z] > git config --get commit.template [100ms]
[2022-10-12T03:45:06.105Z] > git rev-parse --show-toplevel [26ms]
[2022-10-12T03:45:06.125Z] > git status -z -uall [21ms]
[2022-10-12T03:45:06.161Z] > git rev-parse --git-dir --git-common-dir [37ms]
[2022-10-12T03:45:06.164Z] [info] Open repository: /home/ubuntu/.nvm
[2022-10-12T03:45:06.212Z] > git symbolic-ref --short HEAD [64ms]
[2022-10-12T03:45:06.222Z] > git rev-parse --show-toplevel [11ms]
[2022-10-12T03:45:06.250Z] > git for-each-ref --format=%(refname)%00%(upstream:short)%00%(objectname)%00%(upstream:track)%00%(upstream:remotename)%00%(upstream:remoteref) refs/heads/master refs/remotes/master [29ms]
[2022-10-12T03:45:06.282Z] > git status -z -uall [82ms]
[2022-10-12T03:45:06.300Z] > git remote --verbose [20ms]
[2022-10-12T03:45:06.301Z] > git for-each-ref --sort -committerdate --format %(refname) %(objectname) %(*objectname) [28ms]
[2022-10-12T03:45:06.303Z] > git rev-parse --show-toplevel [65ms]
[2022-10-12T03:45:06.352Z] > git symbolic-ref --short HEAD [52ms]
[2022-10-12T03:45:06.352Z] fatal: ref HEAD is not a symbolic ref
[2022-10-12T03:45:06.449Z] > git config --get commit.template [98ms]
[2022-10-12T03:45:06.450Z] > git rev-parse --show-toplevel [114ms]
[2022-10-12T03:45:06.493Z] > git rev-parse --show-toplevel [24ms]
[2022-10-12T03:45:06.505Z] > git rev-parse HEAD [138ms]
[2022-10-12T03:45:06.539Z] > git for-each-ref --sort -committerdate --format %(refname) %(objectname) %(*objectname) [20ms]
[2022-10-12T03:45:06.540Z] > git rev-parse --show-toplevel [35ms]
[2022-10-12T03:45:06.614Z] > git rev-parse --show-toplevel [63ms]
[2022-10-12T03:45:06.636Z] > git remote --verbose [98ms]
[2022-10-12T03:45:06.665Z] > git rev-parse --show-toplevel [29ms]
[2022-10-12T03:45:06.687Z] > git config --get commit.template [24ms]
[2022-10-12T03:45:06.722Z] > git rev-parse --show-toplevel [37ms]
[2022-10-12T03:45:06.766Z] > git status -z -uall [66ms]
[2022-10-12T03:45:06.778Z] > git symbolic-ref --short HEAD [1ms]
[2022-10-12T03:45:06.778Z] fatal: ref HEAD is not a symbolic ref
[2022-10-12T03:45:06.798Z] > git rev-parse --show-toplevel [34ms]
[2022-10-12T03:45:06.821Z] > git rev-parse HEAD [25ms]
[2022-10-12T03:45:06.867Z] > git for-each-ref --sort -committerdate --format %(refname) %(objectname) %(*objectname) [29ms]
[2022-10-12T03:45:06.868Z] > git rev-parse --show-toplevel [48ms]
[2022-10-12T03:45:06.905Z] > git remote --verbose [43ms]
[2022-10-12T03:45:06.947Z] > git config --get commit.template [8ms]
[2022-10-12T03:45:07.285Z] > git show --textconv :express/servicer.js [141ms]
[2022-10-12T03:45:07.285Z] > git show --textconv :src/index.js [125ms]
[2022-10-12T03:45:07.285Z] > git check-ignore -v -z --stdin [81ms]
[2022-10-12T03:45:07.287Z] > git check-ignore -v -z --stdin [51ms]
[2022-10-12T03:45:07.288Z] > git check-ignore -v -z --stdin [31ms]
[2022-10-12T03:45:07.288Z] > git ls-files --stage -- /home/ubuntu/jinkange/src/index.js [96ms]
[2022-10-12T03:45:07.301Z] > git ls-files --stage -- /home/ubuntu/express/servicer.js [120ms]
[2022-10-12T03:45:07.310Z] > git cat-file -s d563c0fb10ba0e42724b21286eb546ee4e5734fc [9ms]
[2022-10-12T03:45:10.939Z] > git status -z -uall [5488ms]
[2022-10-12T03:45:10.957Z] > git symbolic-ref --short HEAD [6ms]
[2022-10-12T03:45:10.978Z] > git for-each-ref --format=%(refname)%00%(upstream:short)%00%(objectname)%00%(upstream:track)%00%(upstream:remotename)%00%(upstream:remoteref) refs/heads/main refs/remotes/main [12ms]
[2022-10-12T03:45:10.992Z] > git for-each-ref --sort -committerdate --format %(refname) %(objectname) %(*objectname) [7ms]
[2022-10-12T03:45:10.994Z] > git remote --verbose [4ms]
[2022-10-12T03:45:12.127Z] > git config --get commit.template [987ms]
[2022-10-12T03:45:14.513Z] > git status -z -uall [2377ms]
[2022-10-12T03:45:14.522Z] > git symbolic-ref --short HEAD [1ms]
[2022-10-12T03:45:14.528Z] > git for-each-ref --format=%(refname)%00%(upstream:short)%00%(objectname)%00%(upstream:track)%00%(upstream:remotename)%00%(upstream:remoteref) refs/heads/main refs/remotes/main [1ms]
[2022-10-12T03:45:14.541Z] > git remote --verbose [2ms]
[2022-10-12T03:45:14.541Z] > git for-each-ref --sort -committerdate --format %(refname) %(objectname) %(*objectname) [7ms]
[2022-10-12T03:45:14.614Z] > git config --get commit.template [1ms]
