[2022-09-30T05:45:51.602Z] Log level: Info
[2022-09-30T05:45:51.613Z] [info] Validating found git in: git
[2022-09-30T05:45:51.670Z] [info] Using git 2.34.1 from git
[2022-09-30T05:45:51.744Z] > git rev-parse --show-toplevel [48ms]
[2022-09-30T05:45:51.745Z] fatal: not a git repository (or any of the parent directories): .git
[2022-09-30T05:45:51.761Z] > git rev-parse --show-toplevel [7ms]
[2022-09-30T05:45:51.761Z] fatal: not a git repository (or any of the parent directories): .git
[2022-09-30T05:45:51.768Z] > git rev-parse --show-toplevel [2ms]
[2022-09-30T05:45:51.768Z] fatal: not a git repository (or any of the parent directories): .git
[2022-09-30T05:45:51.773Z] > git rev-parse --show-toplevel [2ms]
[2022-09-30T05:45:51.773Z] fatal: not a git repository (or any of the parent directories): .git
[2022-09-30T05:45:51.814Z] > git rev-parse --show-toplevel [37ms]
[2022-09-30T05:45:51.814Z] fatal: not a git repository (or any of the parent directories): .git
[2022-09-30T05:45:51.828Z] > git rev-parse --show-toplevel [9ms]
[2022-09-30T05:45:51.828Z] fatal: not a git repository (or any of the parent directories): .git
[2022-09-30T05:45:51.834Z] > git rev-parse --show-toplevel [2ms]
[2022-09-30T05:45:51.834Z] fatal: not a git repository (or any of the parent directories): .git
[2022-09-30T05:45:51.840Z] > git rev-parse --show-toplevel [2ms]
[2022-09-30T05:45:51.840Z] fatal: not a git repository (or any of the parent directories): .git
[2022-09-30T05:45:51.848Z] > git rev-parse --show-toplevel [5ms]
[2022-09-30T05:45:51.848Z] fatal: detected dubious ownership in repository at '/home/ubuntu/jinkange'
To add an exception for this directory, call:

	git config --global --add safe.directory /home/ubuntu/jinkange
[2022-09-30T05:51:16.318Z] > git rev-parse --show-toplevel [2ms]
[2022-09-30T05:51:16.323Z] > git rev-parse --git-dir --git-common-dir [2ms]
[2022-09-30T05:51:16.332Z] [info] Open repository: /home/ubuntu/express
[2022-09-30T05:51:16.350Z] > git status -z -uall [9ms]
[2022-09-30T05:51:16.358Z] > git symbolic-ref --short HEAD [5ms]
[2022-09-30T05:51:16.372Z] > git for-each-ref --format=%(refname)%00%(upstream:short)%00%(objectname)%00%(upstream:track)%00%(upstream:remotename)%00%(upstream:remoteref) refs/heads/master refs/remotes/master [11ms]
[2022-09-30T05:51:16.380Z] > git for-each-ref --sort -committerdate --format %(refname) %(objectname) %(*objectname) [5ms]
[2022-09-30T05:51:16.383Z] > git remote --verbose [5ms]
[2022-09-30T05:51:16.391Z] > git config --get commit.template [3ms]
[2022-09-30T05:51:16.398Z] > git status -z -uall [2ms]
[2022-09-30T05:51:16.402Z] > git symbolic-ref --short HEAD [2ms]
[2022-09-30T05:51:16.408Z] > git for-each-ref --format=%(refname)%00%(upstream:short)%00%(objectname)%00%(upstream:track)%00%(upstream:remotename)%00%(upstream:remoteref) refs/heads/master refs/remotes/master [3ms]
[2022-09-30T05:51:16.414Z] > git for-each-ref --sort -committerdate --format %(refname) %(objectname) %(*objectname) [3ms]
[2022-09-30T05:51:16.416Z] > git remote --verbose [2ms]
[2022-09-30T05:51:16.421Z] > git config --get commit.template [1ms]
[2022-09-30T05:51:16.874Z] > git check-ignore -v -z --stdin [4ms]
[2022-09-30T05:51:58.003Z] > git rev-parse --show-toplevel [2ms]
[2022-09-30T05:51:58.003Z] fatal: not a git repository (or any of the parent directories): .git
[2022-09-30T05:52:08.617Z] > git rev-parse --show-toplevel [1ms]
[2022-09-30T05:52:08.617Z] fatal: not a git repository (or any of the parent directories): .git
[2022-09-30T05:52:28.469Z] > git status -z -uall [2ms]
[2022-09-30T05:52:28.474Z] > git symbolic-ref --short HEAD [2ms]
[2022-09-30T05:52:28.479Z] > git for-each-ref --format=%(refname)%00%(upstream:short)%00%(objectname)%00%(upstream:track)%00%(upstream:remotename)%00%(upstream:remoteref) refs/heads/master refs/remotes/master [1ms]
[2022-09-30T05:52:28.486Z] > git for-each-ref --sort -committerdate --format %(refname) %(objectname) %(*objectname) [4ms]
[2022-09-30T05:52:28.488Z] > git remote --verbose [3ms]
[2022-09-30T05:52:28.495Z] > git config --get commit.template [2ms]
[2022-09-30T05:53:06.007Z] > git status -z -uall [2ms]
[2022-09-30T05:53:06.012Z] > git symbolic-ref --short HEAD [2ms]
[2022-09-30T05:53:06.016Z] > git for-each-ref --format=%(refname)%00%(upstream:short)%00%(objectname)%00%(upstream:track)%00%(upstream:remotename)%00%(upstream:remoteref) refs/heads/master refs/remotes/master [2ms]
[2022-09-30T05:53:06.023Z] > git for-each-ref --sort -committerdate --format %(refname) %(objectname) %(*objectname) [4ms]
[2022-09-30T05:53:06.025Z] > git remote --verbose [2ms]
[2022-09-30T05:53:06.030Z] > git config --get commit.template [1ms]
[2022-09-30T05:53:44.422Z] > git status -z -uall [14ms]
[2022-09-30T05:53:44.446Z] > git symbolic-ref --short HEAD [15ms]
[2022-09-30T05:53:44.455Z] > git for-each-ref --format=%(refname)%00%(upstream:short)%00%(objectname)%00%(upstream:track)%00%(upstream:remotename)%00%(upstream:remoteref) refs/heads/master refs/remotes/master [3ms]
[2022-09-30T05:53:44.466Z] > git for-each-ref --sort -committerdate --format %(refname) %(objectname) %(*objectname) [6ms]
[2022-09-30T05:53:44.483Z] > git remote --verbose [18ms]
[2022-09-30T05:53:44.494Z] > git config --get commit.template [4ms]
[2022-09-30T05:54:34.929Z] > git status -z -uall [2ms]
[2022-09-30T05:54:34.934Z] > git symbolic-ref --short HEAD [2ms]
[2022-09-30T05:54:34.938Z] > git for-each-ref --format=%(refname)%00%(upstream:short)%00%(objectname)%00%(upstream:track)%00%(upstream:remotename)%00%(upstream:remoteref) refs/heads/master refs/remotes/master [2ms]
[2022-09-30T05:54:34.945Z] > git for-each-ref --sort -committerdate --format %(refname) %(objectname) %(*objectname) [5ms]
[2022-09-30T05:54:34.947Z] > git remote --verbose [3ms]
[2022-09-30T05:54:34.952Z] > git config --get commit.template [2ms]
[2022-09-30T05:56:22.249Z] > git status -z -uall [3ms]
[2022-09-30T05:56:22.254Z] > git symbolic-ref --short HEAD [2ms]
[2022-09-30T05:56:22.258Z] > git for-each-ref --format=%(refname)%00%(upstream:short)%00%(objectname)%00%(upstream:track)%00%(upstream:remotename)%00%(upstream:remoteref) refs/heads/master refs/remotes/master [1ms]
[2022-09-30T05:56:22.265Z] > git for-each-ref --sort -committerdate --format %(refname) %(objectname) %(*objectname) [4ms]
[2022-09-30T05:56:22.267Z] > git remote --verbose [3ms]
[2022-09-30T05:56:22.273Z] > git config --get commit.template [1ms]
[2022-09-30T05:58:08.333Z] > git rev-parse --show-toplevel [2ms]
[2022-09-30T05:58:08.337Z] > git rev-parse --git-dir --git-common-dir [1ms]
[2022-09-30T05:58:08.340Z] [info] Open repository: /home/ubuntu
[2022-09-30T05:58:08.472Z] > git status -z -uall [128ms]
[2022-09-30T05:58:08.879Z] > git check-ignore -v -z --stdin [5ms]
[2022-09-30T05:58:08.882Z] > git check-ignore -v -z --stdin [4ms]
[2022-09-30T05:58:12.592Z] > git symbolic-ref --short HEAD [2ms]
[2022-09-30T05:58:12.596Z] > git for-each-ref --format=%(refname)%00%(upstream:short)%00%(objectname)%00%(upstream:track)%00%(upstream:remotename)%00%(upstream:remoteref) refs/heads/master refs/remotes/master [2ms]
[2022-09-30T05:58:12.603Z] > git for-each-ref --sort -committerdate --format %(refname) %(objectname) %(*objectname) [4ms]
[2022-09-30T05:58:12.604Z] > git remote --verbose [2ms]
[2022-09-30T05:58:14.199Z] > git config --get commit.template [13ms]
[2022-09-30T05:58:14.406Z] > git status -z -uall [198ms]
[2022-09-30T05:58:14.407Z] > git symbolic-ref --short HEAD [2ms]
[2022-09-30T05:58:14.414Z] > git for-each-ref --format=%(refname)%00%(upstream:short)%00%(objectname)%00%(upstream:track)%00%(upstream:remotename)%00%(upstream:remoteref) refs/heads/master refs/remotes/master [2ms]
[2022-09-30T05:58:14.424Z] > git for-each-ref --sort -committerdate --format %(refname) %(objectname) %(*objectname) [6ms]
[2022-09-30T05:58:14.425Z] > git remote --verbose [2ms]
[2022-09-30T05:58:16.218Z] > git config --get commit.template [70ms]
[2022-09-30T06:07:49.685Z] > git check-ignore -v -z --stdin [8ms]
[2022-09-30T06:09:13.616Z] > git check-ignore -v -z --stdin [15ms]
[2022-09-30T06:09:27.232Z] > git show --textconv :Nodejs/main.js [32ms]
[2022-09-30T06:09:27.246Z] > git ls-files --stage -- /home/ubuntu/express/Nodejs/main.js [35ms]
[2022-09-30T06:09:27.274Z] > git cat-file -s ec5d20c2c0c7c7668d534e6eadb4d1eec2b332cb [19ms]
[2022-09-30T07:37:29.326Z] > git show --textconv :Nodejs/package.json [27ms]
[2022-09-30T07:37:29.334Z] > git ls-files --stage -- /home/ubuntu/express/Nodejs/package.json [23ms]
[2022-09-30T07:37:29.380Z] > git cat-file -s 26dc0832e297bcebc72c6cd5d01279d853304bce [31ms]
[2022-09-30T07:37:42.053Z] > git show --textconv :Nodejs/main.js [19ms]
[2022-09-30T07:37:42.058Z] > git ls-files --stage -- /home/ubuntu/express/Nodejs/main.js [14ms]
[2022-09-30T07:37:42.067Z] > git cat-file -s ec5d20c2c0c7c7668d534e6eadb4d1eec2b332cb [4ms]
[2022-09-30T07:47:04.305Z] > git ls-files --stage -- /home/ubuntu/express/Nodejs/main.js [21ms]
[2022-09-30T07:47:04.323Z] > git cat-file -s ec5d20c2c0c7c7668d534e6eadb4d1eec2b332cb [6ms]
[2022-09-30T07:47:04.366Z] > git show --textconv :Nodejs/main.js [14ms]
[2022-09-30T07:47:04.397Z] > git status -z -uall [176ms]
[2022-09-30T07:47:04.406Z] > git symbolic-ref --short HEAD [3ms]
[2022-09-30T07:47:04.415Z] > git for-each-ref --format=%(refname)%00%(upstream:short)%00%(objectname)%00%(upstream:track)%00%(upstream:remotename)%00%(upstream:remoteref) refs/heads/main refs/remotes/main [5ms]
[2022-09-30T07:47:04.427Z] > git for-each-ref --sort -committerdate --format %(refname) %(objectname) %(*objectname) [7ms]
[2022-09-30T07:47:04.432Z] > git remote --verbose [6ms]
[2022-09-30T07:47:04.486Z] > git config --get commit.template [8ms]
[2022-09-30T07:47:09.621Z] > git status -z -uall [128ms]
[2022-09-30T07:47:09.629Z] > git symbolic-ref --short HEAD [2ms]
[2022-09-30T07:47:09.635Z] > git for-each-ref --format=%(refname)%00%(upstream:short)%00%(objectname)%00%(upstream:track)%00%(upstream:remotename)%00%(upstream:remoteref) refs/heads/main refs/remotes/main [2ms]
[2022-09-30T07:47:09.645Z] > git for-each-ref --sort -committerdate --format %(refname) %(objectname) %(*objectname) [6ms]
[2022-09-30T07:47:09.647Z] > git remote --verbose [3ms]
[2022-09-30T07:47:09.718Z] > git config --get commit.template [37ms]
[2022-09-30T07:47:37.624Z] > git status -z -uall [124ms]
[2022-09-30T07:47:37.632Z] > git symbolic-ref --short HEAD [2ms]
[2022-09-30T07:47:37.638Z] > git for-each-ref --format=%(refname)%00%(upstream:short)%00%(objectname)%00%(upstream:track)%00%(upstream:remotename)%00%(upstream:remoteref) refs/heads/main refs/remotes/main [2ms]
[2022-09-30T07:47:37.648Z] > git for-each-ref --sort -committerdate --format %(refname) %(objectname) %(*objectname) [6ms]
[2022-09-30T07:47:37.650Z] > git remote --verbose [3ms]
[2022-09-30T07:47:37.699Z] > git config --get commit.template [2ms]
[2022-09-30T07:47:38.057Z] > git ls-files --stage -- /home/ubuntu/express/Nodejs/main.js [7ms]
[2022-09-30T07:47:38.064Z] > git cat-file -s ec5d20c2c0c7c7668d534e6eadb4d1eec2b332cb [2ms]
[2022-09-30T07:47:38.095Z] > git show --textconv :Nodejs/main.js [7ms]
