[2022-10-05T03:30:11.490Z] Log level: Info
[2022-10-05T03:30:11.513Z] [info] Validating found git in: git
[2022-10-05T03:30:11.580Z] [info] Using git 2.34.1 from git
[2022-10-05T03:30:11.739Z] > git rev-parse --show-toplevel [138ms]
[2022-10-05T03:30:11.771Z] > git rev-parse --git-dir --git-common-dir [22ms]
[2022-10-05T03:30:11.782Z] [info] Open repository: /home/ubuntu
[2022-10-05T03:30:12.134Z] > git status -z -uall [341ms]
[2022-10-05T03:30:12.154Z] > git symbolic-ref --short HEAD [8ms]
[2022-10-05T03:30:12.295Z] > git for-each-ref --format=%(refname)%00%(upstream:short)%00%(objectname)%00%(upstream:track)%00%(upstream:remotename)%00%(upstream:remoteref) refs/heads/main refs/remotes/main [137ms]
[2022-10-05T03:30:12.307Z] > git for-each-ref --sort -committerdate --format %(refname) %(objectname) %(*objectname) [7ms]
[2022-10-05T03:30:12.312Z] > git remote --verbose [7ms]
[2022-10-05T03:30:13.903Z] > git config --get commit.template [83ms]
[2022-10-05T03:30:14.091Z] > git check-ignore -v -z --stdin [209ms]
[2022-10-05T03:30:14.207Z] > git status -z -uall [236ms]
[2022-10-05T03:30:14.216Z] > git symbolic-ref --short HEAD [4ms]
[2022-10-05T03:30:14.224Z] > git for-each-ref --format=%(refname)%00%(upstream:short)%00%(objectname)%00%(upstream:track)%00%(upstream:remotename)%00%(upstream:remoteref) refs/heads/main refs/remotes/main [3ms]
[2022-10-05T03:30:14.236Z] > git for-each-ref --sort -committerdate --format %(refname) %(objectname) %(*objectname) [7ms]
[2022-10-05T03:30:14.239Z] > git remote --verbose [5ms]
[2022-10-05T03:30:14.343Z] > git config --get commit.template [3ms]
[2022-10-05T03:30:16.143Z] > git check-ignore -v -z --stdin [8ms]
[2022-10-05T03:31:42.757Z] > git status -z -uall [149ms]
[2022-10-05T03:31:42.763Z] > git symbolic-ref --short HEAD [2ms]
[2022-10-05T03:31:42.768Z] > git for-each-ref --format=%(refname)%00%(upstream:short)%00%(objectname)%00%(upstream:track)%00%(upstream:remotename)%00%(upstream:remoteref) refs/heads/main refs/remotes/main [2ms]
[2022-10-05T03:31:42.776Z] > git for-each-ref --sort -committerdate --format %(refname) %(objectname) %(*objectname) [5ms]
[2022-10-05T03:31:42.778Z] > git remote --verbose [3ms]
[2022-10-05T03:31:43.974Z] > git config --get commit.template [1075ms]
[2022-10-05T03:33:27.097Z] > git status -z -uall [155ms]
[2022-10-05T03:33:27.111Z] > git symbolic-ref --short HEAD [10ms]
[2022-10-05T03:33:27.117Z] > git for-each-ref --format=%(refname)%00%(upstream:short)%00%(objectname)%00%(upstream:track)%00%(upstream:remotename)%00%(upstream:remoteref) refs/heads/main refs/remotes/main [2ms]
[2022-10-05T03:33:27.127Z] > git for-each-ref --sort -committerdate --format %(refname) %(objectname) %(*objectname) [6ms]
[2022-10-05T03:33:27.129Z] > git remote --verbose [4ms]
[2022-10-05T03:33:28.226Z] > git config --get commit.template [992ms]
[2022-10-05T04:52:58.048Z] > git status -z -uall [501ms]
[2022-10-05T04:52:58.063Z] > git symbolic-ref --short HEAD [10ms]
[2022-10-05T04:52:58.076Z] > git for-each-ref --format=%(refname)%00%(upstream:short)%00%(objectname)%00%(upstream:track)%00%(upstream:remotename)%00%(upstream:remoteref) refs/heads/main refs/remotes/main [5ms]
[2022-10-05T04:52:58.085Z] > git for-each-ref --sort -committerdate --format %(refname) %(objectname) %(*objectname) [5ms]
[2022-10-05T04:52:58.087Z] > git remote --verbose [3ms]
[2022-10-05T04:53:03.067Z] > git show --textconv :jinkange/src/App.js [4888ms]
[2022-10-05T04:53:03.071Z] > git ls-files --stage -- /home/ubuntu/jinkange/src/App.js [4880ms]
[2022-10-05T04:53:03.100Z] > git config --get commit.template [4940ms]
[2022-10-05T04:53:03.282Z] > git check-ignore -v -z --stdin [241ms]
[2022-10-05T04:53:08.282Z] > git status -z -uall [155ms]
[2022-10-05T04:53:08.289Z] > git symbolic-ref --short HEAD [2ms]
[2022-10-05T04:53:08.296Z] > git for-each-ref --format=%(refname)%00%(upstream:short)%00%(objectname)%00%(upstream:track)%00%(upstream:remotename)%00%(upstream:remoteref) refs/heads/main refs/remotes/main [2ms]
[2022-10-05T04:53:08.307Z] > git for-each-ref --sort -committerdate --format %(refname) %(objectname) %(*objectname) [6ms]
[2022-10-05T04:53:08.310Z] > git remote --verbose [4ms]
[2022-10-05T04:53:08.433Z] > git config --get commit.template [11ms]
[2022-10-05T04:53:13.667Z] > git status -z -uall [223ms]
[2022-10-05T04:53:13.678Z] > git symbolic-ref --short HEAD [4ms]
[2022-10-05T04:53:13.691Z] > git for-each-ref --format=%(refname)%00%(upstream:short)%00%(objectname)%00%(upstream:track)%00%(upstream:remotename)%00%(upstream:remoteref) refs/heads/main refs/remotes/main [6ms]
[2022-10-05T04:53:13.706Z] > git for-each-ref --sort -committerdate --format %(refname) %(objectname) %(*objectname) [10ms]
[2022-10-05T04:53:13.710Z] > git remote --verbose [5ms]
[2022-10-05T04:53:15.635Z] > git config --get commit.template [13ms]
[2022-10-05T04:53:20.782Z] > git status -z -uall [139ms]
[2022-10-05T04:53:20.789Z] > git symbolic-ref --short HEAD [2ms]
[2022-10-05T04:53:20.796Z] > git for-each-ref --format=%(refname)%00%(upstream:short)%00%(objectname)%00%(upstream:track)%00%(upstream:remotename)%00%(upstream:remoteref) refs/heads/main refs/remotes/main [2ms]
[2022-10-05T04:53:20.805Z] > git for-each-ref --sort -committerdate --format %(refname) %(objectname) %(*objectname) [5ms]
[2022-10-05T04:53:20.808Z] > git remote --verbose [3ms]
[2022-10-05T04:53:20.886Z] > git config --get commit.template [3ms]
[2022-10-05T04:53:31.365Z] > git status -z -uall [143ms]
[2022-10-05T04:53:31.374Z] > git symbolic-ref --short HEAD [2ms]
[2022-10-05T04:53:31.381Z] > git for-each-ref --format=%(refname)%00%(upstream:short)%00%(objectname)%00%(upstream:track)%00%(upstream:remotename)%00%(upstream:remoteref) refs/heads/main refs/remotes/main [3ms]
[2022-10-05T04:53:31.393Z] > git for-each-ref --sort -committerdate --format %(refname) %(objectname) %(*objectname) [6ms]
[2022-10-05T04:53:31.395Z] > git remote --verbose [3ms]
[2022-10-05T04:53:31.492Z] > git config --get commit.template [3ms]
[2022-10-05T04:53:36.638Z] > git status -z -uall [137ms]
[2022-10-05T04:53:36.645Z] > git symbolic-ref --short HEAD [2ms]
[2022-10-05T04:53:36.651Z] > git for-each-ref --format=%(refname)%00%(upstream:short)%00%(objectname)%00%(upstream:track)%00%(upstream:remotename)%00%(upstream:remoteref) refs/heads/main refs/remotes/main [2ms]
[2022-10-05T04:53:36.661Z] > git for-each-ref --sort -committerdate --format %(refname) %(objectname) %(*objectname) [6ms]
[2022-10-05T04:53:36.663Z] > git remote --verbose [3ms]
[2022-10-05T04:53:36.744Z] > git config --get commit.template [4ms]
[2022-10-05T04:53:41.888Z] > git status -z -uall [138ms]
[2022-10-05T04:53:41.896Z] > git symbolic-ref --short HEAD [3ms]
[2022-10-05T04:53:41.902Z] > git for-each-ref --format=%(refname)%00%(upstream:short)%00%(objectname)%00%(upstream:track)%00%(upstream:remotename)%00%(upstream:remoteref) refs/heads/main refs/remotes/main [2ms]
[2022-10-05T04:53:41.913Z] > git for-each-ref --sort -committerdate --format %(refname) %(objectname) %(*objectname) [6ms]
[2022-10-05T04:53:41.915Z] > git remote --verbose [3ms]
[2022-10-05T04:53:41.991Z] > git config --get commit.template [3ms]
[2022-10-05T04:53:47.236Z] > git status -z -uall [233ms]
[2022-10-05T04:53:47.251Z] > git symbolic-ref --short HEAD [7ms]
[2022-10-05T04:53:47.265Z] > git for-each-ref --format=%(refname)%00%(upstream:short)%00%(objectname)%00%(upstream:track)%00%(upstream:remotename)%00%(upstream:remoteref) refs/heads/main refs/remotes/main [3ms]
[2022-10-05T04:53:47.283Z] > git for-each-ref --sort -committerdate --format %(refname) %(objectname) %(*objectname) [10ms]
[2022-10-05T04:53:47.289Z] > git remote --verbose [7ms]
[2022-10-05T04:53:49.371Z] > git config --get commit.template [1934ms]
[2022-10-05T04:53:54.571Z] > git status -z -uall [190ms]
[2022-10-05T04:53:54.624Z] > git symbolic-ref --short HEAD [29ms]
[2022-10-05T04:53:54.632Z] > git for-each-ref --format=%(refname)%00%(upstream:short)%00%(objectname)%00%(upstream:track)%00%(upstream:remotename)%00%(upstream:remoteref) refs/heads/main refs/remotes/main [3ms]
[2022-10-05T04:53:54.642Z] > git for-each-ref --sort -committerdate --format %(refname) %(objectname) %(*objectname) [6ms]
[2022-10-05T04:53:54.645Z] > git remote --verbose [4ms]
[2022-10-05T04:53:54.767Z] > git config --get commit.template [3ms]
[2022-10-05T04:53:59.916Z] > git status -z -uall [142ms]
[2022-10-05T04:53:59.924Z] > git symbolic-ref --short HEAD [2ms]
[2022-10-05T04:53:59.930Z] > git for-each-ref --format=%(refname)%00%(upstream:short)%00%(objectname)%00%(upstream:track)%00%(upstream:remotename)%00%(upstream:remoteref) refs/heads/main refs/remotes/main [2ms]
[2022-10-05T04:53:59.941Z] > git for-each-ref --sort -committerdate --format %(refname) %(objectname) %(*objectname) [6ms]
[2022-10-05T04:53:59.944Z] > git remote --verbose [4ms]
[2022-10-05T04:54:00.027Z] > git config --get commit.template [3ms]
[2022-10-05T04:54:05.173Z] > git status -z -uall [138ms]
[2022-10-05T04:54:05.182Z] > git symbolic-ref --short HEAD [2ms]
[2022-10-05T04:54:05.189Z] > git for-each-ref --format=%(refname)%00%(upstream:short)%00%(objectname)%00%(upstream:track)%00%(upstream:remotename)%00%(upstream:remoteref) refs/heads/main refs/remotes/main [2ms]
[2022-10-05T04:54:05.201Z] > git for-each-ref --sort -committerdate --format %(refname) %(objectname) %(*objectname) [7ms]
[2022-10-05T04:54:05.203Z] > git remote --verbose [3ms]
[2022-10-05T04:54:05.280Z] > git config --get commit.template [3ms]
[2022-10-05T04:54:10.510Z] > git status -z -uall [223ms]
[2022-10-05T04:54:10.518Z] > git symbolic-ref --short HEAD [2ms]
[2022-10-05T04:54:10.525Z] > git for-each-ref --format=%(refname)%00%(upstream:short)%00%(objectname)%00%(upstream:track)%00%(upstream:remotename)%00%(upstream:remoteref) refs/heads/main refs/remotes/main [2ms]
[2022-10-05T04:54:10.535Z] > git for-each-ref --sort -committerdate --format %(refname) %(objectname) %(*objectname) [6ms]
[2022-10-05T04:54:10.537Z] > git remote --verbose [3ms]
[2022-10-05T04:54:10.615Z] > git config --get commit.template [3ms]
[2022-10-05T04:54:15.756Z] > git status -z -uall [135ms]
[2022-10-05T04:54:15.764Z] > git symbolic-ref --short HEAD [3ms]
[2022-10-05T04:54:15.774Z] > git for-each-ref --format=%(refname)%00%(upstream:short)%00%(objectname)%00%(upstream:track)%00%(upstream:remotename)%00%(upstream:remoteref) refs/heads/main refs/remotes/main [6ms]
[2022-10-05T04:54:15.785Z] > git for-each-ref --sort -committerdate --format %(refname) %(objectname) %(*objectname) [6ms]
[2022-10-05T04:54:15.787Z] > git remote --verbose [3ms]
[2022-10-05T04:54:15.866Z] > git config --get commit.template [3ms]
[2022-10-05T04:54:21.031Z] > git status -z -uall [158ms]
[2022-10-05T04:54:21.083Z] > git symbolic-ref --short HEAD [26ms]
[2022-10-05T04:54:21.118Z] > git for-each-ref --format=%(refname)%00%(upstream:short)%00%(objectname)%00%(upstream:track)%00%(upstream:remotename)%00%(upstream:remoteref) refs/heads/main refs/remotes/main [24ms]
[2022-10-05T04:54:21.132Z] > git for-each-ref --sort -committerdate --format %(refname) %(objectname) %(*objectname) [6ms]
[2022-10-05T04:54:21.135Z] > git remote --verbose [4ms]
[2022-10-05T04:54:21.213Z] > git config --get commit.template [3ms]
[2022-10-05T04:54:26.357Z] > git status -z -uall [138ms]
[2022-10-05T04:54:26.364Z] > git symbolic-ref --short HEAD [2ms]
[2022-10-05T04:54:26.370Z] > git for-each-ref --format=%(refname)%00%(upstream:short)%00%(objectname)%00%(upstream:track)%00%(upstream:remotename)%00%(upstream:remoteref) refs/heads/main refs/remotes/main [2ms]
[2022-10-05T04:54:26.381Z] > git for-each-ref --sort -committerdate --format %(refname) %(objectname) %(*objectname) [6ms]
[2022-10-05T04:54:26.382Z] > git remote --verbose [2ms]
[2022-10-05T04:54:26.456Z] > git config --get commit.template [3ms]
[2022-10-05T04:54:31.632Z] > git status -z -uall [170ms]
[2022-10-05T04:54:31.686Z] > git symbolic-ref --short HEAD [20ms]
[2022-10-05T04:54:31.702Z] > git for-each-ref --format=%(refname)%00%(upstream:short)%00%(objectname)%00%(upstream:track)%00%(upstream:remotename)%00%(upstream:remoteref) refs/heads/main refs/remotes/main [4ms]
[2022-10-05T04:54:31.715Z] > git for-each-ref --sort -committerdate --format %(refname) %(objectname) %(*objectname) [7ms]
[2022-10-05T04:54:31.717Z] > git remote --verbose [3ms]
[2022-10-05T04:54:31.799Z] > git config --get commit.template [3ms]
[2022-10-05T04:54:36.946Z] > git status -z -uall [141ms]
[2022-10-05T04:54:36.953Z] > git symbolic-ref --short HEAD [2ms]
[2022-10-05T04:54:36.959Z] > git for-each-ref --format=%(refname)%00%(upstream:short)%00%(objectname)%00%(upstream:track)%00%(upstream:remotename)%00%(upstream:remoteref) refs/heads/main refs/remotes/main [2ms]
[2022-10-05T04:54:36.967Z] > git for-each-ref --sort -committerdate --format %(refname) %(objectname) %(*objectname) [5ms]
[2022-10-05T04:54:36.969Z] > git remote --verbose [2ms]
[2022-10-05T04:54:37.047Z] > git config --get commit.template [3ms]
[2022-10-05T04:54:42.192Z] > git status -z -uall [138ms]
[2022-10-05T04:54:42.199Z] > git symbolic-ref --short HEAD [2ms]
[2022-10-05T04:54:42.205Z] > git for-each-ref --format=%(refname)%00%(upstream:short)%00%(objectname)%00%(upstream:track)%00%(upstream:remotename)%00%(upstream:remoteref) refs/heads/main refs/remotes/main [2ms]
[2022-10-05T04:54:42.215Z] > git for-each-ref --sort -committerdate --format %(refname) %(objectname) %(*objectname) [6ms]
[2022-10-05T04:54:42.217Z] > git remote --verbose [2ms]
[2022-10-05T04:54:42.296Z] > git config --get commit.template [3ms]
[2022-10-05T04:54:47.450Z] > git status -z -uall [143ms]
[2022-10-05T04:54:47.460Z] > git symbolic-ref --short HEAD [2ms]
[2022-10-05T04:54:47.466Z] > git for-each-ref --format=%(refname)%00%(upstream:short)%00%(objectname)%00%(upstream:track)%00%(upstream:remotename)%00%(upstream:remoteref) refs/heads/main refs/remotes/main [1ms]
[2022-10-05T04:54:47.476Z] > git for-each-ref --sort -committerdate --format %(refname) %(objectname) %(*objectname) [6ms]
[2022-10-05T04:54:47.478Z] > git remote --verbose [3ms]
[2022-10-05T04:54:47.554Z] > git config --get commit.template [2ms]
[2022-10-05T04:54:52.719Z] > git status -z -uall [157ms]
[2022-10-05T04:54:52.798Z] > git symbolic-ref --short HEAD [37ms]
[2022-10-05T04:54:52.808Z] > git for-each-ref --format=%(refname)%00%(upstream:short)%00%(objectname)%00%(upstream:track)%00%(upstream:remotename)%00%(upstream:remoteref) refs/heads/main refs/remotes/main [3ms]
[2022-10-05T04:54:52.818Z] > git for-each-ref --sort -committerdate --format %(refname) %(objectname) %(*objectname) [6ms]
[2022-10-05T04:54:52.820Z] > git remote --verbose [3ms]
[2022-10-05T04:54:52.902Z] > git config --get commit.template [3ms]
[2022-10-05T04:54:58.048Z] > git status -z -uall [139ms]
[2022-10-05T04:54:58.055Z] > git symbolic-ref --short HEAD [2ms]
[2022-10-05T04:54:58.061Z] > git for-each-ref --format=%(refname)%00%(upstream:short)%00%(objectname)%00%(upstream:track)%00%(upstream:remotename)%00%(upstream:remoteref) refs/heads/main refs/remotes/main [2ms]
[2022-10-05T04:54:58.070Z] > git for-each-ref --sort -committerdate --format %(refname) %(objectname) %(*objectname) [5ms]
[2022-10-05T04:54:58.072Z] > git remote --verbose [3ms]
[2022-10-05T04:54:58.149Z] > git config --get commit.template [3ms]
[2022-10-05T04:55:03.347Z] > git status -z -uall [191ms]
[2022-10-05T04:55:03.382Z] > git symbolic-ref --short HEAD [21ms]
[2022-10-05T04:55:03.396Z] > git for-each-ref --format=%(refname)%00%(upstream:short)%00%(objectname)%00%(upstream:track)%00%(upstream:remotename)%00%(upstream:remoteref) refs/heads/main refs/remotes/main [3ms]
[2022-10-05T04:55:03.405Z] > git for-each-ref --sort -committerdate --format %(refname) %(objectname) %(*objectname) [5ms]
[2022-10-05T04:55:03.408Z] > git remote --verbose [3ms]
[2022-10-05T04:55:03.488Z] > git config --get commit.template [3ms]
[2022-10-05T04:55:08.631Z] > git status -z -uall [137ms]
[2022-10-05T04:55:08.638Z] > git symbolic-ref --short HEAD [2ms]
[2022-10-05T04:55:08.644Z] > git for-each-ref --format=%(refname)%00%(upstream:short)%00%(objectname)%00%(upstream:track)%00%(upstream:remotename)%00%(upstream:remoteref) refs/heads/main refs/remotes/main [2ms]
[2022-10-05T04:55:08.654Z] > git for-each-ref --sort -committerdate --format %(refname) %(objectname) %(*objectname) [6ms]
[2022-10-05T04:55:08.656Z] > git remote --verbose [3ms]
[2022-10-05T04:55:08.734Z] > git config --get commit.template [3ms]
[2022-10-05T04:55:13.927Z] > git status -z -uall [186ms]
[2022-10-05T04:55:13.976Z] > git symbolic-ref --short HEAD [27ms]
[2022-10-05T04:55:13.984Z] > git for-each-ref --format=%(refname)%00%(upstream:short)%00%(objectname)%00%(upstream:track)%00%(upstream:remotename)%00%(upstream:remoteref) refs/heads/main refs/remotes/main [3ms]
[2022-10-05T04:55:13.994Z] > git for-each-ref --sort -committerdate --format %(refname) %(objectname) %(*objectname) [6ms]
[2022-10-05T04:55:13.996Z] > git remote --verbose [2ms]
[2022-10-05T04:55:14.076Z] > git config --get commit.template [3ms]
[2022-10-05T04:55:19.261Z] > git status -z -uall [178ms]
[2022-10-05T04:55:19.310Z] > git symbolic-ref --short HEAD [18ms]
[2022-10-05T04:55:19.330Z] > git for-each-ref --format=%(refname)%00%(upstream:short)%00%(objectname)%00%(upstream:track)%00%(upstream:remotename)%00%(upstream:remoteref) refs/heads/main refs/remotes/main [3ms]
[2022-10-05T04:55:19.340Z] > git for-each-ref --sort -committerdate --format %(refname) %(objectname) %(*objectname) [5ms]
[2022-10-05T04:55:19.342Z] > git remote --verbose [2ms]
[2022-10-05T04:55:19.421Z] > git config --get commit.template [3ms]
[2022-10-05T04:55:24.564Z] > git status -z -uall [136ms]
[2022-10-05T04:55:24.572Z] > git symbolic-ref --short HEAD [2ms]
[2022-10-05T04:55:24.578Z] > git for-each-ref --format=%(refname)%00%(upstream:short)%00%(objectname)%00%(upstream:track)%00%(upstream:remotename)%00%(upstream:remoteref) refs/heads/main refs/remotes/main [2ms]
[2022-10-05T04:55:24.589Z] > git for-each-ref --sort -committerdate --format %(refname) %(objectname) %(*objectname) [7ms]
[2022-10-05T04:55:24.591Z] > git remote --verbose [3ms]
[2022-10-05T04:55:24.671Z] > git config --get commit.template [3ms]
[2022-10-05T04:55:29.863Z] > git status -z -uall [185ms]
[2022-10-05T04:55:29.902Z] > git symbolic-ref --short HEAD [21ms]
[2022-10-05T04:55:29.916Z] > git for-each-ref --format=%(refname)%00%(upstream:short)%00%(objectname)%00%(upstream:track)%00%(upstream:remotename)%00%(upstream:remoteref) refs/heads/main refs/remotes/main [3ms]
[2022-10-05T04:55:29.925Z] > git for-each-ref --sort -committerdate --format %(refname) %(objectname) %(*objectname) [5ms]
[2022-10-05T04:55:29.927Z] > git remote --verbose [2ms]
[2022-10-05T04:55:30.001Z] > git config --get commit.template [2ms]
[2022-10-05T04:55:35.148Z] > git status -z -uall [140ms]
[2022-10-05T04:55:35.155Z] > git symbolic-ref --short HEAD [2ms]
[2022-10-05T04:55:35.164Z] > git for-each-ref --format=%(refname)%00%(upstream:short)%00%(objectname)%00%(upstream:track)%00%(upstream:remotename)%00%(upstream:remoteref) refs/heads/main refs/remotes/main [2ms]
[2022-10-05T04:55:35.175Z] > git for-each-ref --sort -committerdate --format %(refname) %(objectname) %(*objectname) [7ms]
[2022-10-05T04:55:35.177Z] > git remote --verbose [3ms]
[2022-10-05T04:55:35.254Z] > git config --get commit.template [3ms]
[2022-10-05T04:55:40.447Z] > git status -z -uall [186ms]
[2022-10-05T04:55:40.490Z] > git symbolic-ref --short HEAD [20ms]
[2022-10-05T04:55:40.505Z] > git for-each-ref --format=%(refname)%00%(upstream:short)%00%(objectname)%00%(upstream:track)%00%(upstream:remotename)%00%(upstream:remoteref) refs/heads/main refs/remotes/main [3ms]
[2022-10-05T04:55:40.514Z] > git for-each-ref --sort -committerdate --format %(refname) %(objectname) %(*objectname) [5ms]
[2022-10-05T04:55:40.516Z] > git remote --verbose [3ms]
[2022-10-05T04:55:40.596Z] > git config --get commit.template [3ms]
[2022-10-05T04:55:42.221Z] > git check-ignore -v -z --stdin [8ms]
[2022-10-05T04:55:43.236Z] > git show --textconv :jinkange/public/index.html [22ms]
[2022-10-05T04:55:43.256Z] > git ls-files --stage -- /home/ubuntu/jinkange/public/index.html [22ms]
[2022-10-05T04:55:45.745Z] > git status -z -uall [143ms]
[2022-10-05T04:55:45.752Z] > git symbolic-ref --short HEAD [2ms]
[2022-10-05T04:55:45.758Z] > git for-each-ref --format=%(refname)%00%(upstream:short)%00%(objectname)%00%(upstream:track)%00%(upstream:remotename)%00%(upstream:remoteref) refs/heads/main refs/remotes/main [2ms]
[2022-10-05T04:55:45.768Z] > git for-each-ref --sort -committerdate --format %(refname) %(objectname) %(*objectname) [5ms]
[2022-10-05T04:55:45.770Z] > git remote --verbose [3ms]
[2022-10-05T04:55:45.867Z] > git config --get commit.template [5ms]
[2022-10-05T04:55:51.020Z] > git status -z -uall [147ms]
[2022-10-05T04:55:51.027Z] > git symbolic-ref --short HEAD [2ms]
[2022-10-05T04:55:51.033Z] > git for-each-ref --format=%(refname)%00%(upstream:short)%00%(objectname)%00%(upstream:track)%00%(upstream:remotename)%00%(upstream:remoteref) refs/heads/main refs/remotes/main [2ms]
[2022-10-05T04:55:51.043Z] > git for-each-ref --sort -committerdate --format %(refname) %(objectname) %(*objectname) [6ms]
[2022-10-05T04:55:51.045Z] > git remote --verbose [3ms]
[2022-10-05T04:55:51.120Z] > git config --get commit.template [3ms]
[2022-10-05T04:55:56.264Z] > git status -z -uall [138ms]
[2022-10-05T04:55:56.271Z] > git symbolic-ref --short HEAD [2ms]
[2022-10-05T04:55:56.278Z] > git for-each-ref --format=%(refname)%00%(upstream:short)%00%(objectname)%00%(upstream:track)%00%(upstream:remotename)%00%(upstream:remoteref) refs/heads/main refs/remotes/main [2ms]
[2022-10-05T04:55:56.288Z] > git for-each-ref --sort -committerdate --format %(refname) %(objectname) %(*objectname) [6ms]
[2022-10-05T04:55:56.290Z] > git remote --verbose [3ms]
[2022-10-05T04:55:56.367Z] > git config --get commit.template [2ms]
[2022-10-05T04:55:57.795Z] > git show --textconv :jinkange/src/App.js [16ms]
[2022-10-05T04:55:57.798Z] > git ls-files --stage -- /home/ubuntu/jinkange/src/App.js [9ms]
[2022-10-05T04:56:01.513Z] > git status -z -uall [139ms]
[2022-10-05T04:56:01.521Z] > git symbolic-ref --short HEAD [3ms]
[2022-10-05T04:56:01.528Z] > git for-each-ref --format=%(refname)%00%(upstream:short)%00%(objectname)%00%(upstream:track)%00%(upstream:remotename)%00%(upstream:remoteref) refs/heads/main refs/remotes/main [2ms]
[2022-10-05T04:56:01.539Z] > git for-each-ref --sort -committerdate --format %(refname) %(objectname) %(*objectname) [6ms]
[2022-10-05T04:56:01.541Z] > git remote --verbose [3ms]
[2022-10-05T04:56:01.622Z] > git config --get commit.template [3ms]
[2022-10-05T04:56:06.811Z] > git status -z -uall [182ms]
[2022-10-05T04:56:06.863Z] > git symbolic-ref --short HEAD [25ms]
[2022-10-05T04:56:06.879Z] > git for-each-ref --format=%(refname)%00%(upstream:short)%00%(objectname)%00%(upstream:track)%00%(upstream:remotename)%00%(upstream:remoteref) refs/heads/main refs/remotes/main [3ms]
[2022-10-05T04:56:06.889Z] > git for-each-ref --sort -committerdate --format %(refname) %(objectname) %(*objectname) [5ms]
[2022-10-05T04:56:06.892Z] > git remote --verbose [4ms]
[2022-10-05T04:56:06.973Z] > git config --get commit.template [3ms]
[2022-10-05T04:56:25.065Z] > git status -z -uall [180ms]
[2022-10-05T04:56:25.072Z] > git symbolic-ref --short HEAD [3ms]
[2022-10-05T04:56:25.077Z] > git for-each-ref --format=%(refname)%00%(upstream:short)%00%(objectname)%00%(upstream:track)%00%(upstream:remotename)%00%(upstream:remoteref) refs/heads/main refs/remotes/main [2ms]
[2022-10-05T04:56:25.088Z] > git for-each-ref --sort -committerdate --format %(refname) %(objectname) %(*objectname) [7ms]
[2022-10-05T04:56:25.089Z] > git remote --verbose [4ms]
[2022-10-05T04:56:25.171Z] > git config --get commit.template [3ms]
