[2022-10-06 08:51:59.103] [exthost] [info] Extension host with pid 1536 started
[2022-10-06 08:51:59.109] [exthost] [error] Error: EEXIST: file already exists, open '/home/ubuntu/.vscode-server/data/User/workspaceStorage/f754b7aa2240ec878ccf37628a1e6a51/vscode.lock'
[2022-10-06 08:51:59.118] [exthost] [info] Lock '/home/ubuntu/.vscode-server/data/User/workspaceStorage/f754b7aa2240ec878ccf37628a1e6a51/vscode.lock': Could not acquire lock, checking if the file is stale.
[2022-10-06 08:51:59.125] [exthost] [info] Lock '/home/ubuntu/.vscode-server/data/User/workspaceStorage/f754b7aa2240ec878ccf37628a1e6a51/vscode.lock': The pid 1623 appears to be gone.
[2022-10-06 08:51:59.126] [exthost] [info] Lock '/home/ubuntu/.vscode-server/data/User/workspaceStorage/f754b7aa2240ec878ccf37628a1e6a51/vscode.lock': Deleting a stale lock.
[2022-10-06 08:51:59.131] [exthost] [info] Lock '/home/ubuntu/.vscode-server/data/User/workspaceStorage/f754b7aa2240ec878ccf37628a1e6a51/vscode.lock': Lock acquired.
[2022-10-06 08:51:59.267] [exthost] [info] ExtensionService#_doActivateExtension ms-azuretools.vscode-docker, startup: false, activationEvent: 'onLanguage:dockerfile'
[2022-10-06 08:52:00.536] [exthost] [info] ExtensionService#_doActivateExtension vscode.debug-auto-launch, startup: true, activationEvent: '*'
[2022-10-06 08:52:00.560] [exthost] [info] ExtensionService#_doActivateExtension vscode.git-base, startup: true, activationEvent: '*', root cause: vscode.git
[2022-10-06 08:52:00.579] [exthost] [info] ExtensionService#_doActivateExtension vscode.ipynb, startup: true, activationEvent: '*'
[2022-10-06 08:52:00.634] [exthost] [info] ExtensionService#_doActivateExtension ecmel.vscode-html-css, startup: true, activationEvent: '*'
[2022-10-06 08:52:01.121] [exthost] [info] ExtensionService#_doActivateExtension vscode.git, startup: true, activationEvent: '*'
[2022-10-06 08:52:01.283] [exthost] [info] ExtensionService#_doActivateExtension vscode.github, startup: true, activationEvent: '*'
[2022-10-06 08:52:01.951] [exthost] [info] ExtensionService#_doActivateExtension vscode.typescript-language-features, startup: false, activationEvent: 'onLanguage:javascript'
[2022-10-06 08:52:02.524] [exthost] [info] ExtensionService#_doActivateExtension vscode.emmet, startup: false, activationEvent: 'onStartupFinished'
[2022-10-06 08:52:02.548] [exthost] [info] ExtensionService#_doActivateExtension vscode.merge-conflict, startup: false, activationEvent: 'onStartupFinished'
[2022-10-06 08:52:02.554] [exthost] [info] ExtensionService#_doActivateExtension vscode.npm, startup: false, activationEvent: 'onStartupFinished', root cause: esbenp.prettier-vscode
[2022-10-06 08:52:02.598] [exthost] [info] Eager extensions activated
[2022-10-06 08:52:03.354] [exthost] [warning] [Decorations] CAPPING events from decorations provider vscode.git 528
[2022-10-06 08:52:04.869] [exthost] [warning] [Decorations] CAPPING events from decorations provider vscode.git 529
[2022-10-06 08:52:05.924] [exthost] [info] ExtensionService#_doActivateExtension esbenp.prettier-vscode, startup: false, activationEvent: 'onStartupFinished'
[2022-10-06 08:52:17.118] [exthost] [warning] [Decorations] CAPPING events from decorations provider vscode.git 532
[2022-10-06 08:55:42.512] [exthost] [warning] [Decorations] CAPPING events from decorations provider vscode.git 532
[2022-10-06 08:55:47.819] [exthost] [warning] [Decorations] CAPPING events from decorations provider vscode.git 532
[2022-10-06 08:55:56.304] [exthost] [warning] [Decorations] CAPPING events from decorations provider vscode.git 532
[2022-10-06 08:56:16.055] [exthost] [warning] [Decorations] CAPPING events from decorations provider vscode.git 532
[2022-10-06 08:56:49.105] [exthost] [warning] [Decorations] CAPPING events from decorations provider vscode.git 532
[2022-10-06 09:02:37.411] [exthost] [warning] [Decorations] CAPPING events from decorations provider vscode.git 532
[2022-10-06 09:02:38.212] [exthost] [info] Extension host terminating: received terminate message from renderer
[2022-10-06 09:02:38.213] [exthost] [info] Lock '/home/ubuntu/.vscode-server/data/User/workspaceStorage/f754b7aa2240ec878ccf37628a1e6a51/vscode.lock': Marking the lockfile as scheduled to be released in 6000 ms.
[2022-10-06 09:02:38.344] [exthost] [info] Extension host with pid 1536 exiting with code 0
