[2022-10-13T01:11:46.996Z] Log level: Info
[2022-10-13T01:11:47.007Z] [info] Validating found git in: git
[2022-10-13T01:11:47.095Z] [info] Using git 2.34.1 from git
[2022-10-13T01:11:47.195Z] > git rev-parse --show-toplevel [75ms]
[2022-10-13T01:11:47.211Z] > git rev-parse --git-dir --git-common-dir [6ms]
[2022-10-13T01:11:47.223Z] [info] Open repository: /home/ubuntu
[2022-10-13T01:11:47.316Z] > git rev-parse --show-toplevel [62ms]
[2022-10-13T01:11:47.335Z] > git rev-parse --show-toplevel [13ms]
[2022-10-13T01:11:47.365Z] > git rev-parse --git-dir --git-common-dir [6ms]
[2022-10-13T01:11:47.368Z] [info] Open repository: /home/ubuntu/jinkange
[2022-10-13T01:11:47.428Z] > git status -z -uall [184ms]
[2022-10-13T01:11:47.452Z] > git status -z -uall [65ms]
[2022-10-13T01:11:47.476Z] > git symbolic-ref --short HEAD [24ms]
[2022-10-13T01:11:47.487Z] > git rev-parse --show-toplevel [61ms]
[2022-10-13T01:11:47.504Z] > git for-each-ref --format=%(refname)%00%(upstream:short)%00%(objectname)%00%(upstream:track)%00%(upstream:remotename)%00%(upstream:remoteref) refs/heads/main refs/remotes/main [17ms]
[2022-10-13T01:11:47.525Z] > git symbolic-ref --short HEAD [50ms]
[2022-10-13T01:11:47.554Z] > git remote --verbose [30ms]
[2022-10-13T01:11:47.555Z] > git for-each-ref --sort -committerdate --format %(refname) %(objectname) %(*objectname) [46ms]
[2022-10-13T01:11:47.594Z] > git rev-parse --show-toplevel [91ms]
[2022-10-13T01:11:47.649Z] > git for-each-ref --format=%(refname)%00%(upstream:short)%00%(objectname)%00%(upstream:track)%00%(upstream:remotename)%00%(upstream:remoteref) refs/heads/master refs/remotes/master [111ms]
[2022-10-13T01:11:47.702Z] > git remote --verbose [23ms]
[2022-10-13T01:11:47.702Z] > git for-each-ref --sort -committerdate --format %(refname) %(objectname) %(*objectname) [39ms]
[2022-10-13T01:11:47.713Z] > git config --get commit.template [82ms]
[2022-10-13T01:11:47.725Z] > git rev-parse --show-toplevel [106ms]
[2022-10-13T01:11:47.770Z] > git rev-parse --show-toplevel [30ms]
[2022-10-13T01:11:47.778Z] > git config --get commit.template [9ms]
[2022-10-13T01:11:47.801Z] > git rev-parse --show-toplevel [23ms]
[2022-10-13T01:11:47.825Z] > git status -z -uall [26ms]
[2022-10-13T01:11:47.879Z] > git symbolic-ref --short HEAD [23ms]
[2022-10-13T01:11:47.903Z] > git rev-parse --show-toplevel [87ms]
[2022-10-13T01:11:47.945Z] > git status -z -uall [220ms]
[2022-10-13T01:11:47.964Z] > git check-ignore -v -z --stdin [96ms]
[2022-10-13T01:11:47.979Z] > git for-each-ref --format=%(refname)%00%(upstream:short)%00%(objectname)%00%(upstream:track)%00%(upstream:remotename)%00%(upstream:remoteref) refs/heads/master refs/remotes/master [76ms]
[2022-10-13T01:11:48.010Z] > git for-each-ref --sort -committerdate --format %(refname) %(objectname) %(*objectname) [17ms]
[2022-10-13T01:11:48.010Z] > git symbolic-ref --short HEAD [47ms]
[2022-10-13T01:11:48.019Z] > git rev-parse --git-dir --git-common-dir [91ms]
[2022-10-13T01:11:48.023Z] [info] Open repository: /home/ubuntu/.nvm
[2022-10-13T01:11:48.058Z] > git for-each-ref --format=%(refname)%00%(upstream:short)%00%(objectname)%00%(upstream:track)%00%(upstream:remotename)%00%(upstream:remoteref) refs/heads/main refs/remotes/main [39ms]
[2022-10-13T01:11:48.095Z] > git remote --verbose [87ms]
[2022-10-13T01:11:48.158Z] > git status -z -uall [115ms]
[2022-10-13T01:11:48.204Z] > git for-each-ref --sort -committerdate --format %(refname) %(objectname) %(*objectname) [127ms]
[2022-10-13T01:11:48.205Z] > git rev-parse --show-toplevel [148ms]
[2022-10-13T01:11:48.287Z] > git rev-parse --show-toplevel [59ms]
[2022-10-13T01:11:48.320Z] > git symbolic-ref --short HEAD [116ms]
[2022-10-13T01:11:48.320Z] fatal: ref HEAD is not a symbolic ref
[2022-10-13T01:11:48.340Z] > git remote --verbose [246ms]
[2022-10-13T01:11:48.357Z] > git rev-parse --show-toplevel [37ms]
[2022-10-13T01:11:48.388Z] > git config --get commit.template [105ms]
[2022-10-13T01:11:48.390Z] > git config --get commit.template [34ms]
[2022-10-13T01:11:48.390Z] > git rev-parse HEAD [50ms]
[2022-10-13T01:11:48.428Z] > git for-each-ref --sort -committerdate --format %(refname) %(objectname) %(*objectname) [29ms]
[2022-10-13T01:11:48.428Z] > git rev-parse --show-toplevel [40ms]
[2022-10-13T01:11:48.474Z] > git rev-parse --show-toplevel [32ms]
[2022-10-13T01:11:48.484Z] > git remote --verbose [57ms]
[2022-10-13T01:11:48.515Z] > git rev-parse --show-toplevel [31ms]
[2022-10-13T01:11:48.526Z] > git config --get commit.template [12ms]
[2022-10-13T01:11:48.581Z] > git rev-parse --show-toplevel [56ms]
[2022-10-13T01:11:48.669Z] > git rev-parse --show-toplevel [80ms]
[2022-10-13T01:11:48.698Z] > git rev-parse --show-toplevel [14ms]
[2022-10-13T01:11:48.722Z] > git rev-parse --show-toplevel [8ms]
[2022-10-13T01:11:49.277Z] > git check-ignore -v -z --stdin [22ms]
[2022-10-13T01:11:49.278Z] > git check-ignore -v -z --stdin [12ms]
[2022-10-13T01:11:49.312Z] > git check-ignore -v -z --stdin [72ms]
[2022-10-13T01:11:49.394Z] > git show --textconv :express/servicer.js [58ms]
[2022-10-13T01:11:49.395Z] > git show --textconv :src/index.js [44ms]
[2022-10-13T01:11:49.460Z] > git ls-files --stage -- /home/ubuntu/jinkange/src/index.js [67ms]
[2022-10-13T01:11:49.469Z] > git ls-files --stage -- /home/ubuntu/express/servicer.js [107ms]
[2022-10-13T01:11:49.482Z] > git cat-file -s d563c0fb10ba0e42724b21286eb546ee4e5734fc [14ms]
[2022-10-13T01:11:49.502Z] > git cat-file -s 1f42ed013c7dab9fc72717f3654070d5518cae01 [26ms]
[2022-10-13T01:21:05.159Z] > git status -z -uall [66ms]
[2022-10-13T01:21:05.166Z] > git symbolic-ref --short HEAD [1ms]
[2022-10-13T01:21:05.172Z] > git for-each-ref --format=%(refname)%00%(upstream:short)%00%(objectname)%00%(upstream:track)%00%(upstream:remotename)%00%(upstream:remoteref) refs/heads/main refs/remotes/main [1ms]
[2022-10-13T01:21:05.181Z] > git for-each-ref --sort -committerdate --format %(refname) %(objectname) %(*objectname) [5ms]
[2022-10-13T01:21:05.181Z] > git remote --verbose [1ms]
[2022-10-13T01:21:05.190Z] > git config --get commit.template [2ms]
[2022-10-13T01:22:12.703Z] > git status -z -uall [67ms]
[2022-10-13T01:22:12.709Z] > git symbolic-ref --short HEAD [1ms]
[2022-10-13T01:22:12.715Z] > git for-each-ref --format=%(refname)%00%(upstream:short)%00%(objectname)%00%(upstream:track)%00%(upstream:remotename)%00%(upstream:remoteref) refs/heads/main refs/remotes/main [1ms]
[2022-10-13T01:22:12.724Z] > git for-each-ref --sort -committerdate --format %(refname) %(objectname) %(*objectname) [4ms]
[2022-10-13T01:22:12.725Z] > git remote --verbose [2ms]
[2022-10-13T01:22:12.732Z] > git config --get commit.template [1ms]
[2022-10-13T01:22:17.802Z] > git status -z -uall [63ms]
[2022-10-13T01:22:17.809Z] > git symbolic-ref --short HEAD [1ms]
[2022-10-13T01:22:17.814Z] > git for-each-ref --format=%(refname)%00%(upstream:short)%00%(objectname)%00%(upstream:track)%00%(upstream:remotename)%00%(upstream:remoteref) refs/heads/main refs/remotes/main [1ms]
[2022-10-13T01:22:17.825Z] > git remote --verbose [3ms]
[2022-10-13T01:22:17.825Z] > git for-each-ref --sort -committerdate --format %(refname) %(objectname) %(*objectname) [6ms]
[2022-10-13T01:22:17.832Z] > git config --get commit.template [1ms]
[2022-10-13T01:22:31.359Z] > git status -z -uall [66ms]
[2022-10-13T01:22:31.365Z] > git symbolic-ref --short HEAD [1ms]
[2022-10-13T01:22:31.371Z] > git for-each-ref --format=%(refname)%00%(upstream:short)%00%(objectname)%00%(upstream:track)%00%(upstream:remotename)%00%(upstream:remoteref) refs/heads/main refs/remotes/main [1ms]
[2022-10-13T01:22:31.382Z] > git remote --verbose [2ms]
[2022-10-13T01:22:31.382Z] > git for-each-ref --sort -committerdate --format %(refname) %(objectname) %(*objectname) [6ms]
[2022-10-13T01:22:31.389Z] > git config --get commit.template [1ms]
[2022-10-13T01:22:36.461Z] > git status -z -uall [64ms]
[2022-10-13T01:22:36.468Z] > git symbolic-ref --short HEAD [1ms]
[2022-10-13T01:22:36.474Z] > git for-each-ref --format=%(refname)%00%(upstream:short)%00%(objectname)%00%(upstream:track)%00%(upstream:remotename)%00%(upstream:remoteref) refs/heads/main refs/remotes/main [2ms]
[2022-10-13T01:22:36.483Z] > git for-each-ref --sort -committerdate --format %(refname) %(objectname) %(*objectname) [5ms]
[2022-10-13T01:22:36.483Z] > git remote --verbose [1ms]
[2022-10-13T01:22:36.491Z] > git config --get commit.template [1ms]
[2022-10-13T01:22:37.932Z] > git show --textconv :src/App.js [6ms]
[2022-10-13T01:22:37.933Z] > git ls-files --stage -- /home/ubuntu/jinkange/src/App.js [2ms]
[2022-10-13T01:22:37.938Z] > git cat-file -s 37845757234ccb68531c10cf7a2ffc589c47e342 [1ms]
[2022-10-13T01:22:41.564Z] > git status -z -uall [65ms]
[2022-10-13T01:22:41.571Z] > git symbolic-ref --short HEAD [1ms]
[2022-10-13T01:22:41.576Z] > git for-each-ref --format=%(refname)%00%(upstream:short)%00%(objectname)%00%(upstream:track)%00%(upstream:remotename)%00%(upstream:remoteref) refs/heads/main refs/remotes/main [1ms]
[2022-10-13T01:22:41.587Z] > git for-each-ref --sort -committerdate --format %(refname) %(objectname) %(*objectname) [6ms]
[2022-10-13T01:22:41.587Z] > git remote --verbose [1ms]
[2022-10-13T01:22:41.597Z] > git config --get commit.template [3ms]
[2022-10-13T01:23:55.559Z] > git status -z -uall [66ms]
[2022-10-13T01:23:55.566Z] > git symbolic-ref --short HEAD [1ms]
[2022-10-13T01:23:55.571Z] > git for-each-ref --format=%(refname)%00%(upstream:short)%00%(objectname)%00%(upstream:track)%00%(upstream:remotename)%00%(upstream:remoteref) refs/heads/main refs/remotes/main [1ms]
[2022-10-13T01:23:55.580Z] > git for-each-ref --sort -committerdate --format %(refname) %(objectname) %(*objectname) [4ms]
[2022-10-13T01:23:55.581Z] > git remote --verbose [2ms]
[2022-10-13T01:23:55.591Z] > git config --get commit.template [2ms]
[2022-10-13T01:23:56.163Z] > git check-ignore -v -z --stdin [5ms]
[2022-10-13T01:24:00.663Z] > git status -z -uall [65ms]
[2022-10-13T01:24:00.670Z] > git symbolic-ref --short HEAD [1ms]
[2022-10-13T01:24:00.676Z] > git for-each-ref --format=%(refname)%00%(upstream:short)%00%(objectname)%00%(upstream:track)%00%(upstream:remotename)%00%(upstream:remoteref) refs/heads/main refs/remotes/main [1ms]
[2022-10-13T01:24:00.685Z] > git for-each-ref --sort -committerdate --format %(refname) %(objectname) %(*objectname) [5ms]
[2022-10-13T01:24:00.685Z] > git remote --verbose [1ms]
[2022-10-13T01:24:00.693Z] > git config --get commit.template [1ms]
[2022-10-13T01:24:05.764Z] > git status -z -uall [64ms]
[2022-10-13T01:24:05.772Z] > git symbolic-ref --short HEAD [2ms]
[2022-10-13T01:24:05.778Z] > git for-each-ref --format=%(refname)%00%(upstream:short)%00%(objectname)%00%(upstream:track)%00%(upstream:remotename)%00%(upstream:remoteref) refs/heads/main refs/remotes/main [2ms]
[2022-10-13T01:24:05.787Z] > git for-each-ref --sort -committerdate --format %(refname) %(objectname) %(*objectname) [5ms]
[2022-10-13T01:24:05.787Z] > git remote --verbose [1ms]
[2022-10-13T01:24:05.795Z] > git config --get commit.template [0ms]
[2022-10-13T01:24:10.868Z] > git status -z -uall [65ms]
[2022-10-13T01:24:10.876Z] > git symbolic-ref --short HEAD [1ms]
[2022-10-13T01:24:10.882Z] > git for-each-ref --format=%(refname)%00%(upstream:short)%00%(objectname)%00%(upstream:track)%00%(upstream:remotename)%00%(upstream:remoteref) refs/heads/main refs/remotes/main [2ms]
[2022-10-13T01:24:10.892Z] > git for-each-ref --sort -committerdate --format %(refname) %(objectname) %(*objectname) [6ms]
[2022-10-13T01:24:10.892Z] > git remote --verbose [1ms]
[2022-10-13T01:24:10.900Z] > git config --get commit.template [1ms]
[2022-10-13T01:24:14.679Z] > git show --textconv :express/Dockerfile [59ms]
[2022-10-13T01:24:14.734Z] > git ls-files --stage -- /home/ubuntu/express/Dockerfile [57ms]
[2022-10-13T01:24:14.766Z] > git cat-file -s 47fbd321e6f1d49789fefed0cbb2c273ab837cea [10ms]
[2022-10-13T01:24:15.974Z] > git status -z -uall [64ms]
[2022-10-13T01:24:15.982Z] > git symbolic-ref --short HEAD [1ms]
[2022-10-13T01:24:15.989Z] > git for-each-ref --format=%(refname)%00%(upstream:short)%00%(objectname)%00%(upstream:track)%00%(upstream:remotename)%00%(upstream:remoteref) refs/heads/main refs/remotes/main [1ms]
[2022-10-13T01:24:16.000Z] > git for-each-ref --sort -committerdate --format %(refname) %(objectname) %(*objectname) [6ms]
[2022-10-13T01:24:16.001Z] > git remote --verbose [2ms]
[2022-10-13T01:24:16.009Z] > git config --get commit.template [1ms]
[2022-10-13T01:24:17.856Z] > git check-ignore -v -z --stdin [4ms]
[2022-10-13T01:24:21.083Z] > git status -z -uall [65ms]
[2022-10-13T01:24:21.091Z] > git symbolic-ref --short HEAD [1ms]
[2022-10-13T01:24:21.099Z] > git for-each-ref --format=%(refname)%00%(upstream:short)%00%(objectname)%00%(upstream:track)%00%(upstream:remotename)%00%(upstream:remoteref) refs/heads/main refs/remotes/main [2ms]
[2022-10-13T01:24:21.111Z] > git for-each-ref --sort -committerdate --format %(refname) %(objectname) %(*objectname) [7ms]
[2022-10-13T01:24:21.111Z] > git remote --verbose [1ms]
[2022-10-13T01:24:21.120Z] > git config --get commit.template [1ms]
[2022-10-13T01:24:24.028Z] > git check-ignore -v -z --stdin [7ms]
[2022-10-13T01:24:26.194Z] > git status -z -uall [66ms]
[2022-10-13T01:24:26.202Z] > git symbolic-ref --short HEAD [1ms]
[2022-10-13T01:24:26.209Z] > git for-each-ref --format=%(refname)%00%(upstream:short)%00%(objectname)%00%(upstream:track)%00%(upstream:remotename)%00%(upstream:remoteref) refs/heads/main refs/remotes/main [2ms]
[2022-10-13T01:24:26.221Z] > git for-each-ref --sort -committerdate --format %(refname) %(objectname) %(*objectname) [6ms]
[2022-10-13T01:24:26.222Z] > git remote --verbose [2ms]
[2022-10-13T01:24:26.230Z] > git config --get commit.template [1ms]
[2022-10-13T01:24:30.893Z] > git check-ignore -v -z --stdin [2ms]
[2022-10-13T01:24:31.305Z] > git status -z -uall [66ms]
[2022-10-13T01:24:31.315Z] > git symbolic-ref --short HEAD [3ms]
[2022-10-13T01:24:31.321Z] > git for-each-ref --format=%(refname)%00%(upstream:short)%00%(objectname)%00%(upstream:track)%00%(upstream:remotename)%00%(upstream:remoteref) refs/heads/main refs/remotes/main [1ms]
[2022-10-13T01:24:31.334Z] > git for-each-ref --sort -committerdate --format %(refname) %(objectname) %(*objectname) [6ms]
[2022-10-13T01:24:31.334Z] > git remote --verbose [2ms]
[2022-10-13T01:24:31.343Z] > git config --get commit.template [1ms]
[2022-10-13T01:24:32.354Z] > git show --textconv :build/index.html [8ms]
[2022-10-13T01:24:32.357Z] > git ls-files --stage -- /home/ubuntu/jinkange/build/index.html [4ms]
[2022-10-13T01:24:36.415Z] > git status -z -uall [64ms]
[2022-10-13T01:24:36.424Z] > git symbolic-ref --short HEAD [2ms]
[2022-10-13T01:24:36.431Z] > git for-each-ref --format=%(refname)%00%(upstream:short)%00%(objectname)%00%(upstream:track)%00%(upstream:remotename)%00%(upstream:remoteref) refs/heads/main refs/remotes/main [1ms]
[2022-10-13T01:24:36.443Z] > git for-each-ref --sort -committerdate --format %(refname) %(objectname) %(*objectname) [6ms]
[2022-10-13T01:24:36.443Z] > git remote --verbose [2ms]
[2022-10-13T01:24:36.453Z] > git config --get commit.template [1ms]
[2022-10-13T01:24:41.526Z] > git status -z -uall [64ms]
[2022-10-13T01:24:41.533Z] > git symbolic-ref --short HEAD [1ms]
[2022-10-13T01:24:41.541Z] > git for-each-ref --format=%(refname)%00%(upstream:short)%00%(objectname)%00%(upstream:track)%00%(upstream:remotename)%00%(upstream:remoteref) refs/heads/main refs/remotes/main [2ms]
[2022-10-13T01:24:41.552Z] > git for-each-ref --sort -committerdate --format %(refname) %(objectname) %(*objectname) [6ms]
[2022-10-13T01:24:41.553Z] > git remote --verbose [2ms]
[2022-10-13T01:24:41.563Z] > git config --get commit.template [2ms]
[2022-10-13T01:24:46.636Z] > git status -z -uall [65ms]
[2022-10-13T01:24:46.644Z] > git symbolic-ref --short HEAD [1ms]
[2022-10-13T01:24:46.651Z] > git for-each-ref --format=%(refname)%00%(upstream:short)%00%(objectname)%00%(upstream:track)%00%(upstream:remotename)%00%(upstream:remoteref) refs/heads/main refs/remotes/main [1ms]
[2022-10-13T01:24:46.663Z] > git for-each-ref --sort -committerdate --format %(refname) %(objectname) %(*objectname) [6ms]
[2022-10-13T01:24:46.663Z] > git remote --verbose [2ms]
[2022-10-13T01:24:46.672Z] > git config --get commit.template [2ms]
[2022-10-13T01:24:51.746Z] > git status -z -uall [65ms]
[2022-10-13T01:24:51.753Z] > git symbolic-ref --short HEAD [1ms]
[2022-10-13T01:24:51.761Z] > git for-each-ref --format=%(refname)%00%(upstream:short)%00%(objectname)%00%(upstream:track)%00%(upstream:remotename)%00%(upstream:remoteref) refs/heads/main refs/remotes/main [2ms]
[2022-10-13T01:24:51.772Z] > git for-each-ref --sort -committerdate --format %(refname) %(objectname) %(*objectname) [7ms]
[2022-10-13T01:24:51.772Z] > git remote --verbose [2ms]
[2022-10-13T01:24:51.780Z] > git config --get commit.template [0ms]
[2022-10-13T01:25:30.606Z] > git status -z -uall [67ms]
[2022-10-13T01:25:30.616Z] > git symbolic-ref --short HEAD [2ms]
[2022-10-13T01:25:30.622Z] > git for-each-ref --format=%(refname)%00%(upstream:short)%00%(objectname)%00%(upstream:track)%00%(upstream:remotename)%00%(upstream:remoteref) refs/heads/main refs/remotes/main [1ms]
[2022-10-13T01:25:30.633Z] > git for-each-ref --sort -committerdate --format %(refname) %(objectname) %(*objectname) [6ms]
[2022-10-13T01:25:30.634Z] > git remote --verbose [2ms]
[2022-10-13T01:25:30.643Z] > git config --get commit.template [0ms]
[2022-10-13T01:25:34.342Z] > git check-ignore -v -z --stdin [1ms]
[2022-10-13T01:25:35.715Z] > git status -z -uall [63ms]
[2022-10-13T01:25:35.723Z] > git symbolic-ref --short HEAD [1ms]
[2022-10-13T01:25:35.729Z] > git for-each-ref --format=%(refname)%00%(upstream:short)%00%(objectname)%00%(upstream:track)%00%(upstream:remotename)%00%(upstream:remoteref) refs/heads/main refs/remotes/main [1ms]
[2022-10-13T01:25:35.740Z] > git for-each-ref --sort -committerdate --format %(refname) %(objectname) %(*objectname) [6ms]
[2022-10-13T01:25:35.741Z] > git remote --verbose [2ms]
[2022-10-13T01:25:35.749Z] > git config --get commit.template [0ms]
[2022-10-13T01:25:39.417Z] > git show --textconv :package.json [8ms]
[2022-10-13T01:25:39.420Z] > git ls-files --stage -- /home/ubuntu/jinkange/package.json [4ms]
[2022-10-13T01:25:39.428Z] > git cat-file -s 6bcec277a256c110e640ee4c61591557a8bcf410 [2ms]
[2022-10-13T01:25:40.824Z] > git status -z -uall [66ms]
[2022-10-13T01:25:40.833Z] > git symbolic-ref --short HEAD [2ms]
[2022-10-13T01:25:40.841Z] > git for-each-ref --format=%(refname)%00%(upstream:short)%00%(objectname)%00%(upstream:track)%00%(upstream:remotename)%00%(upstream:remoteref) refs/heads/main refs/remotes/main [2ms]
[2022-10-13T01:25:40.853Z] > git for-each-ref --sort -committerdate --format %(refname) %(objectname) %(*objectname) [7ms]
[2022-10-13T01:25:40.853Z] > git remote --verbose [1ms]
[2022-10-13T01:25:40.863Z] > git config --get commit.template [1ms]
[2022-10-13T01:25:45.936Z] > git status -z -uall [65ms]
[2022-10-13T01:25:45.944Z] > git symbolic-ref --short HEAD [1ms]
[2022-10-13T01:25:45.951Z] > git for-each-ref --format=%(refname)%00%(upstream:short)%00%(objectname)%00%(upstream:track)%00%(upstream:remotename)%00%(upstream:remoteref) refs/heads/main refs/remotes/main [1ms]
[2022-10-13T01:25:45.964Z] > git for-each-ref --sort -committerdate --format %(refname) %(objectname) %(*objectname) [7ms]
[2022-10-13T01:25:45.964Z] > git remote --verbose [1ms]
[2022-10-13T01:25:45.976Z] > git config --get commit.template [2ms]
[2022-10-13T01:25:51.063Z] > git status -z -uall [80ms]
[2022-10-13T01:25:51.073Z] > git symbolic-ref --short HEAD [3ms]
[2022-10-13T01:25:51.079Z] > git for-each-ref --format=%(refname)%00%(upstream:short)%00%(objectname)%00%(upstream:track)%00%(upstream:remotename)%00%(upstream:remoteref) refs/heads/main refs/remotes/main [2ms]
[2022-10-13T01:25:51.092Z] > git for-each-ref --sort -committerdate --format %(refname) %(objectname) %(*objectname) [8ms]
[2022-10-13T01:25:51.094Z] > git remote --verbose [3ms]
[2022-10-13T01:25:51.103Z] > git config --get commit.template [2ms]
[2022-10-13T01:25:54.550Z] > git status -z -uall [2ms]
[2022-10-13T01:25:54.557Z] > git symbolic-ref --short HEAD [2ms]
[2022-10-13T01:25:54.564Z] > git for-each-ref --format=%(refname)%00%(upstream:short)%00%(objectname)%00%(upstream:track)%00%(upstream:remotename)%00%(upstream:remoteref) refs/heads/master refs/remotes/master [1ms]
[2022-10-13T01:25:54.580Z] > git for-each-ref --sort -committerdate --format %(refname) %(objectname) %(*objectname) [12ms]
[2022-10-13T01:25:54.582Z] > git remote --verbose [3ms]
[2022-10-13T01:25:54.591Z] > git config --get commit.template [1ms]
[2022-10-13T01:26:03.576Z] > git status -z -uall [66ms]
[2022-10-13T01:26:03.584Z] > git symbolic-ref --short HEAD [1ms]
[2022-10-13T01:26:03.590Z] > git for-each-ref --format=%(refname)%00%(upstream:short)%00%(objectname)%00%(upstream:track)%00%(upstream:remotename)%00%(upstream:remoteref) refs/heads/main refs/remotes/main [1ms]
[2022-10-13T01:26:03.602Z] > git for-each-ref --sort -committerdate --format %(refname) %(objectname) %(*objectname) [6ms]
[2022-10-13T01:26:03.602Z] > git remote --verbose [1ms]
[2022-10-13T01:26:03.610Z] > git config --get commit.template [1ms]
[2022-10-13T01:26:23.827Z] > git status -z -uall [6ms]
[2022-10-13T01:26:23.835Z] > git symbolic-ref --short HEAD [2ms]
[2022-10-13T01:26:23.850Z] > git for-each-ref --format=%(refname)%00%(upstream:short)%00%(objectname)%00%(upstream:track)%00%(upstream:remotename)%00%(upstream:remoteref) refs/heads/master refs/remotes/master [2ms]
[2022-10-13T01:26:23.863Z] > git for-each-ref --sort -committerdate --format %(refname) %(objectname) %(*objectname) [7ms]
[2022-10-13T01:26:23.864Z] > git remote --verbose [2ms]
[2022-10-13T01:26:23.872Z] > git config --get commit.template [2ms]
[2022-10-13T01:26:23.898Z] > git status -z -uall [71ms]
[2022-10-13T01:26:23.906Z] > git symbolic-ref --short HEAD [1ms]
[2022-10-13T01:26:23.913Z] > git for-each-ref --format=%(refname)%00%(upstream:short)%00%(objectname)%00%(upstream:track)%00%(upstream:remotename)%00%(upstream:remoteref) refs/heads/main refs/remotes/main [1ms]
[2022-10-13T01:26:23.924Z] > git for-each-ref --sort -committerdate --format %(refname) %(objectname) %(*objectname) [6ms]
[2022-10-13T01:26:23.925Z] > git remote --verbose [2ms]
[2022-10-13T01:26:23.934Z] > git config --get commit.template [2ms]
[2022-10-13T01:26:28.882Z] > git status -z -uall [2ms]
[2022-10-13T01:26:28.888Z] > git symbolic-ref --short HEAD [1ms]
[2022-10-13T01:26:28.896Z] > git for-each-ref --format=%(refname)%00%(upstream:short)%00%(objectname)%00%(upstream:track)%00%(upstream:remotename)%00%(upstream:remoteref) refs/heads/master refs/remotes/master [2ms]
[2022-10-13T01:26:28.908Z] > git for-each-ref --sort -committerdate --format %(refname) %(objectname) %(*objectname) [7ms]
[2022-10-13T01:26:28.908Z] > git remote --verbose [2ms]
[2022-10-13T01:26:28.915Z] > git config --get commit.template [0ms]
[2022-10-13T01:26:29.007Z] > git status -z -uall [67ms]
[2022-10-13T01:26:29.023Z] > git symbolic-ref --short HEAD [9ms]
[2022-10-13T01:26:29.032Z] > git for-each-ref --format=%(refname)%00%(upstream:short)%00%(objectname)%00%(upstream:track)%00%(upstream:remotename)%00%(upstream:remoteref) refs/heads/main refs/remotes/main [3ms]
[2022-10-13T01:26:29.043Z] > git for-each-ref --sort -committerdate --format %(refname) %(objectname) %(*objectname) [6ms]
[2022-10-13T01:26:29.045Z] > git remote --verbose [3ms]
[2022-10-13T01:26:29.053Z] > git config --get commit.template [0ms]
[2022-10-13T01:27:32.757Z] > git status -z -uall [3ms]
[2022-10-13T01:27:32.775Z] > git symbolic-ref --short HEAD [4ms]
[2022-10-13T01:27:32.782Z] > git for-each-ref --format=%(refname)%00%(upstream:short)%00%(objectname)%00%(upstream:track)%00%(upstream:remotename)%00%(upstream:remoteref) refs/heads/master refs/remotes/master [1ms]
[2022-10-13T01:27:32.794Z] > git for-each-ref --sort -committerdate --format %(refname) %(objectname) %(*objectname) [6ms]
[2022-10-13T01:27:32.796Z] > git remote --verbose [2ms]
[2022-10-13T01:27:32.805Z] > git config --get commit.template [1ms]
[2022-10-13T01:27:32.824Z] > git status -z -uall [76ms]
[2022-10-13T01:27:32.833Z] > git symbolic-ref --short HEAD [2ms]
[2022-10-13T01:27:32.840Z] > git for-each-ref --format=%(refname)%00%(upstream:short)%00%(objectname)%00%(upstream:track)%00%(upstream:remotename)%00%(upstream:remoteref) refs/heads/main refs/remotes/main [2ms]
[2022-10-13T01:27:32.851Z] > git for-each-ref --sort -committerdate --format %(refname) %(objectname) %(*objectname) [6ms]
[2022-10-13T01:27:32.851Z] > git remote --verbose [1ms]
[2022-10-13T01:27:32.860Z] > git config --get commit.template [1ms]
[2022-10-13T01:33:07.220Z] > git status -z -uall [7ms]
[2022-10-13T01:33:07.229Z] > git symbolic-ref --short HEAD [2ms]
[2022-10-13T01:33:07.247Z] > git for-each-ref --format=%(refname)%00%(upstream:short)%00%(objectname)%00%(upstream:track)%00%(upstream:remotename)%00%(upstream:remoteref) refs/heads/master refs/remotes/master [3ms]
[2022-10-13T01:33:07.262Z] > git for-each-ref --sort -committerdate --format %(refname) %(objectname) %(*objectname) [9ms]
[2022-10-13T01:33:07.263Z] > git remote --verbose [2ms]
[2022-10-13T01:33:07.273Z] > git config --get commit.template [2ms]
[2022-10-13T01:33:07.298Z] > git status -z -uall [79ms]
[2022-10-13T01:33:07.306Z] > git symbolic-ref --short HEAD [1ms]
[2022-10-13T01:33:07.314Z] > git for-each-ref --format=%(refname)%00%(upstream:short)%00%(objectname)%00%(upstream:track)%00%(upstream:remotename)%00%(upstream:remoteref) refs/heads/main refs/remotes/main [1ms]
[2022-10-13T01:33:07.326Z] > git for-each-ref --sort -committerdate --format %(refname) %(objectname) %(*objectname) [7ms]
[2022-10-13T01:33:07.326Z] > git remote --verbose [1ms]
[2022-10-13T01:33:07.337Z] > git config --get commit.template [1ms]
[2022-10-13T01:35:04.699Z] > git status -z -uall [63ms]
[2022-10-13T01:35:04.708Z] > git symbolic-ref --short HEAD [1ms]
[2022-10-13T01:35:04.715Z] > git for-each-ref --format=%(refname)%00%(upstream:short)%00%(objectname)%00%(upstream:track)%00%(upstream:remotename)%00%(upstream:remoteref) refs/heads/main refs/remotes/main [1ms]
[2022-10-13T01:35:04.725Z] > git for-each-ref --sort -committerdate --format %(refname) %(objectname) %(*objectname) [6ms]
[2022-10-13T01:35:04.726Z] > git remote --verbose [2ms]
[2022-10-13T01:35:04.734Z] > git config --get commit.template [1ms]
[2022-10-13T01:35:09.808Z] > git status -z -uall [66ms]
[2022-10-13T01:35:09.817Z] > git symbolic-ref --short HEAD [1ms]
[2022-10-13T01:35:09.823Z] > git for-each-ref --format=%(refname)%00%(upstream:short)%00%(objectname)%00%(upstream:track)%00%(upstream:remotename)%00%(upstream:remoteref) refs/heads/main refs/remotes/main [1ms]
[2022-10-13T01:35:09.834Z] > git for-each-ref --sort -committerdate --format %(refname) %(objectname) %(*objectname) [5ms]
[2022-10-13T01:35:09.835Z] > git remote --verbose [2ms]
[2022-10-13T01:35:09.845Z] > git config --get commit.template [1ms]
[2022-10-13T01:35:13.842Z] > git show --textconv :src/App.js [9ms]
[2022-10-13T01:35:13.842Z] > git ls-files --stage -- /home/ubuntu/jinkange/src/App.js [3ms]
[2022-10-13T01:35:13.849Z] > git cat-file -s 37845757234ccb68531c10cf7a2ffc589c47e342 [2ms]
[2022-10-13T01:35:14.918Z] > git status -z -uall [65ms]
[2022-10-13T01:35:14.927Z] > git symbolic-ref --short HEAD [1ms]
[2022-10-13T01:35:14.933Z] > git for-each-ref --format=%(refname)%00%(upstream:short)%00%(objectname)%00%(upstream:track)%00%(upstream:remotename)%00%(upstream:remoteref) refs/heads/main refs/remotes/main [1ms]
[2022-10-13T01:35:14.944Z] > git for-each-ref --sort -committerdate --format %(refname) %(objectname) %(*objectname) [6ms]
[2022-10-13T01:35:14.945Z] > git remote --verbose [2ms]
[2022-10-13T01:35:14.954Z] > git config --get commit.template [1ms]
[2022-10-13T01:35:20.029Z] > git status -z -uall [66ms]
[2022-10-13T01:35:20.037Z] > git symbolic-ref --short HEAD [1ms]
[2022-10-13T01:35:20.045Z] > git for-each-ref --format=%(refname)%00%(upstream:short)%00%(objectname)%00%(upstream:track)%00%(upstream:remotename)%00%(upstream:remoteref) refs/heads/main refs/remotes/main [2ms]
[2022-10-13T01:35:20.057Z] > git for-each-ref --sort -committerdate --format %(refname) %(objectname) %(*objectname) [7ms]
[2022-10-13T01:35:20.057Z] > git remote --verbose [2ms]
[2022-10-13T01:35:20.065Z] > git config --get commit.template [0ms]
[2022-10-13T01:35:25.147Z] > git status -z -uall [73ms]
[2022-10-13T01:35:25.157Z] > git symbolic-ref --short HEAD [3ms]
[2022-10-13T01:35:25.165Z] > git for-each-ref --format=%(refname)%00%(upstream:short)%00%(objectname)%00%(upstream:track)%00%(upstream:remotename)%00%(upstream:remoteref) refs/heads/main refs/remotes/main [3ms]
[2022-10-13T01:35:25.178Z] > git for-each-ref --sort -committerdate --format %(refname) %(objectname) %(*objectname) [8ms]
[2022-10-13T01:35:25.180Z] > git remote --verbose [4ms]
[2022-10-13T01:35:25.189Z] > git config --get commit.template [2ms]
[2022-10-13T01:35:30.067Z] > git status -z -uall [2ms]
[2022-10-13T01:35:30.074Z] > git symbolic-ref --short HEAD [1ms]
[2022-10-13T01:35:30.080Z] > git for-each-ref --format=%(refname)%00%(upstream:short)%00%(objectname)%00%(upstream:track)%00%(upstream:remotename)%00%(upstream:remoteref) refs/heads/master refs/remotes/master [1ms]
[2022-10-13T01:35:30.091Z] > git for-each-ref --sort -committerdate --format %(refname) %(objectname) %(*objectname) [6ms]
[2022-10-13T01:35:30.091Z] > git remote --verbose [1ms]
[2022-10-13T01:35:30.099Z] > git config --get commit.template [1ms]
[2022-10-13T01:35:30.262Z] > git status -z -uall [64ms]
[2022-10-13T01:35:30.271Z] > git symbolic-ref --short HEAD [2ms]
[2022-10-13T01:35:30.278Z] > git for-each-ref --format=%(refname)%00%(upstream:short)%00%(objectname)%00%(upstream:track)%00%(upstream:remotename)%00%(upstream:remoteref) refs/heads/main refs/remotes/main [2ms]
[2022-10-13T01:35:30.289Z] > git for-each-ref --sort -committerdate --format %(refname) %(objectname) %(*objectname) [6ms]
[2022-10-13T01:35:30.289Z] > git remote --verbose [1ms]
[2022-10-13T01:35:30.298Z] > git config --get commit.template [1ms]
[2022-10-13T01:42:00.793Z] > git status -z -uall [10ms]
[2022-10-13T01:42:00.804Z] > git symbolic-ref --short HEAD [3ms]
[2022-10-13T01:42:00.811Z] > git for-each-ref --format=%(refname)%00%(upstream:short)%00%(objectname)%00%(upstream:track)%00%(upstream:remotename)%00%(upstream:remoteref) refs/heads/master refs/remotes/master [2ms]
[2022-10-13T01:42:00.823Z] > git for-each-ref --sort -committerdate --format %(refname) %(objectname) %(*objectname) [7ms]
[2022-10-13T01:42:00.825Z] > git remote --verbose [3ms]
[2022-10-13T01:42:00.848Z] > git config --get commit.template [2ms]
[2022-10-13T01:42:00.852Z] > git status -z -uall [74ms]
[2022-10-13T01:42:00.859Z] > git symbolic-ref --short HEAD [1ms]
[2022-10-13T01:42:00.866Z] > git for-each-ref --format=%(refname)%00%(upstream:short)%00%(objectname)%00%(upstream:track)%00%(upstream:remotename)%00%(upstream:remoteref) refs/heads/main refs/remotes/main [2ms]
[2022-10-13T01:42:00.879Z] > git remote --verbose [2ms]
[2022-10-13T01:42:00.880Z] > git for-each-ref --sort -committerdate --format %(refname) %(objectname) %(*objectname) [9ms]
[2022-10-13T01:42:00.890Z] > git config --get commit.template [1ms]
[2022-10-13T01:42:05.858Z] > git status -z -uall [2ms]
[2022-10-13T01:42:05.865Z] > git symbolic-ref --short HEAD [1ms]
[2022-10-13T01:42:05.871Z] > git for-each-ref --format=%(refname)%00%(upstream:short)%00%(objectname)%00%(upstream:track)%00%(upstream:remotename)%00%(upstream:remoteref) refs/heads/master refs/remotes/master [1ms]
[2022-10-13T01:42:05.882Z] > git for-each-ref --sort -committerdate --format %(refname) %(objectname) %(*objectname) [6ms]
[2022-10-13T01:42:05.883Z] > git remote --verbose [2ms]
[2022-10-13T01:42:05.898Z] > git config --get commit.template [7ms]
[2022-10-13T01:42:05.962Z] > git status -z -uall [66ms]
[2022-10-13T01:42:05.970Z] > git symbolic-ref --short HEAD [1ms]
[2022-10-13T01:42:05.977Z] > git for-each-ref --format=%(refname)%00%(upstream:short)%00%(objectname)%00%(upstream:track)%00%(upstream:remotename)%00%(upstream:remoteref) refs/heads/main refs/remotes/main [2ms]
[2022-10-13T01:42:05.994Z] > git remote --verbose [7ms]
[2022-10-13T01:42:05.994Z] > git for-each-ref --sort -committerdate --format %(refname) %(objectname) %(*objectname) [12ms]
[2022-10-13T01:42:06.005Z] > git config --get commit.template [1ms]
[2022-10-13T01:42:11.106Z] > git status -z -uall [83ms]
[2022-10-13T01:42:11.115Z] > git symbolic-ref --short HEAD [2ms]
[2022-10-13T01:42:11.123Z] > git for-each-ref --format=%(refname)%00%(upstream:short)%00%(objectname)%00%(upstream:track)%00%(upstream:remotename)%00%(upstream:remoteref) refs/heads/main refs/remotes/main [2ms]
[2022-10-13T01:42:11.135Z] > git for-each-ref --sort -committerdate --format %(refname) %(objectname) %(*objectname) [7ms]
[2022-10-13T01:42:11.136Z] > git remote --verbose [2ms]
[2022-10-13T01:42:11.145Z] > git config --get commit.template [2ms]
[2022-10-13T01:42:11.213Z] > git status -z -uall [4ms]
[2022-10-13T01:42:11.219Z] > git symbolic-ref --short HEAD [2ms]
[2022-10-13T01:42:11.232Z] > git for-each-ref --format=%(refname)%00%(upstream:short)%00%(objectname)%00%(upstream:track)%00%(upstream:remotename)%00%(upstream:remoteref) refs/heads/master refs/remotes/master [2ms]
[2022-10-13T01:42:11.258Z] > git remote --verbose [15ms]
[2022-10-13T01:42:11.258Z] > git for-each-ref --sort -committerdate --format %(refname) %(objectname) %(*objectname) [21ms]
[2022-10-13T01:42:11.267Z] > git config --get commit.template [1ms]
[2022-10-13T01:42:16.219Z] > git status -z -uall [65ms]
[2022-10-13T01:42:16.228Z] > git symbolic-ref --short HEAD [1ms]
[2022-10-13T01:42:16.235Z] > git for-each-ref --format=%(refname)%00%(upstream:short)%00%(objectname)%00%(upstream:track)%00%(upstream:remotename)%00%(upstream:remoteref) refs/heads/main refs/remotes/main [1ms]
[2022-10-13T01:42:16.247Z] > git for-each-ref --sort -committerdate --format %(refname) %(objectname) %(*objectname) [6ms]
[2022-10-13T01:42:16.248Z] > git remote --verbose [2ms]
[2022-10-13T01:42:16.260Z] > git config --get commit.template [4ms]
[2022-10-13T01:44:08.727Z] > git status -z -uall [12ms]
[2022-10-13T01:44:08.737Z] > git symbolic-ref --short HEAD [3ms]
[2022-10-13T01:44:08.744Z] > git for-each-ref --format=%(refname)%00%(upstream:short)%00%(objectname)%00%(upstream:track)%00%(upstream:remotename)%00%(upstream:remoteref) refs/heads/master refs/remotes/master [2ms]
[2022-10-13T01:44:08.757Z] > git for-each-ref --sort -committerdate --format %(refname) %(objectname) %(*objectname) [8ms]
[2022-10-13T01:44:08.759Z] > git remote --verbose [3ms]
[2022-10-13T01:44:08.767Z] > git config --get commit.template [2ms]
[2022-10-13T01:44:08.784Z] > git status -z -uall [75ms]
[2022-10-13T01:44:08.792Z] > git symbolic-ref --short HEAD [1ms]
[2022-10-13T01:44:08.800Z] > git for-each-ref --format=%(refname)%00%(upstream:short)%00%(objectname)%00%(upstream:track)%00%(upstream:remotename)%00%(upstream:remoteref) refs/heads/main refs/remotes/main [1ms]
[2022-10-13T01:44:08.813Z] > git for-each-ref --sort -committerdate --format %(refname) %(objectname) %(*objectname) [7ms]
[2022-10-13T01:44:08.813Z] > git remote --verbose [1ms]
[2022-10-13T01:44:08.825Z] > git config --get commit.template [4ms]
