[2022-09-30T08:19:37.309Z] Log level: Info
[2022-09-30T08:19:37.323Z] [info] Validating found git in: git
[2022-09-30T08:19:37.404Z] [info] Using git 2.34.1 from git
[2022-09-30T08:19:37.504Z] > git rev-parse --show-toplevel [76ms]
[2022-09-30T08:19:37.545Z] > git rev-parse --git-dir --git-common-dir [30ms]
[2022-09-30T08:19:37.562Z] [info] Open repository: /home/ubuntu
[2022-09-30T08:19:38.151Z] > git status -z -uall [577ms]
[2022-09-30T08:19:38.165Z] > git symbolic-ref --short HEAD [7ms]
[2022-09-30T08:19:38.178Z] > git for-each-ref --format=%(refname)%00%(upstream:short)%00%(objectname)%00%(upstream:track)%00%(upstream:remotename)%00%(upstream:remoteref) refs/heads/main refs/remotes/main [10ms]
[2022-09-30T08:19:38.196Z] > git for-each-ref --sort -committerdate --format %(refname) %(objectname) %(*objectname) [10ms]
[2022-09-30T08:19:38.201Z] > git remote --verbose [6ms]
[2022-09-30T08:19:38.762Z] > git config --get commit.template [14ms]
[2022-09-30T08:19:38.854Z] > git check-ignore -v -z --stdin [99ms]
[2022-09-30T08:19:38.956Z] > git status -z -uall [172ms]
[2022-09-30T08:19:38.966Z] > git symbolic-ref --short HEAD [4ms]
[2022-09-30T08:19:38.974Z] > git for-each-ref --format=%(refname)%00%(upstream:short)%00%(objectname)%00%(upstream:track)%00%(upstream:remotename)%00%(upstream:remoteref) refs/heads/main refs/remotes/main [4ms]
[2022-09-30T08:19:38.983Z] > git for-each-ref --sort -committerdate --format %(refname) %(objectname) %(*objectname) [5ms]
[2022-09-30T08:19:38.986Z] > git remote --verbose [3ms]
[2022-09-30T08:19:39.026Z] > git config --get commit.template [2ms]
[2022-09-30T08:19:42.154Z] > git check-ignore -v -z --stdin [14ms]
[2022-09-30T08:19:44.185Z] > git show --textconv :express/Nodejs/main.js [44ms]
[2022-09-30T08:19:44.191Z] > git ls-files --stage -- /home/ubuntu/express/Nodejs/main.js [30ms]
[2022-09-30T08:19:44.240Z] > git cat-file -s ec5d20c2c0c7c7668d534e6eadb4d1eec2b332cb [35ms]
[2022-09-30T08:19:46.819Z] > git status -z -uall [634ms]
[2022-09-30T08:19:46.840Z] > git symbolic-ref --short HEAD [8ms]
[2022-09-30T08:19:46.874Z] > git for-each-ref --format=%(refname)%00%(upstream:short)%00%(objectname)%00%(upstream:track)%00%(upstream:remotename)%00%(upstream:remoteref) refs/heads/main refs/remotes/main [14ms]
[2022-09-30T08:19:46.900Z] > git for-each-ref --sort -committerdate --format %(refname) %(objectname) %(*objectname) [13ms]
[2022-09-30T08:19:46.914Z] > git remote --verbose [16ms]
[2022-09-30T08:19:48.284Z] > git config --get commit.template [31ms]
[2022-09-30T08:21:06.539Z] > git status -z -uall [134ms]
[2022-09-30T08:21:06.545Z] > git symbolic-ref --short HEAD [2ms]
[2022-09-30T08:21:06.550Z] > git for-each-ref --format=%(refname)%00%(upstream:short)%00%(objectname)%00%(upstream:track)%00%(upstream:remotename)%00%(upstream:remoteref) refs/heads/main refs/remotes/main [2ms]
[2022-09-30T08:21:06.558Z] > git for-each-ref --sort -committerdate --format %(refname) %(objectname) %(*objectname) [5ms]
[2022-09-30T08:21:06.560Z] > git remote --verbose [3ms]
[2022-09-30T08:21:06.594Z] > git config --get commit.template [2ms]
[2022-09-30T08:21:11.725Z] > git status -z -uall [126ms]
[2022-09-30T08:21:11.731Z] > git symbolic-ref --short HEAD [2ms]
[2022-09-30T08:21:11.737Z] > git for-each-ref --format=%(refname)%00%(upstream:short)%00%(objectname)%00%(upstream:track)%00%(upstream:remotename)%00%(upstream:remoteref) refs/heads/main refs/remotes/main [3ms]
[2022-09-30T08:21:11.745Z] > git for-each-ref --sort -committerdate --format %(refname) %(objectname) %(*objectname) [5ms]
[2022-09-30T08:21:11.749Z] > git remote --verbose [5ms]
[2022-09-30T08:21:11.780Z] > git config --get commit.template [2ms]
[2022-09-30T08:21:16.912Z] > git status -z -uall [127ms]
[2022-09-30T08:21:16.919Z] > git symbolic-ref --short HEAD [2ms]
[2022-09-30T08:21:16.924Z] > git for-each-ref --format=%(refname)%00%(upstream:short)%00%(objectname)%00%(upstream:track)%00%(upstream:remotename)%00%(upstream:remoteref) refs/heads/main refs/remotes/main [2ms]
[2022-09-30T08:21:16.933Z] > git for-each-ref --sort -committerdate --format %(refname) %(objectname) %(*objectname) [6ms]
[2022-09-30T08:21:16.935Z] > git remote --verbose [3ms]
[2022-09-30T08:21:16.983Z] > git config --get commit.template [2ms]
[2022-09-30T08:21:22.124Z] > git status -z -uall [135ms]
[2022-09-30T08:21:22.132Z] > git symbolic-ref --short HEAD [4ms]
[2022-09-30T08:21:22.138Z] > git for-each-ref --format=%(refname)%00%(upstream:short)%00%(objectname)%00%(upstream:track)%00%(upstream:remotename)%00%(upstream:remoteref) refs/heads/main refs/remotes/main [2ms]
[2022-09-30T08:21:22.146Z] > git for-each-ref --sort -committerdate --format %(refname) %(objectname) %(*objectname) [5ms]
[2022-09-30T08:21:22.191Z] > git remote --verbose [45ms]
[2022-09-30T08:21:22.265Z] > git config --get commit.template [30ms]
[2022-09-30T08:21:35.227Z] > git status -z -uall [133ms]
[2022-09-30T08:21:35.234Z] > git symbolic-ref --short HEAD [2ms]
[2022-09-30T08:21:35.239Z] > git for-each-ref --format=%(refname)%00%(upstream:short)%00%(objectname)%00%(upstream:track)%00%(upstream:remotename)%00%(upstream:remoteref) refs/heads/main refs/remotes/main [2ms]
[2022-09-30T08:21:35.247Z] > git for-each-ref --sort -committerdate --format %(refname) %(objectname) %(*objectname) [5ms]
[2022-09-30T08:21:35.249Z] > git remote --verbose [3ms]
[2022-09-30T08:21:35.276Z] > git config --get commit.template [10ms]
[2022-09-30T08:21:40.416Z] > git status -z -uall [133ms]
[2022-09-30T08:21:40.423Z] > git symbolic-ref --short HEAD [2ms]
[2022-09-30T08:21:40.429Z] > git for-each-ref --format=%(refname)%00%(upstream:short)%00%(objectname)%00%(upstream:track)%00%(upstream:remotename)%00%(upstream:remoteref) refs/heads/main refs/remotes/main [3ms]
[2022-09-30T08:21:40.437Z] > git for-each-ref --sort -committerdate --format %(refname) %(objectname) %(*objectname) [5ms]
[2022-09-30T08:21:40.440Z] > git remote --verbose [4ms]
[2022-09-30T08:21:40.493Z] > git config --get commit.template [5ms]
[2022-09-30T08:21:45.624Z] > git status -z -uall [124ms]
[2022-09-30T08:21:45.631Z] > git symbolic-ref --short HEAD [2ms]
[2022-09-30T08:21:45.637Z] > git for-each-ref --format=%(refname)%00%(upstream:short)%00%(objectname)%00%(upstream:track)%00%(upstream:remotename)%00%(upstream:remoteref) refs/heads/main refs/remotes/main [3ms]
[2022-09-30T08:21:45.645Z] > git for-each-ref --sort -committerdate --format %(refname) %(objectname) %(*objectname) [5ms]
[2022-09-30T08:21:45.647Z] > git remote --verbose [3ms]
[2022-09-30T08:21:45.675Z] > git config --get commit.template [2ms]
[2022-09-30T08:21:50.814Z] > git status -z -uall [132ms]
[2022-09-30T08:21:50.822Z] > git symbolic-ref --short HEAD [3ms]
[2022-09-30T08:21:50.827Z] > git for-each-ref --format=%(refname)%00%(upstream:short)%00%(objectname)%00%(upstream:track)%00%(upstream:remotename)%00%(upstream:remoteref) refs/heads/main refs/remotes/main [2ms]
[2022-09-30T08:21:50.836Z] > git for-each-ref --sort -committerdate --format %(refname) %(objectname) %(*objectname) [6ms]
[2022-09-30T08:21:50.837Z] > git remote --verbose [2ms]
[2022-09-30T08:21:50.862Z] > git config --get commit.template [2ms]
[2022-09-30T08:21:56.006Z] > git status -z -uall [138ms]
[2022-09-30T08:21:56.014Z] > git symbolic-ref --short HEAD [3ms]
[2022-09-30T08:21:56.020Z] > git for-each-ref --format=%(refname)%00%(upstream:short)%00%(objectname)%00%(upstream:track)%00%(upstream:remotename)%00%(upstream:remoteref) refs/heads/main refs/remotes/main [2ms]
[2022-09-30T08:21:56.030Z] > git for-each-ref --sort -committerdate --format %(refname) %(objectname) %(*objectname) [6ms]
[2022-09-30T08:21:56.039Z] > git remote --verbose [10ms]
[2022-09-30T08:21:56.073Z] > git config --get commit.template [4ms]
[2022-09-30T08:22:01.202Z] > git status -z -uall [122ms]
[2022-09-30T08:22:01.209Z] > git symbolic-ref --short HEAD [2ms]
[2022-09-30T08:22:01.214Z] > git for-each-ref --format=%(refname)%00%(upstream:short)%00%(objectname)%00%(upstream:track)%00%(upstream:remotename)%00%(upstream:remoteref) refs/heads/main refs/remotes/main [2ms]
[2022-09-30T08:22:01.223Z] > git for-each-ref --sort -committerdate --format %(refname) %(objectname) %(*objectname) [5ms]
[2022-09-30T08:22:01.226Z] > git remote --verbose [4ms]
[2022-09-30T08:22:01.257Z] > git config --get commit.template [11ms]
[2022-09-30T08:22:06.440Z] > git status -z -uall [176ms]
[2022-09-30T08:22:06.453Z] > git symbolic-ref --short HEAD [8ms]
[2022-09-30T08:22:06.460Z] > git for-each-ref --format=%(refname)%00%(upstream:short)%00%(objectname)%00%(upstream:track)%00%(upstream:remotename)%00%(upstream:remoteref) refs/heads/main refs/remotes/main [3ms]
[2022-09-30T08:22:06.470Z] > git for-each-ref --sort -committerdate --format %(refname) %(objectname) %(*objectname) [5ms]
[2022-09-30T08:22:06.471Z] > git remote --verbose [2ms]
[2022-09-30T08:22:06.505Z] > git config --get commit.template [3ms]
[2022-09-30T08:22:11.888Z] > git status -z -uall [356ms]
[2022-09-30T08:22:11.903Z] > git symbolic-ref --short HEAD [6ms]
[2022-09-30T08:22:11.915Z] > git for-each-ref --format=%(refname)%00%(upstream:short)%00%(objectname)%00%(upstream:track)%00%(upstream:remotename)%00%(upstream:remoteref) refs/heads/main refs/remotes/main [7ms]
[2022-09-30T08:22:11.932Z] > git for-each-ref --sort -committerdate --format %(refname) %(objectname) %(*objectname) [12ms]
[2022-09-30T08:22:11.939Z] > git remote --verbose [9ms]
[2022-09-30T08:22:12.016Z] > git config --get commit.template [10ms]
[2022-09-30T08:22:17.360Z] > git status -z -uall [335ms]
[2022-09-30T08:22:17.383Z] > git symbolic-ref --short HEAD [10ms]
[2022-09-30T08:22:17.408Z] > git for-each-ref --format=%(refname)%00%(upstream:short)%00%(objectname)%00%(upstream:track)%00%(upstream:remotename)%00%(upstream:remoteref) refs/heads/main refs/remotes/main [18ms]
[2022-09-30T08:22:17.439Z] > git for-each-ref --sort -committerdate --format %(refname) %(objectname) %(*objectname) [14ms]
[2022-09-30T08:22:17.440Z] > git remote --verbose [7ms]
[2022-09-30T08:22:17.517Z] > git config --get commit.template [12ms]
[2022-09-30T08:22:22.652Z] > git status -z -uall [129ms]
[2022-09-30T08:22:22.659Z] > git symbolic-ref --short HEAD [2ms]
[2022-09-30T08:22:22.664Z] > git for-each-ref --format=%(refname)%00%(upstream:short)%00%(objectname)%00%(upstream:track)%00%(upstream:remotename)%00%(upstream:remoteref) refs/heads/main refs/remotes/main [2ms]
[2022-09-30T08:22:22.673Z] > git for-each-ref --sort -committerdate --format %(refname) %(objectname) %(*objectname) [5ms]
[2022-09-30T08:22:22.675Z] > git remote --verbose [2ms]
[2022-09-30T08:22:22.706Z] > git config --get commit.template [2ms]
[2022-09-30T08:22:27.847Z] > git status -z -uall [136ms]
[2022-09-30T08:22:27.854Z] > git symbolic-ref --short HEAD [2ms]
[2022-09-30T08:22:27.862Z] > git for-each-ref --format=%(refname)%00%(upstream:short)%00%(objectname)%00%(upstream:track)%00%(upstream:remotename)%00%(upstream:remoteref) refs/heads/main refs/remotes/main [5ms]
[2022-09-30T08:22:27.871Z] > git for-each-ref --sort -committerdate --format %(refname) %(objectname) %(*objectname) [6ms]
[2022-09-30T08:22:27.872Z] > git remote --verbose [2ms]
[2022-09-30T08:22:27.908Z] > git config --get commit.template [10ms]
[2022-09-30T08:22:33.050Z] > git status -z -uall [136ms]
[2022-09-30T08:22:33.057Z] > git symbolic-ref --short HEAD [2ms]
[2022-09-30T08:22:33.064Z] > git for-each-ref --format=%(refname)%00%(upstream:short)%00%(objectname)%00%(upstream:track)%00%(upstream:remotename)%00%(upstream:remoteref) refs/heads/main refs/remotes/main [4ms]
[2022-09-30T08:22:33.073Z] > git for-each-ref --sort -committerdate --format %(refname) %(objectname) %(*objectname) [5ms]
[2022-09-30T08:22:33.075Z] > git remote --verbose [3ms]
[2022-09-30T08:22:33.104Z] > git config --get commit.template [2ms]
[2022-09-30T08:22:38.233Z] > git status -z -uall [122ms]
[2022-09-30T08:22:38.240Z] > git symbolic-ref --short HEAD [2ms]
[2022-09-30T08:22:38.245Z] > git for-each-ref --format=%(refname)%00%(upstream:short)%00%(objectname)%00%(upstream:track)%00%(upstream:remotename)%00%(upstream:remoteref) refs/heads/main refs/remotes/main [2ms]
[2022-09-30T08:22:38.254Z] > git for-each-ref --sort -committerdate --format %(refname) %(objectname) %(*objectname) [6ms]
[2022-09-30T08:22:38.255Z] > git remote --verbose [2ms]
[2022-09-30T08:22:38.282Z] > git config --get commit.template [2ms]
[2022-09-30T08:22:43.416Z] > git status -z -uall [128ms]
[2022-09-30T08:22:43.423Z] > git symbolic-ref --short HEAD [2ms]
[2022-09-30T08:22:43.429Z] > git for-each-ref --format=%(refname)%00%(upstream:short)%00%(objectname)%00%(upstream:track)%00%(upstream:remotename)%00%(upstream:remoteref) refs/heads/main refs/remotes/main [3ms]
[2022-09-30T08:22:43.437Z] > git for-each-ref --sort -committerdate --format %(refname) %(objectname) %(*objectname) [5ms]
[2022-09-30T08:22:43.439Z] > git remote --verbose [3ms]
[2022-09-30T08:22:43.459Z] > git config --get commit.template [2ms]
[2022-09-30T08:22:48.590Z] > git status -z -uall [125ms]
[2022-09-30T08:22:48.597Z] > git symbolic-ref --short HEAD [2ms]
[2022-09-30T08:22:48.604Z] > git for-each-ref --format=%(refname)%00%(upstream:short)%00%(objectname)%00%(upstream:track)%00%(upstream:remotename)%00%(upstream:remoteref) refs/heads/main refs/remotes/main [3ms]
[2022-09-30T08:22:48.613Z] > git for-each-ref --sort -committerdate --format %(refname) %(objectname) %(*objectname) [5ms]
[2022-09-30T08:22:48.615Z] > git remote --verbose [3ms]
[2022-09-30T08:22:48.649Z] > git config --get commit.template [2ms]
[2022-09-30T08:22:53.808Z] > git status -z -uall [152ms]
[2022-09-30T08:22:53.852Z] > git symbolic-ref --short HEAD [19ms]
[2022-09-30T08:22:53.860Z] > git for-each-ref --format=%(refname)%00%(upstream:short)%00%(objectname)%00%(upstream:track)%00%(upstream:remotename)%00%(upstream:remoteref) refs/heads/main refs/remotes/main [4ms]
[2022-09-30T08:22:53.868Z] > git for-each-ref --sort -committerdate --format %(refname) %(objectname) %(*objectname) [5ms]
[2022-09-30T08:22:53.870Z] > git remote --verbose [3ms]
[2022-09-30T08:22:53.890Z] > git config --get commit.template [2ms]
[2022-09-30T08:22:59.161Z] > git status -z -uall [265ms]
[2022-09-30T08:22:59.188Z] > git symbolic-ref --short HEAD [15ms]
[2022-09-30T08:22:59.223Z] > git for-each-ref --format=%(refname)%00%(upstream:short)%00%(objectname)%00%(upstream:track)%00%(upstream:remotename)%00%(upstream:remoteref) refs/heads/main refs/remotes/main [21ms]
[2022-09-30T08:22:59.260Z] > git for-each-ref --sort -committerdate --format %(refname) %(objectname) %(*objectname) [25ms]
[2022-09-30T08:22:59.262Z] > git remote --verbose [3ms]
[2022-09-30T08:22:59.282Z] > git config --get commit.template [2ms]
[2022-09-30T08:23:04.448Z] > git status -z -uall [159ms]
[2022-09-30T08:23:04.490Z] > git symbolic-ref --short HEAD [21ms]
[2022-09-30T08:23:04.498Z] > git for-each-ref --format=%(refname)%00%(upstream:short)%00%(objectname)%00%(upstream:track)%00%(upstream:remotename)%00%(upstream:remoteref) refs/heads/main refs/remotes/main [3ms]
[2022-09-30T08:23:04.515Z] > git for-each-ref --sort -committerdate --format %(refname) %(objectname) %(*objectname) [8ms]
[2022-09-30T08:23:04.517Z] > git remote --verbose [2ms]
[2022-09-30T08:23:04.537Z] > git config --get commit.template [2ms]
[2022-09-30T08:23:09.671Z] > git status -z -uall [127ms]
[2022-09-30T08:23:09.678Z] > git symbolic-ref --short HEAD [2ms]
[2022-09-30T08:23:09.683Z] > git for-each-ref --format=%(refname)%00%(upstream:short)%00%(objectname)%00%(upstream:track)%00%(upstream:remotename)%00%(upstream:remoteref) refs/heads/main refs/remotes/main [2ms]
[2022-09-30T08:23:09.691Z] > git for-each-ref --sort -committerdate --format %(refname) %(objectname) %(*objectname) [5ms]
[2022-09-30T08:23:09.693Z] > git remote --verbose [2ms]
[2022-09-30T08:23:09.727Z] > git config --get commit.template [2ms]
[2022-09-30T08:23:14.324Z] > git show --textconv :express/Nodejs/main.js [17ms]
[2022-09-30T08:23:14.326Z] > git ls-files --stage -- /home/ubuntu/express/Nodejs/main.js [9ms]
[2022-09-30T08:23:14.332Z] > git cat-file -s ec5d20c2c0c7c7668d534e6eadb4d1eec2b332cb [2ms]
[2022-09-30T08:23:14.857Z] > git status -z -uall [125ms]
[2022-09-30T08:23:14.871Z] > git symbolic-ref --short HEAD [2ms]
[2022-09-30T08:23:14.877Z] > git for-each-ref --format=%(refname)%00%(upstream:short)%00%(objectname)%00%(upstream:track)%00%(upstream:remotename)%00%(upstream:remoteref) refs/heads/main refs/remotes/main [2ms]
[2022-09-30T08:23:14.886Z] > git for-each-ref --sort -committerdate --format %(refname) %(objectname) %(*objectname) [6ms]
[2022-09-30T08:23:14.888Z] > git remote --verbose [3ms]
[2022-09-30T08:23:14.907Z] > git config --get commit.template [1ms]
[2022-09-30T08:23:21.749Z] > git status -z -uall [124ms]
[2022-09-30T08:23:21.756Z] > git symbolic-ref --short HEAD [2ms]
[2022-09-30T08:23:21.761Z] > git for-each-ref --format=%(refname)%00%(upstream:short)%00%(objectname)%00%(upstream:track)%00%(upstream:remotename)%00%(upstream:remoteref) refs/heads/main refs/remotes/main [2ms]
[2022-09-30T08:23:21.769Z] > git for-each-ref --sort -committerdate --format %(refname) %(objectname) %(*objectname) [5ms]
[2022-09-30T08:23:21.771Z] > git remote --verbose [3ms]
[2022-09-30T08:23:21.795Z] > git config --get commit.template [7ms]
[2022-09-30T08:23:26.924Z] > git status -z -uall [123ms]
[2022-09-30T08:23:26.931Z] > git symbolic-ref --short HEAD [2ms]
[2022-09-30T08:23:26.936Z] > git for-each-ref --format=%(refname)%00%(upstream:short)%00%(objectname)%00%(upstream:track)%00%(upstream:remotename)%00%(upstream:remoteref) refs/heads/main refs/remotes/main [2ms]
[2022-09-30T08:23:26.945Z] > git for-each-ref --sort -committerdate --format %(refname) %(objectname) %(*objectname) [6ms]
[2022-09-30T08:23:26.947Z] > git remote --verbose [3ms]
[2022-09-30T08:23:26.979Z] > git config --get commit.template [8ms]
[2022-09-30T08:23:32.112Z] > git status -z -uall [127ms]
[2022-09-30T08:23:32.118Z] > git symbolic-ref --short HEAD [2ms]
[2022-09-30T08:23:32.125Z] > git for-each-ref --format=%(refname)%00%(upstream:short)%00%(objectname)%00%(upstream:track)%00%(upstream:remotename)%00%(upstream:remoteref) refs/heads/main refs/remotes/main [3ms]
[2022-09-30T08:23:32.134Z] > git for-each-ref --sort -committerdate --format %(refname) %(objectname) %(*objectname) [6ms]
[2022-09-30T08:23:32.136Z] > git remote --verbose [3ms]
[2022-09-30T08:23:32.157Z] > git config --get commit.template [2ms]
[2022-09-30T08:23:37.288Z] > git status -z -uall [125ms]
[2022-09-30T08:23:37.295Z] > git symbolic-ref --short HEAD [2ms]
[2022-09-30T08:23:37.301Z] > git for-each-ref --format=%(refname)%00%(upstream:short)%00%(objectname)%00%(upstream:track)%00%(upstream:remotename)%00%(upstream:remoteref) refs/heads/main refs/remotes/main [2ms]
[2022-09-30T08:23:37.310Z] > git for-each-ref --sort -committerdate --format %(refname) %(objectname) %(*objectname) [6ms]
[2022-09-30T08:23:37.312Z] > git remote --verbose [3ms]
[2022-09-30T08:23:37.340Z] > git config --get commit.template [2ms]
[2022-09-30T08:23:42.508Z] > git status -z -uall [162ms]
[2022-09-30T08:23:42.544Z] > git symbolic-ref --short HEAD [21ms]
[2022-09-30T08:23:42.552Z] > git for-each-ref --format=%(refname)%00%(upstream:short)%00%(objectname)%00%(upstream:track)%00%(upstream:remotename)%00%(upstream:remoteref) refs/heads/main refs/remotes/main [4ms]
[2022-09-30T08:23:42.560Z] > git for-each-ref --sort -committerdate --format %(refname) %(objectname) %(*objectname) [5ms]
[2022-09-30T08:23:42.562Z] > git remote --verbose [3ms]
[2022-09-30T08:23:42.581Z] > git config --get commit.template [2ms]
[2022-09-30T08:23:47.716Z] > git status -z -uall [130ms]
[2022-09-30T08:23:47.723Z] > git symbolic-ref --short HEAD [2ms]
[2022-09-30T08:23:47.728Z] > git for-each-ref --format=%(refname)%00%(upstream:short)%00%(objectname)%00%(upstream:track)%00%(upstream:remotename)%00%(upstream:remoteref) refs/heads/main refs/remotes/main [2ms]
[2022-09-30T08:23:47.736Z] > git for-each-ref --sort -committerdate --format %(refname) %(objectname) %(*objectname) [5ms]
[2022-09-30T08:23:47.738Z] > git remote --verbose [2ms]
[2022-09-30T08:23:47.773Z] > git config --get commit.template [2ms]
[2022-09-30T08:23:52.935Z] > git status -z -uall [157ms]
[2022-09-30T08:23:52.974Z] > git symbolic-ref --short HEAD [20ms]
[2022-09-30T08:23:52.982Z] > git for-each-ref --format=%(refname)%00%(upstream:short)%00%(objectname)%00%(upstream:track)%00%(upstream:remotename)%00%(upstream:remoteref) refs/heads/main refs/remotes/main [4ms]
[2022-09-30T08:23:52.990Z] > git for-each-ref --sort -committerdate --format %(refname) %(objectname) %(*objectname) [5ms]
[2022-09-30T08:23:52.992Z] > git remote --verbose [3ms]
[2022-09-30T08:23:53.014Z] > git config --get commit.template [2ms]
[2022-09-30T08:23:58.143Z] > git status -z -uall [123ms]
[2022-09-30T08:23:58.150Z] > git symbolic-ref --short HEAD [2ms]
[2022-09-30T08:23:58.156Z] > git for-each-ref --format=%(refname)%00%(upstream:short)%00%(objectname)%00%(upstream:track)%00%(upstream:remotename)%00%(upstream:remoteref) refs/heads/main refs/remotes/main [3ms]
[2022-09-30T08:23:58.165Z] > git for-each-ref --sort -committerdate --format %(refname) %(objectname) %(*objectname) [5ms]
[2022-09-30T08:23:58.167Z] > git remote --verbose [3ms]
[2022-09-30T08:23:58.195Z] > git config --get commit.template [2ms]
[2022-09-30T08:24:03.364Z] > git status -z -uall [162ms]
[2022-09-30T08:24:03.408Z] > git symbolic-ref --short HEAD [23ms]
[2022-09-30T08:24:03.416Z] > git for-each-ref --format=%(refname)%00%(upstream:short)%00%(objectname)%00%(upstream:track)%00%(upstream:remotename)%00%(upstream:remoteref) refs/heads/main refs/remotes/main [4ms]
[2022-09-30T08:24:03.425Z] > git for-each-ref --sort -committerdate --format %(refname) %(objectname) %(*objectname) [6ms]
[2022-09-30T08:24:03.426Z] > git remote --verbose [2ms]
[2022-09-30T08:24:03.459Z] > git config --get commit.template [2ms]
[2022-09-30T08:35:53.051Z] > git status -z -uall [139ms]
[2022-09-30T08:35:53.059Z] > git symbolic-ref --short HEAD [4ms]
[2022-09-30T08:35:53.064Z] > git for-each-ref --format=%(refname)%00%(upstream:short)%00%(objectname)%00%(upstream:track)%00%(upstream:remotename)%00%(upstream:remoteref) refs/heads/main refs/remotes/main [3ms]
[2022-09-30T08:35:53.071Z] > git for-each-ref --sort -committerdate --format %(refname) %(objectname) %(*objectname) [5ms]
[2022-09-30T08:35:53.085Z] > git remote --verbose [15ms]
[2022-09-30T08:35:53.122Z] > git show --textconv :express/Nodejs/main.js [46ms]
[2022-09-30T08:35:53.122Z] > git ls-files --stage -- /home/ubuntu/express/Nodejs/main.js [38ms]
[2022-09-30T08:35:53.127Z] > git config --get commit.template [6ms]
[2022-09-30T08:35:53.131Z] > git cat-file -s ec5d20c2c0c7c7668d534e6eadb4d1eec2b332cb [4ms]
[2022-09-30T08:35:58.261Z] > git status -z -uall [126ms]
[2022-09-30T08:35:58.267Z] > git symbolic-ref --short HEAD [2ms]
[2022-09-30T08:35:58.272Z] > git for-each-ref --format=%(refname)%00%(upstream:short)%00%(objectname)%00%(upstream:track)%00%(upstream:remotename)%00%(upstream:remoteref) refs/heads/main refs/remotes/main [2ms]
[2022-09-30T08:35:58.280Z] > git for-each-ref --sort -committerdate --format %(refname) %(objectname) %(*objectname) [5ms]
[2022-09-30T08:35:58.282Z] > git remote --verbose [3ms]
[2022-09-30T08:35:58.314Z] > git config --get commit.template [5ms]
[2022-09-30T08:36:03.452Z] > git status -z -uall [132ms]
[2022-09-30T08:36:03.458Z] > git symbolic-ref --short HEAD [2ms]
[2022-09-30T08:36:03.464Z] > git for-each-ref --format=%(refname)%00%(upstream:short)%00%(objectname)%00%(upstream:track)%00%(upstream:remotename)%00%(upstream:remoteref) refs/heads/main refs/remotes/main [2ms]
[2022-09-30T08:36:03.473Z] > git for-each-ref --sort -committerdate --format %(refname) %(objectname) %(*objectname) [6ms]
[2022-09-30T08:36:03.474Z] > git remote --verbose [2ms]
[2022-09-30T08:36:03.497Z] > git config --get commit.template [2ms]
[2022-09-30T08:36:08.640Z] > git status -z -uall [137ms]
[2022-09-30T08:36:08.647Z] > git symbolic-ref --short HEAD [2ms]
[2022-09-30T08:36:08.653Z] > git for-each-ref --format=%(refname)%00%(upstream:short)%00%(objectname)%00%(upstream:track)%00%(upstream:remotename)%00%(upstream:remoteref) refs/heads/main refs/remotes/main [2ms]
[2022-09-30T08:36:08.661Z] > git for-each-ref --sort -committerdate --format %(refname) %(objectname) %(*objectname) [5ms]
[2022-09-30T08:36:08.663Z] > git remote --verbose [3ms]
[2022-09-30T08:36:08.690Z] > git config --get commit.template [2ms]
[2022-09-30T08:36:13.826Z] > git status -z -uall [131ms]
[2022-09-30T08:36:13.833Z] > git symbolic-ref --short HEAD [2ms]
[2022-09-30T08:36:13.838Z] > git for-each-ref --format=%(refname)%00%(upstream:short)%00%(objectname)%00%(upstream:track)%00%(upstream:remotename)%00%(upstream:remoteref) refs/heads/main refs/remotes/main [2ms]
[2022-09-30T08:36:13.848Z] > git for-each-ref --sort -committerdate --format %(refname) %(objectname) %(*objectname) [6ms]
[2022-09-30T08:36:13.850Z] > git remote --verbose [3ms]
[2022-09-30T08:36:13.872Z] > git config --get commit.template [2ms]
[2022-09-30T08:36:19.008Z] > git status -z -uall [131ms]
[2022-09-30T08:36:19.014Z] > git symbolic-ref --short HEAD [2ms]
[2022-09-30T08:36:19.020Z] > git for-each-ref --format=%(refname)%00%(upstream:short)%00%(objectname)%00%(upstream:track)%00%(upstream:remotename)%00%(upstream:remoteref) refs/heads/main refs/remotes/main [2ms]
[2022-09-30T08:36:19.028Z] > git for-each-ref --sort -committerdate --format %(refname) %(objectname) %(*objectname) [5ms]
[2022-09-30T08:36:19.030Z] > git remote --verbose [2ms]
[2022-09-30T08:36:19.060Z] > git config --get commit.template [2ms]
[2022-09-30T08:36:24.190Z] > git status -z -uall [125ms]
[2022-09-30T08:36:24.197Z] > git symbolic-ref --short HEAD [2ms]
[2022-09-30T08:36:24.202Z] > git for-each-ref --format=%(refname)%00%(upstream:short)%00%(objectname)%00%(upstream:track)%00%(upstream:remotename)%00%(upstream:remoteref) refs/heads/main refs/remotes/main [2ms]
[2022-09-30T08:36:24.210Z] > git for-each-ref --sort -committerdate --format %(refname) %(objectname) %(*objectname) [4ms]
[2022-09-30T08:36:24.213Z] > git remote --verbose [3ms]
[2022-09-30T08:36:24.247Z] > git config --get commit.template [2ms]
[2022-09-30T08:36:45.439Z] > git ls-files --stage -- /home/ubuntu/express/Nodejs/main.js [19ms]
[2022-09-30T08:36:45.450Z] > git cat-file -s ec5d20c2c0c7c7668d534e6eadb4d1eec2b332cb [1ms]
[2022-09-30T08:36:45.492Z] > git show --textconv :express/Nodejs/main.js [16ms]
[2022-09-30T08:36:45.530Z] > git status -z -uall [160ms]
[2022-09-30T08:36:45.537Z] > git symbolic-ref --short HEAD [2ms]
[2022-09-30T08:36:45.542Z] > git for-each-ref --format=%(refname)%00%(upstream:short)%00%(objectname)%00%(upstream:track)%00%(upstream:remotename)%00%(upstream:remoteref) refs/heads/main refs/remotes/main [2ms]
[2022-09-30T08:36:45.550Z] > git for-each-ref --sort -committerdate --format %(refname) %(objectname) %(*objectname) [5ms]
[2022-09-30T08:36:45.552Z] > git remote --verbose [2ms]
[2022-09-30T08:36:45.585Z] > git config --get commit.template [2ms]
[2022-09-30T08:36:50.748Z] > git status -z -uall [157ms]
[2022-09-30T08:36:50.786Z] > git symbolic-ref --short HEAD [17ms]
[2022-09-30T08:36:50.794Z] > git for-each-ref --format=%(refname)%00%(upstream:short)%00%(objectname)%00%(upstream:track)%00%(upstream:remotename)%00%(upstream:remoteref) refs/heads/main refs/remotes/main [4ms]
[2022-09-30T08:36:50.802Z] > git for-each-ref --sort -committerdate --format %(refname) %(objectname) %(*objectname) [5ms]
[2022-09-30T08:36:50.803Z] > git remote --verbose [2ms]
[2022-09-30T08:36:50.826Z] > git config --get commit.template [2ms]
[2022-09-30T08:37:07.434Z] > git status -z -uall [127ms]
[2022-09-30T08:37:07.440Z] > git symbolic-ref --short HEAD [2ms]
[2022-09-30T08:37:07.445Z] > git for-each-ref --format=%(refname)%00%(upstream:short)%00%(objectname)%00%(upstream:track)%00%(upstream:remotename)%00%(upstream:remoteref) refs/heads/main refs/remotes/main [2ms]
[2022-09-30T08:37:07.453Z] > git for-each-ref --sort -committerdate --format %(refname) %(objectname) %(*objectname) [5ms]
[2022-09-30T08:37:07.454Z] > git remote --verbose [2ms]
[2022-09-30T08:37:07.483Z] > git config --get commit.template [2ms]
[2022-09-30T08:37:12.613Z] > git status -z -uall [124ms]
[2022-09-30T08:37:12.619Z] > git symbolic-ref --short HEAD [2ms]
[2022-09-30T08:37:12.624Z] > git for-each-ref --format=%(refname)%00%(upstream:short)%00%(objectname)%00%(upstream:track)%00%(upstream:remotename)%00%(upstream:remoteref) refs/heads/main refs/remotes/main [2ms]
[2022-09-30T08:37:12.632Z] > git for-each-ref --sort -committerdate --format %(refname) %(objectname) %(*objectname) [5ms]
[2022-09-30T08:37:12.634Z] > git remote --verbose [2ms]
[2022-09-30T08:37:12.665Z] > git config --get commit.template [2ms]
[2022-09-30T08:37:17.795Z] > git status -z -uall [125ms]
[2022-09-30T08:37:17.802Z] > git symbolic-ref --short HEAD [2ms]
[2022-09-30T08:37:17.807Z] > git for-each-ref --format=%(refname)%00%(upstream:short)%00%(objectname)%00%(upstream:track)%00%(upstream:remotename)%00%(upstream:remoteref) refs/heads/main refs/remotes/main [2ms]
[2022-09-30T08:37:17.816Z] > git for-each-ref --sort -committerdate --format %(refname) %(objectname) %(*objectname) [6ms]
[2022-09-30T08:37:17.818Z] > git remote --verbose [3ms]
[2022-09-30T08:37:17.841Z] > git config --get commit.template [2ms]
[2022-09-30T08:37:22.967Z] > git status -z -uall [120ms]
[2022-09-30T08:37:22.974Z] > git symbolic-ref --short HEAD [2ms]
[2022-09-30T08:37:22.979Z] > git for-each-ref --format=%(refname)%00%(upstream:short)%00%(objectname)%00%(upstream:track)%00%(upstream:remotename)%00%(upstream:remoteref) refs/heads/main refs/remotes/main [2ms]
[2022-09-30T08:37:22.987Z] > git for-each-ref --sort -committerdate --format %(refname) %(objectname) %(*objectname) [5ms]
[2022-09-30T08:37:22.989Z] > git remote --verbose [3ms]
[2022-09-30T08:37:23.016Z] > git config --get commit.template [2ms]
[2022-09-30T08:37:28.145Z] > git status -z -uall [123ms]
[2022-09-30T08:37:28.152Z] > git symbolic-ref --short HEAD [2ms]
[2022-09-30T08:37:28.157Z] > git for-each-ref --format=%(refname)%00%(upstream:short)%00%(objectname)%00%(upstream:track)%00%(upstream:remotename)%00%(upstream:remoteref) refs/heads/main refs/remotes/main [2ms]
[2022-09-30T08:37:28.166Z] > git for-each-ref --sort -committerdate --format %(refname) %(objectname) %(*objectname) [5ms]
[2022-09-30T08:37:28.168Z] > git remote --verbose [3ms]
[2022-09-30T08:37:28.226Z] > git config --get commit.template [35ms]
[2022-09-30T08:37:33.667Z] > git status -z -uall [430ms]
[2022-09-30T08:37:33.686Z] > git symbolic-ref --short HEAD [5ms]
[2022-09-30T08:37:33.703Z] > git for-each-ref --format=%(refname)%00%(upstream:short)%00%(objectname)%00%(upstream:track)%00%(upstream:remotename)%00%(upstream:remoteref) refs/heads/main refs/remotes/main [10ms]
[2022-09-30T08:37:33.726Z] > git for-each-ref --sort -committerdate --format %(refname) %(objectname) %(*objectname) [13ms]
[2022-09-30T08:37:33.727Z] > git remote --verbose [5ms]
[2022-09-30T08:37:33.822Z] > git config --get commit.template [9ms]
[2022-09-30T08:37:35.751Z] > git ls-files --stage -- /home/ubuntu/express/Nodejs/main.js [31ms]
[2022-09-30T08:37:35.768Z] > git cat-file -s ec5d20c2c0c7c7668d534e6eadb4d1eec2b332cb [7ms]
[2022-09-30T08:37:35.819Z] > git show --textconv :express/Nodejs/main.js [22ms]
[2022-09-30T08:37:39.073Z] > git status -z -uall [241ms]
[2022-09-30T08:37:39.087Z] > git symbolic-ref --short HEAD [5ms]
[2022-09-30T08:37:39.102Z] > git for-each-ref --format=%(refname)%00%(upstream:short)%00%(objectname)%00%(upstream:track)%00%(upstream:remotename)%00%(upstream:remoteref) refs/heads/main refs/remotes/main [8ms]
[2022-09-30T08:37:39.124Z] > git for-each-ref --sort -committerdate --format %(refname) %(objectname) %(*objectname) [11ms]
[2022-09-30T08:37:39.128Z] > git remote --verbose [7ms]
[2022-09-30T08:37:39.187Z] > git config --get commit.template [6ms]
[2022-09-30T08:37:44.493Z] > git status -z -uall [292ms]
[2022-09-30T08:37:44.507Z] > git symbolic-ref --short HEAD [6ms]
[2022-09-30T08:37:44.519Z] > git for-each-ref --format=%(refname)%00%(upstream:short)%00%(objectname)%00%(upstream:track)%00%(upstream:remotename)%00%(upstream:remoteref) refs/heads/main refs/remotes/main [2ms]
[2022-09-30T08:37:44.541Z] > git for-each-ref --sort -committerdate --format %(refname) %(objectname) %(*objectname) [17ms]
[2022-09-30T08:37:44.542Z] > git remote --verbose [12ms]
[2022-09-30T08:37:44.588Z] > git config --get commit.template [11ms]
[2022-09-30T08:37:49.931Z] > git status -z -uall [338ms]
[2022-09-30T08:37:49.951Z] > git symbolic-ref --short HEAD [10ms]
[2022-09-30T08:37:49.967Z] > git for-each-ref --format=%(refname)%00%(upstream:short)%00%(objectname)%00%(upstream:track)%00%(upstream:remotename)%00%(upstream:remoteref) refs/heads/main refs/remotes/main [10ms]
[2022-09-30T08:37:49.988Z] > git for-each-ref --sort -committerdate --format %(refname) %(objectname) %(*objectname) [16ms]
[2022-09-30T08:37:49.989Z] > git remote --verbose [8ms]
[2022-09-30T08:37:50.047Z] > git config --get commit.template [6ms]
[2022-09-30T08:37:55.178Z] > git status -z -uall [124ms]
[2022-09-30T08:37:55.185Z] > git symbolic-ref --short HEAD [2ms]
[2022-09-30T08:37:55.190Z] > git for-each-ref --format=%(refname)%00%(upstream:short)%00%(objectname)%00%(upstream:track)%00%(upstream:remotename)%00%(upstream:remoteref) refs/heads/main refs/remotes/main [2ms]
[2022-09-30T08:37:55.198Z] > git for-each-ref --sort -committerdate --format %(refname) %(objectname) %(*objectname) [5ms]
[2022-09-30T08:37:55.200Z] > git remote --verbose [2ms]
[2022-09-30T08:37:55.228Z] > git config --get commit.template [2ms]
[2022-09-30T08:38:00.378Z] > git status -z -uall [144ms]
[2022-09-30T08:38:00.385Z] > git symbolic-ref --short HEAD [2ms]
[2022-09-30T08:38:00.391Z] > git for-each-ref --format=%(refname)%00%(upstream:short)%00%(objectname)%00%(upstream:track)%00%(upstream:remotename)%00%(upstream:remoteref) refs/heads/main refs/remotes/main [2ms]
[2022-09-30T08:38:00.400Z] > git for-each-ref --sort -committerdate --format %(refname) %(objectname) %(*objectname) [5ms]
[2022-09-30T08:38:00.402Z] > git remote --verbose [3ms]
[2022-09-30T08:38:00.423Z] > git config --get commit.template [2ms]
[2022-09-30T08:38:05.552Z] > git status -z -uall [123ms]
[2022-09-30T08:38:05.558Z] > git symbolic-ref --short HEAD [2ms]
[2022-09-30T08:38:05.565Z] > git for-each-ref --format=%(refname)%00%(upstream:short)%00%(objectname)%00%(upstream:track)%00%(upstream:remotename)%00%(upstream:remoteref) refs/heads/main refs/remotes/main [4ms]
[2022-09-30T08:38:05.573Z] > git for-each-ref --sort -committerdate --format %(refname) %(objectname) %(*objectname) [5ms]
[2022-09-30T08:38:05.575Z] > git remote --verbose [3ms]
[2022-09-30T08:38:05.600Z] > git config --get commit.template [2ms]
[2022-09-30T08:38:10.728Z] > git status -z -uall [122ms]
[2022-09-30T08:38:10.735Z] > git symbolic-ref --short HEAD [2ms]
[2022-09-30T08:38:10.740Z] > git for-each-ref --format=%(refname)%00%(upstream:short)%00%(objectname)%00%(upstream:track)%00%(upstream:remotename)%00%(upstream:remoteref) refs/heads/main refs/remotes/main [2ms]
[2022-09-30T08:38:10.748Z] > git for-each-ref --sort -committerdate --format %(refname) %(objectname) %(*objectname) [5ms]
[2022-09-30T08:38:10.750Z] > git remote --verbose [2ms]
[2022-09-30T08:38:10.777Z] > git config --get commit.template [2ms]
[2022-09-30T08:38:15.904Z] > git status -z -uall [121ms]
[2022-09-30T08:38:15.911Z] > git symbolic-ref --short HEAD [2ms]
[2022-09-30T08:38:15.922Z] > git for-each-ref --format=%(refname)%00%(upstream:short)%00%(objectname)%00%(upstream:track)%00%(upstream:remotename)%00%(upstream:remoteref) refs/heads/main refs/remotes/main [8ms]
[2022-09-30T08:38:15.931Z] > git for-each-ref --sort -committerdate --format %(refname) %(objectname) %(*objectname) [5ms]
[2022-09-30T08:38:15.933Z] > git remote --verbose [3ms]
[2022-09-30T08:38:15.953Z] > git config --get commit.template [2ms]
[2022-09-30T08:38:21.081Z] > git status -z -uall [122ms]
[2022-09-30T08:38:21.088Z] > git symbolic-ref --short HEAD [2ms]
[2022-09-30T08:38:21.093Z] > git for-each-ref --format=%(refname)%00%(upstream:short)%00%(objectname)%00%(upstream:track)%00%(upstream:remotename)%00%(upstream:remoteref) refs/heads/main refs/remotes/main [2ms]
[2022-09-30T08:38:21.101Z] > git for-each-ref --sort -committerdate --format %(refname) %(objectname) %(*objectname) [5ms]
[2022-09-30T08:38:21.103Z] > git remote --verbose [2ms]
[2022-09-30T08:38:21.125Z] > git config --get commit.template [2ms]
[2022-09-30T08:38:26.251Z] > git status -z -uall [121ms]
[2022-09-30T08:38:26.258Z] > git symbolic-ref --short HEAD [2ms]
[2022-09-30T08:38:26.263Z] > git for-each-ref --format=%(refname)%00%(upstream:short)%00%(objectname)%00%(upstream:track)%00%(upstream:remotename)%00%(upstream:remoteref) refs/heads/main refs/remotes/main [2ms]
[2022-09-30T08:38:26.272Z] > git for-each-ref --sort -committerdate --format %(refname) %(objectname) %(*objectname) [6ms]
[2022-09-30T08:38:26.279Z] > git remote --verbose [8ms]
[2022-09-30T08:38:26.298Z] > git config --get commit.template [2ms]
[2022-09-30T08:38:31.427Z] > git status -z -uall [123ms]
[2022-09-30T08:38:31.433Z] > git symbolic-ref --short HEAD [2ms]
[2022-09-30T08:38:31.439Z] > git for-each-ref --format=%(refname)%00%(upstream:short)%00%(objectname)%00%(upstream:track)%00%(upstream:remotename)%00%(upstream:remoteref) refs/heads/main refs/remotes/main [3ms]
[2022-09-30T08:38:31.447Z] > git for-each-ref --sort -committerdate --format %(refname) %(objectname) %(*objectname) [5ms]
[2022-09-30T08:38:31.448Z] > git remote --verbose [2ms]
[2022-09-30T08:38:31.468Z] > git config --get commit.template [2ms]
[2022-09-30T08:38:36.613Z] > git status -z -uall [139ms]
[2022-09-30T08:38:36.620Z] > git symbolic-ref --short HEAD [2ms]
[2022-09-30T08:38:36.626Z] > git for-each-ref --format=%(refname)%00%(upstream:short)%00%(objectname)%00%(upstream:track)%00%(upstream:remotename)%00%(upstream:remoteref) refs/heads/main refs/remotes/main [3ms]
[2022-09-30T08:38:36.635Z] > git for-each-ref --sort -committerdate --format %(refname) %(objectname) %(*objectname) [6ms]
[2022-09-30T08:38:36.637Z] > git remote --verbose [3ms]
[2022-09-30T08:38:36.672Z] > git config --get commit.template [2ms]
[2022-09-30T08:38:41.053Z] > git ls-files --stage -- /home/ubuntu/express/Nodejs/main.js [16ms]
[2022-09-30T08:38:41.071Z] > git cat-file -s ec5d20c2c0c7c7668d534e6eadb4d1eec2b332cb [3ms]
[2022-09-30T08:38:41.131Z] > git show --textconv :express/Nodejs/main.js [26ms]
[2022-09-30T08:38:41.925Z] > git status -z -uall [245ms]
[2022-09-30T08:38:41.943Z] > git symbolic-ref --short HEAD [6ms]
[2022-09-30T08:38:41.961Z] > git for-each-ref --format=%(refname)%00%(upstream:short)%00%(objectname)%00%(upstream:track)%00%(upstream:remotename)%00%(upstream:remoteref) refs/heads/main refs/remotes/main [5ms]
[2022-09-30T08:38:41.981Z] > git for-each-ref --sort -committerdate --format %(refname) %(objectname) %(*objectname) [13ms]
[2022-09-30T08:38:41.991Z] > git remote --verbose [11ms]
[2022-09-30T08:38:42.552Z] > git config --get commit.template [455ms]
[2022-09-30T08:38:49.945Z] > git status -z -uall [149ms]
[2022-09-30T08:38:49.981Z] > git symbolic-ref --short HEAD [12ms]
[2022-09-30T08:38:50.008Z] > git for-each-ref --format=%(refname)%00%(upstream:short)%00%(objectname)%00%(upstream:track)%00%(upstream:remotename)%00%(upstream:remoteref) refs/heads/main refs/remotes/main [23ms]
[2022-09-30T08:38:50.018Z] > git for-each-ref --sort -committerdate --format %(refname) %(objectname) %(*objectname) [5ms]
[2022-09-30T08:38:50.021Z] > git remote --verbose [4ms]
[2022-09-30T08:38:50.056Z] > git config --get commit.template [2ms]
[2022-09-30T08:38:55.196Z] > git status -z -uall [134ms]
[2022-09-30T08:38:55.202Z] > git symbolic-ref --short HEAD [2ms]
[2022-09-30T08:38:55.207Z] > git for-each-ref --format=%(refname)%00%(upstream:short)%00%(objectname)%00%(upstream:track)%00%(upstream:remotename)%00%(upstream:remoteref) refs/heads/main refs/remotes/main [2ms]
[2022-09-30T08:38:55.215Z] > git for-each-ref --sort -committerdate --format %(refname) %(objectname) %(*objectname) [5ms]
[2022-09-30T08:38:55.217Z] > git remote --verbose [2ms]
[2022-09-30T08:38:55.248Z] > git config --get commit.template [2ms]
[2022-09-30T08:39:00.379Z] > git status -z -uall [126ms]
[2022-09-30T08:39:00.386Z] > git symbolic-ref --short HEAD [2ms]
[2022-09-30T08:39:00.392Z] > git for-each-ref --format=%(refname)%00%(upstream:short)%00%(objectname)%00%(upstream:track)%00%(upstream:remotename)%00%(upstream:remoteref) refs/heads/main refs/remotes/main [3ms]
[2022-09-30T08:39:00.401Z] > git for-each-ref --sort -committerdate --format %(refname) %(objectname) %(*objectname) [6ms]
[2022-09-30T08:39:00.403Z] > git remote --verbose [2ms]
[2022-09-30T08:39:00.426Z] > git config --get commit.template [2ms]
[2022-09-30T08:39:05.556Z] > git status -z -uall [124ms]
[2022-09-30T08:39:05.563Z] > git symbolic-ref --short HEAD [2ms]
[2022-09-30T08:39:05.568Z] > git for-each-ref --format=%(refname)%00%(upstream:short)%00%(objectname)%00%(upstream:track)%00%(upstream:remotename)%00%(upstream:remoteref) refs/heads/main refs/remotes/main [2ms]
[2022-09-30T08:39:05.577Z] > git for-each-ref --sort -committerdate --format %(refname) %(objectname) %(*objectname) [5ms]
[2022-09-30T08:39:05.579Z] > git remote --verbose [2ms]
[2022-09-30T08:39:05.639Z] > git config --get commit.template [39ms]
[2022-09-30T08:39:10.772Z] > git status -z -uall [127ms]
[2022-09-30T08:39:10.779Z] > git symbolic-ref --short HEAD [2ms]
[2022-09-30T08:39:10.784Z] > git for-each-ref --format=%(refname)%00%(upstream:short)%00%(objectname)%00%(upstream:track)%00%(upstream:remotename)%00%(upstream:remoteref) refs/heads/main refs/remotes/main [2ms]
[2022-09-30T08:39:10.792Z] > git for-each-ref --sort -committerdate --format %(refname) %(objectname) %(*objectname) [5ms]
[2022-09-30T08:39:10.794Z] > git remote --verbose [3ms]
[2022-09-30T08:39:10.829Z] > git config --get commit.template [9ms]
[2022-09-30T08:39:15.958Z] > git status -z -uall [124ms]
[2022-09-30T08:39:15.965Z] > git symbolic-ref --short HEAD [2ms]
[2022-09-30T08:39:15.971Z] > git for-each-ref --format=%(refname)%00%(upstream:short)%00%(objectname)%00%(upstream:track)%00%(upstream:remotename)%00%(upstream:remoteref) refs/heads/main refs/remotes/main [2ms]
[2022-09-30T08:39:15.979Z] > git for-each-ref --sort -committerdate --format %(refname) %(objectname) %(*objectname) [5ms]
[2022-09-30T08:39:15.981Z] > git remote --verbose [2ms]
[2022-09-30T08:39:16.008Z] > git config --get commit.template [6ms]
[2022-09-30T08:39:21.137Z] > git status -z -uall [123ms]
[2022-09-30T08:39:21.143Z] > git symbolic-ref --short HEAD [2ms]
[2022-09-30T08:39:21.149Z] > git for-each-ref --format=%(refname)%00%(upstream:short)%00%(objectname)%00%(upstream:track)%00%(upstream:remotename)%00%(upstream:remoteref) refs/heads/main refs/remotes/main [2ms]
[2022-09-30T08:39:21.157Z] > git for-each-ref --sort -committerdate --format %(refname) %(objectname) %(*objectname) [5ms]
[2022-09-30T08:39:21.159Z] > git remote --verbose [3ms]
[2022-09-30T08:39:21.219Z] > git config --get commit.template [35ms]
[2022-09-30T08:39:26.350Z] > git status -z -uall [122ms]
[2022-09-30T08:39:26.356Z] > git symbolic-ref --short HEAD [2ms]
[2022-09-30T08:39:26.361Z] > git for-each-ref --format=%(refname)%00%(upstream:short)%00%(objectname)%00%(upstream:track)%00%(upstream:remotename)%00%(upstream:remoteref) refs/heads/main refs/remotes/main [2ms]
[2022-09-30T08:39:26.370Z] > git for-each-ref --sort -committerdate --format %(refname) %(objectname) %(*objectname) [5ms]
[2022-09-30T08:39:26.372Z] > git remote --verbose [2ms]
[2022-09-30T08:39:26.408Z] > git config --get commit.template [9ms]
[2022-09-30T08:39:31.575Z] > git status -z -uall [162ms]
[2022-09-30T08:39:31.614Z] > git symbolic-ref --short HEAD [20ms]
[2022-09-30T08:39:31.622Z] > git for-each-ref --format=%(refname)%00%(upstream:short)%00%(objectname)%00%(upstream:track)%00%(upstream:remotename)%00%(upstream:remoteref) refs/heads/main refs/remotes/main [3ms]
[2022-09-30T08:39:31.631Z] > git for-each-ref --sort -committerdate --format %(refname) %(objectname) %(*objectname) [6ms]
[2022-09-30T08:39:31.632Z] > git remote --verbose [2ms]
[2022-09-30T08:39:31.655Z] > git config --get commit.template [2ms]
[2022-09-30T08:39:36.794Z] > git status -z -uall [133ms]
[2022-09-30T08:39:36.800Z] > git symbolic-ref --short HEAD [2ms]
[2022-09-30T08:39:36.806Z] > git for-each-ref --format=%(refname)%00%(upstream:short)%00%(objectname)%00%(upstream:track)%00%(upstream:remotename)%00%(upstream:remoteref) refs/heads/main refs/remotes/main [3ms]
[2022-09-30T08:39:36.814Z] > git for-each-ref --sort -committerdate --format %(refname) %(objectname) %(*objectname) [5ms]
[2022-09-30T08:39:36.815Z] > git remote --verbose [2ms]
[2022-09-30T08:39:36.860Z] > git config --get commit.template [25ms]
[2022-09-30T08:39:41.999Z] > git status -z -uall [127ms]
[2022-09-30T08:39:42.006Z] > git symbolic-ref --short HEAD [2ms]
[2022-09-30T08:39:42.012Z] > git for-each-ref --format=%(refname)%00%(upstream:short)%00%(objectname)%00%(upstream:track)%00%(upstream:remotename)%00%(upstream:remoteref) refs/heads/main refs/remotes/main [2ms]
[2022-09-30T08:39:42.020Z] > git for-each-ref --sort -committerdate --format %(refname) %(objectname) %(*objectname) [5ms]
[2022-09-30T08:39:42.022Z] > git remote --verbose [2ms]
[2022-09-30T08:39:42.059Z] > git config --get commit.template [2ms]
[2022-09-30T08:39:47.188Z] > git status -z -uall [123ms]
[2022-09-30T08:39:47.194Z] > git symbolic-ref --short HEAD [2ms]
[2022-09-30T08:39:47.200Z] > git for-each-ref --format=%(refname)%00%(upstream:short)%00%(objectname)%00%(upstream:track)%00%(upstream:remotename)%00%(upstream:remoteref) refs/heads/main refs/remotes/main [2ms]
[2022-09-30T08:39:47.208Z] > git for-each-ref --sort -committerdate --format %(refname) %(objectname) %(*objectname) [5ms]
[2022-09-30T08:39:47.210Z] > git remote --verbose [3ms]
[2022-09-30T08:39:47.234Z] > git config --get commit.template [2ms]
[2022-09-30T08:39:59.913Z] > git status -z -uall [136ms]
[2022-09-30T08:39:59.921Z] > git symbolic-ref --short HEAD [3ms]
[2022-09-30T08:39:59.927Z] > git for-each-ref --format=%(refname)%00%(upstream:short)%00%(objectname)%00%(upstream:track)%00%(upstream:remotename)%00%(upstream:remoteref) refs/heads/main refs/remotes/main [3ms]
[2022-09-30T08:39:59.936Z] > git for-each-ref --sort -committerdate --format %(refname) %(objectname) %(*objectname) [6ms]
[2022-09-30T08:39:59.938Z] > git remote --verbose [3ms]
[2022-09-30T08:39:59.975Z] > git config --get commit.template [2ms]
[2022-09-30T08:40:05.109Z] > git status -z -uall [129ms]
[2022-09-30T08:40:05.116Z] > git symbolic-ref --short HEAD [2ms]
[2022-09-30T08:40:05.149Z] > git for-each-ref --format=%(refname)%00%(upstream:short)%00%(objectname)%00%(upstream:track)%00%(upstream:remotename)%00%(upstream:remoteref) refs/heads/main refs/remotes/main [29ms]
[2022-09-30T08:40:05.194Z] > git for-each-ref --sort -committerdate --format %(refname) %(objectname) %(*objectname) [14ms]
[2022-09-30T08:40:05.197Z] > git remote --verbose [6ms]
[2022-09-30T08:40:05.255Z] > git config --get commit.template [21ms]
[2022-09-30T08:40:10.629Z] > git status -z -uall [364ms]
[2022-09-30T08:40:10.643Z] > git symbolic-ref --short HEAD [6ms]
[2022-09-30T08:40:10.657Z] > git for-each-ref --format=%(refname)%00%(upstream:short)%00%(objectname)%00%(upstream:track)%00%(upstream:remotename)%00%(upstream:remoteref) refs/heads/main refs/remotes/main [7ms]
[2022-09-30T08:40:10.673Z] > git for-each-ref --sort -committerdate --format %(refname) %(objectname) %(*objectname) [8ms]
[2022-09-30T08:40:10.676Z] > git remote --verbose [4ms]
[2022-09-30T08:40:10.707Z] > git config --get commit.template [2ms]
[2022-09-30T08:40:15.960Z] > git status -z -uall [239ms]
[2022-09-30T08:40:15.976Z] > git symbolic-ref --short HEAD [3ms]
[2022-09-30T08:40:15.989Z] > git for-each-ref --format=%(refname)%00%(upstream:short)%00%(objectname)%00%(upstream:track)%00%(upstream:remotename)%00%(upstream:remoteref) refs/heads/main refs/remotes/main [6ms]
[2022-09-30T08:40:16.005Z] > git for-each-ref --sort -committerdate --format %(refname) %(objectname) %(*objectname) [9ms]
[2022-09-30T08:40:16.008Z] > git remote --verbose [4ms]
[2022-09-30T08:40:16.103Z] > git config --get commit.template [2ms]
[2022-09-30T08:40:21.241Z] > git status -z -uall [132ms]
[2022-09-30T08:40:21.248Z] > git symbolic-ref --short HEAD [2ms]
[2022-09-30T08:40:21.253Z] > git for-each-ref --format=%(refname)%00%(upstream:short)%00%(objectname)%00%(upstream:track)%00%(upstream:remotename)%00%(upstream:remoteref) refs/heads/main refs/remotes/main [2ms]
[2022-09-30T08:40:21.262Z] > git for-each-ref --sort -committerdate --format %(refname) %(objectname) %(*objectname) [5ms]
[2022-09-30T08:40:21.264Z] > git remote --verbose [3ms]
[2022-09-30T08:40:21.309Z] > git config --get commit.template [10ms]
[2022-09-30T08:40:45.405Z] > git status -z -uall [137ms]
[2022-09-30T08:40:45.412Z] > git symbolic-ref --short HEAD [2ms]
[2022-09-30T08:40:45.417Z] > git for-each-ref --format=%(refname)%00%(upstream:short)%00%(objectname)%00%(upstream:track)%00%(upstream:remotename)%00%(upstream:remoteref) refs/heads/main refs/remotes/main [2ms]
[2022-09-30T08:40:45.426Z] > git for-each-ref --sort -committerdate --format %(refname) %(objectname) %(*objectname) [5ms]
[2022-09-30T08:40:45.431Z] > git remote --verbose [6ms]
[2022-09-30T08:40:45.470Z] > git config --get commit.template [2ms]
[2022-09-30T08:40:50.608Z] > git status -z -uall [132ms]
[2022-09-30T08:40:50.615Z] > git symbolic-ref --short HEAD [2ms]
[2022-09-30T08:40:50.620Z] > git for-each-ref --format=%(refname)%00%(upstream:short)%00%(objectname)%00%(upstream:track)%00%(upstream:remotename)%00%(upstream:remoteref) refs/heads/main refs/remotes/main [2ms]
[2022-09-30T08:40:50.628Z] > git for-each-ref --sort -committerdate --format %(refname) %(objectname) %(*objectname) [5ms]
[2022-09-30T08:40:50.630Z] > git remote --verbose [3ms]
[2022-09-30T08:40:50.664Z] > git config --get commit.template [2ms]
[2022-09-30T08:48:45.351Z] > git status -z -uall [130ms]
[2022-09-30T08:48:45.358Z] > git symbolic-ref --short HEAD [2ms]
[2022-09-30T08:48:45.364Z] > git for-each-ref --format=%(refname)%00%(upstream:short)%00%(objectname)%00%(upstream:track)%00%(upstream:remotename)%00%(upstream:remoteref) refs/heads/main refs/remotes/main [2ms]
[2022-09-30T08:48:45.372Z] > git for-each-ref --sort -committerdate --format %(refname) %(objectname) %(*objectname) [5ms]
[2022-09-30T08:48:45.374Z] > git remote --verbose [2ms]
[2022-09-30T08:48:45.422Z] > git config --get commit.template [4ms]
[2022-09-30T15:29:03.663Z] > git status -z -uall [142ms]
[2022-09-30T15:29:03.687Z] > git symbolic-ref --short HEAD [4ms]
[2022-09-30T15:29:03.695Z] > git for-each-ref --format=%(refname)%00%(upstream:short)%00%(objectname)%00%(upstream:track)%00%(upstream:remotename)%00%(upstream:remoteref) refs/heads/main refs/remotes/main [3ms]
[2022-09-30T15:29:03.704Z] > git for-each-ref --sort -committerdate --format %(refname) %(objectname) %(*objectname) [5ms]
[2022-09-30T15:29:03.706Z] > git remote --verbose [3ms]
[2022-09-30T15:29:03.747Z] > git config --get commit.template [2ms]
