[2022-09-15T04:46:32.095Z] Log level: Info
[2022-09-15T04:46:32.139Z] [info] Validating found git in: git
[2022-09-15T04:46:32.294Z] [info] Using git 2.34.1 from git
[2022-09-15T04:46:32.372Z] > git rev-parse --show-toplevel [23ms]
[2022-09-15T04:46:32.373Z] fatal: detected dubious ownership in repository at '/home/ubuntu/jinkange'
To add an exception for this directory, call:

	git config --global --add safe.directory /home/ubuntu/jinkange
[2022-09-15T04:46:32.399Z] > git rev-parse --show-toplevel [2ms]
[2022-09-15T04:46:32.399Z] fatal: detected dubious ownership in repository at '/home/ubuntu/jinkange'
To add an exception for this directory, call:

	git config --global --add safe.directory /home/ubuntu/jinkange
[2022-09-15T04:46:32.414Z] > git rev-parse --show-toplevel [3ms]
[2022-09-15T04:46:32.414Z] fatal: detected dubious ownership in repository at '/home/ubuntu/jinkange'
To add an exception for this directory, call:

	git config --global --add safe.directory /home/ubuntu/jinkange
[2022-09-15T04:46:32.436Z] > git rev-parse --show-toplevel [11ms]
[2022-09-15T04:46:32.436Z] fatal: detected dubious ownership in repository at '/home/ubuntu/jinkange'
To add an exception for this directory, call:

	git config --global --add safe.directory /home/ubuntu/jinkange
[2022-09-15T04:46:36.122Z] > git rev-parse --show-toplevel [9ms]
[2022-09-15T04:46:36.122Z] fatal: detected dubious ownership in repository at '/home/ubuntu/jinkange'
To add an exception for this directory, call:

	git config --global --add safe.directory /home/ubuntu/jinkange
