[2022-10-04T05:21:59.289Z] Log level: Info
[2022-10-04T05:21:59.304Z] [info] Validating found git in: git
[2022-10-04T05:21:59.343Z] [info] Using git 2.34.1 from git
[2022-10-04T05:21:59.459Z] > git rev-parse --show-toplevel [99ms]
[2022-10-04T05:21:59.484Z] > git rev-parse --git-dir --git-common-dir [16ms]
[2022-10-04T05:21:59.493Z] [info] Open repository: /home/ubuntu
[2022-10-04T05:22:01.073Z] > git status -z -uall [1572ms]
[2022-10-04T05:22:01.094Z] > git symbolic-ref --short HEAD [11ms]
[2022-10-04T05:22:01.102Z] > git for-each-ref --format=%(refname)%00%(upstream:short)%00%(objectname)%00%(upstream:track)%00%(upstream:remotename)%00%(upstream:remoteref) refs/heads/main refs/remotes/main [2ms]
[2022-10-04T05:22:01.113Z] > git for-each-ref --sort -committerdate --format %(refname) %(objectname) %(*objectname) [7ms]
[2022-10-04T05:22:01.116Z] > git remote --verbose [4ms]
[2022-10-04T05:22:02.356Z] > git config --get commit.template [36ms]
[2022-10-04T05:22:03.449Z] > git status -z -uall [1047ms]
[2022-10-04T05:22:03.456Z] > git symbolic-ref --short HEAD [2ms]
[2022-10-04T05:22:03.462Z] > git for-each-ref --format=%(refname)%00%(upstream:short)%00%(objectname)%00%(upstream:track)%00%(upstream:remotename)%00%(upstream:remoteref) refs/heads/main refs/remotes/main [2ms]
[2022-10-04T05:22:03.472Z] > git for-each-ref --sort -committerdate --format %(refname) %(objectname) %(*objectname) [6ms]
[2022-10-04T05:22:03.474Z] > git remote --verbose [4ms]
[2022-10-04T05:22:03.565Z] > git config --get commit.template [3ms]
[2022-10-04T08:28:28.555Z] > git status -z -uall [991ms]
[2022-10-04T08:28:28.562Z] > git symbolic-ref --short HEAD [2ms]
[2022-10-04T08:28:28.569Z] > git for-each-ref --format=%(refname)%00%(upstream:short)%00%(objectname)%00%(upstream:track)%00%(upstream:remotename)%00%(upstream:remoteref) refs/heads/main refs/remotes/main [2ms]
[2022-10-04T08:28:28.578Z] > git for-each-ref --sort -committerdate --format %(refname) %(objectname) %(*objectname) [6ms]
[2022-10-04T08:28:28.580Z] > git remote --verbose [4ms]
[2022-10-04T08:28:29.767Z] > git config --get commit.template [1081ms]
[2022-10-04T08:28:30.352Z] > git check-ignore -v -z --stdin [21ms]
[2022-10-04T08:28:31.728Z] > git check-ignore -v -z --stdin [8ms]
[2022-10-04T08:28:34.033Z] > git check-ignore -v -z --stdin [8ms]
[2022-10-04T08:28:35.766Z] > git status -z -uall [983ms]
[2022-10-04T08:28:35.773Z] > git symbolic-ref --short HEAD [2ms]
[2022-10-04T08:28:35.779Z] > git for-each-ref --format=%(refname)%00%(upstream:short)%00%(objectname)%00%(upstream:track)%00%(upstream:remotename)%00%(upstream:remoteref) refs/heads/main refs/remotes/main [2ms]
[2022-10-04T08:28:35.787Z] > git for-each-ref --sort -committerdate --format %(refname) %(objectname) %(*objectname) [5ms]
[2022-10-04T08:28:35.790Z] > git remote --verbose [3ms]
[2022-10-04T08:28:35.901Z] > git config --get commit.template [6ms]
[2022-10-04T08:28:37.666Z] > git show --textconv :jinkange/src/index.js [61ms]
[2022-10-04T08:28:37.667Z] > git ls-files --stage -- /home/ubuntu/jinkange/src/index.js [46ms]
[2022-10-04T08:28:45.460Z] > git status -z -uall [4535ms]
[2022-10-04T08:28:45.489Z] > git symbolic-ref --short HEAD [16ms]
[2022-10-04T08:28:45.504Z] > git for-each-ref --format=%(refname)%00%(upstream:short)%00%(objectname)%00%(upstream:track)%00%(upstream:remotename)%00%(upstream:remoteref) refs/heads/main refs/remotes/main [10ms]
[2022-10-04T08:28:45.521Z] > git for-each-ref --sort -committerdate --format %(refname) %(objectname) %(*objectname) [9ms]
[2022-10-04T08:28:45.524Z] > git remote --verbose [3ms]
[2022-10-04T08:28:47.199Z] > git config --get commit.template [1522ms]
[2022-10-04T08:28:53.222Z] > git status -z -uall [996ms]
[2022-10-04T08:28:53.232Z] > git symbolic-ref --short HEAD [3ms]
[2022-10-04T08:28:53.239Z] > git for-each-ref --format=%(refname)%00%(upstream:short)%00%(objectname)%00%(upstream:track)%00%(upstream:remotename)%00%(upstream:remoteref) refs/heads/main refs/remotes/main [2ms]
[2022-10-04T08:28:53.249Z] > git for-each-ref --sort -committerdate --format %(refname) %(objectname) %(*objectname) [6ms]
[2022-10-04T08:28:53.251Z] > git remote --verbose [3ms]
[2022-10-04T08:28:53.331Z] > git config --get commit.template [3ms]
[2022-10-04T08:53:19.196Z] > git status -z -uall [992ms]
[2022-10-04T08:53:19.203Z] > git symbolic-ref --short HEAD [2ms]
[2022-10-04T08:53:19.209Z] > git for-each-ref --format=%(refname)%00%(upstream:short)%00%(objectname)%00%(upstream:track)%00%(upstream:remotename)%00%(upstream:remoteref) refs/heads/main refs/remotes/main [2ms]
[2022-10-04T08:53:19.220Z] > git for-each-ref --sort -committerdate --format %(refname) %(objectname) %(*objectname) [8ms]
[2022-10-04T08:53:19.222Z] > git remote --verbose [3ms]
[2022-10-04T08:53:19.325Z] > git config --get commit.template [23ms]
