0 verbose cli [
0 verbose cli   '/usr/bin/node',
0 verbose cli   '/usr/bin/npm',
0 verbose cli   'install',
0 verbose cli   '--ignore-scripts',
0 verbose cli   'types-registry@latest'
0 verbose cli ]
1 info using npm@8.5.1
2 info using node@v12.22.9
3 timing npm:load:whichnode Completed in 0ms
4 timing config:load:defaults Completed in 33ms
5 timing config:load:file:/usr/share/nodejs/npm/npmrc Completed in 58ms
6 timing config:load:builtin Completed in 58ms
7 timing config:load:cli Completed in 37ms
8 timing config:load:env Completed in 1ms
9 timing config:load:file:/home/ubuntu/.cache/typescript/4.8/.npmrc Completed in 9ms
10 timing config:load:project Completed in 35ms
11 timing config:load:file:/home/ubuntu/.npmrc Completed in 5ms
12 timing config:load:user Completed in 7ms
13 timing config:load:file:/etc/npmrc Completed in 2ms
14 timing config:load:global Completed in 4ms
15 timing config:load:validate Completed in 4ms
16 timing config:load:credentials Completed in 28ms
17 timing config:load:setEnvs Completed in 14ms
18 timing config:load Completed in 271ms
19 timing npm:load:configload Completed in 272ms
20 timing npm:load:setTitle Completed in 98ms
21 timing config:load:flatten Completed in 403ms
22 timing npm:load:display Completed in 437ms
23 verbose logfile /home/ubuntu/.npm/_logs/2022-10-06T09_03_01_737Z-debug-0.log
24 timing npm:load:logFile Completed in 238ms
25 timing npm:load:timers Completed in 2ms
26 timing npm:load:configScope Completed in 1ms
27 timing npm:load Completed in 1090ms
28 timing arborist:ctor Completed in 12ms
29 silly logfile start cleaning logs, removing 1 files
30 timing idealTree:init Completed in 1404ms
31 timing arborist:ctor Completed in 0ms
