0 verbose cli [
0 verbose cli   '/usr/bin/node',
0 verbose cli   '/usr/bin/npm',
0 verbose cli   'install',
0 verbose cli   '--ignore-scripts',
0 verbose cli   '@types/express@ts4.8',
0 verbose cli   '--save-dev',
0 verbose cli   '--user-agent=typesInstaller/4.8.2'
0 verbose cli ]
1 info using npm@8.5.1
2 info using node@v12.22.9
3 timing npm:load:whichnode Completed in 0ms
4 timing config:load:defaults Completed in 2ms
5 timing config:load:file:/usr/share/nodejs/npm/npmrc Completed in 3ms
6 timing config:load:builtin Completed in 4ms
7 timing config:load:cli Completed in 3ms
8 timing config:load:env Completed in 0ms
9 timing config:load:file:/home/ubuntu/.cache/typescript/4.8/.npmrc Completed in 1ms
10 timing config:load:project Completed in 3ms
11 timing config:load:file:/home/ubuntu/.npmrc Completed in 0ms
12 timing config:load:user Completed in 0ms
13 timing config:load:file:/etc/npmrc Completed in 0ms
14 timing config:load:global Completed in 1ms
15 timing config:load:validate Completed in 0ms
16 timing config:load:credentials Completed in 1ms
17 timing config:load:setEnvs Completed in 2ms
18 timing config:load Completed in 16ms
19 timing npm:load:configload Completed in 16ms
20 timing npm:load:setTitle Completed in 1ms
21 timing config:load:flatten Completed in 4ms
22 timing npm:load:display Completed in 6ms
23 verbose logfile /home/ubuntu/.npm/_logs/2022-09-30T07_48_04_790Z-debug-0.log
24 timing npm:load:logFile Completed in 9ms
25 timing npm:load:timers Completed in 1ms
26 timing npm:load:configScope Completed in 0ms
27 timing npm:load Completed in 34ms
28 timing arborist:ctor Completed in 7ms
29 silly logfile start cleaning logs, removing 1 files
30 timing idealTree:init Completed in 249ms
31 timing arborist:ctor Completed in 0ms
32 http fetch GET 200 https://registry.npmjs.org/@types%2fexpress 193ms (cache miss)
33 timing idealTree:userRequests Completed in 204ms
34 silly idealTree buildDeps
35 silly fetch manifest @types/express@4.17.14
36 silly placeDep ROOT @types/express@4.17.14 OK for:  want: 4.17.14
37 silly fetch manifest @types/body-parser@*
38 silly fetch manifest @types/express-serve-static-core@^4.17.18
39 silly fetch manifest @types/qs@*
40 silly fetch manifest @types/serve-static@*
41 http fetch GET 200 https://registry.npmjs.org/@types%2fbody-parser 62ms (cache miss)
42 http fetch GET 200 https://registry.npmjs.org/@types%2fserve-static 68ms (cache miss)
43 http fetch GET 200 https://registry.npmjs.org/@types%2fexpress-serve-static-core 71ms (cache miss)
44 http fetch GET 200 https://registry.npmjs.org/@types%2fqs 73ms (cache miss)
45 timing idealTree:#root Completed in 84ms
46 silly placeDep ROOT @types/body-parser@1.19.2 OK for: @types/express@4.17.14 want: *
47 silly placeDep ROOT @types/express-serve-static-core@4.17.31 OK for: @types/express@4.17.14 want: ^4.17.18
48 silly placeDep ROOT @types/qs@6.9.7 OK for: @types/express@4.17.14 want: *
49 silly placeDep ROOT @types/serve-static@1.15.0 OK for: @types/express@4.17.14 want: *
50 silly fetch manifest @types/connect@*
51 silly fetch manifest @types/range-parser@*
52 silly fetch manifest @types/mime@*
53 http fetch GET 200 https://registry.npmjs.org/@types%2fmime 41ms (cache miss)
54 http fetch GET 200 https://registry.npmjs.org/@types%2frange-parser 44ms (cache miss)
55 http fetch GET 200 https://registry.npmjs.org/@types%2fconnect 414ms (cache miss)
56 timing idealTree:node_modules/@types/express Completed in 423ms
57 silly placeDep ROOT @types/connect@3.4.35 OK for: @types/body-parser@1.19.2 want: *
58 timing idealTree:node_modules/@types/body-parser Completed in 2ms
59 timing idealTree:node_modules/@types/connect Completed in 0ms
60 silly placeDep ROOT @types/range-parser@1.2.4 OK for: @types/express-serve-static-core@4.17.31 want: *
61 timing idealTree:node_modules/@types/express-serve-static-core Completed in 5ms
62 timing idealTree:node_modules/@types/qs Completed in 0ms
63 timing idealTree:node_modules/@types/range-parser Completed in 0ms
64 silly placeDep ROOT @types/mime@3.0.1 OK for: @types/serve-static@1.15.0 want: *
65 timing idealTree:node_modules/@types/serve-static Completed in 2ms
66 timing idealTree:node_modules/@types/mime Completed in 0ms
67 timing idealTree:buildDeps Completed in 518ms
68 timing idealTree:fixDepFlags Completed in 2ms
69 warn EBADENGINE Unsupported engine {
69 warn EBADENGINE   package: '@jest/expect-utils@29.0.3',
69 warn EBADENGINE   required: { node: '^14.15.0 || ^16.10.0 || >=18.0.0' },
69 warn EBADENGINE   current: { node: 'v12.22.9', npm: '8.5.1' }
69 warn EBADENGINE }
70 warn EBADENGINE Unsupported engine {
70 warn EBADENGINE   package: '@jest/schemas@29.0.0',
70 warn EBADENGINE   required: { node: '^14.15.0 || ^16.10.0 || >=18.0.0' },
70 warn EBADENGINE   current: { node: 'v12.22.9', npm: '8.5.1' }
70 warn EBADENGINE }
71 warn EBADENGINE Unsupported engine {
71 warn EBADENGINE   package: '@jest/types@29.0.3',
71 warn EBADENGINE   required: { node: '^14.15.0 || ^16.10.0 || >=18.0.0' },
71 warn EBADENGINE   current: { node: 'v12.22.9', npm: '8.5.1' }
71 warn EBADENGINE }
72 warn EBADENGINE Unsupported engine {
72 warn EBADENGINE   package: 'diff-sequences@29.0.0',
72 warn EBADENGINE   required: { node: '^14.15.0 || ^16.10.0 || >=18.0.0' },
72 warn EBADENGINE   current: { node: 'v12.22.9', npm: '8.5.1' }
72 warn EBADENGINE }
73 warn EBADENGINE Unsupported engine {
73 warn EBADENGINE   package: 'expect@29.0.3',
73 warn EBADENGINE   required: { node: '^14.15.0 || ^16.10.0 || >=18.0.0' },
73 warn EBADENGINE   current: { node: 'v12.22.9', npm: '8.5.1' }
73 warn EBADENGINE }
74 warn EBADENGINE Unsupported engine {
74 warn EBADENGINE   package: 'jest-diff@29.0.3',
74 warn EBADENGINE   required: { node: '^14.15.0 || ^16.10.0 || >=18.0.0' },
74 warn EBADENGINE   current: { node: 'v12.22.9', npm: '8.5.1' }
74 warn EBADENGINE }
75 warn EBADENGINE Unsupported engine {
75 warn EBADENGINE   package: 'jest-get-type@29.0.0',
75 warn EBADENGINE   required: { node: '^14.15.0 || ^16.10.0 || >=18.0.0' },
75 warn EBADENGINE   current: { node: 'v12.22.9', npm: '8.5.1' }
75 warn EBADENGINE }
76 warn EBADENGINE Unsupported engine {
76 warn EBADENGINE   package: 'jest-matcher-utils@29.0.3',
76 warn EBADENGINE   required: { node: '^14.15.0 || ^16.10.0 || >=18.0.0' },
76 warn EBADENGINE   current: { node: 'v12.22.9', npm: '8.5.1' }
76 warn EBADENGINE }
77 warn EBADENGINE Unsupported engine {
77 warn EBADENGINE   package: 'jest-message-util@29.0.3',
77 warn EBADENGINE   required: { node: '^14.15.0 || ^16.10.0 || >=18.0.0' },
77 warn EBADENGINE   current: { node: 'v12.22.9', npm: '8.5.1' }
77 warn EBADENGINE }
78 warn EBADENGINE Unsupported engine {
78 warn EBADENGINE   package: 'jest-util@29.0.3',
78 warn EBADENGINE   required: { node: '^14.15.0 || ^16.10.0 || >=18.0.0' },
78 warn EBADENGINE   current: { node: 'v12.22.9', npm: '8.5.1' }
78 warn EBADENGINE }
79 warn EBADENGINE Unsupported engine {
79 warn EBADENGINE   package: 'pretty-format@29.0.3',
79 warn EBADENGINE   required: { node: '^14.15.0 || ^16.10.0 || >=18.0.0' },
79 warn EBADENGINE   current: { node: 'v12.22.9', npm: '8.5.1' }
79 warn EBADENGINE }
80 timing idealTree Completed in 985ms
81 timing reify:loadTrees Completed in 987ms
82 timing reify:diffTrees Completed in 5ms
83 silly reify moves {}
84 timing reify:retireShallow Completed in 0ms
85 timing reify:createSparse Completed in 5ms
86 timing reify:loadBundles Completed in 0ms
87 silly audit bulk request {
87 silly audit   '@babel/code-frame': [ '7.18.6' ],
87 silly audit   '@babel/helper-validator-identifier': [ '7.19.1' ],
87 silly audit   '@babel/highlight': [ '7.18.6' ],
87 silly audit   'ansi-styles': [ '3.2.1', '4.3.0', '5.2.0' ],
87 silly audit   chalk: [ '2.4.2', '4.1.2' ],
87 silly audit   'color-convert': [ '1.9.3', '2.0.1' ],
87 silly audit   'color-name': [ '1.1.3', '1.1.4' ],
87 silly audit   'escape-string-regexp': [ '1.0.5', '2.0.0' ],
87 silly audit   'has-flag': [ '3.0.0', '4.0.0' ],
87 silly audit   'supports-color': [ '5.5.0', '7.2.0' ],
87 silly audit   '@jest/expect-utils': [ '29.0.3' ],
87 silly audit   '@jest/schemas': [ '29.0.0' ],
87 silly audit   '@jest/types': [ '29.0.3' ],
87 silly audit   '@sinclair/typebox': [ '0.24.41' ],
87 silly audit   '@types/domhandler': [ '2.4.2' ],
87 silly audit   '@types/domutils': [ '1.7.4' ],
87 silly audit   '@types/htmlparser2': [ '3.10.3' ],
87 silly audit   '@types/istanbul-lib-coverage': [ '2.0.4' ],
87 silly audit   '@types/istanbul-lib-report': [ '3.0.0' ],
87 silly audit   '@types/istanbul-reports': [ '3.0.1' ],
87 silly audit   '@types/jest': [ '29.0.2' ],
87 silly audit   '@types/lodash': [ '4.14.186' ],
87 silly audit   '@types/lodash.clonedeep': [ '4.5.7' ],
87 silly audit   '@types/lodash.escaperegexp': [ '4.1.7' ],
87 silly audit   '@types/lodash.isplainobject': [ '4.0.7' ],
87 silly audit   '@types/lodash.isstring': [ '4.0.7' ],
87 silly audit   '@types/lodash.mergewith': [ '4.6.7' ],
87 silly audit   '@types/node': [ '18.7.18' ],
87 silly audit   '@types/number-is-nan': [ '2.0.0' ],
87 silly audit   '@types/prop-types': [ '15.7.5' ],
87 silly audit   '@types/react': [ '18.0.21' ],
87 silly audit   '@types/react-dom': [ '18.0.6' ],
87 silly audit   '@types/sanitize-html': [ '2.6.2' ],
87 silly audit   '@types/scheduler': [ '0.16.2' ],
87 silly audit   '@types/stack-utils': [ '2.0.1' ],
87 silly audit   '@types/testing-library__jest-dom': [ '5.14.5' ],
87 silly audit   '@types/xtend': [ '4.0.4' ],
87 silly audit   '@types/yargs': [ '17.0.12' ],
87 silly audit   '@types/yargs-parser': [ '21.0.0' ],
87 silly audit   braces: [ '3.0.2' ],
87 silly audit   'ci-info': [ '3.4.0' ],
87 silly audit   csstype: [ '3.1.1' ],
87 silly audit   'diff-sequences': [ '29.0.0' ],
87 silly audit   'dom-serializer': [ '1.4.1' ],
87 silly audit   domelementtype: [ '2.3.0', '1.3.1' ],
87 silly audit   domhandler: [ '4.3.1', '2.4.2' ],
87 silly audit   domutils: [ '2.8.0' ],
87 silly audit   entities: [ '2.2.0' ],
87 silly audit   expect: [ '29.0.3' ],
87 silly audit   'fill-range': [ '7.0.1' ],
87 silly audit   'graceful-fs': [ '4.2.10' ],
87 silly audit   htmlparser2: [ '6.1.0' ],
87 silly audit   'is-number': [ '7.0.0' ],
87 silly audit   'jest-diff': [ '29.0.3' ],
87 silly audit   'jest-get-type': [ '29.0.0' ],
87 silly audit   'jest-matcher-utils': [ '29.0.3' ],
87 silly audit   'jest-message-util': [ '29.0.3' ],
87 silly audit   'jest-util': [ '29.0.3' ],
87 silly audit   'js-tokens': [ '4.0.0' ],
87 silly audit   micromatch: [ '4.0.5' ],
87 silly audit   picomatch: [ '2.3.1' ],
87 silly audit   'pretty-format': [ '29.0.3' ],
87 silly audit   'react-is': [ '18.2.0' ],
87 silly audit   slash: [ '3.0.0' ],
87 silly audit   'stack-utils': [ '2.0.5' ],
87 silly audit   'to-regex-range': [ '5.0.1' ],
87 silly audit   'types-registry': [ '0.1.611' ],
87 silly audit   '@types/express': [ '4.17.14' ],
87 silly audit   '@types/body-parser': [ '1.19.2' ],
87 silly audit   '@types/express-serve-static-core': [ '4.17.31' ],
87 silly audit   '@types/qs': [ '6.9.7' ],
87 silly audit   '@types/serve-static': [ '1.15.0' ],
87 silly audit   '@types/connect': [ '3.4.35' ],
87 silly audit   '@types/range-parser': [ '1.2.4' ],
87 silly audit   '@types/mime': [ '3.0.1' ]
87 silly audit }
88 silly tarball no local data for @types/mime@https://registry.npmjs.org/@types/mime/-/mime-3.0.1.tgz. Extracting by manifest.
89 silly tarball no local data for @types/range-parser@https://registry.npmjs.org/@types/range-parser/-/range-parser-1.2.4.tgz. Extracting by manifest.
90 silly tarball no local data for @types/connect@https://registry.npmjs.org/@types/connect/-/connect-3.4.35.tgz. Extracting by manifest.
91 silly tarball no local data for @types/serve-static@https://registry.npmjs.org/@types/serve-static/-/serve-static-1.15.0.tgz. Extracting by manifest.
92 silly tarball no local data for @types/qs@https://registry.npmjs.org/@types/qs/-/qs-6.9.7.tgz. Extracting by manifest.
93 silly tarball no local data for @types/express-serve-static-core@https://registry.npmjs.org/@types/express-serve-static-core/-/express-serve-static-core-4.17.31.tgz. Extracting by manifest.
94 silly tarball no local data for @types/body-parser@https://registry.npmjs.org/@types/body-parser/-/body-parser-1.19.2.tgz. Extracting by manifest.
95 silly tarball no local data for @types/express@https://registry.npmjs.org/@types/express/-/express-4.17.14.tgz. Extracting by manifest.
96 http fetch GET 200 https://registry.npmjs.org/@types/mime/-/mime-3.0.1.tgz 145ms (cache miss)
97 timing reifyNode:node_modules/@types/mime Completed in 162ms
98 http fetch GET 200 https://registry.npmjs.org/@types/connect/-/connect-3.4.35.tgz 133ms (cache miss)
99 timing reifyNode:node_modules/@types/connect Completed in 166ms
100 http fetch GET 200 https://registry.npmjs.org/@types/range-parser/-/range-parser-1.2.4.tgz 147ms (cache miss)
101 timing reifyNode:node_modules/@types/range-parser Completed in 171ms
102 http fetch POST 200 https://registry.npmjs.org/-/npm/v1/security/advisories/bulk 232ms
103 timing auditReport:getReport Completed in 235ms
104 silly audit report {}
105 timing auditReport:init Completed in 0ms
106 timing reify:audit Completed in 237ms
107 http fetch GET 200 https://registry.npmjs.org/@types/body-parser/-/body-parser-1.19.2.tgz 178ms (cache miss)
108 timing reifyNode:node_modules/@types/body-parser Completed in 240ms
109 http fetch GET 200 https://registry.npmjs.org/@types/qs/-/qs-6.9.7.tgz 202ms (cache miss)
110 timing reifyNode:node_modules/@types/qs Completed in 245ms
111 http fetch GET 200 https://registry.npmjs.org/@types/serve-static/-/serve-static-1.15.0.tgz 213ms (cache miss)
112 timing reifyNode:node_modules/@types/serve-static Completed in 250ms
113 http fetch GET 200 https://registry.npmjs.org/@types/express/-/express-4.17.14.tgz 182ms (cache miss)
114 timing reifyNode:node_modules/@types/express Completed in 259ms
115 http fetch GET 200 https://registry.npmjs.org/@types/express-serve-static-core/-/express-serve-static-core-4.17.31.tgz 215ms (cache miss)
116 timing reifyNode:node_modules/@types/express-serve-static-core Completed in 270ms
117 timing reify:unpack Completed in 271ms
118 timing reify:unretire Completed in 0ms
119 timing build:queue Completed in 17ms
120 timing build:deps Completed in 17ms
121 timing build Completed in 17ms
122 timing reify:build Completed in 19ms
123 timing reify:trash Completed in 0ms
124 timing reify:save Completed in 84ms
125 timing reify Completed in 1432ms
126 silly ADD node_modules/@types/mime
127 silly ADD node_modules/@types/range-parser
128 silly ADD node_modules/@types/connect
129 silly ADD node_modules/@types/serve-static
130 silly ADD node_modules/@types/qs
131 silly ADD node_modules/@types/express-serve-static-core
132 silly ADD node_modules/@types/body-parser
133 silly ADD node_modules/@types/express
134 timing command:install Completed in 1447ms
135 verbose exit 0
136 timing npm Completed in 1787ms
137 info ok
