0 verbose cli [ '/usr/bin/node', '/usr/bin/npm', 'install', 'pm2', '-g' ]
1 info using npm@8.5.1
2 info using node@v12.22.9
3 timing npm:load:whichnode Completed in 1ms
4 timing config:load:defaults Completed in 2ms
5 timing config:load:file:/usr/share/nodejs/npm/npmrc Completed in 4ms
6 timing config:load:builtin Completed in 4ms
7 timing config:load:cli Completed in 3ms
8 timing config:load:env Completed in 0ms
9 timing config:load:project Completed in 2ms
10 timing config:load:file:/home/ubuntu/.npmrc Completed in 1ms
11 timing config:load:user Completed in 1ms
12 timing config:load:file:/etc/npmrc Completed in 0ms
13 timing config:load:global Completed in 0ms
14 timing config:load:validate Completed in 1ms
15 timing config:load:credentials Completed in 1ms
16 timing config:load:setEnvs Completed in 1ms
17 timing config:load Completed in 15ms
18 timing npm:load:configload Completed in 15ms
19 timing npm:load:setTitle Completed in 0ms
20 timing config:load:flatten Completed in 5ms
21 timing npm:load:display Completed in 8ms
22 verbose logfile /home/ubuntu/.npm/_logs/2022-09-30T05_54_48_271Z-debug-0.log
23 timing npm:load:logFile Completed in 8ms
24 timing npm:load:timers Completed in 1ms
25 timing npm:load:configScope Completed in 0ms
26 timing npm:load Completed in 34ms
27 timing arborist:ctor Completed in 7ms
28 silly logfile start cleaning logs, removing 1 files
29 timing idealTree:init Completed in 9ms
30 timing idealTree:userRequests Completed in 4ms
31 silly idealTree buildDeps
32 silly fetch manifest pm2@*
33 http fetch GET 200 https://registry.npmjs.org/pm2 116ms (cache miss)
34 silly placeDep ROOT pm2@5.2.0 OK for:  want: *
35 silly fetch manifest @pm2/agent@~2.0.0
36 silly fetch manifest @pm2/io@~5.0.0
37 silly fetch manifest @pm2/js-api@~0.6.7
38 silly fetch manifest @pm2/pm2-version-check@latest
39 silly fetch manifest async@~3.2.0
40 silly fetch manifest blessed@0.1.81
41 silly fetch manifest chalk@3.0.0
42 silly fetch manifest chokidar@^3.5.1
43 silly fetch manifest cli-tableau@^2.0.0
44 silly fetch manifest commander@2.15.1
45 silly fetch manifest croner@~4.1.92
46 silly fetch manifest dayjs@~1.8.25
47 silly fetch manifest debug@^4.3.1
48 silly fetch manifest enquirer@2.3.6
49 silly fetch manifest eventemitter2@5.0.1
50 silly fetch manifest sprintf-js@1.1.2
51 silly fetch manifest fclone@1.0.11
52 silly fetch manifest mkdirp@1.0.4
53 silly fetch manifest needle@2.4.0
54 silly fetch manifest pidusage@~3.0
55 silly fetch manifest pm2-axon@~4.0.1
56 silly fetch manifest pm2-axon-rpc@~0.7.1
57 silly fetch manifest pm2-deploy@~1.0.2
58 silly fetch manifest pm2-multimeter@^0.1.2
59 silly fetch manifest promptly@^2
60 silly fetch manifest semver@^7.2
61 silly fetch manifest source-map-support@0.5.19
62 silly fetch manifest vizion@~2.2.1
63 silly fetch manifest yamljs@0.3.0
64 silly fetch manifest pm2-sysmonit@^1.2.8
65 http fetch GET 200 https://registry.npmjs.org/chalk 376ms (cache miss)
66 http fetch GET 200 https://registry.npmjs.org/croner 372ms (cache miss)
67 http fetch GET 200 https://registry.npmjs.org/chokidar 388ms (cache miss)
68 http fetch GET 200 https://registry.npmjs.org/commander 395ms (cache miss)
69 http fetch GET 200 https://registry.npmjs.org/eventemitter2 390ms (cache miss)
70 http fetch GET 200 https://registry.npmjs.org/fclone 391ms (cache miss)
71 http fetch GET 200 https://registry.npmjs.org/mkdirp 391ms (cache miss)
72 http fetch GET 200 https://registry.npmjs.org/needle 391ms (cache miss)
73 http fetch GET 200 https://registry.npmjs.org/async 412ms (cache miss)
74 http fetch GET 200 https://registry.npmjs.org/debug 404ms (cache miss)
75 http fetch GET 200 https://registry.npmjs.org/sprintf-js 401ms (cache miss)
76 http fetch GET 200 https://registry.npmjs.org/enquirer 405ms (cache miss)
77 http fetch GET 200 https://registry.npmjs.org/pm2-axon 392ms (cache miss)
78 http fetch GET 200 https://registry.npmjs.org/pm2-deploy 390ms (cache miss)
79 http fetch GET 200 https://registry.npmjs.org/pm2-multimeter 389ms (cache miss)
80 http fetch GET 200 https://registry.npmjs.org/promptly 389ms (cache miss)
81 http fetch GET 200 https://registry.npmjs.org/dayjs 411ms (cache miss)
82 http fetch GET 200 https://registry.npmjs.org/pidusage 400ms (cache miss)
83 http fetch GET 200 https://registry.npmjs.org/source-map-support 393ms (cache miss)
84 http fetch GET 200 https://registry.npmjs.org/semver 395ms (cache miss)
85 http fetch GET 200 https://registry.npmjs.org/blessed 429ms (cache miss)
86 http fetch GET 200 https://registry.npmjs.org/pm2-sysmonit 393ms (cache miss)
87 http fetch GET 200 https://registry.npmjs.org/vizion 396ms (cache miss)
88 http fetch GET 200 https://registry.npmjs.org/yamljs 397ms (cache miss)
89 http fetch GET 200 https://registry.npmjs.org/pm2-axon-rpc 446ms (cache miss)
90 http fetch GET 200 https://registry.npmjs.org/@pm2%2fjs-api 511ms (cache miss)
91 http fetch GET 200 https://registry.npmjs.org/@pm2%2fagent 515ms (cache miss)
92 http fetch GET 200 https://registry.npmjs.org/@pm2%2fio 515ms (cache miss)
93 http fetch GET 200 https://registry.npmjs.org/cli-tableau 818ms (cache miss)
94 http fetch GET 200 https://registry.npmjs.org/@pm2%2fpm2-version-check 850ms (cache miss)
95 timing idealTree:#root Completed in 992ms
96 silly placeDep node_modules/pm2 @pm2/agent@2.0.1 OK for: pm2@5.2.0 want: ~2.0.0
97 silly placeDep node_modules/pm2 @pm2/io@5.0.0 OK for: pm2@5.2.0 want: ~5.0.0
98 silly placeDep node_modules/pm2 @pm2/js-api@0.6.7 OK for: pm2@5.2.0 want: ~0.6.7
99 silly placeDep node_modules/pm2 @pm2/pm2-version-check@1.0.4 OK for: pm2@5.2.0 want: latest
100 silly placeDep node_modules/pm2 async@3.2.4 OK for: pm2@5.2.0 want: ~3.2.0
101 silly placeDep node_modules/pm2 blessed@0.1.81 OK for: pm2@5.2.0 want: 0.1.81
102 silly placeDep node_modules/pm2 chalk@3.0.0 OK for: pm2@5.2.0 want: 3.0.0
103 silly placeDep node_modules/pm2 chokidar@3.5.3 OK for: pm2@5.2.0 want: ^3.5.1
104 silly placeDep node_modules/pm2 cli-tableau@2.0.1 OK for: pm2@5.2.0 want: ^2.0.0
105 silly placeDep node_modules/pm2 commander@2.15.1 OK for: pm2@5.2.0 want: 2.15.1
106 silly placeDep node_modules/pm2 croner@4.1.97 OK for: pm2@5.2.0 want: ~4.1.92
107 silly placeDep node_modules/pm2 dayjs@1.8.36 OK for: pm2@5.2.0 want: ~1.8.25
108 silly placeDep node_modules/pm2 debug@4.3.4 OK for: pm2@5.2.0 want: ^4.3.1
109 silly placeDep node_modules/pm2 enquirer@2.3.6 OK for: pm2@5.2.0 want: 2.3.6
110 silly placeDep node_modules/pm2 eventemitter2@5.0.1 OK for: pm2@5.2.0 want: 5.0.1
111 silly placeDep node_modules/pm2 fclone@1.0.11 OK for: pm2@5.2.0 want: 1.0.11
112 silly placeDep node_modules/pm2 mkdirp@1.0.4 OK for: pm2@5.2.0 want: 1.0.4
113 silly placeDep node_modules/pm2 needle@2.4.0 OK for: pm2@5.2.0 want: 2.4.0
114 silly placeDep node_modules/pm2 pidusage@3.0.0 OK for: pm2@5.2.0 want: ~3.0
115 silly placeDep node_modules/pm2 pm2-axon@4.0.1 OK for: pm2@5.2.0 want: ~4.0.1
116 silly placeDep node_modules/pm2 pm2-axon-rpc@0.7.1 OK for: pm2@5.2.0 want: ~0.7.1
117 silly placeDep node_modules/pm2 pm2-deploy@1.0.2 OK for: pm2@5.2.0 want: ~1.0.2
118 silly placeDep node_modules/pm2 pm2-multimeter@0.1.2 OK for: pm2@5.2.0 want: ^0.1.2
119 silly placeDep node_modules/pm2 pm2-sysmonit@1.2.8 OK for: pm2@5.2.0 want: ^1.2.8
120 silly placeDep node_modules/pm2 promptly@2.2.0 OK for: pm2@5.2.0 want: ^2
121 silly placeDep node_modules/pm2 semver@7.3.7 OK for: pm2@5.2.0 want: ^7.2
122 silly placeDep node_modules/pm2 source-map-support@0.5.19 OK for: pm2@5.2.0 want: 0.5.19
123 silly placeDep node_modules/pm2 sprintf-js@1.1.2 OK for: pm2@5.2.0 want: 1.1.2
124 silly placeDep node_modules/pm2 vizion@2.2.1 OK for: pm2@5.2.0 want: ~2.2.1
125 silly placeDep node_modules/pm2 yamljs@0.3.0 OK for: pm2@5.2.0 want: 0.3.0
126 silly fetch manifest fast-json-patch@^3.0.0-1
127 silly fetch manifest nssocket@0.6.0
128 silly fetch manifest proxy-agent@~5.0.0
129 silly fetch manifest semver@~7.2.0
130 silly fetch manifest ws@~7.4.0
131 silly fetch manifest @opencensus/core@0.0.9
132 silly fetch manifest @opencensus/propagation-b3@0.0.8
133 silly fetch manifest async@~2.6.1
134 silly fetch manifest eventemitter2@^6.3.1
135 silly fetch manifest require-in-the-middle@^5.0.0
136 silly fetch manifest semver@6.3.0
137 silly fetch manifest shimmer@^1.2.0
138 silly fetch manifest signal-exit@^3.0.3
139 silly fetch manifest tslib@1.9.3
140 silly fetch manifest async@^2.6.3
141 silly fetch manifest axios@^0.21.0
142 silly fetch manifest ws@^7.0.0
143 silly fetch manifest ansi-styles@^4.1.0
144 silly fetch manifest supports-color@^7.1.0
145 silly fetch manifest anymatch@~3.1.2
146 silly fetch manifest braces@~3.0.2
147 silly fetch manifest glob-parent@~5.1.2
148 silly fetch manifest is-binary-path@~2.1.0
149 silly fetch manifest is-glob@~4.0.1
150 silly fetch manifest normalize-path@~3.0.0
151 silly fetch manifest readdirp@~3.6.0
152 silly fetch manifest fsevents@~2.3.2
153 silly fetch manifest ms@2.1.2
154 silly fetch manifest ansi-colors@^4.1.1
155 silly fetch manifest debug@^3.2.6
156 silly fetch manifest iconv-lite@^0.4.4
157 silly fetch manifest sax@^1.2.4
158 silly fetch manifest safe-buffer@^5.2.1
159 silly fetch manifest amp@~0.3.1
160 silly fetch manifest amp-message@~0.1.1
161 silly fetch manifest escape-string-regexp@^4.0.0
162 silly fetch manifest run-series@^1.1.8
163 silly fetch manifest tv4@^1.3.0
164 silly fetch manifest charm@~0.1.1
165 silly fetch manifest pidusage@^2.0.21
166 silly fetch manifest systeminformation@^5.7
167 silly fetch manifest tx2@~1.0.4
168 silly fetch manifest read@^1.0.4
169 silly fetch manifest lru-cache@^6.0.0
170 silly fetch manifest buffer-from@^1.0.0
171 silly fetch manifest source-map@^0.6.0
172 silly fetch manifest git-node-fs@^1.0.0
173 silly fetch manifest ini@^1.3.5
174 silly fetch manifest js-git@^0.7.8
175 silly fetch manifest argparse@^1.0.7
176 silly fetch manifest glob@^7.0.5
177 http fetch GET 200 https://registry.npmjs.org/anymatch 287ms (cache miss)
178 http fetch GET 200 https://registry.npmjs.org/ansi-styles 291ms (cache miss)
179 http fetch GET 200 https://registry.npmjs.org/proxy-agent 309ms (cache miss)
180 http fetch GET 200 https://registry.npmjs.org/supports-color 292ms (cache miss)
181 http fetch GET 200 https://registry.npmjs.org/fast-json-patch 313ms (cache miss)
182 http fetch GET 200 https://registry.npmjs.org/nssocket 316ms (cache miss)
183 http fetch GET 200 https://registry.npmjs.org/axios 302ms (cache miss)
184 http fetch GET 200 https://registry.npmjs.org/signal-exit 315ms (cache miss)
185 http fetch GET 200 https://registry.npmjs.org/braces 308ms (cache miss)
186 http fetch GET 200 https://registry.npmjs.org/require-in-the-middle 332ms (cache miss)
187 http fetch GET 200 https://registry.npmjs.org/tslib 325ms (cache miss)
188 http fetch GET 200 https://registry.npmjs.org/shimmer 333ms (cache miss)
189 http fetch GET 200 https://registry.npmjs.org/ws 345ms (cache miss)
190 http fetch GET 200 https://registry.npmjs.org/glob-parent 340ms (cache miss)
191 http fetch GET 200 https://registry.npmjs.org/is-binary-path 340ms (cache miss)
192 http fetch GET 200 https://registry.npmjs.org/is-glob 340ms (cache miss)
193 http fetch GET 200 https://registry.npmjs.org/normalize-path 342ms (cache miss)
194 http fetch GET 200 https://registry.npmjs.org/fsevents 340ms (cache miss)
195 http fetch GET 200 https://registry.npmjs.org/readdirp 343ms (cache miss)
196 http fetch GET 200 https://registry.npmjs.org/ms 338ms (cache miss)
197 http fetch GET 200 https://registry.npmjs.org/ansi-colors 339ms (cache miss)
198 http fetch GET 200 https://registry.npmjs.org/sax 337ms (cache miss)
199 http fetch GET 200 https://registry.npmjs.org/iconv-lite 338ms (cache miss)
200 http fetch GET 200 https://registry.npmjs.org/safe-buffer 339ms (cache miss)
201 http fetch GET 200 https://registry.npmjs.org/escape-string-regexp 337ms (cache miss)
202 http fetch GET 200 https://registry.npmjs.org/charm 334ms (cache miss)
203 http fetch GET 200 https://registry.npmjs.org/amp-message 340ms (cache miss)
204 http fetch GET 200 https://registry.npmjs.org/amp 341ms (cache miss)
205 http fetch GET 200 https://registry.npmjs.org/tv4 338ms (cache miss)
206 http fetch GET 200 https://registry.npmjs.org/read 335ms (cache miss)
207 http fetch GET 200 https://registry.npmjs.org/tx2 337ms (cache miss)
208 http fetch GET 200 https://registry.npmjs.org/buffer-from 328ms (cache miss)
209 http fetch GET 200 https://registry.npmjs.org/lru-cache 335ms (cache miss)
210 http fetch GET 200 https://registry.npmjs.org/git-node-fs 333ms (cache miss)
211 http fetch GET 200 https://registry.npmjs.org/run-series 349ms (cache miss)
212 http fetch GET 200 https://registry.npmjs.org/js-git 332ms (cache miss)
213 http fetch GET 200 https://registry.npmjs.org/ini 334ms (cache miss)
214 http fetch GET 200 https://registry.npmjs.org/source-map 337ms (cache miss)
215 http fetch GET 200 https://registry.npmjs.org/glob 334ms (cache miss)
216 http fetch GET 200 https://registry.npmjs.org/argparse 338ms (cache miss)
217 http fetch GET 200 https://registry.npmjs.org/@opencensus%2fpropagation-b3 451ms (cache miss)
218 http fetch GET 200 https://registry.npmjs.org/@opencensus%2fcore 474ms (cache miss)
219 http fetch GET 200 https://registry.npmjs.org/systeminformation 873ms (cache miss)
220 timing idealTree:node_modules/pm2 Completed in 1046ms
221 silly fetch manifest bufferutil@^4.0.1
222 http fetch GET 200 https://registry.npmjs.org/bufferutil 78ms (cache miss)
223 silly fetch manifest utf-8-validate@^5.0.2
224 http fetch GET 200 https://registry.npmjs.org/utf-8-validate 35ms (cache miss)
225 silly placeDep node_modules/pm2 fast-json-patch@3.1.1 OK for: @pm2/agent@2.0.1 want: ^3.0.0-1
226 silly placeDep node_modules/pm2 nssocket@0.6.0 OK for: @pm2/agent@2.0.1 want: 0.6.0
227 silly placeDep node_modules/pm2 proxy-agent@5.0.0 OK for: @pm2/agent@2.0.1 want: ~5.0.0
228 silly placeDep node_modules/pm2/node_modules/@pm2/agent semver@7.2.3 OK for: @pm2/agent@2.0.1 want: ~7.2.0
229 silly placeDep node_modules/pm2 ws@7.4.6 OK for: @pm2/agent@2.0.1 want: ~7.4.0
230 silly fetch manifest eventemitter2@~0.4.14
231 silly fetch manifest lazy@~1.0.11
232 silly fetch manifest agent-base@^6.0.0
233 silly fetch manifest http-proxy-agent@^4.0.0
234 silly fetch manifest https-proxy-agent@^5.0.0
235 silly fetch manifest lru-cache@^5.1.1
236 silly fetch manifest pac-proxy-agent@^5.0.0
237 silly fetch manifest proxy-from-env@^1.0.0
238 silly fetch manifest socks-proxy-agent@^5.0.0
239 http fetch GET 200 https://registry.npmjs.org/pac-proxy-agent 57ms (cache miss)
240 http fetch GET 200 https://registry.npmjs.org/https-proxy-agent 58ms (cache miss)
241 http fetch GET 200 https://registry.npmjs.org/proxy-from-env 57ms (cache miss)
242 http fetch GET 200 https://registry.npmjs.org/lazy 63ms (cache miss)
243 http fetch GET 200 https://registry.npmjs.org/http-proxy-agent 62ms (cache miss)
244 http fetch GET 200 https://registry.npmjs.org/socks-proxy-agent 61ms (cache miss)
245 http fetch GET 200 https://registry.npmjs.org/agent-base 67ms (cache miss)
246 timing idealTree:node_modules/pm2/node_modules/@pm2/agent Completed in 199ms
247 silly placeDep node_modules/pm2 @opencensus/core@0.0.9 OK for: @pm2/io@5.0.0 want: 0.0.9
248 silly placeDep node_modules/pm2 @opencensus/propagation-b3@0.0.8 OK for: @pm2/io@5.0.0 want: 0.0.8
249 silly placeDep node_modules/pm2/node_modules/@pm2/io async@2.6.4 OK for: @pm2/io@5.0.0 want: ~2.6.1
250 silly placeDep node_modules/pm2/node_modules/@pm2/io eventemitter2@6.4.9 OK for: @pm2/io@5.0.0 want: ^6.3.1
251 silly placeDep node_modules/pm2 require-in-the-middle@5.2.0 OK for: @pm2/io@5.0.0 want: ^5.0.0
252 silly placeDep node_modules/pm2/node_modules/@pm2/io semver@6.3.0 OK for: @pm2/io@5.0.0 want: 6.3.0
253 silly placeDep node_modules/pm2 shimmer@1.2.1 OK for: @pm2/io@5.0.0 want: ^1.2.0
254 silly placeDep node_modules/pm2 signal-exit@3.0.7 OK for: @pm2/io@5.0.0 want: ^3.0.3
255 silly placeDep node_modules/pm2 tslib@1.9.3 OK for: @pm2/io@5.0.0 want: 1.9.3
256 silly fetch manifest continuation-local-storage@^3.2.1
257 silly fetch manifest log-driver@^1.2.7
258 silly fetch manifest semver@^5.5.0
259 silly fetch manifest uuid@^3.2.1
260 silly fetch manifest @opencensus/core@^0.0.8
261 silly fetch manifest lodash@^4.17.14
262 silly fetch manifest module-details-from-path@^1.0.3
263 silly fetch manifest resolve@^1.22.1
264 http fetch GET 200 https://registry.npmjs.org/module-details-from-path 41ms (cache miss)
265 http fetch GET 200 https://registry.npmjs.org/lodash 45ms (cache miss)
266 http fetch GET 200 https://registry.npmjs.org/resolve 45ms (cache miss)
267 http fetch GET 200 https://registry.npmjs.org/continuation-local-storage 52ms (cache miss)
268 http fetch GET 200 https://registry.npmjs.org/log-driver 54ms (cache miss)
269 http fetch GET 200 https://registry.npmjs.org/uuid 75ms (cache miss)
270 timing idealTree:node_modules/pm2/node_modules/@pm2/io Completed in 109ms
271 silly placeDep node_modules/pm2 continuation-local-storage@3.2.1 OK for: @opencensus/core@0.0.9 want: ^3.2.1
272 silly placeDep node_modules/pm2 log-driver@1.2.7 OK for: @opencensus/core@0.0.9 want: ^1.2.7
273 silly placeDep node_modules/pm2/node_modules/@opencensus/core semver@5.7.1 OK for: @opencensus/core@0.0.9 want: ^5.5.0
274 silly placeDep node_modules/pm2 uuid@3.4.0 OK for: @opencensus/core@0.0.9 want: ^3.2.1
275 silly fetch manifest async-listener@^0.6.0
276 silly fetch manifest emitter-listener@^1.1.1
277 http fetch GET 200 https://registry.npmjs.org/async-listener 30ms (cache miss)
278 http fetch GET 200 https://registry.npmjs.org/emitter-listener 30ms (cache miss)
279 timing idealTree:node_modules/pm2/node_modules/@opencensus/core Completed in 39ms
280 silly placeDep node_modules/pm2/node_modules/@opencensus/propagation-b3 @opencensus/core@0.0.8 OK for: @opencensus/propagation-b3@0.0.8 want: ^0.0.8
281 timing idealTree:node_modules/pm2/node_modules/@opencensus/propagation-b3 Completed in 10ms
282 silly placeDep node_modules/pm2/node_modules/@pm2/js-api async@2.6.4 OK for: @pm2/js-api@0.6.7 want: ^2.6.3
283 silly placeDep node_modules/pm2 axios@0.21.4 OK for: @pm2/js-api@0.6.7 want: ^0.21.0
284 silly placeDep node_modules/pm2/node_modules/@pm2/js-api eventemitter2@6.4.9 OK for: @pm2/js-api@0.6.7 want: ^6.3.1
285 silly fetch manifest follow-redirects@^1.14.0
286 http fetch GET 200 https://registry.npmjs.org/follow-redirects 41ms (cache miss)
287 timing idealTree:node_modules/pm2/node_modules/@pm2/js-api Completed in 69ms
288 timing idealTree:node_modules/pm2/node_modules/@pm2/pm2-version-check Completed in 0ms
289 timing idealTree:node_modules/pm2/node_modules/async Completed in 0ms
290 silly placeDep node_modules/pm2 follow-redirects@1.15.2 OK for: axios@0.21.4 want: ^1.14.0
291 timing idealTree:node_modules/pm2/node_modules/axios Completed in 2ms
292 timing idealTree:node_modules/pm2/node_modules/blessed Completed in 0ms
293 silly placeDep node_modules/pm2 ansi-styles@4.3.0 OK for: chalk@3.0.0 want: ^4.1.0
294 silly placeDep node_modules/pm2 supports-color@7.2.0 OK for: chalk@3.0.0 want: ^7.1.0
295 silly fetch manifest color-convert@^2.0.1
296 silly fetch manifest has-flag@^4.0.0
297 http fetch GET 200 https://registry.npmjs.org/color-convert 28ms (cache miss)
298 http fetch GET 200 https://registry.npmjs.org/has-flag 35ms (cache miss)
299 timing idealTree:node_modules/pm2/node_modules/chalk Completed in 41ms
300 silly placeDep node_modules/pm2 color-convert@2.0.1 OK for: ansi-styles@4.3.0 want: ^2.0.1
301 silly fetch manifest color-name@~1.1.4
302 http fetch GET 200 https://registry.npmjs.org/color-name 44ms (cache miss)
303 timing idealTree:node_modules/pm2/node_modules/ansi-styles Completed in 48ms
304 silly placeDep node_modules/pm2 anymatch@3.1.2 OK for: chokidar@3.5.3 want: ~3.1.2
305 silly placeDep node_modules/pm2 braces@3.0.2 OK for: chokidar@3.5.3 want: ~3.0.2
306 silly placeDep node_modules/pm2 fsevents@2.3.2 OK for: chokidar@3.5.3 want: ~2.3.2
307 silly placeDep node_modules/pm2 glob-parent@5.1.2 OK for: chokidar@3.5.3 want: ~5.1.2
308 silly placeDep node_modules/pm2 is-binary-path@2.1.0 OK for: chokidar@3.5.3 want: ~2.1.0
309 silly placeDep node_modules/pm2 is-glob@4.0.3 OK for: chokidar@3.5.3 want: ~4.0.1
310 silly placeDep node_modules/pm2 normalize-path@3.0.0 OK for: chokidar@3.5.3 want: ~3.0.0
311 silly placeDep node_modules/pm2 readdirp@3.6.0 OK for: chokidar@3.5.3 want: ~3.6.0
312 silly fetch manifest picomatch@^2.0.4
313 silly fetch manifest fill-range@^7.0.1
314 silly fetch manifest binary-extensions@^2.0.0
315 silly fetch manifest is-extglob@^2.1.1
316 silly fetch manifest picomatch@^2.2.1
317 http fetch GET 200 https://registry.npmjs.org/fill-range 35ms (cache miss)
318 http fetch GET 200 https://registry.npmjs.org/is-extglob 34ms (cache miss)
319 http fetch GET 200 https://registry.npmjs.org/picomatch 38ms (cache miss)
320 http fetch GET 200 https://registry.npmjs.org/binary-extensions 40ms (cache miss)
321 timing idealTree:node_modules/pm2/node_modules/chokidar Completed in 59ms
322 silly placeDep node_modules/pm2 picomatch@2.3.1 OK for: anymatch@3.1.2 want: ^2.0.4
323 timing idealTree:node_modules/pm2/node_modules/anymatch Completed in 2ms
324 silly placeDep node_modules/pm2 fill-range@7.0.1 OK for: braces@3.0.2 want: ^7.0.1
325 silly fetch manifest to-regex-range@^5.0.1
326 http fetch GET 200 https://registry.npmjs.org/to-regex-range 35ms (cache miss)
327 timing idealTree:node_modules/pm2/node_modules/braces Completed in 42ms
328 timing idealTree:node_modules/pm2/node_modules/cli-tableau Completed in 0ms
329 silly placeDep node_modules/pm2 color-name@1.1.4 OK for: color-convert@2.0.1 want: ~1.1.4
330 timing idealTree:node_modules/pm2/node_modules/color-convert Completed in 2ms
331 timing idealTree:node_modules/pm2/node_modules/color-name Completed in 0ms
332 timing idealTree:node_modules/pm2/node_modules/commander Completed in 0ms
333 silly placeDep node_modules/pm2 async-listener@0.6.10 OK for: continuation-local-storage@3.2.1 want: ^0.6.0
334 silly placeDep node_modules/pm2 emitter-listener@1.1.2 OK for: continuation-local-storage@3.2.1 want: ^1.1.1
335 silly fetch manifest semver@^5.3.0
336 timing idealTree:node_modules/pm2/node_modules/continuation-local-storage Completed in 12ms
337 silly placeDep node_modules/pm2/node_modules/async-listener semver@5.7.1 OK for: async-listener@0.6.10 want: ^5.3.0
338 timing idealTree:node_modules/pm2/node_modules/async-listener Completed in 2ms
339 timing idealTree:node_modules/pm2/node_modules/croner Completed in 0ms
340 timing idealTree:node_modules/pm2/node_modules/dayjs Completed in 0ms
341 silly placeDep node_modules/pm2 ms@2.1.2 OK for: debug@4.3.4 want: 2.1.2
342 timing idealTree:node_modules/pm2/node_modules/debug Completed in 2ms
343 timing idealTree:node_modules/pm2/node_modules/emitter-listener Completed in 0ms
344 silly placeDep node_modules/pm2 ansi-colors@4.1.3 OK for: enquirer@2.3.6 want: ^4.1.1
345 timing idealTree:node_modules/pm2/node_modules/enquirer Completed in 11ms
346 timing idealTree:node_modules/pm2/node_modules/ansi-colors Completed in 0ms
347 timing idealTree:node_modules/pm2/node_modules/eventemitter2 Completed in 0ms
348 timing idealTree:node_modules/pm2/node_modules/fast-json-patch Completed in 0ms
349 timing idealTree:node_modules/pm2/node_modules/fclone Completed in 0ms
350 silly placeDep node_modules/pm2 to-regex-range@5.0.1 OK for: fill-range@7.0.1 want: ^5.0.1
351 silly fetch manifest is-number@^7.0.0
352 http fetch GET 200 https://registry.npmjs.org/is-number 28ms (cache miss)
353 timing idealTree:node_modules/pm2/node_modules/fill-range Completed in 30ms
354 timing idealTree:node_modules/pm2/node_modules/follow-redirects Completed in 0ms
355 timing idealTree:node_modules/pm2/node_modules/fsevents Completed in 0ms
356 timing idealTree:node_modules/pm2/node_modules/glob-parent Completed in 0ms
357 silly placeDep node_modules/pm2 binary-extensions@2.2.0 OK for: is-binary-path@2.1.0 want: ^2.0.0
358 timing idealTree:node_modules/pm2/node_modules/is-binary-path Completed in 2ms
359 timing idealTree:node_modules/pm2/node_modules/binary-extensions Completed in 0ms
360 silly placeDep node_modules/pm2 is-extglob@2.1.1 OK for: is-glob@4.0.3 want: ^2.1.1
361 timing idealTree:node_modules/pm2/node_modules/is-glob Completed in 5ms
362 timing idealTree:node_modules/pm2/node_modules/is-extglob Completed in 0ms
363 timing idealTree:node_modules/pm2/node_modules/log-driver Completed in 0ms
364 timing idealTree:node_modules/pm2/node_modules/mkdirp Completed in 0ms
365 timing idealTree:node_modules/pm2/node_modules/ms Completed in 0ms
366 silly placeDep node_modules/pm2/node_modules/needle debug@3.2.7 OK for: needle@2.4.0 want: ^3.2.6
367 silly placeDep node_modules/pm2 iconv-lite@0.4.24 OK for: needle@2.4.0 want: ^0.4.4
368 silly placeDep node_modules/pm2 sax@1.2.4 OK for: needle@2.4.0 want: ^1.2.4
369 silly fetch manifest safer-buffer@>= 2.1.2 < 3
370 http fetch GET 200 https://registry.npmjs.org/safer-buffer 38ms (cache miss)
371 timing idealTree:node_modules/pm2/node_modules/needle Completed in 44ms
372 silly placeDep node_modules/pm2 safer-buffer@2.1.2 OK for: iconv-lite@0.4.24 want: >= 2.1.2 < 3
373 timing idealTree:node_modules/pm2/node_modules/iconv-lite Completed in 2ms
374 timing idealTree:node_modules/pm2/node_modules/normalize-path Completed in 1ms
375 silly placeDep node_modules/pm2/node_modules/nssocket eventemitter2@0.4.14 OK for: nssocket@0.6.0 want: ~0.4.14
376 silly placeDep node_modules/pm2 lazy@1.0.11 OK for: nssocket@0.6.0 want: ~1.0.11
377 timing idealTree:node_modules/pm2/node_modules/nssocket Completed in 16ms
378 timing idealTree:node_modules/pm2/node_modules/lazy Completed in 0ms
379 timing idealTree:node_modules/pm2/node_modules/picomatch Completed in 0ms
380 silly placeDep node_modules/pm2 safe-buffer@5.2.1 OK for: pidusage@3.0.0 want: ^5.2.1
381 timing idealTree:node_modules/pm2/node_modules/pidusage Completed in 2ms
382 silly placeDep node_modules/pm2 amp@0.3.1 OK for: pm2-axon@4.0.1 want: ~0.3.1
383 silly placeDep node_modules/pm2 amp-message@0.1.2 OK for: pm2-axon@4.0.1 want: ~0.1.1
384 silly placeDep node_modules/pm2 escape-string-regexp@4.0.0 OK for: pm2-axon@4.0.1 want: ^4.0.0
385 timing idealTree:node_modules/pm2/node_modules/pm2-axon Completed in 8ms
386 timing idealTree:node_modules/pm2/node_modules/amp Completed in 0ms
387 timing idealTree:node_modules/pm2/node_modules/amp-message Completed in 0ms
388 timing idealTree:node_modules/pm2/node_modules/escape-string-regexp Completed in 0ms
389 timing idealTree:node_modules/pm2/node_modules/pm2-axon-rpc Completed in 0ms
390 silly placeDep node_modules/pm2 run-series@1.1.9 OK for: pm2-deploy@1.0.2 want: ^1.1.8
391 silly placeDep node_modules/pm2 tv4@1.3.0 OK for: pm2-deploy@1.0.2 want: ^1.3.0
392 timing idealTree:node_modules/pm2/node_modules/pm2-deploy Completed in 3ms
393 silly placeDep node_modules/pm2 charm@0.1.2 OK for: pm2-multimeter@0.1.2 want: ~0.1.1
394 timing idealTree:node_modules/pm2/node_modules/pm2-multimeter Completed in 1ms
395 timing idealTree:node_modules/pm2/node_modules/charm Completed in 0ms
396 silly placeDep node_modules/pm2/node_modules/pm2-sysmonit pidusage@2.0.21 OK for: pm2-sysmonit@1.2.8 want: ^2.0.21
397 silly placeDep node_modules/pm2 systeminformation@5.12.6 OK for: pm2-sysmonit@1.2.8 want: ^5.7
398 silly placeDep node_modules/pm2 tx2@1.0.5 OK for: pm2-sysmonit@1.2.8 want: ~1.0.4
399 silly fetch manifest json-stringify-safe@^5.0.1
400 http fetch GET 200 https://registry.npmjs.org/json-stringify-safe 32ms (cache miss)
401 timing idealTree:node_modules/pm2/node_modules/pm2-sysmonit Completed in 37ms
402 silly placeDep node_modules/pm2 read@1.0.7 OK for: promptly@2.2.0 want: ^1.0.4
403 silly fetch manifest mute-stream@~0.0.4
404 http fetch GET 200 https://registry.npmjs.org/mute-stream 721ms (cache miss)
405 timing idealTree:node_modules/pm2/node_modules/promptly Completed in 724ms
406 silly placeDep node_modules/pm2 agent-base@6.0.2 OK for: proxy-agent@5.0.0 want: ^6.0.0
407 silly placeDep node_modules/pm2 http-proxy-agent@4.0.1 OK for: proxy-agent@5.0.0 want: ^4.0.0
408 silly placeDep node_modules/pm2 https-proxy-agent@5.0.1 OK for: proxy-agent@5.0.0 want: ^5.0.0
409 silly placeDep node_modules/pm2 lru-cache@5.1.1 OK for: proxy-agent@5.0.0 want: ^5.1.1
410 silly placeDep node_modules/pm2 pac-proxy-agent@5.0.0 OK for: proxy-agent@5.0.0 want: ^5.0.0
411 silly placeDep node_modules/pm2 proxy-from-env@1.1.0 OK for: proxy-agent@5.0.0 want: ^1.0.0
412 silly placeDep node_modules/pm2 socks-proxy-agent@5.0.1 OK for: proxy-agent@5.0.0 want: ^5.0.0
413 silly fetch manifest @tootallnate/once@1
414 silly fetch manifest yallist@^3.0.2
415 silly fetch manifest get-uri@3
416 silly fetch manifest pac-resolver@^5.0.0
417 silly fetch manifest raw-body@^2.2.0
418 silly fetch manifest socks@^2.3.3
419 http fetch GET 200 https://registry.npmjs.org/get-uri 31ms (cache miss)
420 http fetch GET 200 https://registry.npmjs.org/yallist 42ms (cache miss)
421 http fetch GET 200 https://registry.npmjs.org/raw-body 43ms (cache miss)
422 http fetch GET 200 https://registry.npmjs.org/socks 45ms (cache miss)
423 http fetch GET 200 https://registry.npmjs.org/@tootallnate%2fonce 60ms (cache miss)
424 http fetch GET 200 https://registry.npmjs.org/pac-resolver 214ms (cache miss)
425 timing idealTree:node_modules/pm2/node_modules/proxy-agent Completed in 237ms
426 timing idealTree:node_modules/pm2/node_modules/agent-base Completed in 0ms
427 silly placeDep node_modules/pm2 @tootallnate/once@1.1.2 OK for: http-proxy-agent@4.0.1 want: 1
428 timing idealTree:node_modules/pm2/node_modules/http-proxy-agent Completed in 2ms
429 timing idealTree:node_modules/pm2/node_modules/@tootallnate/once Completed in 0ms
430 timing idealTree:node_modules/pm2/node_modules/https-proxy-agent Completed in 0ms
431 silly placeDep node_modules/pm2 yallist@3.1.1 OK for: lru-cache@5.1.1 want: ^3.0.2
432 timing idealTree:node_modules/pm2/node_modules/lru-cache Completed in 6ms
433 silly placeDep node_modules/pm2 get-uri@3.0.2 OK for: pac-proxy-agent@5.0.0 want: 3
434 silly placeDep node_modules/pm2 pac-resolver@5.0.1 OK for: pac-proxy-agent@5.0.0 want: ^5.0.0
435 silly placeDep node_modules/pm2 raw-body@2.5.1 OK for: pac-proxy-agent@5.0.0 want: ^2.2.0
436 silly fetch manifest data-uri-to-buffer@3
437 silly fetch manifest file-uri-to-path@2
438 silly fetch manifest fs-extra@^8.1.0
439 silly fetch manifest ftp@^0.3.10
440 silly fetch manifest degenerator@^3.0.2
441 silly fetch manifest ip@^1.1.5
442 silly fetch manifest netmask@^2.0.2
443 silly fetch manifest bytes@3.1.2
444 silly fetch manifest http-errors@2.0.0
445 silly fetch manifest unpipe@1.0.0
446 http fetch GET 200 https://registry.npmjs.org/ftp 76ms (cache miss)
447 http fetch GET 200 https://registry.npmjs.org/bytes 74ms (cache miss)
448 http fetch GET 200 https://registry.npmjs.org/unpipe 73ms (cache miss)
449 http fetch GET 200 https://registry.npmjs.org/data-uri-to-buffer 85ms (cache miss)
450 http fetch GET 200 https://registry.npmjs.org/http-errors 76ms (cache miss)
451 http fetch GET 200 https://registry.npmjs.org/ip 83ms (cache miss)
452 http fetch GET 200 https://registry.npmjs.org/file-uri-to-path 87ms (cache miss)
453 http fetch GET 200 https://registry.npmjs.org/degenerator 85ms (cache miss)
454 http fetch GET 200 https://registry.npmjs.org/fs-extra 88ms (cache miss)
455 http fetch GET 200 https://registry.npmjs.org/netmask 86ms (cache miss)
456 timing idealTree:node_modules/pm2/node_modules/pac-proxy-agent Completed in 98ms
457 silly placeDep node_modules/pm2 data-uri-to-buffer@3.0.1 OK for: get-uri@3.0.2 want: 3
458 silly placeDep node_modules/pm2 file-uri-to-path@2.0.0 OK for: get-uri@3.0.2 want: 2
459 silly placeDep node_modules/pm2 fs-extra@8.1.0 OK for: get-uri@3.0.2 want: ^8.1.0
460 silly placeDep node_modules/pm2 ftp@0.3.10 OK for: get-uri@3.0.2 want: ^0.3.10
461 silly fetch manifest graceful-fs@^4.2.0
462 silly fetch manifest jsonfile@^4.0.0
463 silly fetch manifest universalify@^0.1.0
464 silly fetch manifest xregexp@2.0.0
465 silly fetch manifest readable-stream@1.1.x
466 http fetch GET 200 https://registry.npmjs.org/jsonfile 44ms (cache miss)
467 http fetch GET 200 https://registry.npmjs.org/graceful-fs 48ms (cache miss)
468 http fetch GET 200 https://registry.npmjs.org/universalify 50ms (cache miss)
469 http fetch GET 200 https://registry.npmjs.org/readable-stream 49ms (cache miss)
470 http fetch GET 200 https://registry.npmjs.org/xregexp 707ms (cache miss)
471 timing idealTree:node_modules/pm2/node_modules/get-uri Completed in 718ms
472 timing idealTree:node_modules/pm2/node_modules/data-uri-to-buffer Completed in 0ms
473 timing idealTree:node_modules/pm2/node_modules/file-uri-to-path Completed in 0ms
474 silly placeDep node_modules/pm2 graceful-fs@4.2.10 OK for: fs-extra@8.1.0 want: ^4.2.0
475 silly placeDep node_modules/pm2 jsonfile@4.0.0 OK for: fs-extra@8.1.0 want: ^4.0.0
476 silly placeDep node_modules/pm2 universalify@0.1.2 OK for: fs-extra@8.1.0 want: ^0.1.0
477 timing idealTree:node_modules/pm2/node_modules/fs-extra Completed in 5ms
478 silly placeDep node_modules/pm2 readable-stream@1.1.14 OK for: ftp@0.3.10 want: 1.1.x
479 silly placeDep node_modules/pm2 xregexp@2.0.0 OK for: ftp@0.3.10 want: 2.0.0
480 silly fetch manifest core-util-is@~1.0.0
481 silly fetch manifest isarray@0.0.1
482 silly fetch manifest string_decoder@~0.10.x
483 silly fetch manifest inherits@~2.0.1
484 http fetch GET 200 https://registry.npmjs.org/core-util-is 32ms (cache miss)
485 http fetch GET 200 https://registry.npmjs.org/string_decoder 40ms (cache miss)
486 http fetch GET 200 https://registry.npmjs.org/inherits 40ms (cache miss)
487 http fetch GET 200 https://registry.npmjs.org/isarray 43ms (cache miss)
488 timing idealTree:node_modules/pm2/node_modules/ftp Completed in 48ms
489 timing idealTree:node_modules/pm2/node_modules/graceful-fs Completed in 0ms
490 timing idealTree:node_modules/pm2/node_modules/jsonfile Completed in 0ms
491 silly placeDep node_modules/pm2 degenerator@3.0.2 OK for: pac-resolver@5.0.1 want: ^3.0.2
492 silly placeDep node_modules/pm2 ip@1.1.8 OK for: pac-resolver@5.0.1 want: ^1.1.5
493 silly placeDep node_modules/pm2 netmask@2.0.2 OK for: pac-resolver@5.0.1 want: ^2.0.2
494 silly fetch manifest ast-types@^0.13.2
495 silly fetch manifest escodegen@^1.8.1
496 silly fetch manifest esprima@^4.0.0
497 silly fetch manifest vm2@^3.9.8
498 http fetch GET 200 https://registry.npmjs.org/escodegen 89ms (cache miss)
499 http fetch GET 200 https://registry.npmjs.org/esprima 115ms (cache miss)
500 http fetch GET 200 https://registry.npmjs.org/ast-types 118ms (cache miss)
501 http fetch GET 200 https://registry.npmjs.org/vm2 123ms (cache miss)
502 timing idealTree:node_modules/pm2/node_modules/pac-resolver Completed in 133ms
503 silly placeDep node_modules/pm2 ast-types@0.13.4 OK for: degenerator@3.0.2 want: ^0.13.2
504 silly placeDep node_modules/pm2 escodegen@1.14.3 OK for: degenerator@3.0.2 want: ^1.8.1
505 silly placeDep node_modules/pm2 esprima@4.0.1 OK for: degenerator@3.0.2 want: ^4.0.0
506 silly placeDep node_modules/pm2 vm2@3.9.11 OK for: degenerator@3.0.2 want: ^3.9.8
507 silly fetch manifest tslib@^2.0.1
508 silly fetch manifest estraverse@^4.2.0
509 silly fetch manifest esutils@^2.0.2
510 silly fetch manifest optionator@^0.8.1
511 silly fetch manifest source-map@~0.6.1
512 silly fetch manifest acorn@^8.7.0
513 silly fetch manifest acorn-walk@^8.2.0
514 http fetch GET 200 https://registry.npmjs.org/optionator 42ms (cache miss)
515 http fetch GET 200 https://registry.npmjs.org/acorn 41ms (cache miss)
516 http fetch GET 200 https://registry.npmjs.org/esutils 46ms (cache miss)
517 http fetch GET 200 https://registry.npmjs.org/estraverse 51ms (cache miss)
518 http fetch GET 200 https://registry.npmjs.org/acorn-walk 56ms (cache miss)
519 timing idealTree:node_modules/pm2/node_modules/degenerator Completed in 73ms
520 silly placeDep node_modules/pm2/node_modules/ast-types tslib@2.4.0 OK for: ast-types@0.13.4 want: ^2.0.1
521 timing idealTree:node_modules/pm2/node_modules/ast-types Completed in 11ms
522 silly placeDep node_modules/pm2 estraverse@4.3.0 OK for: escodegen@1.14.3 want: ^4.2.0
523 silly placeDep node_modules/pm2 esutils@2.0.3 OK for: escodegen@1.14.3 want: ^2.0.2
524 silly placeDep node_modules/pm2 optionator@0.8.3 OK for: escodegen@1.14.3 want: ^0.8.1
525 silly placeDep node_modules/pm2 source-map@0.6.1 OK for: escodegen@1.14.3 want: ~0.6.1
526 silly fetch manifest prelude-ls@~1.1.2
527 silly fetch manifest deep-is@~0.1.3
528 silly fetch manifest word-wrap@~1.2.3
529 silly fetch manifest type-check@~0.3.2
530 silly fetch manifest levn@~0.3.0
531 silly fetch manifest fast-levenshtein@~2.0.6
532 http fetch GET 200 https://registry.npmjs.org/levn 44ms (cache miss)
533 http fetch GET 200 https://registry.npmjs.org/deep-is 52ms (cache miss)
534 http fetch GET 200 https://registry.npmjs.org/fast-levenshtein 50ms (cache miss)
535 http fetch GET 200 https://registry.npmjs.org/word-wrap 65ms (cache miss)
536 http fetch GET 200 https://registry.npmjs.org/type-check 65ms (cache miss)
537 http fetch GET 200 https://registry.npmjs.org/prelude-ls 72ms (cache miss)
538 timing idealTree:node_modules/pm2/node_modules/escodegen Completed in 82ms
539 timing idealTree:node_modules/pm2/node_modules/esprima Completed in 0ms
540 timing idealTree:node_modules/pm2/node_modules/estraverse Completed in 0ms
541 timing idealTree:node_modules/pm2/node_modules/esutils Completed in 0ms
542 timing idealTree:node_modules/pm2/node_modules/ip Completed in 0ms
543 timing idealTree:node_modules/pm2/node_modules/netmask Completed in 0ms
544 silly placeDep node_modules/pm2 deep-is@0.1.4 OK for: optionator@0.8.3 want: ~0.1.3
545 silly placeDep node_modules/pm2 fast-levenshtein@2.0.6 OK for: optionator@0.8.3 want: ~2.0.6
546 silly placeDep node_modules/pm2 levn@0.3.0 OK for: optionator@0.8.3 want: ~0.3.0
547 silly placeDep node_modules/pm2 prelude-ls@1.1.2 OK for: optionator@0.8.3 want: ~1.1.2
548 silly placeDep node_modules/pm2 type-check@0.3.2 OK for: optionator@0.8.3 want: ~0.3.2
549 silly placeDep node_modules/pm2 word-wrap@1.2.3 OK for: optionator@0.8.3 want: ~1.2.3
550 timing idealTree:node_modules/pm2/node_modules/optionator Completed in 11ms
551 timing idealTree:node_modules/pm2/node_modules/deep-is Completed in 0ms
552 timing idealTree:node_modules/pm2/node_modules/fast-levenshtein Completed in 0ms
553 timing idealTree:node_modules/pm2/node_modules/levn Completed in 0ms
554 timing idealTree:node_modules/pm2/node_modules/prelude-ls Completed in 0ms
555 timing idealTree:node_modules/pm2/node_modules/proxy-from-env Completed in 0ms
556 silly placeDep node_modules/pm2 bytes@3.1.2 OK for: raw-body@2.5.1 want: 3.1.2
557 silly placeDep node_modules/pm2 http-errors@2.0.0 OK for: raw-body@2.5.1 want: 2.0.0
558 silly placeDep node_modules/pm2 unpipe@1.0.0 OK for: raw-body@2.5.1 want: 1.0.0
559 silly fetch manifest depd@2.0.0
560 silly fetch manifest inherits@2.0.4
561 silly fetch manifest setprototypeof@1.2.0
562 silly fetch manifest statuses@2.0.1
563 silly fetch manifest toidentifier@1.0.1
564 http fetch GET 200 https://registry.npmjs.org/depd 41ms (cache miss)
565 http fetch GET 200 https://registry.npmjs.org/toidentifier 37ms (cache miss)
566 http fetch GET 200 https://registry.npmjs.org/statuses 42ms (cache miss)
567 http fetch GET 200 https://registry.npmjs.org/setprototypeof 44ms (cache miss)
568 timing idealTree:node_modules/pm2/node_modules/raw-body Completed in 67ms
569 timing idealTree:node_modules/pm2/node_modules/bytes Completed in 0ms
570 silly placeDep node_modules/pm2 depd@2.0.0 OK for: http-errors@2.0.0 want: 2.0.0
571 silly placeDep node_modules/pm2 inherits@2.0.4 OK for: http-errors@2.0.0 want: 2.0.4
572 silly placeDep node_modules/pm2 setprototypeof@1.2.0 OK for: http-errors@2.0.0 want: 1.2.0
573 silly placeDep node_modules/pm2 statuses@2.0.1 OK for: http-errors@2.0.0 want: 2.0.1
574 silly placeDep node_modules/pm2 toidentifier@1.0.1 OK for: http-errors@2.0.0 want: 1.0.1
575 timing idealTree:node_modules/pm2/node_modules/http-errors Completed in 8ms
576 timing idealTree:node_modules/pm2/node_modules/depd Completed in 0ms
577 timing idealTree:node_modules/pm2/node_modules/inherits Completed in 0ms
578 silly placeDep node_modules/pm2 mute-stream@0.0.8 OK for: read@1.0.7 want: ~0.0.4
579 timing idealTree:node_modules/pm2/node_modules/read Completed in 2ms
580 timing idealTree:node_modules/pm2/node_modules/mute-stream Completed in 0ms
581 silly placeDep node_modules/pm2 core-util-is@1.0.3 OK for: readable-stream@1.1.14 want: ~1.0.0
582 silly placeDep node_modules/pm2 isarray@0.0.1 OK for: readable-stream@1.1.14 want: 0.0.1
583 silly placeDep node_modules/pm2 string_decoder@0.10.31 OK for: readable-stream@1.1.14 want: ~0.10.x
584 timing idealTree:node_modules/pm2/node_modules/readable-stream Completed in 4ms
585 timing idealTree:node_modules/pm2/node_modules/core-util-is Completed in 0ms
586 timing idealTree:node_modules/pm2/node_modules/isarray Completed in 0ms
587 timing idealTree:node_modules/pm2/node_modules/readdirp Completed in 0ms
588 silly placeDep node_modules/pm2 module-details-from-path@1.0.3 OK for: require-in-the-middle@5.2.0 want: ^1.0.3
589 silly placeDep node_modules/pm2 resolve@1.22.1 OK for: require-in-the-middle@5.2.0 want: ^1.22.1
590 silly fetch manifest is-core-module@^2.9.0
591 silly fetch manifest path-parse@^1.0.7
592 silly fetch manifest supports-preserve-symlinks-flag@^1.0.0
593 http fetch GET 200 https://registry.npmjs.org/is-core-module 31ms (cache miss)
594 http fetch GET 200 https://registry.npmjs.org/path-parse 32ms (cache miss)
595 http fetch GET 200 https://registry.npmjs.org/supports-preserve-symlinks-flag 40ms (cache miss)
596 timing idealTree:node_modules/pm2/node_modules/require-in-the-middle Completed in 49ms
597 timing idealTree:node_modules/pm2/node_modules/module-details-from-path Completed in 0ms
598 silly placeDep node_modules/pm2 is-core-module@2.10.0 OK for: resolve@1.22.1 want: ^2.9.0
599 silly placeDep node_modules/pm2 path-parse@1.0.7 OK for: resolve@1.22.1 want: ^1.0.7
600 silly placeDep node_modules/pm2 supports-preserve-symlinks-flag@1.0.0 OK for: resolve@1.22.1 want: ^1.0.0
601 silly fetch manifest has@^1.0.3
602 http fetch GET 200 https://registry.npmjs.org/has 27ms (cache miss)
603 timing idealTree:node_modules/pm2/node_modules/resolve Completed in 45ms
604 silly placeDep node_modules/pm2 has@1.0.3 OK for: is-core-module@2.10.0 want: ^1.0.3
605 silly fetch manifest function-bind@^1.1.1
606 http fetch GET 200 https://registry.npmjs.org/function-bind 31ms (cache miss)
607 timing idealTree:node_modules/pm2/node_modules/is-core-module Completed in 35ms
608 silly placeDep node_modules/pm2 function-bind@1.1.1 OK for: has@1.0.3 want: ^1.1.1
609 timing idealTree:node_modules/pm2/node_modules/has Completed in 2ms
610 timing idealTree:node_modules/pm2/node_modules/function-bind Completed in 0ms
611 timing idealTree:node_modules/pm2/node_modules/path-parse Completed in 0ms
612 timing idealTree:node_modules/pm2/node_modules/run-series Completed in 0ms
613 timing idealTree:node_modules/pm2/node_modules/safe-buffer Completed in 0ms
614 timing idealTree:node_modules/pm2/node_modules/safer-buffer Completed in 0ms
615 timing idealTree:node_modules/pm2/node_modules/sax Completed in 0ms
616 silly placeDep node_modules/pm2/node_modules/semver lru-cache@6.0.0 OK for: semver@7.3.7 want: ^6.0.0
617 silly fetch manifest yallist@^4.0.0
618 timing idealTree:node_modules/pm2/node_modules/semver Completed in 2ms
619 timing idealTree:node_modules/pm2/node_modules/setprototypeof Completed in 0ms
620 timing idealTree:node_modules/pm2/node_modules/shimmer Completed in 0ms
621 timing idealTree:node_modules/pm2/node_modules/signal-exit Completed in 0ms
622 silly placeDep node_modules/pm2 socks@2.7.0 OK for: socks-proxy-agent@5.0.1 want: ^2.3.3
623 silly fetch manifest ip@^2.0.0
624 silly fetch manifest smart-buffer@^4.2.0
625 http fetch GET 200 https://registry.npmjs.org/smart-buffer 208ms (cache miss)
626 timing idealTree:node_modules/pm2/node_modules/socks-proxy-agent Completed in 212ms
627 silly placeDep node_modules/pm2/node_modules/socks ip@2.0.0 OK for: socks@2.7.0 want: ^2.0.0
628 silly placeDep node_modules/pm2 smart-buffer@4.2.0 OK for: socks@2.7.0 want: ^4.2.0
629 timing idealTree:node_modules/pm2/node_modules/socks Completed in 3ms
630 timing idealTree:node_modules/pm2/node_modules/smart-buffer Completed in 0ms
631 timing idealTree:node_modules/pm2/node_modules/source-map Completed in 0ms
632 silly placeDep node_modules/pm2 buffer-from@1.1.2 OK for: source-map-support@0.5.19 want: ^1.0.0
633 timing idealTree:node_modules/pm2/node_modules/source-map-support Completed in 1ms
634 timing idealTree:node_modules/pm2/node_modules/buffer-from Completed in 0ms
635 timing idealTree:node_modules/pm2/node_modules/sprintf-js Completed in 0ms
636 timing idealTree:node_modules/pm2/node_modules/statuses Completed in 0ms
637 timing idealTree:node_modules/pm2/node_modules/string_decoder Completed in 0ms
638 silly placeDep node_modules/pm2 has-flag@4.0.0 OK for: supports-color@7.2.0 want: ^4.0.0
639 timing idealTree:node_modules/pm2/node_modules/supports-color Completed in 2ms
640 timing idealTree:node_modules/pm2/node_modules/has-flag Completed in 0ms
641 timing idealTree:node_modules/pm2/node_modules/supports-preserve-symlinks-flag Completed in 0ms
642 timing idealTree:node_modules/pm2/node_modules/systeminformation Completed in 0ms
643 silly placeDep node_modules/pm2 is-number@7.0.0 OK for: to-regex-range@5.0.1 want: ^7.0.0
644 timing idealTree:node_modules/pm2/node_modules/to-regex-range Completed in 2ms
645 timing idealTree:node_modules/pm2/node_modules/is-number Completed in 0ms
646 timing idealTree:node_modules/pm2/node_modules/toidentifier Completed in 0ms
647 timing idealTree:node_modules/pm2/node_modules/tslib Completed in 0ms
648 timing idealTree:node_modules/pm2/node_modules/tv4 Completed in 0ms
649 silly placeDep node_modules/pm2 json-stringify-safe@5.0.1 OK for: tx2@1.0.5 want: ^5.0.1
650 timing idealTree:node_modules/pm2/node_modules/tx2 Completed in 1ms
651 timing idealTree:node_modules/pm2/node_modules/json-stringify-safe Completed in 0ms
652 timing idealTree:node_modules/pm2/node_modules/type-check Completed in 0ms
653 timing idealTree:node_modules/pm2/node_modules/universalify Completed in 0ms
654 timing idealTree:node_modules/pm2/node_modules/unpipe Completed in 0ms
655 timing idealTree:node_modules/pm2/node_modules/uuid Completed in 0ms
656 silly placeDep node_modules/pm2/node_modules/vizion async@2.6.4 OK for: vizion@2.2.1 want: ^2.6.3
657 silly placeDep node_modules/pm2 git-node-fs@1.0.0 OK for: vizion@2.2.1 want: ^1.0.0
658 silly placeDep node_modules/pm2 ini@1.3.8 OK for: vizion@2.2.1 want: ^1.3.5
659 silly placeDep node_modules/pm2 js-git@0.7.8 OK for: vizion@2.2.1 want: ^0.7.8
660 silly fetch manifest bodec@^0.1.0
661 silly fetch manifest culvert@^0.1.2
662 silly fetch manifest git-sha1@^0.1.2
663 silly fetch manifest pako@^0.2.5
664 http fetch GET 200 https://registry.npmjs.org/pako 25ms (cache miss)
665 http fetch GET 200 https://registry.npmjs.org/bodec 36ms (cache miss)
666 http fetch GET 200 https://registry.npmjs.org/culvert 36ms (cache miss)
667 http fetch GET 200 https://registry.npmjs.org/git-sha1 36ms (cache miss)
668 timing idealTree:node_modules/pm2/node_modules/vizion Completed in 56ms
669 timing idealTree:node_modules/pm2/node_modules/git-node-fs Completed in 0ms
670 timing idealTree:node_modules/pm2/node_modules/ini Completed in 0ms
671 silly placeDep node_modules/pm2 bodec@0.1.0 OK for: js-git@0.7.8 want: ^0.1.0
672 silly placeDep node_modules/pm2 culvert@0.1.2 OK for: js-git@0.7.8 want: ^0.1.2
673 silly placeDep node_modules/pm2 git-sha1@0.1.2 OK for: js-git@0.7.8 want: ^0.1.2
674 silly placeDep node_modules/pm2 pako@0.2.9 OK for: js-git@0.7.8 want: ^0.2.5
675 timing idealTree:node_modules/pm2/node_modules/js-git Completed in 6ms
676 timing idealTree:node_modules/pm2/node_modules/bodec Completed in 0ms
677 timing idealTree:node_modules/pm2/node_modules/culvert Completed in 0ms
678 timing idealTree:node_modules/pm2/node_modules/git-sha1 Completed in 0ms
679 timing idealTree:node_modules/pm2/node_modules/pako Completed in 0ms
680 silly placeDep node_modules/pm2 acorn@8.8.0 OK for: vm2@3.9.11 want: ^8.7.0
681 silly placeDep node_modules/pm2 acorn-walk@8.2.0 OK for: vm2@3.9.11 want: ^8.2.0
682 timing idealTree:node_modules/pm2/node_modules/vm2 Completed in 3ms
683 timing idealTree:node_modules/pm2/node_modules/acorn Completed in 0ms
684 timing idealTree:node_modules/pm2/node_modules/acorn-walk Completed in 0ms
685 timing idealTree:node_modules/pm2/node_modules/word-wrap Completed in 0ms
686 timing idealTree:node_modules/pm2/node_modules/ws Completed in 0ms
687 timing idealTree:node_modules/pm2/node_modules/xregexp Completed in 0ms
688 timing idealTree:node_modules/pm2/node_modules/yallist Completed in 0ms
689 silly placeDep node_modules/pm2 argparse@1.0.10 OK for: yamljs@0.3.0 want: ^1.0.7
690 silly placeDep node_modules/pm2 glob@7.2.3 OK for: yamljs@0.3.0 want: ^7.0.5
691 silly fetch manifest sprintf-js@~1.0.2
692 silly fetch manifest fs.realpath@^1.0.0
693 silly fetch manifest inflight@^1.0.4
694 silly fetch manifest minimatch@^3.1.1
695 silly fetch manifest once@^1.3.0
696 silly fetch manifest path-is-absolute@^1.0.0
697 http fetch GET 200 https://registry.npmjs.org/inflight 27ms (cache miss)
698 http fetch GET 200 https://registry.npmjs.org/fs.realpath 32ms (cache miss)
699 http fetch GET 200 https://registry.npmjs.org/once 35ms (cache miss)
700 http fetch GET 200 https://registry.npmjs.org/path-is-absolute 38ms (cache miss)
701 http fetch GET 200 https://registry.npmjs.org/minimatch 45ms (cache miss)
702 timing idealTree:node_modules/pm2/node_modules/yamljs Completed in 57ms
703 silly placeDep node_modules/pm2/node_modules/argparse sprintf-js@1.0.3 OK for: argparse@1.0.10 want: ~1.0.2
704 timing idealTree:node_modules/pm2/node_modules/argparse Completed in 8ms
705 silly placeDep node_modules/pm2 fs.realpath@1.0.0 OK for: glob@7.2.3 want: ^1.0.0
706 silly placeDep node_modules/pm2 inflight@1.0.6 OK for: glob@7.2.3 want: ^1.0.4
707 silly placeDep node_modules/pm2 minimatch@3.1.2 OK for: glob@7.2.3 want: ^3.1.1
708 silly placeDep node_modules/pm2 once@1.4.0 OK for: glob@7.2.3 want: ^1.3.0
709 silly placeDep node_modules/pm2 path-is-absolute@1.0.1 OK for: glob@7.2.3 want: ^1.0.0
710 silly fetch manifest wrappy@1
711 silly fetch manifest brace-expansion@^1.1.7
712 http fetch GET 200 https://registry.npmjs.org/wrappy 50ms (cache miss)
713 http fetch GET 200 https://registry.npmjs.org/brace-expansion 207ms (cache miss)
714 timing idealTree:node_modules/pm2/node_modules/glob Completed in 222ms
715 timing idealTree:node_modules/pm2/node_modules/fs.realpath Completed in 0ms
716 silly placeDep node_modules/pm2 wrappy@1.0.2 OK for: inflight@1.0.6 want: 1
717 timing idealTree:node_modules/pm2/node_modules/inflight Completed in 2ms
718 silly placeDep node_modules/pm2 brace-expansion@1.1.11 OK for: minimatch@3.1.2 want: ^1.1.7
719 silly fetch manifest balanced-match@^1.0.0
720 silly fetch manifest concat-map@0.0.1
721 http fetch GET 200 https://registry.npmjs.org/concat-map 38ms (cache miss)
722 http fetch GET 200 https://registry.npmjs.org/balanced-match 40ms (cache miss)
723 timing idealTree:node_modules/pm2/node_modules/minimatch Completed in 43ms
724 silly placeDep node_modules/pm2 balanced-match@1.0.2 OK for: brace-expansion@1.1.11 want: ^1.0.0
725 silly placeDep node_modules/pm2 concat-map@0.0.1 OK for: brace-expansion@1.1.11 want: 0.0.1
726 timing idealTree:node_modules/pm2/node_modules/brace-expansion Completed in 15ms
727 timing idealTree:node_modules/pm2/node_modules/balanced-match Completed in 0ms
728 timing idealTree:node_modules/pm2/node_modules/concat-map Completed in 0ms
729 timing idealTree:node_modules/pm2/node_modules/once Completed in 0ms
730 timing idealTree:node_modules/pm2/node_modules/path-is-absolute Completed in 0ms
731 timing idealTree:node_modules/pm2/node_modules/wrappy Completed in 0ms
732 timing idealTree:node_modules/pm2/node_modules/@opencensus/core/node_modules/semver Completed in 0ms
733 silly placeDep node_modules/pm2/node_modules/@opencensus/propagation-b3 semver@5.7.1 OK for: @opencensus/core@0.0.8 want: ^5.5.0
734 timing idealTree:node_modules/pm2/node_modules/@opencensus/propagation-b3/node_modules/@opencensus/core Completed in 2ms
735 timing idealTree:node_modules/pm2/node_modules/@opencensus/propagation-b3/node_modules/semver Completed in 0ms
736 timing idealTree:node_modules/pm2/node_modules/@pm2/agent/node_modules/semver Completed in 0ms
737 silly placeDep node_modules/pm2 lodash@4.17.21 OK for: async@2.6.4 want: ^4.17.14
738 timing idealTree:node_modules/pm2/node_modules/@pm2/io/node_modules/async Completed in 8ms
739 timing idealTree:node_modules/pm2/node_modules/lodash Completed in 0ms
740 timing idealTree:node_modules/pm2/node_modules/@pm2/io/node_modules/eventemitter2 Completed in 0ms
741 timing idealTree:node_modules/pm2/node_modules/@pm2/io/node_modules/semver Completed in 0ms
742 timing idealTree:node_modules/pm2/node_modules/@pm2/js-api/node_modules/async Completed in 0ms
743 timing idealTree:node_modules/pm2/node_modules/@pm2/js-api/node_modules/eventemitter2 Completed in 0ms
744 timing idealTree:node_modules/pm2/node_modules/argparse/node_modules/sprintf-js Completed in 0ms
745 timing idealTree:node_modules/pm2/node_modules/ast-types/node_modules/tslib Completed in 0ms
746 timing idealTree:node_modules/pm2/node_modules/async-listener/node_modules/semver Completed in 0ms
747 timing idealTree:node_modules/pm2/node_modules/needle/node_modules/debug Completed in 0ms
748 timing idealTree:node_modules/pm2/node_modules/nssocket/node_modules/eventemitter2 Completed in 0ms
749 timing idealTree:node_modules/pm2/node_modules/pm2-sysmonit/node_modules/pidusage Completed in 0ms
750 silly placeDep node_modules/pm2/node_modules/semver yallist@4.0.0 OK for: lru-cache@6.0.0 want: ^4.0.0
751 timing idealTree:node_modules/pm2/node_modules/semver/node_modules/lru-cache Completed in 2ms
752 timing idealTree:node_modules/pm2/node_modules/semver/node_modules/yallist Completed in 0ms
753 timing idealTree:node_modules/pm2/node_modules/socks/node_modules/ip Completed in 0ms
754 timing idealTree:node_modules/pm2/node_modules/vizion/node_modules/async Completed in 0ms
755 timing idealTree:buildDeps Completed in 5924ms
756 timing idealTree:fixDepFlags Completed in 4ms
757 timing idealTree Completed in 5952ms
758 timing reify:loadTrees Completed in 5962ms
759 timing reify:diffTrees Completed in 20ms
760 silly reify moves {}
761 timing reify:retireShallow Completed in 6ms
762 timing reify:createSparse Completed in 103ms
763 timing reify:loadBundles Completed in 0ms
764 silly audit bulk request {
764 silly audit   pm2: [ '5.2.0' ],
764 silly audit   '@pm2/agent': [ '2.0.1' ],
764 silly audit   '@pm2/io': [ '5.0.0' ],
764 silly audit   '@pm2/js-api': [ '0.6.7' ],
764 silly audit   '@pm2/pm2-version-check': [ '1.0.4' ],
764 silly audit   async: [ '3.2.4', '2.6.4' ],
764 silly audit   blessed: [ '0.1.81' ],
764 silly audit   chalk: [ '3.0.0' ],
764 silly audit   chokidar: [ '3.5.3' ],
764 silly audit   'cli-tableau': [ '2.0.1' ],
764 silly audit   commander: [ '2.15.1' ],
764 silly audit   croner: [ '4.1.97' ],
764 silly audit   dayjs: [ '1.8.36' ],
764 silly audit   debug: [ '4.3.4', '3.2.7' ],
764 silly audit   enquirer: [ '2.3.6' ],
764 silly audit   eventemitter2: [ '5.0.1', '6.4.9', '0.4.14' ],
764 silly audit   fclone: [ '1.0.11' ],
764 silly audit   mkdirp: [ '1.0.4' ],
764 silly audit   needle: [ '2.4.0' ],
764 silly audit   pidusage: [ '3.0.0', '2.0.21' ],
764 silly audit   'pm2-axon': [ '4.0.1' ],
764 silly audit   'pm2-axon-rpc': [ '0.7.1' ],
764 silly audit   'pm2-deploy': [ '1.0.2' ],
764 silly audit   'pm2-multimeter': [ '0.1.2' ],
764 silly audit   'pm2-sysmonit': [ '1.2.8' ],
764 silly audit   promptly: [ '2.2.0' ],
764 silly audit   semver: [ '7.3.7', '7.2.3', '6.3.0', '5.7.1' ],
764 silly audit   'source-map-support': [ '0.5.19' ],
764 silly audit   'sprintf-js': [ '1.1.2', '1.0.3' ],
764 silly audit   vizion: [ '2.2.1' ],
764 silly audit   yamljs: [ '0.3.0' ],
764 silly audit   'fast-json-patch': [ '3.1.1' ],
764 silly audit   nssocket: [ '0.6.0' ],
764 silly audit   'proxy-agent': [ '5.0.0' ],
764 silly audit   ws: [ '7.4.6' ],
764 silly audit   '@opencensus/core': [ '0.0.9', '0.0.8' ],
764 silly audit   '@opencensus/propagation-b3': [ '0.0.8' ],
764 silly audit   'require-in-the-middle': [ '5.2.0' ],
764 silly audit   shimmer: [ '1.2.1' ],
764 silly audit   'signal-exit': [ '3.0.7' ],
764 silly audit   tslib: [ '1.9.3', '2.4.0' ],
764 silly audit   'continuation-local-storage': [ '3.2.1' ],
764 silly audit   'log-driver': [ '1.2.7' ],
764 silly audit   uuid: [ '3.4.0' ],
764 silly audit   axios: [ '0.21.4' ],
764 silly audit   'follow-redirects': [ '1.15.2' ],
764 silly audit   'ansi-styles': [ '4.3.0' ],
764 silly audit   'supports-color': [ '7.2.0' ],
764 silly audit   'color-convert': [ '2.0.1' ],
764 silly audit   anymatch: [ '3.1.2' ],
764 silly audit   braces: [ '3.0.2' ],
764 silly audit   fsevents: [ '2.3.2' ],
764 silly audit   'glob-parent': [ '5.1.2' ],
764 silly audit   'is-binary-path': [ '2.1.0' ],
764 silly audit   'is-glob': [ '4.0.3' ],
764 silly audit   'normalize-path': [ '3.0.0' ],
764 silly audit   readdirp: [ '3.6.0' ],
764 silly audit   picomatch: [ '2.3.1' ],
764 silly audit   'fill-range': [ '7.0.1' ],
764 silly audit   'color-name': [ '1.1.4' ],
764 silly audit   'async-listener': [ '0.6.10' ],
764 silly audit   'emitter-listener': [ '1.1.2' ],
764 silly audit   ms: [ '2.1.2' ],
764 silly audit   'ansi-colors': [ '4.1.3' ],
764 silly audit   'to-regex-range': [ '5.0.1' ],
764 silly audit   'binary-extensions': [ '2.2.0' ],
764 silly audit   'is-extglob': [ '2.1.1' ],
764 silly audit   'iconv-lite': [ '0.4.24' ],
764 silly audit   sax: [ '1.2.4' ],
764 silly audit   'safer-buffer': [ '2.1.2' ],
764 silly audit   lazy: [ '1.0.11' ],
764 silly audit   'safe-buffer': [ '5.2.1' ],
764 silly audit   amp: [ '0.3.1' ],
764 silly audit   'amp-message': [ '0.1.2' ],
764 silly audit   'escape-string-regexp': [ '4.0.0' ],
764 silly audit   'run-series': [ '1.1.9' ],
764 silly audit   tv4: [ '1.3.0' ],
764 silly audit   charm: [ '0.1.2' ],
764 silly audit   systeminformation: [ '5.12.6' ],
764 silly audit   tx2: [ '1.0.5' ],
764 silly audit   read: [ '1.0.7' ],
764 silly audit   'agent-base': [ '6.0.2' ],
764 silly audit   'http-proxy-agent': [ '4.0.1' ],
764 silly audit   'https-proxy-agent': [ '5.0.1' ],
764 silly audit   'lru-cache': [ '5.1.1', '6.0.0' ],
764 silly audit   'pac-proxy-agent': [ '5.0.0' ],
764 silly audit   'proxy-from-env': [ '1.1.0' ],
764 silly audit   'socks-proxy-agent': [ '5.0.1' ],
764 silly audit   '@tootallnate/once': [ '1.1.2' ],
764 silly audit   yallist: [ '3.1.1', '4.0.0' ],
764 silly audit   'get-uri': [ '3.0.2' ],
764 silly audit   'pac-resolver': [ '5.0.1' ],
764 silly audit   'raw-body': [ '2.5.1' ],
764 silly audit   'data-uri-to-buffer': [ '3.0.1' ],
764 silly audit   'file-uri-to-path': [ '2.0.0' ],
764 silly audit   'fs-extra': [ '8.1.0' ],
764 silly audit   ftp: [ '0.3.10' ],
764 silly audit   'graceful-fs': [ '4.2.10' ],
764 silly audit   jsonfile: [ '4.0.0' ],
764 silly audit   universalify: [ '0.1.2' ],
764 silly audit   'readable-stream': [ '1.1.14' ],
764 silly audit   xregexp: [ '2.0.0' ],
764 silly audit   degenerator: [ '3.0.2' ],
764 silly audit   ip: [ '1.1.8', '2.0.0' ],
764 silly audit   netmask: [ '2.0.2' ],
764 silly audit   'ast-types': [ '0.13.4' ],
764 silly audit   escodegen: [ '1.14.3' ],
764 silly audit   esprima: [ '4.0.1' ],
764 silly audit   vm2: [ '3.9.11' ],
764 silly audit   estraverse: [ '4.3.0' ],
764 silly audit   esutils: [ '2.0.3' ],
764 silly audit   optionator: [ '0.8.3' ],
764 silly audit   'source-map': [ '0.6.1' ],
764 silly audit   'deep-is': [ '0.1.4' ],
764 silly audit   'fast-levenshtein': [ '2.0.6' ],
764 silly audit   levn: [ '0.3.0' ],
764 silly audit   'prelude-ls': [ '1.1.2' ],
764 silly audit   'type-check': [ '0.3.2' ],
764 silly audit   'word-wrap': [ '1.2.3' ],
764 silly audit   bytes: [ '3.1.2' ],
764 silly audit   'http-errors': [ '2.0.0' ],
764 silly audit   unpipe: [ '1.0.0' ],
764 silly audit   depd: [ '2.0.0' ],
764 silly audit   inherits: [ '2.0.4' ],
764 silly audit   setprototypeof: [ '1.2.0' ],
764 silly audit   statuses: [ '2.0.1' ],
764 silly audit   toidentifier: [ '1.0.1' ],
764 silly audit   'mute-stream': [ '0.0.8' ],
764 silly audit   'core-util-is': [ '1.0.3' ],
764 silly audit   isarray: [ '0.0.1' ],
764 silly audit   string_decoder: [ '0.10.31' ],
764 silly audit   'module-details-from-path': [ '1.0.3' ],
764 silly audit   resolve: [ '1.22.1' ],
764 silly audit   'is-core-module': [ '2.10.0' ],
764 silly audit   'path-parse': [ '1.0.7' ],
764 silly audit   'supports-preserve-symlinks-flag': [ '1.0.0' ],
764 silly audit   has: [ '1.0.3' ],
764 silly audit   'function-bind': [ '1.1.1' ],
764 silly audit   socks: [ '2.7.0' ],
764 silly audit   'smart-buffer': [ '4.2.0' ],
764 silly audit   'buffer-from': [ '1.1.2' ],
764 silly audit   'has-flag': [ '4.0.0' ],
764 silly audit   'is-number': [ '7.0.0' ],
764 silly audit   'json-stringify-safe': [ '5.0.1' ],
764 silly audit   'git-node-fs': [ '1.0.0' ],
764 silly audit   ini: [ '1.3.8' ],
764 silly audit   'js-git': [ '0.7.8' ],
764 silly audit   bodec: [ '0.1.0' ],
764 silly audit   culvert: [ '0.1.2' ],
764 silly audit   'git-sha1': [ '0.1.2' ],
764 silly audit   pako: [ '0.2.9' ],
764 silly audit   acorn: [ '8.8.0' ],
764 silly audit   'acorn-walk': [ '8.2.0' ],
764 silly audit   argparse: [ '1.0.10' ],
764 silly audit   glob: [ '7.2.3' ],
764 silly audit   'fs.realpath': [ '1.0.0' ],
764 silly audit   inflight: [ '1.0.6' ],
764 silly audit   minimatch: [ '3.1.2' ],
764 silly audit   once: [ '1.4.0' ],
764 silly audit   'path-is-absolute': [ '1.0.1' ],
764 silly audit   wrappy: [ '1.0.2' ],
764 silly audit   'brace-expansion': [ '1.1.11' ],
764 silly audit   'balanced-match': [ '1.0.2' ],
764 silly audit   'concat-map': [ '0.0.1' ],
764 silly audit   lodash: [ '4.17.21' ]
764 silly audit }
765 verbose reify failed optional dependency /home/ubuntu/.npm-global/lib/node_modules/pm2/node_modules/fsevents
766 silly reify mark deleted [
766 silly reify   '/home/ubuntu/.npm-global/lib/node_modules/pm2/node_modules/fsevents'
766 silly reify ]
767 timing reifyNode:node_modules/pm2/node_modules/fsevents Completed in 14ms
768 silly tarball no local data for core-util-is@https://registry.npmjs.org/core-util-is/-/core-util-is-1.0.3.tgz. Extracting by manifest.
769 timing reifyNode:node_modules/pm2/node_modules/amp-message Completed in 1362ms
770 timing reifyNode:node_modules/pm2/node_modules/@pm2/pm2-version-check Completed in 1376ms
771 http fetch POST 200 https://registry.npmjs.org/-/npm/v1/security/advisories/bulk 1405ms
772 timing auditReport:getReport Completed in 1411ms
773 silly audit report {}
774 timing auditReport:init Completed in 0ms
775 timing reify:audit Completed in 1412ms
776 timing reifyNode:node_modules/pm2/node_modules/brace-expansion Completed in 1402ms
777 timing reifyNode:node_modules/pm2/node_modules/wrappy Completed in 1402ms
778 timing reifyNode:node_modules/pm2/node_modules/path-is-absolute Completed in 1403ms
779 timing reifyNode:node_modules/pm2/node_modules/once Completed in 1403ms
780 timing reifyNode:node_modules/pm2/node_modules/inflight Completed in 1402ms
781 timing reifyNode:node_modules/pm2/node_modules/git-sha1 Completed in 1405ms
782 timing reifyNode:node_modules/pm2/node_modules/ini Completed in 1405ms
783 timing reifyNode:node_modules/pm2/node_modules/is-number Completed in 1406ms
784 timing reifyNode:node_modules/pm2/node_modules/buffer-from Completed in 1404ms
785 timing reifyNode:node_modules/pm2/node_modules/socks/node_modules/ip Completed in 1405ms
786 timing reifyNode:node_modules/pm2/node_modules/path-parse Completed in 1405ms
787 timing reifyNode:node_modules/pm2/node_modules/mute-stream Completed in 1405ms
788 timing reifyNode:node_modules/pm2/node_modules/fast-levenshtein Completed in 1406ms
789 timing reifyNode:node_modules/pm2/node_modules/ip Completed in 1415ms
790 timing reifyNode:node_modules/pm2/node_modules/universalify Completed in 1416ms
791 timing reifyNode:node_modules/pm2/node_modules/run-series Completed in 1415ms
792 timing reifyNode:node_modules/pm2/node_modules/is-extglob Completed in 1417ms
793 timing reifyNode:node_modules/pm2/node_modules/ms Completed in 1417ms
794 timing reifyNode:node_modules/pm2/node_modules/color-name Completed in 1418ms
795 timing reifyNode:node_modules/pm2/node_modules/normalize-path Completed in 1419ms
796 timing reifyNode:node_modules/pm2/node_modules/require-in-the-middle Completed in 1420ms
797 timing reifyNode:node_modules/pm2/node_modules/culvert Completed in 1453ms
798 timing reifyNode:node_modules/pm2/node_modules/bodec Completed in 1460ms
799 timing reifyNode:node_modules/pm2/node_modules/has-flag Completed in 1461ms
800 timing reifyNode:node_modules/pm2/node_modules/string_decoder Completed in 1460ms
801 timing reifyNode:node_modules/pm2/node_modules/toidentifier Completed in 1459ms
802 timing reifyNode:node_modules/pm2/node_modules/inherits Completed in 1460ms
803 timing reifyNode:node_modules/pm2/node_modules/unpipe Completed in 1460ms
804 timing reifyNode:node_modules/pm2/node_modules/http-errors Completed in 1460ms
805 timing reifyNode:node_modules/pm2/node_modules/bytes Completed in 1461ms
806 timing reifyNode:node_modules/pm2/node_modules/word-wrap Completed in 1461ms
807 timing reifyNode:node_modules/pm2/node_modules/@tootallnate/once Completed in 1463ms
808 timing reifyNode:node_modules/pm2/node_modules/lru-cache Completed in 1464ms
809 timing reifyNode:node_modules/pm2/node_modules/read Completed in 1462ms
810 timing reifyNode:node_modules/pm2/node_modules/escape-string-regexp Completed in 1462ms
811 timing reifyNode:node_modules/pm2/node_modules/to-regex-range Completed in 1462ms
812 timing reifyNode:node_modules/pm2/node_modules/fill-range Completed in 1463ms
813 timing reifyNode:node_modules/pm2/node_modules/is-glob Completed in 1464ms
814 timing reifyNode:node_modules/pm2/node_modules/is-binary-path Completed in 1464ms
815 timing reifyNode:node_modules/pm2/node_modules/glob-parent Completed in 1463ms
816 timing reifyNode:node_modules/pm2/node_modules/anymatch Completed in 1464ms
817 timing reifyNode:node_modules/pm2/node_modules/supports-color Completed in 1464ms
818 timing reifyNode:node_modules/pm2/node_modules/signal-exit Completed in 1465ms
819 timing reifyNode:node_modules/pm2/node_modules/semver/node_modules/lru-cache Completed in 1486ms
820 timing reifyNode:node_modules/pm2/node_modules/balanced-match Completed in 1507ms
821 timing reifyNode:node_modules/pm2/node_modules/fs.realpath Completed in 1506ms
822 timing reifyNode:node_modules/pm2/node_modules/isarray Completed in 1511ms
823 timing reifyNode:node_modules/pm2/node_modules/jsonfile Completed in 1512ms
824 timing reifyNode:node_modules/pm2/node_modules/yallist Completed in 1512ms
825 timing reifyNode:node_modules/pm2/node_modules/emitter-listener Completed in 1511ms
826 timing reifyNode:node_modules/pm2/node_modules/ansi-styles Completed in 1511ms
827 timing reifyNode:node_modules/pm2/node_modules/nssocket/node_modules/eventemitter2 Completed in 1515ms
828 timing reifyNode:node_modules/pm2/node_modules/semver/node_modules/yallist Completed in 1516ms
829 timing reifyNode:node_modules/pm2/node_modules/minimatch Completed in 1545ms
830 timing reifyNode:node_modules/pm2/node_modules/has Completed in 1544ms
831 timing reifyNode:node_modules/pm2/node_modules/module-details-from-path Completed in 1545ms
832 timing reifyNode:node_modules/pm2/node_modules/statuses Completed in 1544ms
833 timing reifyNode:node_modules/pm2/node_modules/setprototypeof Completed in 1544ms
834 timing reifyNode:node_modules/pm2/node_modules/degenerator Completed in 1546ms
835 timing reifyNode:node_modules/pm2/node_modules/data-uri-to-buffer Completed in 1546ms
836 timing reifyNode:node_modules/pm2/node_modules/amp Completed in 1545ms
837 timing reifyNode:node_modules/pm2/node_modules/binary-extensions Completed in 1546ms
838 timing reifyNode:node_modules/pm2/node_modules/readdirp Completed in 1546ms
839 timing reifyNode:node_modules/pm2/node_modules/log-driver Completed in 1546ms
840 timing reifyNode:node_modules/pm2/node_modules/pm2-deploy Completed in 1550ms
841 timing reifyNode:node_modules/pm2/node_modules/graceful-fs Completed in 1575ms
842 timing reifyNode:node_modules/pm2/node_modules/file-uri-to-path Completed in 1576ms
843 timing reifyNode:node_modules/pm2/node_modules/safe-buffer Completed in 1574ms
844 timing reifyNode:node_modules/pm2/node_modules/sax Completed in 1575ms
845 timing reifyNode:node_modules/pm2/node_modules/concat-map Completed in 1606ms
846 timing reifyNode:node_modules/pm2/node_modules/type-check Completed in 1604ms
847 timing reifyNode:node_modules/pm2/node_modules/raw-body Completed in 1605ms
848 timing reifyNode:node_modules/pm2/node_modules/socks-proxy-agent Completed in 1606ms
849 timing reifyNode:node_modules/pm2/node_modules/http-proxy-agent Completed in 1606ms
850 timing reifyNode:node_modules/pm2/node_modules/ansi-colors Completed in 1603ms
851 timing reifyNode:node_modules/pm2/node_modules/color-convert Completed in 1603ms
852 timing reifyNode:node_modules/pm2/node_modules/debug Completed in 1609ms
853 timing reifyNode:node_modules/pm2/node_modules/cli-tableau Completed in 1610ms
854 timing reifyNode:node_modules/pm2/node_modules/chalk Completed in 1611ms
855 timing reifyNode:node_modules/pm2/node_modules/depd Completed in 1630ms
856 timing reifyNode:node_modules/pm2/node_modules/estraverse Completed in 1631ms
857 timing reifyNode:node_modules/pm2/node_modules/safer-buffer Completed in 1636ms
858 timing reifyNode:node_modules/pm2/node_modules/follow-redirects Completed in 1636ms
859 timing reifyNode:node_modules/pm2/node_modules/pm2-axon-rpc Completed in 1641ms
860 timing reifyNode:node_modules/pm2/node_modules/promptly Completed in 1647ms
861 timing reifyNode:node_modules/pm2/node_modules/glob Completed in 1664ms
862 timing reifyNode:node_modules/pm2/node_modules/deep-is Completed in 1661ms
863 timing reifyNode:node_modules/pm2/node_modules/proxy-from-env Completed in 1662ms
864 timing reifyNode:node_modules/pm2/node_modules/pac-proxy-agent Completed in 1663ms
865 timing reifyNode:node_modules/pm2/node_modules/async-listener/node_modules/semver Completed in 1660ms
866 timing reifyNode:node_modules/pm2/node_modules/@opencensus/propagation-b3 Completed in 1660ms
867 timing reifyNode:node_modules/pm2/node_modules/@opencensus/propagation-b3/node_modules/semver Completed in 1660ms
868 timing reifyNode:node_modules/pm2/node_modules/@opencensus/core/node_modules/semver Completed in 1661ms
869 timing reifyNode:node_modules/pm2/node_modules/eventemitter2 Completed in 1663ms
870 timing reifyNode:node_modules/pm2/node_modules/commander Completed in 1664ms
871 timing reifyNode:node_modules/pm2/node_modules/acorn-walk Completed in 1686ms
872 timing reifyNode:node_modules/pm2/node_modules/git-node-fs Completed in 1686ms
873 timing reifyNode:node_modules/pm2/node_modules/json-stringify-safe Completed in 1686ms
874 timing reifyNode:node_modules/pm2/node_modules/supports-preserve-symlinks-flag Completed in 1684ms
875 timing reifyNode:node_modules/pm2/node_modules/optionator Completed in 1683ms
876 timing reifyNode:node_modules/pm2/node_modules/is-core-module Completed in 1702ms
877 timing reifyNode:node_modules/pm2/node_modules/levn Completed in 1701ms
878 timing reifyNode:node_modules/pm2/node_modules/escodegen Completed in 1701ms
879 timing reifyNode:node_modules/pm2/node_modules/shimmer Completed in 1698ms
880 timing reifyNode:node_modules/pm2/node_modules/source-map-support Completed in 1699ms
881 timing reifyNode:node_modules/pm2/node_modules/needle/node_modules/debug Completed in 1707ms
882 timing reifyNode:node_modules/pm2/node_modules/@pm2/js-api/node_modules/eventemitter2 Completed in 1709ms
883 timing reifyNode:node_modules/pm2/node_modules/@pm2/io/node_modules/semver Completed in 1709ms
884 timing reifyNode:node_modules/pm2/node_modules/@pm2/io/node_modules/eventemitter2 Completed in 1710ms
885 timing reifyNode:node_modules/pm2/node_modules/esutils Completed in 1727ms
886 timing reifyNode:node_modules/pm2/node_modules/ftp Completed in 1726ms
887 timing reifyNode:node_modules/pm2/node_modules/proxy-agent Completed in 1731ms
888 timing reifyNode:node_modules/pm2/node_modules/pm2-multimeter Completed in 1732ms
889 timing reifyNode:node_modules/pm2/node_modules/mkdirp Completed in 1732ms
890 timing reifyNode:node_modules/pm2/node_modules/function-bind Completed in 1752ms
891 timing reifyNode:node_modules/pm2/node_modules/prelude-ls Completed in 1750ms
892 http fetch GET 200 https://registry.npmjs.org/core-util-is/-/core-util-is-1.0.3.tgz 1569ms (cache miss)
893 timing reifyNode:node_modules/pm2/node_modules/core-util-is Completed in 1768ms
894 timing reifyNode:node_modules/pm2/node_modules/netmask Completed in 1769ms
895 timing reifyNode:node_modules/pm2/node_modules/https-proxy-agent Completed in 1769ms
896 timing reifyNode:node_modules/pm2/node_modules/braces Completed in 1765ms
897 timing reifyNode:node_modules/pm2/node_modules/agent-base Completed in 1790ms
898 timing reifyNode:node_modules/pm2/node_modules/charm Completed in 1787ms
899 timing reifyNode:node_modules/pm2/node_modules/sprintf-js Completed in 1787ms
900 timing reifyNode:node_modules/pm2/node_modules/pm2-sysmonit Completed in 1788ms
901 timing reifyNode:node_modules/pm2/node_modules/pm2-sysmonit/node_modules/pidusage Completed in 1788ms
902 timing reifyNode:node_modules/pm2/node_modules/ast-types/node_modules/tslib Completed in 1811ms
903 timing reifyNode:node_modules/pm2/node_modules/picomatch Completed in 1806ms
904 timing reifyNode:node_modules/pm2/node_modules/fclone Completed in 1806ms
905 timing reifyNode:node_modules/pm2/node_modules/chokidar Completed in 1807ms
906 timing reifyNode:node_modules/pm2/node_modules/tslib Completed in 1825ms
907 timing reifyNode:node_modules/pm2/node_modules/pidusage Completed in 1826ms
908 timing reifyNode:node_modules/pm2/node_modules/xregexp Completed in 1843ms
909 timing reifyNode:node_modules/pm2/node_modules/readable-stream Completed in 1864ms
910 timing reifyNode:node_modules/pm2/node_modules/tv4 Completed in 1860ms
911 timing reifyNode:node_modules/pm2/node_modules/argparse/node_modules/sprintf-js Completed in 1904ms
912 warn deprecated uuid@3.4.0: Please upgrade  to version 7 or higher.  Older versions may use Math.random() in certain circumstances, which is known to be problematic.  See https://v8.dev/blog/math-random for details.
913 timing reifyNode:node_modules/pm2/node_modules/uuid Completed in 1900ms
914 timing reifyNode:node_modules/pm2/node_modules/smart-buffer Completed in 1966ms
915 timing reifyNode:node_modules/pm2/node_modules/esprima Completed in 1979ms
916 timing reifyNode:node_modules/pm2/node_modules/tx2 Completed in 1992ms
917 timing reifyNode:node_modules/pm2/node_modules/nssocket Completed in 1990ms
918 timing reifyNode:node_modules/pm2/node_modules/ws Completed in 2004ms
919 timing reifyNode:node_modules/pm2/node_modules/lazy Completed in 2014ms
920 timing reifyNode:node_modules/pm2/node_modules/get-uri Completed in 2026ms
921 timing reifyNode:node_modules/pm2/node_modules/pm2-axon Completed in 2026ms
922 timing reifyNode:node_modules/pm2/node_modules/continuation-local-storage Completed in 2054ms
923 timing reifyNode:node_modules/pm2/node_modules/croner Completed in 2062ms
924 timing reifyNode:node_modules/pm2/node_modules/vm2 Completed in 2098ms
925 timing reifyNode:node_modules/pm2/node_modules/fast-json-patch Completed in 2099ms
926 timing reifyNode:node_modules/pm2/node_modules/acorn Completed in 2131ms
927 timing reifyNode:node_modules/pm2/node_modules/argparse Completed in 2156ms
928 timing reifyNode:node_modules/pm2/node_modules/iconv-lite Completed in 2162ms
929 timing reifyNode:node_modules/pm2/node_modules/pac-resolver Completed in 2209ms
930 timing reifyNode:node_modules/pm2/node_modules/@pm2/agent Completed in 2218ms
931 timing reifyNode:node_modules/pm2/node_modules/async-listener Completed in 2291ms
932 timing reifyNode:node_modules/pm2/node_modules/semver Completed in 2296ms
933 timing reifyNode:node_modules/pm2/node_modules/@pm2/agent/node_modules/semver Completed in 2300ms
934 timing reifyNode:node_modules/pm2/node_modules/vizion Completed in 2325ms
935 timing reifyNode:node_modules/pm2/node_modules/needle Completed in 2334ms
936 timing reifyNode:node_modules/pm2/node_modules/fs-extra Completed in 2356ms
937 timing reifyNode:node_modules/pm2/node_modules/socks Completed in 2372ms
938 timing reifyNode:node_modules/pm2/node_modules/enquirer Completed in 2359ms
939 timing reifyNode:node_modules/pm2/node_modules/source-map Completed in 2421ms
940 timing reifyNode:node_modules/pm2/node_modules/systeminformation Completed in 2428ms
941 timing reifyNode:node_modules/pm2/node_modules/axios Completed in 2430ms
942 timing reifyNode:node_modules/pm2/node_modules/pako Completed in 2459ms
943 timing reifyNode:node_modules/pm2/node_modules/@pm2/js-api Completed in 2472ms
944 timing reifyNode:node_modules/pm2/node_modules/js-git Completed in 2496ms
945 timing reifyNode:node_modules/pm2/node_modules/ast-types Completed in 2530ms
946 timing reifyNode:node_modules/pm2/node_modules/yamljs Completed in 2585ms
947 timing reifyNode:node_modules/pm2/node_modules/@opencensus/propagation-b3/node_modules/@opencensus/core Completed in 2803ms
948 timing reifyNode:node_modules/pm2/node_modules/vizion/node_modules/async Completed in 2802ms
949 timing reifyNode:node_modules/pm2/node_modules/@pm2/io/node_modules/async Completed in 2801ms
950 timing reifyNode:node_modules/pm2/node_modules/@pm2/js-api/node_modules/async Completed in 2802ms
951 timing reifyNode:node_modules/pm2/node_modules/@opencensus/core Completed in 2825ms
952 timing reifyNode:node_modules/pm2/node_modules/async Completed in 2830ms
953 timing reifyNode:node_modules/pm2/node_modules/blessed Completed in 2873ms
954 timing reifyNode:node_modules/pm2/node_modules/resolve Completed in 2891ms
955 timing reifyNode:node_modules/pm2/node_modules/@pm2/io Completed in 2890ms
956 timing reifyNode:node_modules/pm2 Completed in 2924ms
957 timing reifyNode:node_modules/pm2/node_modules/dayjs Completed in 3168ms
958 timing reifyNode:node_modules/pm2/node_modules/lodash Completed in 3431ms
959 timing reify:unpack Completed in 3432ms
960 timing reify:unretire Completed in 0ms
961 timing build:queue Completed in 9ms
962 timing build:link:node_modules/pm2/node_modules/acorn Completed in 15ms
963 timing build:link:node_modules/pm2/node_modules/@opencensus/core/node_modules/semver Completed in 13ms
964 timing build:link:node_modules/pm2/node_modules/@opencensus/propagation-b3/node_modules/semver Completed in 13ms
965 timing build:link:node_modules/pm2/node_modules/@pm2/agent/node_modules/semver Completed in 13ms
966 timing build:link:node_modules/pm2/node_modules/@pm2/io/node_modules/semver Completed in 14ms
967 timing build:link:node_modules/pm2/node_modules/async-listener/node_modules/semver Completed in 14ms
968 timing build:link:node_modules/pm2 Completed in 17ms
969 timing build:link:node_modules/pm2/node_modules/blessed Completed in 16ms
970 timing build:link:node_modules/pm2/node_modules/escodegen Completed in 16ms
971 timing build:link:node_modules/pm2/node_modules/esprima Completed in 15ms
972 timing build:link:node_modules/pm2/node_modules/mkdirp Completed in 15ms
973 timing build:link:node_modules/pm2/node_modules/needle Completed in 15ms
974 timing build:link:node_modules/pm2/node_modules/resolve Completed in 15ms
975 timing build:link:node_modules/pm2/node_modules/semver Completed in 16ms
976 timing build:link:node_modules/pm2/node_modules/systeminformation Completed in 16ms
977 timing build:link:node_modules/pm2/node_modules/uuid Completed in 16ms
978 timing build:link:node_modules/pm2/node_modules/vm2 Completed in 15ms
979 timing build:link:node_modules/pm2/node_modules/yamljs Completed in 15ms
980 timing build:link Completed in 18ms
981 timing build:deps Completed in 28ms
982 timing build Completed in 28ms
983 timing reify:build Completed in 30ms
984 timing reify:trash Completed in 15ms
985 timing reify Completed in 9639ms
986 silly ADD node_modules/pm2
987 silly ADD node_modules/pm2/node_modules/lodash
988 silly ADD node_modules/pm2/node_modules/concat-map
989 silly ADD node_modules/pm2/node_modules/balanced-match
990 silly ADD node_modules/pm2/node_modules/brace-expansion
991 silly ADD node_modules/pm2/node_modules/wrappy
992 silly ADD node_modules/pm2/node_modules/path-is-absolute
993 silly ADD node_modules/pm2/node_modules/once
994 silly ADD node_modules/pm2/node_modules/minimatch
995 silly ADD node_modules/pm2/node_modules/inflight
996 silly ADD node_modules/pm2/node_modules/fs.realpath
997 silly ADD node_modules/pm2/node_modules/glob
998 silly ADD node_modules/pm2/node_modules/argparse
999 silly ADD node_modules/pm2/node_modules/argparse/node_modules/sprintf-js
1000 silly ADD node_modules/pm2/node_modules/acorn-walk
1001 silly ADD node_modules/pm2/node_modules/acorn
1002 silly ADD node_modules/pm2/node_modules/pako
1003 silly ADD node_modules/pm2/node_modules/git-sha1
1004 silly ADD node_modules/pm2/node_modules/culvert
1005 silly ADD node_modules/pm2/node_modules/bodec
1006 silly ADD node_modules/pm2/node_modules/js-git
1007 silly ADD node_modules/pm2/node_modules/ini
1008 silly ADD node_modules/pm2/node_modules/git-node-fs
1009 silly ADD node_modules/pm2/node_modules/json-stringify-safe
1010 silly ADD node_modules/pm2/node_modules/is-number
1011 silly ADD node_modules/pm2/node_modules/has-flag
1012 silly ADD node_modules/pm2/node_modules/buffer-from
1013 silly ADD node_modules/pm2/node_modules/smart-buffer
1014 silly ADD node_modules/pm2/node_modules/socks
1015 silly ADD node_modules/pm2/node_modules/socks/node_modules/ip
1016 silly ADD node_modules/pm2/node_modules/function-bind
1017 silly ADD node_modules/pm2/node_modules/has
1018 silly ADD node_modules/pm2/node_modules/supports-preserve-symlinks-flag
1019 silly ADD node_modules/pm2/node_modules/path-parse
1020 silly ADD node_modules/pm2/node_modules/is-core-module
1021 silly ADD node_modules/pm2/node_modules/resolve
1022 silly ADD node_modules/pm2/node_modules/module-details-from-path
1023 silly ADD node_modules/pm2/node_modules/string_decoder
1024 silly ADD node_modules/pm2/node_modules/isarray
1025 silly ADD node_modules/pm2/node_modules/core-util-is
1026 silly ADD node_modules/pm2/node_modules/mute-stream
1027 silly ADD node_modules/pm2/node_modules/toidentifier
1028 silly ADD node_modules/pm2/node_modules/statuses
1029 silly ADD node_modules/pm2/node_modules/setprototypeof
1030 silly ADD node_modules/pm2/node_modules/inherits
1031 silly ADD node_modules/pm2/node_modules/depd
1032 silly ADD node_modules/pm2/node_modules/unpipe
1033 silly ADD node_modules/pm2/node_modules/http-errors
1034 silly ADD node_modules/pm2/node_modules/bytes
1035 silly ADD node_modules/pm2/node_modules/word-wrap
1036 silly ADD node_modules/pm2/node_modules/type-check
1037 silly ADD node_modules/pm2/node_modules/prelude-ls
1038 silly ADD node_modules/pm2/node_modules/levn
1039 silly ADD node_modules/pm2/node_modules/fast-levenshtein
1040 silly ADD node_modules/pm2/node_modules/deep-is
1041 silly ADD node_modules/pm2/node_modules/source-map
1042 silly ADD node_modules/pm2/node_modules/optionator
1043 silly ADD node_modules/pm2/node_modules/esutils
1044 silly ADD node_modules/pm2/node_modules/estraverse
1045 silly ADD node_modules/pm2/node_modules/vm2
1046 silly ADD node_modules/pm2/node_modules/esprima
1047 silly ADD node_modules/pm2/node_modules/escodegen
1048 silly ADD node_modules/pm2/node_modules/ast-types
1049 silly ADD node_modules/pm2/node_modules/ast-types/node_modules/tslib
1050 silly ADD node_modules/pm2/node_modules/netmask
1051 silly ADD node_modules/pm2/node_modules/ip
1052 silly ADD node_modules/pm2/node_modules/degenerator
1053 silly ADD node_modules/pm2/node_modules/xregexp
1054 silly ADD node_modules/pm2/node_modules/readable-stream
1055 silly ADD node_modules/pm2/node_modules/universalify
1056 silly ADD node_modules/pm2/node_modules/jsonfile
1057 silly ADD node_modules/pm2/node_modules/graceful-fs
1058 silly ADD node_modules/pm2/node_modules/ftp
1059 silly ADD node_modules/pm2/node_modules/fs-extra
1060 silly ADD node_modules/pm2/node_modules/file-uri-to-path
1061 silly ADD node_modules/pm2/node_modules/data-uri-to-buffer
1062 silly ADD node_modules/pm2/node_modules/raw-body
1063 silly ADD node_modules/pm2/node_modules/pac-resolver
1064 silly ADD node_modules/pm2/node_modules/get-uri
1065 silly ADD node_modules/pm2/node_modules/yallist
1066 silly ADD node_modules/pm2/node_modules/@tootallnate/once
1067 silly ADD node_modules/pm2/node_modules/socks-proxy-agent
1068 silly ADD node_modules/pm2/node_modules/proxy-from-env
1069 silly ADD node_modules/pm2/node_modules/pac-proxy-agent
1070 silly ADD node_modules/pm2/node_modules/lru-cache
1071 silly ADD node_modules/pm2/node_modules/https-proxy-agent
1072 silly ADD node_modules/pm2/node_modules/http-proxy-agent
1073 silly ADD node_modules/pm2/node_modules/agent-base
1074 silly ADD node_modules/pm2/node_modules/read
1075 silly ADD node_modules/pm2/node_modules/tx2
1076 silly ADD node_modules/pm2/node_modules/systeminformation
1077 silly ADD node_modules/pm2/node_modules/charm
1078 silly ADD node_modules/pm2/node_modules/tv4
1079 silly ADD node_modules/pm2/node_modules/run-series
1080 silly ADD node_modules/pm2/node_modules/escape-string-regexp
1081 silly ADD node_modules/pm2/node_modules/amp-message
1082 silly ADD node_modules/pm2/node_modules/amp
1083 silly ADD node_modules/pm2/node_modules/safe-buffer
1084 silly ADD node_modules/pm2/node_modules/lazy
1085 silly ADD node_modules/pm2/node_modules/safer-buffer
1086 silly ADD node_modules/pm2/node_modules/sax
1087 silly ADD node_modules/pm2/node_modules/iconv-lite
1088 silly ADD node_modules/pm2/node_modules/is-extglob
1089 silly ADD node_modules/pm2/node_modules/binary-extensions
1090 silly ADD node_modules/pm2/node_modules/to-regex-range
1091 silly ADD node_modules/pm2/node_modules/ansi-colors
1092 silly ADD node_modules/pm2/node_modules/ms
1093 silly ADD node_modules/pm2/node_modules/emitter-listener
1094 silly ADD node_modules/pm2/node_modules/async-listener
1095 silly ADD node_modules/pm2/node_modules/async-listener/node_modules/semver
1096 silly ADD node_modules/pm2/node_modules/color-name
1097 silly ADD node_modules/pm2/node_modules/fill-range
1098 silly ADD node_modules/pm2/node_modules/picomatch
1099 silly ADD node_modules/pm2/node_modules/readdirp
1100 silly ADD node_modules/pm2/node_modules/normalize-path
1101 silly ADD node_modules/pm2/node_modules/is-glob
1102 silly ADD node_modules/pm2/node_modules/is-binary-path
1103 silly ADD node_modules/pm2/node_modules/glob-parent
1104 silly ADD
1105 silly ADD node_modules/pm2/node_modules/braces
1106 silly ADD node_modules/pm2/node_modules/anymatch
1107 silly ADD node_modules/pm2/node_modules/color-convert
1108 silly ADD node_modules/pm2/node_modules/supports-color
1109 silly ADD node_modules/pm2/node_modules/ansi-styles
1110 silly ADD node_modules/pm2/node_modules/follow-redirects
1111 silly ADD node_modules/pm2/node_modules/axios
1112 silly ADD node_modules/pm2/node_modules/uuid
1113 silly ADD node_modules/pm2/node_modules/log-driver
1114 silly ADD node_modules/pm2/node_modules/continuation-local-storage
1115 silly ADD node_modules/pm2/node_modules/tslib
1116 silly ADD node_modules/pm2/node_modules/signal-exit
1117 silly ADD node_modules/pm2/node_modules/shimmer
1118 silly ADD node_modules/pm2/node_modules/require-in-the-middle
1119 silly ADD node_modules/pm2/node_modules/@opencensus/propagation-b3
1120 silly ADD node_modules/pm2/node_modules/@opencensus/propagation-b3/node_modules/semver
1121 silly ADD node_modules/pm2/node_modules/@opencensus/propagation-b3/node_modules/@opencensus/core
1122 silly ADD node_modules/pm2/node_modules/@opencensus/core
1123 silly ADD node_modules/pm2/node_modules/@opencensus/core/node_modules/semver
1124 silly ADD node_modules/pm2/node_modules/ws
1125 silly ADD node_modules/pm2/node_modules/proxy-agent
1126 silly ADD node_modules/pm2/node_modules/nssocket
1127 silly ADD node_modules/pm2/node_modules/nssocket/node_modules/eventemitter2
1128 silly ADD node_modules/pm2/node_modules/fast-json-patch
1129 silly ADD node_modules/pm2/node_modules/yamljs
1130 silly ADD node_modules/pm2/node_modules/vizion
1131 silly ADD node_modules/pm2/node_modules/vizion/node_modules/async
1132 silly ADD node_modules/pm2/node_modules/sprintf-js
1133 silly ADD node_modules/pm2/node_modules/source-map-support
1134 silly ADD node_modules/pm2/node_modules/semver
1135 silly ADD node_modules/pm2/node_modules/semver/node_modules/yallist
1136 silly ADD node_modules/pm2/node_modules/semver/node_modules/lru-cache
1137 silly ADD node_modules/pm2/node_modules/promptly
1138 silly ADD node_modules/pm2/node_modules/pm2-sysmonit
1139 silly ADD node_modules/pm2/node_modules/pm2-sysmonit/node_modules/pidusage
1140 silly ADD node_modules/pm2/node_modules/pm2-multimeter
1141 silly ADD node_modules/pm2/node_modules/pm2-deploy
1142 silly ADD node_modules/pm2/node_modules/pm2-axon-rpc
1143 silly ADD node_modules/pm2/node_modules/pm2-axon
1144 silly ADD node_modules/pm2/node_modules/pidusage
1145 silly ADD node_modules/pm2/node_modules/needle
1146 silly ADD node_modules/pm2/node_modules/needle/node_modules/debug
1147 silly ADD node_modules/pm2/node_modules/mkdirp
1148 silly ADD node_modules/pm2/node_modules/fclone
1149 silly ADD node_modules/pm2/node_modules/eventemitter2
1150 silly ADD node_modules/pm2/node_modules/enquirer
1151 silly ADD node_modules/pm2/node_modules/debug
1152 silly ADD node_modules/pm2/node_modules/dayjs
1153 silly ADD node_modules/pm2/node_modules/croner
1154 silly ADD node_modules/pm2/node_modules/commander
1155 silly ADD node_modules/pm2/node_modules/cli-tableau
1156 silly ADD node_modules/pm2/node_modules/chokidar
1157 silly ADD node_modules/pm2/node_modules/chalk
1158 silly ADD node_modules/pm2/node_modules/blessed
1159 silly ADD node_modules/pm2/node_modules/async
1160 silly ADD node_modules/pm2/node_modules/@pm2/pm2-version-check
1161 silly ADD node_modules/pm2/node_modules/@pm2/js-api
1162 silly ADD node_modules/pm2/node_modules/@pm2/js-api/node_modules/eventemitter2
1163 silly ADD node_modules/pm2/node_modules/@pm2/js-api/node_modules/async
1164 silly ADD node_modules/pm2/node_modules/@pm2/io
1165 silly ADD node_modules/pm2/node_modules/@pm2/io/node_modules/semver
1166 silly ADD node_modules/pm2/node_modules/@pm2/io/node_modules/eventemitter2
1167 silly ADD node_modules/pm2/node_modules/@pm2/io/node_modules/async
1168 silly ADD node_modules/pm2/node_modules/@pm2/agent
1169 silly ADD node_modules/pm2/node_modules/@pm2/agent/node_modules/semver
1170 timing command:install Completed in 9672ms
1171 verbose exit 0
1172 timing npm Completed in 9986ms
1173 info ok
