0 verbose cli [ '/usr/bin/node', '/usr/bin/npm', 'install', 'fs', '-g' ]
1 info using npm@8.5.1
2 info using node@v12.22.9
3 timing npm:load:whichnode Completed in 0ms
4 timing config:load:defaults Completed in 2ms
5 timing config:load:file:/usr/share/nodejs/npm/npmrc Completed in 4ms
6 timing config:load:builtin Completed in 4ms
7 timing config:load:cli Completed in 3ms
8 timing config:load:env Completed in 0ms
9 timing config:load:project Completed in 2ms
10 timing config:load:file:/home/ubuntu/.npmrc Completed in 0ms
11 timing config:load:user Completed in 0ms
12 timing config:load:file:/etc/npmrc Completed in 0ms
13 timing config:load:global Completed in 1ms
14 timing config:load:validate Completed in 0ms
15 timing config:load:credentials Completed in 1ms
16 timing config:load:setEnvs Completed in 1ms
17 timing config:load Completed in 15ms
18 timing npm:load:configload Completed in 15ms
19 timing npm:load:setTitle Completed in 0ms
20 timing config:load:flatten Completed in 4ms
21 timing npm:load:display Completed in 7ms
22 verbose logfile /home/ubuntu/.npm/_logs/2022-10-01T04_19_45_632Z-debug-0.log
23 timing npm:load:logFile Completed in 8ms
24 timing npm:load:timers Completed in 1ms
25 timing npm:load:configScope Completed in 0ms
26 timing npm:load Completed in 33ms
27 timing arborist:ctor Completed in 7ms
28 silly logfile start cleaning logs, removing 1 files
29 timing idealTree:init Completed in 11ms
30 timing idealTree:userRequests Completed in 4ms
31 silly idealTree buildDeps
32 silly fetch manifest fs@*
33 http fetch GET 200 https://registry.npmjs.org/fs 767ms (cache miss)
34 silly placeDep ROOT fs@0.0.1-security OK for:  want: *
35 timing idealTree:#root Completed in 781ms
36 timing idealTree:node_modules/fs Completed in 0ms
37 timing idealTree:buildDeps Completed in 784ms
38 timing idealTree:fixDepFlags Completed in 1ms
39 timing idealTree Completed in 802ms
40 timing reify:loadTrees Completed in 805ms
41 timing reify:diffTrees Completed in 2ms
42 silly reify moves {}
43 timing reify:retireShallow Completed in 0ms
44 timing reify:createSparse Completed in 3ms
45 timing reify:loadBundles Completed in 0ms
46 silly audit bulk request { fs: [ '0.0.1-security' ] }
47 silly tarball no local data for fs@https://registry.npmjs.org/fs/-/fs-0.0.1-security.tgz. Extracting by manifest.
48 http fetch GET 200 https://registry.npmjs.org/fs/-/fs-0.0.1-security.tgz 63ms (cache miss)
49 timing reifyNode:node_modules/fs Completed in 75ms
50 timing reify:unpack Completed in 76ms
51 timing reify:unretire Completed in 1ms
52 timing build:queue Completed in 0ms
53 timing build:deps Completed in 2ms
54 timing build Completed in 2ms
55 timing reify:build Completed in 2ms
56 timing reify:trash Completed in 0ms
57 http fetch POST 200 https://registry.npmjs.org/-/npm/v1/security/advisories/bulk 208ms
58 timing auditReport:getReport Completed in 210ms
59 silly audit report {}
60 timing auditReport:init Completed in 0ms
61 timing reify:audit Completed in 212ms
62 timing reify Completed in 1073ms
63 silly ADD node_modules/fs
64 timing command:install Completed in 1091ms
65 verbose exit 0
66 timing npm Completed in 1406ms
67 info ok
