0 verbose cli [ '/usr/bin/node', '/usr/bin/npm', 'install' ]
1 info using npm@8.5.1
2 info using node@v12.22.9
3 timing npm:load:whichnode Completed in 0ms
4 timing config:load:defaults Completed in 2ms
5 timing config:load:file:/usr/share/nodejs/npm/npmrc Completed in 3ms
6 timing config:load:builtin Completed in 3ms
7 timing config:load:cli Completed in 2ms
8 timing config:load:env Completed in 1ms
9 timing config:load:file:/home/ubuntu/express/Nodejs/.npmrc Completed in 1ms
10 timing config:load:project Completed in 2ms
11 timing config:load:file:/home/ubuntu/.npmrc Completed in 0ms
12 timing config:load:user Completed in 0ms
13 timing config:load:file:/etc/npmrc Completed in 1ms
14 timing config:load:global Completed in 1ms
15 timing config:load:validate Completed in 1ms
16 timing config:load:credentials Completed in 1ms
17 timing config:load:setEnvs Completed in 1ms
18 timing config:load Completed in 14ms
19 timing npm:load:configload Completed in 15ms
20 timing npm:load:setTitle Completed in 1ms
21 timing config:load:flatten Completed in 4ms
22 timing npm:load:display Completed in 7ms
23 verbose logfile /home/ubuntu/.npm/_logs/2022-09-30T08_37_31_824Z-debug-0.log
24 timing npm:load:logFile Completed in 8ms
25 timing npm:load:timers Completed in 1ms
26 timing npm:load:configScope Completed in 0ms
27 timing npm:load Completed in 33ms
28 timing arborist:ctor Completed in 7ms
29 silly logfile start cleaning logs, removing 1 files
30 timing idealTree:init Completed in 319ms
31 timing idealTree:userRequests Completed in 1ms
32 silly idealTree buildDeps
33 timing idealTree:#root Completed in 0ms
34 timing idealTree:buildDeps Completed in 2ms
35 timing idealTree:fixDepFlags Completed in 0ms
36 timing idealTree Completed in 328ms
37 timing arborist:ctor Completed in 1ms
38 timing reify:loadTrees Completed in 572ms
39 timing reify:diffTrees Completed in 24ms
40 silly reify moves {}
41 timing reify:retireShallow Completed in 1ms
42 timing reify:createSparse Completed in 7ms
43 timing reify:loadBundles Completed in 0ms
44 silly audit bulk request {
44 silly audit   '@opencensus/core': [ '0.0.9', '0.0.8' ],
44 silly audit   semver: [ '5.7.1', '7.2.3', '6.3.0', '7.3.7' ],
44 silly audit   '@opencensus/propagation-b3': [ '0.0.8' ],
44 silly audit   '@pm2/agent': [ '2.0.1' ],
44 silly audit   'ansi-styles': [ '4.3.0', '3.2.1' ],
44 silly audit   chalk: [ '3.0.0', '2.4.1' ],
44 silly audit   'color-convert': [ '2.0.1', '1.9.1' ],
44 silly audit   'has-flag': [ '4.0.0', '3.0.0' ],
44 silly audit   'supports-color': [ '7.2.0', '5.4.0' ],
44 silly audit   '@pm2/io': [ '5.0.0' ],
44 silly audit   async: [ '2.6.4', '3.2.4' ],
44 silly audit   eventemitter2: [ '6.4.9', '5.0.1', '0.4.14' ],
44 silly audit   '@pm2/js-api': [ '0.6.7' ],
44 silly audit   '@pm2/pm2-version-check': [ '1.0.4' ],
44 silly audit   '@tootallnate/once': [ '1.1.2' ],
44 silly audit   acorn: [ '8.8.0' ],
44 silly audit   'acorn-walk': [ '8.2.0' ],
44 silly audit   'agent-base': [ '6.0.2' ],
44 silly audit   amp: [ '0.3.1' ],
44 silly audit   'amp-message': [ '0.1.2' ],
44 silly audit   'ansi-colors': [ '4.1.3' ],
44 silly audit   anymatch: [ '3.1.2' ],
44 silly audit   argparse: [ '1.0.10' ],
44 silly audit   'sprintf-js': [ '1.0.3', '1.1.2' ],
44 silly audit   'array-uniq': [ '1.0.3' ],
44 silly audit   'ast-types': [ '0.13.4' ],
44 silly audit   tslib: [ '2.4.0', '1.9.3' ],
44 silly audit   'async-listener': [ '0.6.10' ],
44 silly audit   axios: [ '0.21.4' ],
44 silly audit   'balanced-match': [ '1.0.2' ],
44 silly audit   'binary-extensions': [ '2.2.0' ],
44 silly audit   blessed: [ '0.1.81' ],
44 silly audit   bodec: [ '0.1.0' ],
44 silly audit   'brace-expansion': [ '1.1.11' ],
44 silly audit   braces: [ '3.0.2' ],
44 silly audit   'buffer-from': [ '1.1.2' ],
44 silly audit   bytes: [ '3.1.2' ],
44 silly audit   charm: [ '0.1.2' ],
44 silly audit   chokidar: [ '3.5.3' ],
44 silly audit   'cli-tableau': [ '2.0.1' ],
44 silly audit   'color-name': [ '1.1.4' ],
44 silly audit   commander: [ '2.15.1' ],
44 silly audit   'concat-map': [ '0.0.1' ],
44 silly audit   'continuation-local-storage': [ '3.2.1' ],
44 silly audit   'core-util-is': [ '1.0.2' ],
44 silly audit   croner: [ '4.1.97' ],
44 silly audit   culvert: [ '0.1.2' ],
44 silly audit   'data-uri-to-buffer': [ '3.0.1' ],
44 silly audit   dayjs: [ '1.8.36' ],
44 silly audit   debug: [ '4.3.4', '3.2.7' ],
44 silly audit   'deep-is': [ '0.1.4' ],
44 silly audit   degenerator: [ '3.0.2' ],
44 silly audit   depd: [ '2.0.0' ],
44 silly audit   'dom-serializer': [ '0.1.0' ],
44 silly audit   domelementtype: [ '1.1.3', '1.3.0' ],
44 silly audit   domhandler: [ '2.4.2' ],
44 silly audit   domutils: [ '1.7.0' ],
44 silly audit   'emitter-listener': [ '1.1.2' ],
44 silly audit   enquirer: [ '2.3.6' ],
44 silly audit   entities: [ '1.1.1' ],
44 silly audit   'escape-string-regexp': [ '1.0.5', '4.0.0' ],
44 silly audit   escodegen: [ '1.14.3' ],
44 silly audit   esprima: [ '4.0.1' ],
44 silly audit   estraverse: [ '4.3.0' ],
44 silly audit   esutils: [ '2.0.3' ],
44 silly audit   'fast-json-patch': [ '3.1.1' ],
44 silly audit   'fast-levenshtein': [ '2.0.6' ],
44 silly audit   fclone: [ '1.0.11' ],
44 silly audit   'file-uri-to-path': [ '2.0.0' ],
44 silly audit   'fill-range': [ '7.0.1' ],
44 silly audit   'follow-redirects': [ '1.15.2' ],
44 silly audit   'fs-extra': [ '8.1.0' ],
44 silly audit   'fs.realpath': [ '1.0.0' ],
44 silly audit   fsevents: [ '2.3.2' ],
44 silly audit   ftp: [ '0.3.10' ],
44 silly audit   isarray: [ '0.0.1', '1.0.0' ],
44 silly audit   'readable-stream': [ '1.1.14', '2.3.6' ],
44 silly audit   string_decoder: [ '0.10.31', '1.1.1' ],
44 silly audit   'function-bind': [ '1.1.1' ],
44 silly audit   'get-uri': [ '3.0.2' ],
44 silly audit   'git-node-fs': [ '1.0.0' ],
44 silly audit   'git-sha1': [ '0.1.2' ],
44 silly audit   glob: [ '7.2.3' ],
44 silly audit   'glob-parent': [ '5.1.2' ],
44 silly audit   'graceful-fs': [ '4.2.10' ],
44 silly audit   has: [ '1.0.3' ],
44 silly audit   htmlparser2: [ '3.9.2' ],
44 silly audit   'http-errors': [ '2.0.0' ],
44 silly audit   'http-proxy-agent': [ '4.0.1' ],
44 silly audit   'https-proxy-agent': [ '5.0.1' ],
44 silly audit   'iconv-lite': [ '0.4.24' ],
44 silly audit   inflight: [ '1.0.6' ],
44 silly audit   inherits: [ '2.0.4' ],
44 silly audit   ini: [ '1.3.8' ],
44 silly audit   ip: [ '1.1.8', '2.0.0' ],
44 silly audit   'is-binary-path': [ '2.1.0' ],
44 silly audit   'is-core-module': [ '2.10.0' ],
44 silly audit   'is-extglob': [ '2.1.1' ],
44 silly audit   'is-glob': [ '4.0.3' ],
44 silly audit   'is-number': [ '7.0.0' ],
44 silly audit   'js-git': [ '0.7.8' ],
44 silly audit   'json-stringify-safe': [ '5.0.1' ],
44 silly audit   jsonfile: [ '4.0.0' ],
44 silly audit   lazy: [ '1.0.11' ],
44 silly audit   levn: [ '0.3.0' ],
44 silly audit   lodash: [ '4.17.21' ],
44 silly audit   'lodash.clonedeep': [ '4.5.0' ],
44 silly audit   'lodash.escaperegexp': [ '4.1.2' ],
44 silly audit   'lodash.isplainobject': [ '4.0.6' ],
44 silly audit   'lodash.isstring': [ '4.0.1' ],
44 silly audit   'lodash.mergewith': [ '4.6.1' ],
44 silly audit   'log-driver': [ '1.2.7' ],
44 silly audit   'lru-cache': [ '5.1.1', '6.0.0' ],
44 silly audit   minimatch: [ '3.1.2' ],
44 silly audit   mkdirp: [ '1.0.4' ],
44 silly audit   'module-details-from-path': [ '1.0.3' ],
44 silly audit   ms: [ '2.1.2' ],
44 silly audit   'mute-stream': [ '0.0.8' ],
44 silly audit   needle: [ '2.4.0' ],
44 silly audit   netmask: [ '2.0.2' ],
44 silly audit   'normalize-path': [ '3.0.0' ],
44 silly audit   nssocket: [ '0.6.0' ],
44 silly audit   'number-is-nan': [ '1.0.1' ],
44 silly audit   once: [ '1.4.0' ],
44 silly audit   optionator: [ '0.8.3' ],
44 silly audit   'pac-proxy-agent': [ '5.0.0' ],
44 silly audit   'pac-resolver': [ '5.0.1' ],
44 silly audit   pako: [ '0.2.9' ],
44 silly audit   'path-is-absolute': [ '1.0.1' ],
44 silly audit   'path-parse': [ '1.0.7' ],
44 silly audit   picomatch: [ '2.3.1' ],
44 silly audit   pidusage: [ '3.0.0', '2.0.21' ],
44 silly audit   'safe-buffer': [ '5.2.1', '5.1.2' ],
44 silly audit   pm2: [ '5.2.0' ],
44 silly audit   'pm2-axon': [ '4.0.1' ],
44 silly audit   'pm2-axon-rpc': [ '0.7.1' ],
44 silly audit   'pm2-deploy': [ '1.0.2' ],
44 silly audit   'pm2-multimeter': [ '0.1.2' ],
44 silly audit   'pm2-sysmonit': [ '1.2.8' ],
44 silly audit   postcss: [ '6.0.22' ],
44 silly audit   'prelude-ls': [ '1.1.2' ],
44 silly audit   'process-nextick-args': [ '2.0.0' ],
44 silly audit   promptly: [ '2.2.0' ],
44 silly audit   'proxy-agent': [ '5.0.0' ],
44 silly audit   'proxy-from-env': [ '1.1.0' ],
44 silly audit   'raw-body': [ '2.5.1' ],
44 silly audit   read: [ '1.0.7' ],
44 silly audit   readdirp: [ '3.6.0' ],
44 silly audit   'require-in-the-middle': [ '5.2.0' ],
44 silly audit   resolve: [ '1.22.1' ],
44 silly audit   'run-series': [ '1.1.9' ],
44 silly audit   'safer-buffer': [ '2.1.2' ],
44 silly audit   'sanitize-html': [ '1.18.2' ],
44 silly audit   sax: [ '1.2.4' ],
44 silly audit   yallist: [ '4.0.0', '3.1.1' ],
44 silly audit   setprototypeof: [ '1.2.0' ],
44 silly audit   shimmer: [ '1.2.1' ],
44 silly audit   'signal-exit': [ '3.0.7' ],
44 silly audit   'smart-buffer': [ '4.2.0' ],
44 silly audit   socks: [ '2.7.0' ],
44 silly audit   'socks-proxy-agent': [ '5.0.1' ],
44 silly audit   'source-map': [ '0.6.1' ],
44 silly audit   'source-map-support': [ '0.5.19' ],
44 silly audit   srcset: [ '1.0.0' ],
44 silly audit   statuses: [ '2.0.1' ],
44 silly audit   'supports-preserve-symlinks-flag': [ '1.0.0' ],
44 silly audit   systeminformation: [ '5.12.6' ],
44 silly audit   'to-regex-range': [ '5.0.1' ],
44 silly audit   toidentifier: [ '1.0.1' ],
44 silly audit   tv4: [ '1.3.0' ],
44 silly audit   tx2: [ '1.0.5' ],
44 silly audit   'type-check': [ '0.3.2' ],
44 silly audit   universalify: [ '0.1.2' ],
44 silly audit   unpipe: [ '1.0.0' ],
44 silly audit   'util-deprecate': [ '1.0.2' ],
44 silly audit   uuid: [ '3.4.0' ],
44 silly audit   vizion: [ '2.2.1' ],
44 silly audit   vm2: [ '3.9.11' ],
44 silly audit   'word-wrap': [ '1.2.3' ],
44 silly audit   wrappy: [ '1.0.2' ],
44 silly audit   ws: [ '7.4.6' ],
44 silly audit   xregexp: [ '2.0.0' ],
44 silly audit   xtend: [ '4.0.1' ],
44 silly audit   yamljs: [ '0.3.0' ]
44 silly audit }
45 verbose reify failed optional dependency /home/ubuntu/express/Nodejs/node_modules/fsevents
46 silly reify mark deleted [ '/home/ubuntu/express/Nodejs/node_modules/fsevents' ]
47 timing reifyNode:node_modules/fsevents Completed in 27ms
48 timing reify:unpack Completed in 28ms
49 timing reify:unretire Completed in 0ms
50 timing build:queue Completed in 6ms
51 timing build:deps Completed in 7ms
52 timing build Completed in 7ms
53 timing reify:build Completed in 8ms
54 timing reify:trash Completed in 15ms
55 timing reify:save Completed in 80ms
56 http fetch POST 200 https://registry.npmjs.org/-/npm/v1/security/advisories/bulk 428ms
57 timing auditReport:getReport Completed in 444ms
58 silly audit report {
58 silly audit report   postcss: [
58 silly audit report     {
58 silly audit report       id: 1070012,
58 silly audit report       url: 'https://github.com/advisories/GHSA-566m-qj78-rww5',
58 silly audit report       title: 'Regular Expression Denial of Service in postcss',
58 silly audit report       severity: 'moderate',
58 silly audit report       vulnerable_versions: '<7.0.36',
58 silly audit report       cwe: [Array],
58 silly audit report       cvss: [Object]
58 silly audit report     }
58 silly audit report   ],
58 silly audit report   'sanitize-html': [
58 silly audit report     {
58 silly audit report       id: 1070260,
58 silly audit report       url: 'https://github.com/advisories/GHSA-rjqq-98f6-6j3r',
58 silly audit report       title: 'Improper Input Validation in sanitize-html',
58 silly audit report       severity: 'moderate',
58 silly audit report       vulnerable_versions: '<2.3.1',
58 silly audit report       cwe: [Array],
58 silly audit report       cvss: [Object]
58 silly audit report     },
58 silly audit report     {
58 silly audit report       id: 1082330,
58 silly audit report       url: 'https://github.com/advisories/GHSA-mjxr-4v3x-q3m4',
58 silly audit report       title: 'Improper Input Validation in sanitize-html',
58 silly audit report       severity: 'moderate',
58 silly audit report       vulnerable_versions: '<2.3.2',
58 silly audit report       cwe: [Array],
58 silly audit report       cvss: [Object]
58 silly audit report     }
58 silly audit report   ],
58 silly audit report   'lodash.mergewith': [
58 silly audit report     {
58 silly audit report       id: 1068700,
58 silly audit report       url: 'https://github.com/advisories/GHSA-779f-wgxg-qr8f',
58 silly audit report       title: 'Prototype Pollution in lodash.mergewith',
58 silly audit report       severity: 'high',
58 silly audit report       vulnerable_versions: '<4.6.2',
58 silly audit report       cwe: [Array],
58 silly audit report       cvss: [Object]
58 silly audit report     },
58 silly audit report     {
58 silly audit report       id: 1069551,
58 silly audit report       url: 'https://github.com/advisories/GHSA-jf85-cpcp-j695',
58 silly audit report       title: 'Prototype Pollution in lodash',
58 silly audit report       severity: 'critical',
58 silly audit report       vulnerable_versions: '<4.6.2',
58 silly audit report       cwe: [Array],
58 silly audit report       cvss: [Object]
58 silly audit report     }
58 silly audit report   ]
58 silly audit report }
59 timing metavuln:cache:get:security-advisory:postcss:MGRqK7LkE26zB3m3suZzhHjsoH7nTb1RaLM3nOrE9K425NJFtIR5f9orepJzYB2usvCWPK3hyg5robVehgh10w== Completed in 242ms
60 timing metavuln:cache:get:security-advisory:sanitize-html:FIZ3dEiiFA2CS042mYZ1j+1tF9NQjwYFpy+AYzM3YAgjwvF2VV5b0VexzJOqgfzHNNvQ5WOWQSmooEeEdxwf7A== Completed in 236ms
61 timing metavuln:cache:get:security-advisory:sanitize-html:uss5PirjpvHSjRzKY3fbEcTC3SPjds2ZEhAFGCEKXE4bNsiWf0IwwcacddzEjkdtLnDyDF4bzwH9BYeXT0evqg== Completed in 192ms
62 timing metavuln:cache:get:security-advisory:lodash.mergewith:KEaW7rz+QyTRT5dVOwRFYqdYOucC7CxG7ilw72wFxYAAqqCDyr+vTxUDxbhbY5kNWy9J55ujfOAZTXZs3iCRWg== Completed in 189ms
63 timing metavuln:cache:get:security-advisory:lodash.mergewith:xb2mrQUPYqLAxOmEk6ppmpC7upRmWxT8F1Cue/+La+UEbmV/WKlF36+tOZ/ToH4FKuaLb1AKnoj17u8DLC2c9A== Completed in 188ms
64 http fetch GET 200 https://registry.npmjs.org/sanitize-html 222ms (cache miss)
65 timing metavuln:packument:sanitize-html Completed in 230ms
66 timing metavuln:load:security-advisory:sanitize-html:1070260 Completed in 6ms
67 timing metavuln:calculate:security-advisory:sanitize-html:1070260 Completed in 290ms
68 timing metavuln:load:security-advisory:sanitize-html:1082330 Completed in 1ms
69 timing metavuln:calculate:security-advisory:sanitize-html:1082330 Completed in 247ms
70 http fetch GET 200 https://registry.npmjs.org/postcss 297ms (cache miss)
71 timing metavuln:packument:postcss Completed in 309ms
72 timing metavuln:load:security-advisory:postcss:1070012 Completed in 18ms
73 timing metavuln:calculate:security-advisory:postcss:1070012 Completed in 345ms
74 http fetch GET 200 https://registry.npmjs.org/lodash.mergewith 306ms (cache miss)
75 timing metavuln:packument:lodash.mergewith Completed in 313ms
76 timing metavuln:load:security-advisory:lodash.mergewith:1068700 Completed in 0ms
77 timing metavuln:calculate:security-advisory:lodash.mergewith:1068700 Completed in 316ms
78 timing metavuln:load:security-advisory:lodash.mergewith:1069551 Completed in 0ms
79 timing metavuln:calculate:security-advisory:lodash.mergewith:1069551 Completed in 312ms
80 timing metavuln:cache:get:security-advisory:sanitize-html:nnenW8EAAwuQVANM6Axtz6IIIYC/lEzgFO3pvbFW40AgoPirp0bT2+BTAtrcyapkigdyH30tfU8fG6S/msuGwQ== Completed in 10ms
81 timing metavuln:load:security-advisory:sanitize-html:MGRqK7LkE26zB3m3suZzhHjsoH7nTb1RaLM3nOrE9K425NJFtIR5f9orepJzYB2usvCWPK3hyg5robVehgh10w== Completed in 1ms
82 timing metavuln:calculate:security-advisory:sanitize-html:MGRqK7LkE26zB3m3suZzhHjsoH7nTb1RaLM3nOrE9K425NJFtIR5f9orepJzYB2usvCWPK3hyg5robVehgh10w== Completed in 11ms
83 timing metavuln:cache:get:security-advisory:sanitize-html:JnHFhrMwcS0BJo3Srrq45XyLwK3ptZYUHLJ+3RNWFLyp1N0VxM2CWbiDJyS4C81OvtnyC7mNlMWSJtFwfXCyzg== Completed in 9ms
84 timing metavuln:load:security-advisory:sanitize-html:KEaW7rz+QyTRT5dVOwRFYqdYOucC7CxG7ilw72wFxYAAqqCDyr+vTxUDxbhbY5kNWy9J55ujfOAZTXZs3iCRWg== Completed in 0ms
85 timing metavuln:calculate:security-advisory:sanitize-html:KEaW7rz+QyTRT5dVOwRFYqdYOucC7CxG7ilw72wFxYAAqqCDyr+vTxUDxbhbY5kNWy9J55ujfOAZTXZs3iCRWg== Completed in 10ms
86 timing auditReport:init Completed in 439ms
87 timing reify:audit Completed in 892ms
88 timing reify Completed in 1557ms
89 silly ADD
90 timing command:install Completed in 1671ms
91 verbose exit 0
92 timing npm Completed in 1984ms
93 info ok
