0 verbose cli [
0 verbose cli   '/usr/bin/node',
0 verbose cli   '/usr/bin/npm',
0 verbose cli   'install',
0 verbose cli   '--ignore-scripts',
0 verbose cli   '@types/sanitize-html@ts4.8',
0 verbose cli   '@types/number-is-nan@ts4.8',
0 verbose cli   '@types/xtend@ts4.8',
0 verbose cli   '@types/domhandler@ts4.8',
0 verbose cli   '@types/domutils@ts4.8',
0 verbose cli   '@types/htmlparser2@ts4.8',
0 verbose cli   '@types/lodash.clonedeep@ts4.8',
0 verbose cli   '@types/lodash.escaperegexp@ts4.8',
0 verbose cli   '@types/lodash.isplainobject@ts4.8',
0 verbose cli   '@types/lodash.isstring@ts4.8',
0 verbose cli   '@types/lodash.mergewith@ts4.8',
0 verbose cli   '--save-dev',
0 verbose cli   '--user-agent=typesInstaller/4.8.2'
0 verbose cli ]
1 info using npm@8.5.1
2 info using node@v12.22.9
3 timing npm:load:whichnode Completed in 1ms
4 timing config:load:defaults Completed in 2ms
5 timing config:load:file:/usr/share/nodejs/npm/npmrc Completed in 3ms
6 timing config:load:builtin Completed in 4ms
7 timing config:load:cli Completed in 3ms
8 timing config:load:env Completed in 1ms
9 timing config:load:file:/home/ubuntu/.cache/typescript/4.8/.npmrc Completed in 0ms
10 timing config:load:project Completed in 2ms
11 timing config:load:file:/home/ubuntu/.npmrc Completed in 0ms
12 timing config:load:user Completed in 0ms
13 timing config:load:file:/etc/npmrc Completed in 0ms
14 timing config:load:global Completed in 1ms
15 timing config:load:validate Completed in 0ms
16 timing config:load:credentials Completed in 1ms
17 timing config:load:setEnvs Completed in 2ms
18 timing config:load Completed in 16ms
19 timing npm:load:configload Completed in 16ms
20 timing npm:load:setTitle Completed in 1ms
21 timing config:load:flatten Completed in 6ms
22 timing npm:load:display Completed in 7ms
23 verbose logfile /home/ubuntu/.npm/_logs/2022-09-30T06_09_35_154Z-debug-0.log
24 timing npm:load:logFile Completed in 8ms
25 timing npm:load:timers Completed in 0ms
26 timing npm:load:configScope Completed in 0ms
27 timing npm:load Completed in 34ms
28 timing arborist:ctor Completed in 7ms
29 silly logfile start cleaning logs, removing 1 files
30 timing idealTree:init Completed in 145ms
31 timing arborist:ctor Completed in 0ms
32 http fetch GET 200 https://registry.npmjs.org/@types%2fnumber-is-nan 199ms (cache miss)
33 http fetch GET 200 https://registry.npmjs.org/@types%2flodash.isstring 502ms (cache miss)
34 http fetch GET 200 https://registry.npmjs.org/@types%2flodash.mergewith 515ms (cache miss)
35 http fetch GET 200 https://registry.npmjs.org/@types%2flodash.clonedeep 522ms (cache miss)
36 http fetch GET 200 https://registry.npmjs.org/@types%2fxtend 530ms (cache miss)
37 http fetch GET 200 https://registry.npmjs.org/@types%2flodash.isplainobject 523ms (cache miss)
38 http fetch GET 200 https://registry.npmjs.org/@types%2fdomhandler 541ms (cache miss)
39 http fetch GET 200 https://registry.npmjs.org/@types%2fdomutils 562ms (cache miss)
40 http fetch GET 200 https://registry.npmjs.org/@types%2fsanitize-html 976ms (cache miss)
41 http fetch GET 200 https://registry.npmjs.org/@types%2fhtmlparser2 1007ms (cache miss)
42 http fetch GET 200 https://registry.npmjs.org/@types%2flodash.escaperegexp 1496ms (cache miss)
43 timing idealTree:userRequests Completed in 1511ms
44 silly idealTree buildDeps
45 silly fetch manifest @types/sanitize-html@2.6.2
46 silly fetch manifest @types/number-is-nan@2.0.0
47 silly fetch manifest @types/xtend@4.0.4
48 silly fetch manifest @types/domhandler@2.4.2
49 silly fetch manifest @types/domutils@1.7.4
50 silly fetch manifest @types/htmlparser2@3.10.3
51 silly fetch manifest @types/lodash.clonedeep@4.5.7
52 silly fetch manifest @types/lodash.escaperegexp@4.1.7
53 silly fetch manifest @types/lodash.isplainobject@4.0.7
54 silly fetch manifest @types/lodash.isstring@4.0.7
55 silly fetch manifest @types/lodash.mergewith@4.6.7
56 silly placeDep ROOT @types/domhandler@2.4.2 OK for:  want: 2.4.2
57 silly placeDep ROOT @types/domutils@1.7.4 OK for:  want: 1.7.4
58 silly placeDep ROOT @types/htmlparser2@3.10.3 OK for:  want: 3.10.3
59 silly placeDep ROOT @types/lodash.clonedeep@4.5.7 OK for:  want: 4.5.7
60 silly placeDep ROOT @types/lodash.escaperegexp@4.1.7 OK for:  want: 4.1.7
61 silly placeDep ROOT @types/lodash.isplainobject@4.0.7 OK for:  want: 4.0.7
62 silly placeDep ROOT @types/lodash.isstring@4.0.7 OK for:  want: 4.0.7
63 silly placeDep ROOT @types/lodash.mergewith@4.6.7 OK for:  want: 4.6.7
64 silly placeDep ROOT @types/number-is-nan@2.0.0 OK for:  want: 2.0.0
65 silly placeDep ROOT @types/sanitize-html@2.6.2 OK for:  want: 2.6.2
66 silly placeDep ROOT @types/xtend@4.0.4 OK for:  want: 4.0.4
67 silly fetch manifest domhandler@^2.4.0
68 silly fetch manifest @types/lodash@*
69 silly fetch manifest htmlparser2@^6.0.0
70 http fetch GET 200 https://registry.npmjs.org/htmlparser2 42ms (cache miss)
71 http fetch GET 200 https://registry.npmjs.org/domhandler 51ms (cache miss)
72 http fetch GET 200 https://registry.npmjs.org/@types%2flodash 931ms (cache miss)
73 timing idealTree:#root Completed in 967ms
74 timing idealTree:node_modules/@types/domhandler Completed in 0ms
75 silly placeDep ROOT domhandler@2.4.2 OK for: @types/domutils@1.7.4 want: ^2.4.0
76 silly fetch manifest domelementtype@1
77 http fetch GET 200 https://registry.npmjs.org/domelementtype 34ms (cache miss)
78 timing idealTree:node_modules/@types/domutils Completed in 43ms
79 timing idealTree:node_modules/@types/htmlparser2 Completed in 0ms
80 silly placeDep ROOT @types/lodash@4.14.186 OK for: @types/lodash.clonedeep@4.5.7 want: *
81 timing idealTree:node_modules/@types/lodash.clonedeep Completed in 2ms
82 timing idealTree:node_modules/@types/lodash Completed in 1ms
83 timing idealTree:node_modules/@types/lodash.escaperegexp Completed in 0ms
84 timing idealTree:node_modules/@types/lodash.isplainobject Completed in 0ms
85 timing idealTree:node_modules/@types/lodash.isstring Completed in 0ms
86 timing idealTree:node_modules/@types/lodash.mergewith Completed in 0ms
87 timing idealTree:node_modules/@types/number-is-nan Completed in 0ms
88 silly placeDep ROOT htmlparser2@6.1.0 OK for: @types/sanitize-html@2.6.2 want: ^6.0.0
89 silly fetch manifest domelementtype@^2.0.1
90 silly fetch manifest domhandler@^4.0.0
91 silly fetch manifest domutils@^2.5.2
92 silly fetch manifest entities@^2.0.0
93 http fetch GET 200 https://registry.npmjs.org/entities 49ms (cache miss)
94 http fetch GET 200 https://registry.npmjs.org/domutils 52ms (cache miss)
95 timing idealTree:node_modules/@types/sanitize-html Completed in 58ms
96 timing idealTree:node_modules/@types/xtend Completed in 0ms
97 silly placeDep ROOT domelementtype@1.3.1 OK for: domhandler@2.4.2 want: 1
98 timing idealTree:node_modules/domhandler Completed in 3ms
99 timing idealTree:node_modules/domelementtype Completed in 0ms
100 silly placeDep node_modules/htmlparser2 domelementtype@2.3.0 OK for: htmlparser2@6.1.0 want: ^2.0.1
101 silly placeDep node_modules/htmlparser2 domhandler@4.3.1 OK for: htmlparser2@6.1.0 want: ^4.0.0
102 silly placeDep ROOT domutils@2.8.0 OK for: htmlparser2@6.1.0 want: ^2.5.2
103 silly placeDep ROOT entities@2.2.0 OK for: htmlparser2@6.1.0 want: ^2.0.0
104 silly fetch manifest dom-serializer@^1.0.1
105 silly fetch manifest domelementtype@^2.2.0
106 silly fetch manifest domhandler@^4.2.0
107 http fetch GET 200 https://registry.npmjs.org/dom-serializer 44ms (cache miss)
108 timing idealTree:node_modules/htmlparser2 Completed in 72ms
109 silly placeDep ROOT dom-serializer@1.4.1 OK for: domutils@2.8.0 want: ^1.0.1
110 silly placeDep node_modules/domutils domelementtype@2.3.0 OK for: domutils@2.8.0 want: ^2.2.0
111 silly placeDep node_modules/domutils domhandler@4.3.1 OK for: domutils@2.8.0 want: ^4.2.0
112 timing idealTree:node_modules/domutils Completed in 6ms
113 silly placeDep node_modules/dom-serializer domelementtype@2.3.0 OK for: dom-serializer@1.4.1 want: ^2.0.1
114 silly placeDep node_modules/dom-serializer domhandler@4.3.1 OK for: dom-serializer@1.4.1 want: ^4.2.0
115 timing idealTree:node_modules/dom-serializer Completed in 5ms
116 timing idealTree:node_modules/entities Completed in 0ms
117 timing idealTree:node_modules/dom-serializer/node_modules/domelementtype Completed in 0ms
118 timing idealTree:node_modules/dom-serializer/node_modules/domhandler Completed in 0ms
119 timing idealTree:node_modules/domutils/node_modules/domelementtype Completed in 0ms
120 timing idealTree:node_modules/domutils/node_modules/domhandler Completed in 0ms
121 timing idealTree:node_modules/htmlparser2/node_modules/domelementtype Completed in 0ms
122 timing idealTree:node_modules/htmlparser2/node_modules/domhandler Completed in 0ms
123 timing idealTree:buildDeps Completed in 1161ms
124 timing idealTree:fixDepFlags Completed in 1ms
125 warn EBADENGINE Unsupported engine {
125 warn EBADENGINE   package: '@jest/expect-utils@29.0.3',
125 warn EBADENGINE   required: { node: '^14.15.0 || ^16.10.0 || >=18.0.0' },
125 warn EBADENGINE   current: { node: 'v12.22.9', npm: '8.5.1' }
125 warn EBADENGINE }
126 warn EBADENGINE Unsupported engine {
126 warn EBADENGINE   package: '@jest/schemas@29.0.0',
126 warn EBADENGINE   required: { node: '^14.15.0 || ^16.10.0 || >=18.0.0' },
126 warn EBADENGINE   current: { node: 'v12.22.9', npm: '8.5.1' }
126 warn EBADENGINE }
127 warn EBADENGINE Unsupported engine {
127 warn EBADENGINE   package: '@jest/types@29.0.3',
127 warn EBADENGINE   required: { node: '^14.15.0 || ^16.10.0 || >=18.0.0' },
127 warn EBADENGINE   current: { node: 'v12.22.9', npm: '8.5.1' }
127 warn EBADENGINE }
128 warn EBADENGINE Unsupported engine {
128 warn EBADENGINE   package: 'diff-sequences@29.0.0',
128 warn EBADENGINE   required: { node: '^14.15.0 || ^16.10.0 || >=18.0.0' },
128 warn EBADENGINE   current: { node: 'v12.22.9', npm: '8.5.1' }
128 warn EBADENGINE }
129 warn EBADENGINE Unsupported engine {
129 warn EBADENGINE   package: 'expect@29.0.3',
129 warn EBADENGINE   required: { node: '^14.15.0 || ^16.10.0 || >=18.0.0' },
129 warn EBADENGINE   current: { node: 'v12.22.9', npm: '8.5.1' }
129 warn EBADENGINE }
130 warn EBADENGINE Unsupported engine {
130 warn EBADENGINE   package: 'jest-diff@29.0.3',
130 warn EBADENGINE   required: { node: '^14.15.0 || ^16.10.0 || >=18.0.0' },
130 warn EBADENGINE   current: { node: 'v12.22.9', npm: '8.5.1' }
130 warn EBADENGINE }
131 warn EBADENGINE Unsupported engine {
131 warn EBADENGINE   package: 'jest-get-type@29.0.0',
131 warn EBADENGINE   required: { node: '^14.15.0 || ^16.10.0 || >=18.0.0' },
131 warn EBADENGINE   current: { node: 'v12.22.9', npm: '8.5.1' }
131 warn EBADENGINE }
132 warn EBADENGINE Unsupported engine {
132 warn EBADENGINE   package: 'jest-matcher-utils@29.0.3',
132 warn EBADENGINE   required: { node: '^14.15.0 || ^16.10.0 || >=18.0.0' },
132 warn EBADENGINE   current: { node: 'v12.22.9', npm: '8.5.1' }
132 warn EBADENGINE }
133 warn EBADENGINE Unsupported engine {
133 warn EBADENGINE   package: 'jest-message-util@29.0.3',
133 warn EBADENGINE   required: { node: '^14.15.0 || ^16.10.0 || >=18.0.0' },
133 warn EBADENGINE   current: { node: 'v12.22.9', npm: '8.5.1' }
133 warn EBADENGINE }
134 warn EBADENGINE Unsupported engine {
134 warn EBADENGINE   package: 'jest-util@29.0.3',
134 warn EBADENGINE   required: { node: '^14.15.0 || ^16.10.0 || >=18.0.0' },
134 warn EBADENGINE   current: { node: 'v12.22.9', npm: '8.5.1' }
134 warn EBADENGINE }
135 warn EBADENGINE Unsupported engine {
135 warn EBADENGINE   package: 'pretty-format@29.0.3',
135 warn EBADENGINE   required: { node: '^14.15.0 || ^16.10.0 || >=18.0.0' },
135 warn EBADENGINE   current: { node: 'v12.22.9', npm: '8.5.1' }
135 warn EBADENGINE }
136 timing idealTree Completed in 2835ms
137 timing reify:loadTrees Completed in 2837ms
138 timing reify:diffTrees Completed in 4ms
139 silly reify moves {}
140 timing reify:retireShallow Completed in 1ms
141 timing reify:createSparse Completed in 9ms
142 timing reify:loadBundles Completed in 0ms
143 silly audit bulk request {
143 silly audit   '@babel/code-frame': [ '7.18.6' ],
143 silly audit   '@babel/helper-validator-identifier': [ '7.19.1' ],
143 silly audit   '@babel/highlight': [ '7.18.6' ],
143 silly audit   'ansi-styles': [ '3.2.1', '4.3.0', '5.2.0' ],
143 silly audit   chalk: [ '2.4.2', '4.1.2' ],
143 silly audit   'color-convert': [ '1.9.3', '2.0.1' ],
143 silly audit   'color-name': [ '1.1.3', '1.1.4' ],
143 silly audit   'escape-string-regexp': [ '1.0.5', '2.0.0' ],
143 silly audit   'has-flag': [ '3.0.0', '4.0.0' ],
143 silly audit   'supports-color': [ '5.5.0', '7.2.0' ],
143 silly audit   '@jest/expect-utils': [ '29.0.3' ],
143 silly audit   '@jest/schemas': [ '29.0.0' ],
143 silly audit   '@jest/types': [ '29.0.3' ],
143 silly audit   '@sinclair/typebox': [ '0.24.41' ],
143 silly audit   '@types/istanbul-lib-coverage': [ '2.0.4' ],
143 silly audit   '@types/istanbul-lib-report': [ '3.0.0' ],
143 silly audit   '@types/istanbul-reports': [ '3.0.1' ],
143 silly audit   '@types/jest': [ '29.0.2' ],
143 silly audit   '@types/node': [ '18.7.18' ],
143 silly audit   '@types/prop-types': [ '15.7.5' ],
143 silly audit   '@types/react': [ '18.0.21' ],
143 silly audit   '@types/react-dom': [ '18.0.6' ],
143 silly audit   '@types/scheduler': [ '0.16.2' ],
143 silly audit   '@types/stack-utils': [ '2.0.1' ],
143 silly audit   '@types/testing-library__jest-dom': [ '5.14.5' ],
143 silly audit   '@types/yargs': [ '17.0.12' ],
143 silly audit   '@types/yargs-parser': [ '21.0.0' ],
143 silly audit   braces: [ '3.0.2' ],
143 silly audit   'ci-info': [ '3.4.0' ],
143 silly audit   csstype: [ '3.1.1' ],
143 silly audit   'diff-sequences': [ '29.0.0' ],
143 silly audit   expect: [ '29.0.3' ],
143 silly audit   'fill-range': [ '7.0.1' ],
143 silly audit   'graceful-fs': [ '4.2.10' ],
143 silly audit   'is-number': [ '7.0.0' ],
143 silly audit   'jest-diff': [ '29.0.3' ],
143 silly audit   'jest-get-type': [ '29.0.0' ],
143 silly audit   'jest-matcher-utils': [ '29.0.3' ],
143 silly audit   'jest-message-util': [ '29.0.3' ],
143 silly audit   'jest-util': [ '29.0.3' ],
143 silly audit   'js-tokens': [ '4.0.0' ],
143 silly audit   micromatch: [ '4.0.5' ],
143 silly audit   picomatch: [ '2.3.1' ],
143 silly audit   'pretty-format': [ '29.0.3' ],
143 silly audit   'react-is': [ '18.2.0' ],
143 silly audit   slash: [ '3.0.0' ],
143 silly audit   'stack-utils': [ '2.0.5' ],
143 silly audit   'to-regex-range': [ '5.0.1' ],
143 silly audit   'types-registry': [ '0.1.611' ],
143 silly audit   '@types/domhandler': [ '2.4.2' ],
143 silly audit   '@types/domutils': [ '1.7.4' ],
143 silly audit   '@types/htmlparser2': [ '3.10.3' ],
143 silly audit   '@types/lodash.clonedeep': [ '4.5.7' ],
143 silly audit   '@types/lodash.escaperegexp': [ '4.1.7' ],
143 silly audit   '@types/lodash.isplainobject': [ '4.0.7' ],
143 silly audit   '@types/lodash.isstring': [ '4.0.7' ],
143 silly audit   '@types/lodash.mergewith': [ '4.6.7' ],
143 silly audit   '@types/number-is-nan': [ '2.0.0' ],
143 silly audit   '@types/sanitize-html': [ '2.6.2' ],
143 silly audit   '@types/xtend': [ '4.0.4' ],
143 silly audit   domhandler: [ '2.4.2', '4.3.1' ],
143 silly audit   '@types/lodash': [ '4.14.186' ],
143 silly audit   htmlparser2: [ '6.1.0' ],
143 silly audit   domelementtype: [ '1.3.1', '2.3.0' ],
143 silly audit   domutils: [ '2.8.0' ],
143 silly audit   entities: [ '2.2.0' ],
143 silly audit   'dom-serializer': [ '1.4.1' ]
143 silly audit }
144 silly tarball no local data for dom-serializer@https://registry.npmjs.org/dom-serializer/-/dom-serializer-1.4.1.tgz. Extracting by manifest.
145 silly tarball no local data for entities@https://registry.npmjs.org/entities/-/entities-2.2.0.tgz. Extracting by manifest.
146 silly tarball no local data for domutils@https://registry.npmjs.org/domutils/-/domutils-2.8.0.tgz. Extracting by manifest.
147 silly tarball no local data for domelementtype@https://registry.npmjs.org/domelementtype/-/domelementtype-1.3.1.tgz. Extracting by manifest.
148 silly tarball no local data for htmlparser2@https://registry.npmjs.org/htmlparser2/-/htmlparser2-6.1.0.tgz. Extracting by manifest.
149 silly tarball no local data for @types/lodash@https://registry.npmjs.org/@types/lodash/-/lodash-4.14.186.tgz. Extracting by manifest.
150 silly tarball no local data for @types/xtend@https://registry.npmjs.org/@types/xtend/-/xtend-4.0.4.tgz. Extracting by manifest.
151 silly tarball no local data for @types/sanitize-html@https://registry.npmjs.org/@types/sanitize-html/-/sanitize-html-2.6.2.tgz. Extracting by manifest.
152 silly tarball no local data for @types/number-is-nan@https://registry.npmjs.org/@types/number-is-nan/-/number-is-nan-2.0.0.tgz. Extracting by manifest.
153 silly tarball no local data for @types/lodash.mergewith@https://registry.npmjs.org/@types/lodash.mergewith/-/lodash.mergewith-4.6.7.tgz. Extracting by manifest.
154 silly tarball no local data for @types/lodash.isstring@https://registry.npmjs.org/@types/lodash.isstring/-/lodash.isstring-4.0.7.tgz. Extracting by manifest.
155 silly tarball no local data for @types/lodash.isplainobject@https://registry.npmjs.org/@types/lodash.isplainobject/-/lodash.isplainobject-4.0.7.tgz. Extracting by manifest.
156 silly tarball no local data for @types/lodash.escaperegexp@https://registry.npmjs.org/@types/lodash.escaperegexp/-/lodash.escaperegexp-4.1.7.tgz. Extracting by manifest.
157 silly tarball no local data for @types/lodash.clonedeep@https://registry.npmjs.org/@types/lodash.clonedeep/-/lodash.clonedeep-4.5.7.tgz. Extracting by manifest.
158 silly tarball no local data for @types/htmlparser2@https://registry.npmjs.org/@types/htmlparser2/-/htmlparser2-3.10.3.tgz. Extracting by manifest.
159 silly tarball no local data for @types/domutils@https://registry.npmjs.org/@types/domutils/-/domutils-1.7.4.tgz. Extracting by manifest.
160 silly tarball no local data for @types/domhandler@https://registry.npmjs.org/@types/domhandler/-/domhandler-2.4.2.tgz. Extracting by manifest.
161 silly tarball no local data for domhandler@https://registry.npmjs.org/domhandler/-/domhandler-4.3.1.tgz. Extracting by manifest.
162 silly tarball no local data for domelementtype@https://registry.npmjs.org/domelementtype/-/domelementtype-2.3.0.tgz. Extracting by manifest.
163 silly tarball no local data for domhandler@https://registry.npmjs.org/domhandler/-/domhandler-4.3.1.tgz. Extracting by manifest.
164 silly tarball no local data for domelementtype@https://registry.npmjs.org/domelementtype/-/domelementtype-2.3.0.tgz. Extracting by manifest.
165 silly tarball no local data for domhandler@https://registry.npmjs.org/domhandler/-/domhandler-4.3.1.tgz. Extracting by manifest.
166 silly tarball no local data for domelementtype@https://registry.npmjs.org/domelementtype/-/domelementtype-2.3.0.tgz. Extracting by manifest.
167 http fetch POST 200 https://registry.npmjs.org/-/npm/v1/security/advisories/bulk 383ms
168 timing auditReport:getReport Completed in 386ms
169 silly audit report {}
170 timing auditReport:init Completed in 0ms
171 timing reify:audit Completed in 387ms
172 http fetch GET 200 https://registry.npmjs.org/domelementtype/-/domelementtype-1.3.1.tgz 392ms (cache miss)
173 timing reifyNode:node_modules/domelementtype Completed in 439ms
174 http fetch GET 200 https://registry.npmjs.org/domelementtype/-/domelementtype-2.3.0.tgz 277ms (cache miss)
175 timing reifyNode:node_modules/dom-serializer/node_modules/domelementtype Completed in 481ms
176 http fetch GET 200 https://registry.npmjs.org/domelementtype/-/domelementtype-2.3.0.tgz 277ms (cache miss)
177 timing reifyNode:node_modules/domutils/node_modules/domelementtype Completed in 502ms
178 http fetch GET 200 https://registry.npmjs.org/@types/lodash.mergewith/-/lodash.mergewith-4.6.7.tgz 421ms (cache miss)
179 timing reifyNode:node_modules/@types/lodash.mergewith Completed in 512ms
180 http fetch GET 200 https://registry.npmjs.org/domhandler/-/domhandler-4.3.1.tgz 320ms (cache miss)
181 timing reifyNode:node_modules/htmlparser2/node_modules/domhandler Completed in 541ms
182 http fetch GET 200 https://registry.npmjs.org/domelementtype/-/domelementtype-2.3.0.tgz 319ms (cache miss)
183 timing reifyNode:node_modules/htmlparser2/node_modules/domelementtype Completed in 547ms
184 http fetch GET 200 https://registry.npmjs.org/@types/lodash.clonedeep/-/lodash.clonedeep-4.5.7.tgz 426ms (cache miss)
185 timing reifyNode:node_modules/@types/lodash.clonedeep Completed in 561ms
186 http fetch GET 200 https://registry.npmjs.org/@types/domutils/-/domutils-1.7.4.tgz 424ms (cache miss)
187 timing reifyNode:node_modules/@types/domutils Completed in 607ms
188 http fetch GET 200 https://registry.npmjs.org/dom-serializer/-/dom-serializer-1.4.1.tgz 587ms (cache miss)
189 timing reifyNode:node_modules/dom-serializer Completed in 619ms
190 http fetch GET 200 https://registry.npmjs.org/domhandler/-/domhandler-4.3.1.tgz 428ms (cache miss)
191 timing reifyNode:node_modules/dom-serializer/node_modules/domhandler Completed in 623ms
192 http fetch GET 200 https://registry.npmjs.org/domhandler/-/domhandler-4.3.1.tgz 418ms (cache miss)
193 timing reifyNode:node_modules/domutils/node_modules/domhandler Completed in 633ms
194 http fetch GET 200 https://registry.npmjs.org/@types/domhandler/-/domhandler-2.4.2.tgz 458ms (cache miss)
195 timing reifyNode:node_modules/@types/domhandler Completed in 645ms
196 timing reifyNode:node_modules/domhandler Completed in 646ms
197 http fetch GET 200 https://registry.npmjs.org/entities/-/entities-2.2.0.tgz 620ms (cache miss)
198 timing reifyNode:node_modules/entities Completed in 657ms
199 http fetch GET 200 https://registry.npmjs.org/domutils/-/domutils-2.8.0.tgz 622ms (cache miss)
200 timing reifyNode:node_modules/domutils Completed in 663ms
201 http fetch GET 200 https://registry.npmjs.org/@types/lodash.isplainobject/-/lodash.isplainobject-4.0.7.tgz 555ms (cache miss)
202 timing reifyNode:node_modules/@types/lodash.isplainobject Completed in 672ms
203 http fetch GET 200 https://registry.npmjs.org/@types/lodash.escaperegexp/-/lodash.escaperegexp-4.1.7.tgz 547ms (cache miss)
204 timing reifyNode:node_modules/@types/lodash.escaperegexp Completed in 675ms
205 http fetch GET 200 https://registry.npmjs.org/htmlparser2/-/htmlparser2-6.1.0.tgz 631ms (cache miss)
206 timing reifyNode:node_modules/htmlparser2 Completed in 686ms
207 http fetch GET 200 https://registry.npmjs.org/@types/number-is-nan/-/number-is-nan-2.0.0.tgz 744ms (cache miss)
208 timing reifyNode:node_modules/@types/number-is-nan Completed in 829ms
209 http fetch GET 200 https://registry.npmjs.org/@types/sanitize-html/-/sanitize-html-2.6.2.tgz 762ms (cache miss)
210 timing reifyNode:node_modules/@types/sanitize-html Completed in 838ms
211 http fetch GET 200 https://registry.npmjs.org/@types/xtend/-/xtend-4.0.4.tgz 779ms (cache miss)
212 timing reifyNode:node_modules/@types/xtend Completed in 850ms
213 http fetch GET 200 https://registry.npmjs.org/@types/htmlparser2/-/htmlparser2-3.10.3.tgz 792ms (cache miss)
214 timing reifyNode:node_modules/@types/htmlparser2 Completed in 966ms
215 http fetch GET 200 https://registry.npmjs.org/@types/lodash.isstring/-/lodash.isstring-4.0.7.tgz 989ms (cache miss)
216 timing reifyNode:node_modules/@types/lodash.isstring Completed in 1097ms
217 http fetch GET 200 https://registry.npmjs.org/@types/lodash/-/lodash-4.14.186.tgz 1089ms (cache miss)
218 timing reifyNode:node_modules/@types/lodash Completed in 1153ms
219 timing reify:unpack Completed in 1156ms
220 timing reify:unretire Completed in 0ms
221 timing build:queue Completed in 2ms
222 timing build:deps Completed in 2ms
223 timing build Completed in 2ms
224 timing reify:build Completed in 3ms
225 timing reify:trash Completed in 0ms
226 timing reify:save Completed in 62ms
227 timing reify Completed in 4125ms
228 silly ADD node_modules/dom-serializer
229 silly ADD node_modules/dom-serializer/node_modules/domhandler
230 silly ADD node_modules/dom-serializer/node_modules/domelementtype
231 silly ADD node_modules/entities
232 silly ADD node_modules/domutils
233 silly ADD node_modules/domutils/node_modules/domhandler
234 silly ADD node_modules/domutils/node_modules/domelementtype
235 silly ADD node_modules/domelementtype
236 silly ADD node_modules/htmlparser2
237 silly ADD node_modules/htmlparser2/node_modules/domhandler
238 silly ADD node_modules/htmlparser2/node_modules/domelementtype
239 silly ADD node_modules/@types/lodash
240 silly ADD node_modules/domhandler
241 silly ADD node_modules/@types/xtend
242 silly ADD node_modules/@types/sanitize-html
243 silly ADD node_modules/@types/number-is-nan
244 silly ADD node_modules/@types/lodash.mergewith
245 silly ADD node_modules/@types/lodash.isstring
246 silly ADD node_modules/@types/lodash.isplainobject
247 silly ADD node_modules/@types/lodash.escaperegexp
248 silly ADD node_modules/@types/lodash.clonedeep
249 silly ADD node_modules/@types/htmlparser2
250 silly ADD node_modules/@types/domutils
251 silly ADD node_modules/@types/domhandler
252 timing command:install Completed in 4142ms
253 verbose exit 0
254 timing npm Completed in 4458ms
255 info ok
