0 verbose cli [
0 verbose cli   '/usr/bin/node',
0 verbose cli   '/usr/bin/npm',
0 verbose cli   'install',
0 verbose cli   '--ignore-scripts',
0 verbose cli   'types-registry@latest'
0 verbose cli ]
1 info using npm@8.5.1
2 info using node@v12.22.9
3 timing npm:load:whichnode Completed in 0ms
4 timing config:load:defaults Completed in 14ms
5 timing config:load:file:/usr/share/nodejs/npm/npmrc Completed in 10ms
6 timing config:load:builtin Completed in 10ms
7 timing config:load:cli Completed in 7ms
8 timing config:load:env Completed in 0ms
9 timing config:load:file:/home/ubuntu/.cache/typescript/4.8/.npmrc Completed in 0ms
10 timing config:load:project Completed in 19ms
11 timing config:load:file:/home/ubuntu/.npmrc Completed in 1ms
12 timing config:load:user Completed in 1ms
13 timing config:load:file:/etc/npmrc Completed in 0ms
14 timing config:load:global Completed in 0ms
15 timing config:load:validate Completed in 1ms
16 timing config:load:credentials Completed in 1ms
17 timing config:load:setEnvs Completed in 2ms
18 timing config:load Completed in 56ms
19 timing npm:load:configload Completed in 56ms
20 timing npm:load:setTitle Completed in 0ms
21 timing config:load:flatten Completed in 9ms
22 timing npm:load:display Completed in 10ms
23 verbose logfile /home/ubuntu/.npm/_logs/2022-09-18T06_11_36_298Z-debug-0.log
24 timing npm:load:logFile Completed in 50ms
25 timing npm:load:timers Completed in 0ms
26 timing npm:load:configScope Completed in 0ms
27 timing npm:load Completed in 119ms
28 timing arborist:ctor Completed in 8ms
29 silly logfile start cleaning logs, removing 1 files
30 timing idealTree:init Completed in 361ms
31 timing arborist:ctor Completed in 0ms
32 http fetch GET 200 https://registry.npmjs.org/types-registry 381ms (cache miss)
33 timing idealTree:userRequests Completed in 420ms
34 silly idealTree buildDeps
35 silly fetch manifest types-registry@0.1.610
36 silly placeDep ROOT types-registry@0.1.610 REPLACE for:  want: 0.1.610
37 timing idealTree:#root Completed in 34ms
38 timing idealTree:node_modules/types-registry Completed in 0ms
39 timing idealTree:buildDeps Completed in 36ms
40 timing idealTree:fixDepFlags Completed in 0ms
41 warn EBADENGINE Unsupported engine {
41 warn EBADENGINE   package: '@jest/expect-utils@29.0.3',
41 warn EBADENGINE   required: { node: '^14.15.0 || ^16.10.0 || >=18.0.0' },
41 warn EBADENGINE   current: { node: 'v12.22.9', npm: '8.5.1' }
41 warn EBADENGINE }
42 warn EBADENGINE Unsupported engine {
42 warn EBADENGINE   package: '@jest/schemas@29.0.0',
42 warn EBADENGINE   required: { node: '^14.15.0 || ^16.10.0 || >=18.0.0' },
42 warn EBADENGINE   current: { node: 'v12.22.9', npm: '8.5.1' }
42 warn EBADENGINE }
43 warn EBADENGINE Unsupported engine {
43 warn EBADENGINE   package: '@jest/types@29.0.3',
43 warn EBADENGINE   required: { node: '^14.15.0 || ^16.10.0 || >=18.0.0' },
43 warn EBADENGINE   current: { node: 'v12.22.9', npm: '8.5.1' }
43 warn EBADENGINE }
44 warn EBADENGINE Unsupported engine {
44 warn EBADENGINE   package: 'diff-sequences@29.0.0',
44 warn EBADENGINE   required: { node: '^14.15.0 || ^16.10.0 || >=18.0.0' },
44 warn EBADENGINE   current: { node: 'v12.22.9', npm: '8.5.1' }
44 warn EBADENGINE }
45 warn EBADENGINE Unsupported engine {
45 warn EBADENGINE   package: 'expect@29.0.3',
45 warn EBADENGINE   required: { node: '^14.15.0 || ^16.10.0 || >=18.0.0' },
45 warn EBADENGINE   current: { node: 'v12.22.9', npm: '8.5.1' }
45 warn EBADENGINE }
46 warn EBADENGINE Unsupported engine {
46 warn EBADENGINE   package: 'jest-diff@29.0.3',
46 warn EBADENGINE   required: { node: '^14.15.0 || ^16.10.0 || >=18.0.0' },
46 warn EBADENGINE   current: { node: 'v12.22.9', npm: '8.5.1' }
46 warn EBADENGINE }
47 warn EBADENGINE Unsupported engine {
47 warn EBADENGINE   package: 'jest-get-type@29.0.0',
47 warn EBADENGINE   required: { node: '^14.15.0 || ^16.10.0 || >=18.0.0' },
47 warn EBADENGINE   current: { node: 'v12.22.9', npm: '8.5.1' }
47 warn EBADENGINE }
48 warn EBADENGINE Unsupported engine {
48 warn EBADENGINE   package: 'jest-matcher-utils@29.0.3',
48 warn EBADENGINE   required: { node: '^14.15.0 || ^16.10.0 || >=18.0.0' },
48 warn EBADENGINE   current: { node: 'v12.22.9', npm: '8.5.1' }
48 warn EBADENGINE }
49 warn EBADENGINE Unsupported engine {
49 warn EBADENGINE   package: 'jest-message-util@29.0.3',
49 warn EBADENGINE   required: { node: '^14.15.0 || ^16.10.0 || >=18.0.0' },
49 warn EBADENGINE   current: { node: 'v12.22.9', npm: '8.5.1' }
49 warn EBADENGINE }
50 warn EBADENGINE Unsupported engine {
50 warn EBADENGINE   package: 'jest-util@29.0.3',
50 warn EBADENGINE   required: { node: '^14.15.0 || ^16.10.0 || >=18.0.0' },
50 warn EBADENGINE   current: { node: 'v12.22.9', npm: '8.5.1' }
50 warn EBADENGINE }
51 warn EBADENGINE Unsupported engine {
51 warn EBADENGINE   package: 'pretty-format@29.0.3',
51 warn EBADENGINE   required: { node: '^14.15.0 || ^16.10.0 || >=18.0.0' },
51 warn EBADENGINE   current: { node: 'v12.22.9', npm: '8.5.1' }
51 warn EBADENGINE }
52 timing idealTree Completed in 859ms
53 timing reify:loadTrees Completed in 860ms
54 timing reify:diffTrees Completed in 12ms
55 silly reify mark retired [ '/home/ubuntu/.cache/typescript/4.8/node_modules/types-registry' ]
56 silly reify moves {
56 silly reify   '/home/ubuntu/.cache/typescript/4.8/node_modules/types-registry': '/home/ubuntu/.cache/typescript/4.8/node_modules/.types-registry-sgpmRIgf'
56 silly reify }
57 timing reify:retireShallow Completed in 4ms
58 timing reify:createSparse Completed in 6ms
59 timing reify:loadBundles Completed in 0ms
60 silly audit bulk request {
60 silly audit   '@babel/code-frame': [ '7.18.6' ],
60 silly audit   '@babel/helper-validator-identifier': [ '7.19.1' ],
60 silly audit   '@babel/highlight': [ '7.18.6' ],
60 silly audit   'ansi-styles': [ '3.2.1', '4.3.0', '5.2.0' ],
60 silly audit   chalk: [ '2.4.2', '4.1.2' ],
60 silly audit   'color-convert': [ '1.9.3', '2.0.1' ],
60 silly audit   'color-name': [ '1.1.3', '1.1.4' ],
60 silly audit   'escape-string-regexp': [ '1.0.5', '2.0.0' ],
60 silly audit   'has-flag': [ '3.0.0', '4.0.0' ],
60 silly audit   'supports-color': [ '5.5.0', '7.2.0' ],
60 silly audit   '@jest/expect-utils': [ '29.0.3' ],
60 silly audit   '@jest/schemas': [ '29.0.0' ],
60 silly audit   '@jest/types': [ '29.0.3' ],
60 silly audit   '@sinclair/typebox': [ '0.24.41' ],
60 silly audit   '@types/istanbul-lib-coverage': [ '2.0.4' ],
60 silly audit   '@types/istanbul-lib-report': [ '3.0.0' ],
60 silly audit   '@types/istanbul-reports': [ '3.0.1' ],
60 silly audit   '@types/jest': [ '29.0.2' ],
60 silly audit   '@types/node': [ '18.7.18' ],
60 silly audit   '@types/prop-types': [ '15.7.5' ],
60 silly audit   '@types/react': [ '18.0.20' ],
60 silly audit   '@types/react-dom': [ '18.0.6' ],
60 silly audit   '@types/scheduler': [ '0.16.2' ],
60 silly audit   '@types/stack-utils': [ '2.0.1' ],
60 silly audit   '@types/testing-library__jest-dom': [ '5.14.5' ],
60 silly audit   '@types/yargs': [ '17.0.12' ],
60 silly audit   '@types/yargs-parser': [ '21.0.0' ],
60 silly audit   braces: [ '3.0.2' ],
60 silly audit   'ci-info': [ '3.4.0' ],
60 silly audit   csstype: [ '3.1.1' ],
60 silly audit   'diff-sequences': [ '29.0.0' ],
60 silly audit   expect: [ '29.0.3' ],
60 silly audit   'fill-range': [ '7.0.1' ],
60 silly audit   'graceful-fs': [ '4.2.10' ],
60 silly audit   'is-number': [ '7.0.0' ],
60 silly audit   'jest-diff': [ '29.0.3' ],
60 silly audit   'jest-get-type': [ '29.0.0' ],
60 silly audit   'jest-matcher-utils': [ '29.0.3' ],
60 silly audit   'jest-message-util': [ '29.0.3' ],
60 silly audit   'jest-util': [ '29.0.3' ],
60 silly audit   'js-tokens': [ '4.0.0' ],
60 silly audit   micromatch: [ '4.0.5' ],
60 silly audit   picomatch: [ '2.3.1' ],
60 silly audit   'pretty-format': [ '29.0.3' ],
60 silly audit   'react-is': [ '18.2.0' ],
60 silly audit   slash: [ '3.0.0' ],
60 silly audit   'stack-utils': [ '2.0.5' ],
60 silly audit   'to-regex-range': [ '5.0.1' ],
60 silly audit   'types-registry': [ '0.1.610' ]
60 silly audit }
61 silly tarball no local data for types-registry@https://registry.npmjs.org/types-registry/-/types-registry-0.1.610.tgz. Extracting by manifest.
62 http fetch GET 200 https://registry.npmjs.org/types-registry/-/types-registry-0.1.610.tgz 193ms (cache miss)
63 timing reifyNode:node_modules/types-registry Completed in 226ms
64 timing reify:unpack Completed in 226ms
65 timing reify:unretire Completed in 0ms
66 timing build:queue Completed in 6ms
67 timing build:deps Completed in 6ms
68 timing build Completed in 6ms
69 timing reify:build Completed in 7ms
70 timing reify:trash Completed in 10ms
71 http fetch POST 200 https://registry.npmjs.org/-/npm/v1/security/advisories/bulk 351ms
72 timing auditReport:getReport Completed in 353ms
73 silly audit report {}
74 timing auditReport:init Completed in 0ms
75 timing reify:audit Completed in 355ms
76 timing reify:save Completed in 102ms
77 timing reify Completed in 1338ms
78 silly CHANGE node_modules/types-registry
79 timing command:install Completed in 1362ms
80 verbose exit 0
81 timing npm Completed in 2606ms
82 info ok
