[2022-10-05 06:12:24.578] [exthost] [info] Extension host with pid 1481 started
[2022-10-05 06:12:24.594] [exthost] [error] Error: EEXIST: file already exists, open '/home/ubuntu/.vscode-server/data/User/workspaceStorage/79c8c1bf689d18c431c5140b29fc52cc/vscode.lock'
[2022-10-05 06:12:24.601] [exthost] [info] Lock '/home/ubuntu/.vscode-server/data/User/workspaceStorage/79c8c1bf689d18c431c5140b29fc52cc/vscode.lock': Could not acquire lock, checking if the file is stale.
[2022-10-05 06:12:24.606] [exthost] [info] Lock '/home/ubuntu/.vscode-server/data/User/workspaceStorage/79c8c1bf689d18c431c5140b29fc52cc/vscode.lock': The pid 3400 appears to be gone.
[2022-10-05 06:12:24.606] [exthost] [info] Lock '/home/ubuntu/.vscode-server/data/User/workspaceStorage/79c8c1bf689d18c431c5140b29fc52cc/vscode.lock': Deleting a stale lock.
[2022-10-05 06:12:24.610] [exthost] [info] Lock '/home/ubuntu/.vscode-server/data/User/workspaceStorage/79c8c1bf689d18c431c5140b29fc52cc/vscode.lock': Lock acquired.
[2022-10-05 06:12:24.685] [exthost] [info] ExtensionService#_doActivateExtension vscode.css-language-features, startup: false, activationEvent: 'onLanguage:css'
[2022-10-05 06:12:24.743] [exthost] [info] ExtensionService#_doActivateExtension vscode.debug-auto-launch, startup: true, activationEvent: '*'
[2022-10-05 06:12:24.747] [exthost] [info] ExtensionService#_doActivateExtension vscode.git-base, startup: true, activationEvent: '*', root cause: vscode.git
[2022-10-05 06:12:24.752] [exthost] [info] ExtensionService#_doActivateExtension vscode.ipynb, startup: true, activationEvent: '*'
[2022-10-05 06:12:24.768] [exthost] [info] ExtensionService#_doActivateExtension ecmel.vscode-html-css, startup: true, activationEvent: '*'
[2022-10-05 06:12:24.951] [exthost] [info] ExtensionService#_doActivateExtension vscode.npm, startup: true, activationEvent: 'workspaceContains:package.json'
[2022-10-05 06:12:25.265] [exthost] [info] ExtensionService#_doActivateExtension vscode.git, startup: true, activationEvent: '*'
[2022-10-05 06:12:25.434] [exthost] [info] ExtensionService#_doActivateExtension vscode.github, startup: true, activationEvent: '*'
[2022-10-05 06:12:26.523] [exthost] [info] ExtensionService#_doActivateExtension vscode.emmet, startup: false, activationEvent: 'onStartupFinished'
[2022-10-05 06:12:26.572] [exthost] [info] ExtensionService#_doActivateExtension vscode.merge-conflict, startup: false, activationEvent: 'onStartupFinished'
[2022-10-05 06:12:26.585] [exthost] [info] ExtensionService#_doActivateExtension esbenp.prettier-vscode, startup: false, activationEvent: 'onStartupFinished'
[2022-10-05 06:12:26.698] [exthost] [info] Eager extensions activated
[2022-10-05 10:39:51.606] [exthost] [info] Extension host terminating: renderer disconnected for too long (1)
[2022-10-05 10:39:51.611] [exthost] [info] Lock '/home/ubuntu/.vscode-server/data/User/workspaceStorage/79c8c1bf689d18c431c5140b29fc52cc/vscode.lock': Marking the lockfile as scheduled to be released in 6000 ms.
[2022-10-05 10:39:51.629] [exthost] [info] Extension host with pid 1481 exiting with code 0
