[2022-10-06 08:11:30.431] [exthost] [info] Extension host with pid 1623 started
[2022-10-06 08:11:30.437] [exthost] [error] Error: EEXIST: file already exists, open '/home/ubuntu/.vscode-server/data/User/workspaceStorage/f754b7aa2240ec878ccf37628a1e6a51/vscode.lock'
[2022-10-06 08:11:30.448] [exthost] [info] Lock '/home/ubuntu/.vscode-server/data/User/workspaceStorage/f754b7aa2240ec878ccf37628a1e6a51/vscode.lock': Could not acquire lock, checking if the file is stale.
[2022-10-06 08:11:30.455] [exthost] [info] Lock '/home/ubuntu/.vscode-server/data/User/workspaceStorage/f754b7aa2240ec878ccf37628a1e6a51/vscode.lock': The pid 3700 appears to be gone.
[2022-10-06 08:11:30.456] [exthost] [info] Lock '/home/ubuntu/.vscode-server/data/User/workspaceStorage/f754b7aa2240ec878ccf37628a1e6a51/vscode.lock': Deleting a stale lock.
[2022-10-06 08:11:30.462] [exthost] [info] Lock '/home/ubuntu/.vscode-server/data/User/workspaceStorage/f754b7aa2240ec878ccf37628a1e6a51/vscode.lock': Lock acquired.
[2022-10-06 08:11:30.629] [exthost] [info] ExtensionService#_doActivateExtension vscode.typescript-language-features, startup: false, activationEvent: 'onLanguage:javascript'
[2022-10-06 08:11:30.843] [exthost] [info] ExtensionService#_doActivateExtension vscode.html-language-features, startup: false, activationEvent: 'onLanguage:html'
[2022-10-06 08:11:31.166] [exthost] [info] ExtensionService#_doActivateExtension vscode.debug-auto-launch, startup: true, activationEvent: '*'
[2022-10-06 08:11:31.172] [exthost] [info] ExtensionService#_doActivateExtension vscode.git-base, startup: true, activationEvent: '*', root cause: vscode.git
[2022-10-06 08:11:31.180] [exthost] [info] ExtensionService#_doActivateExtension vscode.ipynb, startup: true, activationEvent: '*'
[2022-10-06 08:11:31.200] [exthost] [info] ExtensionService#_doActivateExtension ecmel.vscode-html-css, startup: true, activationEvent: '*'
[2022-10-06 08:11:31.774] [exthost] [info] ExtensionService#_doActivateExtension vscode.git, startup: true, activationEvent: '*'
[2022-10-06 08:11:31.988] [exthost] [info] ExtensionService#_doActivateExtension vscode.github, startup: true, activationEvent: '*'
[2022-10-06 08:11:32.431] [exthost] [info] ExtensionService#_doActivateExtension vscode.emmet, startup: false, activationEvent: 'onStartupFinished'
[2022-10-06 08:11:32.494] [exthost] [info] ExtensionService#_doActivateExtension vscode.merge-conflict, startup: false, activationEvent: 'onStartupFinished'
[2022-10-06 08:11:32.509] [exthost] [info] ExtensionService#_doActivateExtension vscode.npm, startup: false, activationEvent: 'onStartupFinished', root cause: esbenp.prettier-vscode
[2022-10-06 08:11:32.686] [exthost] [info] Eager extensions activated
[2022-10-06 08:11:33.615] [exthost] [info] ExtensionService#_doActivateExtension esbenp.prettier-vscode, startup: false, activationEvent: 'onStartupFinished'
[2022-10-06 08:11:34.021] [exthost] [warning] [Decorations] CAPPING events from decorations provider vscode.git 514
[2022-10-06 08:11:34.036] [exthost] [error] {"message":"Git error","stdout":"","stderr":"fatal: Pathspec '/home/ubuntu/jinkange/node_modules' is in submodule 'jinkange'\n","exitCode":128,"gitErrorCode":"IsInSubmodule"}
[2022-10-06 08:11:34.036] [exthost] [error] {"message":"Git error","stdout":"","stderr":"fatal: Pathspec '/home/ubuntu/jinkange/node_modules' is in submodule 'jinkange'\n","exitCode":128,"gitErrorCode":"IsInSubmodule"}
[2022-10-06 08:11:34.036] [exthost] [error] {"message":"Git error","stdout":"","stderr":"fatal: Pathspec '/home/ubuntu/jinkange/node_modules' is in submodule 'jinkange'\n","exitCode":128,"gitErrorCode":"IsInSubmodule"}
[2022-10-06 08:11:34.036] [exthost] [error] {"message":"Git error","stdout":"","stderr":"fatal: Pathspec '/home/ubuntu/jinkange/node_modules' is in submodule 'jinkange'\n","exitCode":128,"gitErrorCode":"IsInSubmodule"}
[2022-10-06 08:11:34.036] [exthost] [error] {"message":"Git error","stdout":"","stderr":"fatal: Pathspec '/home/ubuntu/jinkange/node_modules' is in submodule 'jinkange'\n","exitCode":128,"gitErrorCode":"IsInSubmodule"}
[2022-10-06 08:11:34.036] [exthost] [error] {"message":"Git error","stdout":"","stderr":"fatal: Pathspec '/home/ubuntu/jinkange/node_modules' is in submodule 'jinkange'\n","exitCode":128,"gitErrorCode":"IsInSubmodule"}
[2022-10-06 08:11:34.036] [exthost] [error] {"message":"Git error","stdout":"","stderr":"fatal: Pathspec '/home/ubuntu/jinkange/node_modules' is in submodule 'jinkange'\n","exitCode":128,"gitErrorCode":"IsInSubmodule"}
[2022-10-06 08:11:34.036] [exthost] [error] {"message":"Git error","stdout":"","stderr":"fatal: Pathspec '/home/ubuntu/jinkange/node_modules' is in submodule 'jinkange'\n","exitCode":128,"gitErrorCode":"IsInSubmodule"}
[2022-10-06 08:11:34.037] [exthost] [error] {"message":"Git error","stdout":"","stderr":"fatal: Pathspec '/home/ubuntu/jinkange/node_modules' is in submodule 'jinkange'\n","exitCode":128,"gitErrorCode":"IsInSubmodule"}
[2022-10-06 08:11:34.037] [exthost] [error] {"message":"Git error","stdout":"","stderr":"fatal: Pathspec '/home/ubuntu/jinkange/node_modules' is in submodule 'jinkange'\n","exitCode":128,"gitErrorCode":"IsInSubmodule"}
[2022-10-06 08:11:34.037] [exthost] [error] {"message":"Git error","stdout":"","stderr":"fatal: Pathspec '/home/ubuntu/jinkange/node_modules' is in submodule 'jinkange'\n","exitCode":128,"gitErrorCode":"IsInSubmodule"}
[2022-10-06 08:11:34.037] [exthost] [error] {"message":"Git error","stdout":"","stderr":"fatal: Pathspec '/home/ubuntu/jinkange/node_modules' is in submodule 'jinkange'\n","exitCode":128,"gitErrorCode":"IsInSubmodule"}
[2022-10-06 08:11:34.037] [exthost] [error] {"message":"Git error","stdout":"","stderr":"fatal: Pathspec '/home/ubuntu/jinkange/node_modules' is in submodule 'jinkange'\n","exitCode":128,"gitErrorCode":"IsInSubmodule"}
[2022-10-06 08:11:34.037] [exthost] [error] {"message":"Git error","stdout":"","stderr":"fatal: Pathspec '/home/ubuntu/jinkange/node_modules' is in submodule 'jinkange'\n","exitCode":128,"gitErrorCode":"IsInSubmodule"}
[2022-10-06 08:11:34.037] [exthost] [error] {"message":"Git error","stdout":"","stderr":"fatal: Pathspec '/home/ubuntu/jinkange/node_modules' is in submodule 'jinkange'\n","exitCode":128,"gitErrorCode":"IsInSubmodule"}
[2022-10-06 08:11:34.037] [exthost] [error] {"message":"Git error","stdout":"","stderr":"fatal: Pathspec '/home/ubuntu/jinkange/node_modules' is in submodule 'jinkange'\n","exitCode":128,"gitErrorCode":"IsInSubmodule"}
[2022-10-06 08:11:34.037] [exthost] [error] {"message":"Git error","stdout":"","stderr":"fatal: Pathspec '/home/ubuntu/jinkange/node_modules' is in submodule 'jinkange'\n","exitCode":128,"gitErrorCode":"IsInSubmodule"}
[2022-10-06 08:11:34.037] [exthost] [error] {"message":"Git error","stdout":"","stderr":"fatal: Pathspec '/home/ubuntu/jinkange/node_modules' is in submodule 'jinkange'\n","exitCode":128,"gitErrorCode":"IsInSubmodule"}
[2022-10-06 08:11:34.037] [exthost] [error] {"message":"Git error","stdout":"","stderr":"fatal: Pathspec '/home/ubuntu/jinkange/node_modules' is in submodule 'jinkange'\n","exitCode":128,"gitErrorCode":"IsInSubmodule"}
[2022-10-06 08:11:34.037] [exthost] [error] {"message":"Git error","stdout":"","stderr":"fatal: Pathspec '/home/ubuntu/jinkange/node_modules' is in submodule 'jinkange'\n","exitCode":128,"gitErrorCode":"IsInSubmodule"}
[2022-10-06 08:11:34.037] [exthost] [error] {"message":"Git error","stdout":"","stderr":"fatal: Pathspec '/home/ubuntu/jinkange/node_modules' is in submodule 'jinkange'\n","exitCode":128,"gitErrorCode":"IsInSubmodule"}
[2022-10-06 08:11:34.037] [exthost] [error] {"message":"Git error","stdout":"","stderr":"fatal: Pathspec '/home/ubuntu/jinkange/node_modules' is in submodule 'jinkange'\n","exitCode":128,"gitErrorCode":"IsInSubmodule"}
[2022-10-06 08:11:34.037] [exthost] [error] {"message":"Git error","stdout":"","stderr":"fatal: Pathspec '/home/ubuntu/jinkange/node_modules' is in submodule 'jinkange'\n","exitCode":128,"gitErrorCode":"IsInSubmodule"}
[2022-10-06 08:11:34.037] [exthost] [error] {"message":"Git error","stdout":"","stderr":"fatal: Pathspec '/home/ubuntu/jinkange/node_modules' is in submodule 'jinkange'\n","exitCode":128,"gitErrorCode":"IsInSubmodule"}
[2022-10-06 08:11:34.037] [exthost] [error] {"message":"Git error","stdout":"","stderr":"fatal: Pathspec '/home/ubuntu/jinkange/node_modules' is in submodule 'jinkange'\n","exitCode":128,"gitErrorCode":"IsInSubmodule"}
[2022-10-06 08:11:34.037] [exthost] [error] {"message":"Git error","stdout":"","stderr":"fatal: Pathspec '/home/ubuntu/jinkange/node_modules' is in submodule 'jinkange'\n","exitCode":128,"gitErrorCode":"IsInSubmodule"}
[2022-10-06 08:11:34.037] [exthost] [error] {"message":"Git error","stdout":"","stderr":"fatal: Pathspec '/home/ubuntu/jinkange/node_modules' is in submodule 'jinkange'\n","exitCode":128,"gitErrorCode":"IsInSubmodule"}
[2022-10-06 08:11:34.038] [exthost] [error] {"message":"Git error","stdout":"","stderr":"fatal: Pathspec '/home/ubuntu/jinkange/node_modules' is in submodule 'jinkange'\n","exitCode":128,"gitErrorCode":"IsInSubmodule"}
[2022-10-06 08:11:34.038] [exthost] [error] {"message":"Git error","stdout":"","stderr":"fatal: Pathspec '/home/ubuntu/jinkange/node_modules' is in submodule 'jinkange'\n","exitCode":128,"gitErrorCode":"IsInSubmodule"}
[2022-10-06 08:11:34.038] [exthost] [error] {"message":"Git error","stdout":"","stderr":"fatal: Pathspec '/home/ubuntu/jinkange/node_modules' is in submodule 'jinkange'\n","exitCode":128,"gitErrorCode":"IsInSubmodule"}
[2022-10-06 08:11:34.038] [exthost] [error] {"message":"Git error","stdout":"","stderr":"fatal: Pathspec '/home/ubuntu/jinkange/node_modules' is in submodule 'jinkange'\n","exitCode":128,"gitErrorCode":"IsInSubmodule"}
[2022-10-06 08:11:34.038] [exthost] [error] {"message":"Git error","stdout":"","stderr":"fatal: Pathspec '/home/ubuntu/jinkange/node_modules' is in submodule 'jinkange'\n","exitCode":128,"gitErrorCode":"IsInSubmodule"}
[2022-10-06 08:11:34.038] [exthost] [error] {"message":"Git error","stdout":"","stderr":"fatal: Pathspec '/home/ubuntu/jinkange/node_modules' is in submodule 'jinkange'\n","exitCode":128,"gitErrorCode":"IsInSubmodule"}
[2022-10-06 08:11:34.038] [exthost] [error] {"message":"Git error","stdout":"","stderr":"fatal: Pathspec '/home/ubuntu/jinkange/node_modules' is in submodule 'jinkange'\n","exitCode":128,"gitErrorCode":"IsInSubmodule"}
[2022-10-06 08:11:34.038] [exthost] [error] {"message":"Git error","stdout":"","stderr":"fatal: Pathspec '/home/ubuntu/jinkange/node_modules' is in submodule 'jinkange'\n","exitCode":128,"gitErrorCode":"IsInSubmodule"}
[2022-10-06 08:11:34.038] [exthost] [error] {"message":"Git error","stdout":"","stderr":"fatal: Pathspec '/home/ubuntu/jinkange/node_modules' is in submodule 'jinkange'\n","exitCode":128,"gitErrorCode":"IsInSubmodule"}
[2022-10-06 08:11:34.038] [exthost] [error] {"message":"Git error","stdout":"","stderr":"fatal: Pathspec '/home/ubuntu/jinkange/node_modules' is in submodule 'jinkange'\n","exitCode":128,"gitErrorCode":"IsInSubmodule"}
[2022-10-06 08:11:34.038] [exthost] [error] {"message":"Git error","stdout":"","stderr":"fatal: Pathspec '/home/ubuntu/jinkange/node_modules' is in submodule 'jinkange'\n","exitCode":128,"gitErrorCode":"IsInSubmodule"}
[2022-10-06 08:11:34.038] [exthost] [error] {"message":"Git error","stdout":"","stderr":"fatal: Pathspec '/home/ubuntu/jinkange/node_modules' is in submodule 'jinkange'\n","exitCode":128,"gitErrorCode":"IsInSubmodule"}
[2022-10-06 08:11:34.038] [exthost] [error] {"message":"Git error","stdout":"","stderr":"fatal: Pathspec '/home/ubuntu/jinkange/node_modules' is in submodule 'jinkange'\n","exitCode":128,"gitErrorCode":"IsInSubmodule"}
[2022-10-06 08:11:34.038] [exthost] [error] {"message":"Git error","stdout":"","stderr":"fatal: Pathspec '/home/ubuntu/jinkange/node_modules' is in submodule 'jinkange'\n","exitCode":128,"gitErrorCode":"IsInSubmodule"}
[2022-10-06 08:11:34.038] [exthost] [error] {"message":"Git error","stdout":"","stderr":"fatal: Pathspec '/home/ubuntu/jinkange/node_modules' is in submodule 'jinkange'\n","exitCode":128,"gitErrorCode":"IsInSubmodule"}
[2022-10-06 08:11:34.038] [exthost] [error] {"message":"Git error","stdout":"","stderr":"fatal: Pathspec '/home/ubuntu/jinkange/node_modules' is in submodule 'jinkange'\n","exitCode":128,"gitErrorCode":"IsInSubmodule"}
[2022-10-06 08:11:34.038] [exthost] [error] {"message":"Git error","stdout":"","stderr":"fatal: Pathspec '/home/ubuntu/jinkange/node_modules' is in submodule 'jinkange'\n","exitCode":128,"gitErrorCode":"IsInSubmodule"}
[2022-10-06 08:11:34.038] [exthost] [error] {"message":"Git error","stdout":"","stderr":"fatal: Pathspec '/home/ubuntu/jinkange/node_modules' is in submodule 'jinkange'\n","exitCode":128,"gitErrorCode":"IsInSubmodule"}
[2022-10-06 08:11:34.038] [exthost] [error] {"message":"Git error","stdout":"","stderr":"fatal: Pathspec '/home/ubuntu/jinkange/node_modules' is in submodule 'jinkange'\n","exitCode":128,"gitErrorCode":"IsInSubmodule"}
[2022-10-06 08:11:34.038] [exthost] [error] {"message":"Git error","stdout":"","stderr":"fatal: Pathspec '/home/ubuntu/jinkange/node_modules' is in submodule 'jinkange'\n","exitCode":128,"gitErrorCode":"IsInSubmodule"}
[2022-10-06 08:11:34.038] [exthost] [error] {"message":"Git error","stdout":"","stderr":"fatal: Pathspec '/home/ubuntu/jinkange/node_modules' is in submodule 'jinkange'\n","exitCode":128,"gitErrorCode":"IsInSubmodule"}
[2022-10-06 08:11:34.038] [exthost] [error] {"message":"Git error","stdout":"","stderr":"fatal: Pathspec '/home/ubuntu/jinkange/node_modules' is in submodule 'jinkange'\n","exitCode":128,"gitErrorCode":"IsInSubmodule"}
[2022-10-06 08:11:34.038] [exthost] [error] {"message":"Git error","stdout":"","stderr":"fatal: Pathspec '/home/ubuntu/jinkange/node_modules' is in submodule 'jinkange'\n","exitCode":128,"gitErrorCode":"IsInSubmodule"}
[2022-10-06 08:11:34.038] [exthost] [error] {"message":"Git error","stdout":"","stderr":"fatal: Pathspec '/home/ubuntu/jinkange/node_modules' is in submodule 'jinkange'\n","exitCode":128,"gitErrorCode":"IsInSubmodule"}
[2022-10-06 08:11:34.038] [exthost] [error] {"message":"Git error","stdout":"","stderr":"fatal: Pathspec '/home/ubuntu/jinkange/node_modules' is in submodule 'jinkange'\n","exitCode":128,"gitErrorCode":"IsInSubmodule"}
[2022-10-06 08:11:34.038] [exthost] [error] {"message":"Git error","stdout":"","stderr":"fatal: Pathspec '/home/ubuntu/jinkange/node_modules' is in submodule 'jinkange'\n","exitCode":128,"gitErrorCode":"IsInSubmodule"}
[2022-10-06 08:11:34.039] [exthost] [error] {"message":"Git error","stdout":"","stderr":"fatal: Pathspec '/home/ubuntu/jinkange/node_modules' is in submodule 'jinkange'\n","exitCode":128,"gitErrorCode":"IsInSubmodule"}
[2022-10-06 08:11:34.039] [exthost] [error] {"message":"Git error","stdout":"","stderr":"fatal: Pathspec '/home/ubuntu/jinkange/node_modules' is in submodule 'jinkange'\n","exitCode":128,"gitErrorCode":"IsInSubmodule"}
[2022-10-06 08:11:34.039] [exthost] [error] {"message":"Git error","stdout":"","stderr":"fatal: Pathspec '/home/ubuntu/jinkange/node_modules' is in submodule 'jinkange'\n","exitCode":128,"gitErrorCode":"IsInSubmodule"}
[2022-10-06 08:11:34.399] [exthost] [warning] [Decorations] CAPPING events from decorations provider vscode.git 514
[2022-10-06 08:11:38.170] [exthost] [warning] [Decorations] CAPPING events from decorations provider vscode.git 515
[2022-10-06 08:12:13.380] [exthost] [warning] [Decorations] CAPPING events from decorations provider vscode.git 515
[2022-10-06 08:12:18.542] [exthost] [warning] [Decorations] CAPPING events from decorations provider vscode.git 514
[2022-10-06 08:12:18.945] [exthost] [info] ExtensionService#_doActivateExtension ms-azuretools.vscode-docker, startup: false, activationEvent: 'onView:dockerContainers'
[2022-10-06 08:12:28.883] [exthost] [warning] [Decorations] CAPPING events from decorations provider vscode.git 515
[2022-10-06 08:12:34.044] [exthost] [warning] [Decorations] CAPPING events from decorations provider vscode.git 515
[2022-10-06 08:12:39.208] [exthost] [warning] [Decorations] CAPPING events from decorations provider vscode.git 515
[2022-10-06 08:12:44.367] [exthost] [warning] [Decorations] CAPPING events from decorations provider vscode.git 515
[2022-10-06 08:12:49.531] [exthost] [warning] [Decorations] CAPPING events from decorations provider vscode.git 515
[2022-10-06 08:12:56.032] [exthost] [warning] [Decorations] CAPPING events from decorations provider vscode.git 515
[2022-10-06 08:13:04.122] [exthost] [warning] [Decorations] CAPPING events from decorations provider vscode.git 515
[2022-10-06 08:13:09.273] [exthost] [warning] [Decorations] CAPPING events from decorations provider vscode.git 515
[2022-10-06 08:13:14.468] [exthost] [warning] [Decorations] CAPPING events from decorations provider vscode.git 515
[2022-10-06 08:13:19.622] [exthost] [warning] [Decorations] CAPPING events from decorations provider vscode.git 515
[2022-10-06 08:13:24.773] [exthost] [warning] [Decorations] CAPPING events from decorations provider vscode.git 515
[2022-10-06 08:13:42.815] [exthost] [warning] [Decorations] CAPPING events from decorations provider vscode.git 515
[2022-10-06 08:13:47.961] [exthost] [warning] [Decorations] CAPPING events from decorations provider vscode.git 515
[2022-10-06 08:13:53.126] [exthost] [warning] [Decorations] CAPPING events from decorations provider vscode.git 515
[2022-10-06 08:13:58.278] [exthost] [warning] [Decorations] CAPPING events from decorations provider vscode.git 515
[2022-10-06 08:14:03.471] [exthost] [warning] [Decorations] CAPPING events from decorations provider vscode.git 515
[2022-10-06 08:14:08.634] [exthost] [warning] [Decorations] CAPPING events from decorations provider vscode.git 515
[2022-10-06 08:14:13.788] [exthost] [warning] [Decorations] CAPPING events from decorations provider vscode.git 515
[2022-10-06 08:14:18.941] [exthost] [warning] [Decorations] CAPPING events from decorations provider vscode.git 515
[2022-10-06 08:14:24.097] [exthost] [warning] [Decorations] CAPPING events from decorations provider vscode.git 515
[2022-10-06 08:14:29.286] [exthost] [warning] [Decorations] CAPPING events from decorations provider vscode.git 516
[2022-10-06 08:14:33.456] [exthost] [info] ExtensionService#_doActivateExtension vscode.extension-editing, startup: false, activationEvent: 'onLanguage:markdown'
[2022-10-06 08:14:33.479] [exthost] [info] ExtensionService#_doActivateExtension vscode.markdown-language-features, startup: false, activationEvent: 'onLanguage:markdown'
[2022-10-06 08:14:34.529] [exthost] [warning] [Decorations] CAPPING events from decorations provider vscode.git 518
[2022-10-06 08:14:39.680] [exthost] [warning] [Decorations] CAPPING events from decorations provider vscode.git 517
[2022-10-06 08:14:44.836] [exthost] [warning] [Decorations] CAPPING events from decorations provider vscode.git 517
[2022-10-06 08:14:49.988] [exthost] [warning] [Decorations] CAPPING events from decorations provider vscode.git 517
[2022-10-06 08:14:55.143] [exthost] [warning] [Decorations] CAPPING events from decorations provider vscode.git 517
[2022-10-06 08:15:00.309] [exthost] [warning] [Decorations] CAPPING events from decorations provider vscode.git 517
[2022-10-06 08:15:06.321] [exthost] [warning] [Decorations] CAPPING events from decorations provider vscode.git 517
[2022-10-06 08:15:11.608] [exthost] [warning] [Decorations] CAPPING events from decorations provider vscode.git 517
[2022-10-06 08:15:16.765] [exthost] [warning] [Decorations] CAPPING events from decorations provider vscode.git 517
[2022-10-06 08:15:21.997] [exthost] [warning] [Decorations] CAPPING events from decorations provider vscode.git 517
[2022-10-06 08:15:27.156] [exthost] [warning] [Decorations] CAPPING events from decorations provider vscode.git 517
[2022-10-06 08:15:32.452] [exthost] [warning] [Decorations] CAPPING events from decorations provider vscode.git 517
[2022-10-06 08:15:37.608] [exthost] [warning] [Decorations] CAPPING events from decorations provider vscode.git 517
[2022-10-06 08:15:44.459] [exthost] [warning] [Decorations] CAPPING events from decorations provider vscode.git 517
[2022-10-06 08:16:10.388] [exthost] [warning] [Decorations] CAPPING events from decorations provider vscode.git 517
[2022-10-06 08:16:15.543] [exthost] [warning] [Decorations] CAPPING events from decorations provider vscode.git 517
[2022-10-06 08:16:20.718] [exthost] [warning] [Decorations] CAPPING events from decorations provider vscode.git 518
[2022-10-06 08:16:25.869] [exthost] [warning] [Decorations] CAPPING events from decorations provider vscode.git 517
[2022-10-06 08:16:47.077] [exthost] [warning] [Decorations] CAPPING events from decorations provider vscode.git 517
[2022-10-06 08:16:52.228] [exthost] [warning] [Decorations] CAPPING events from decorations provider vscode.git 517
[2022-10-06 08:16:57.402] [exthost] [warning] [Decorations] CAPPING events from decorations provider vscode.git 517
[2022-10-06 08:17:02.686] [exthost] [warning] [Decorations] CAPPING events from decorations provider vscode.git 517
[2022-10-06 08:17:08.887] [exthost] [warning] [Decorations] CAPPING events from decorations provider vscode.git 517
[2022-10-06 08:17:15.276] [exthost] [warning] [Decorations] CAPPING events from decorations provider vscode.git 517
[2022-10-06 08:17:20.422] [exthost] [warning] [Decorations] CAPPING events from decorations provider vscode.git 517
[2022-10-06 08:17:25.570] [exthost] [warning] [Decorations] CAPPING events from decorations provider vscode.git 517
[2022-10-06 08:17:30.721] [exthost] [warning] [Decorations] CAPPING events from decorations provider vscode.git 517
[2022-10-06 08:17:35.874] [exthost] [warning] [Decorations] CAPPING events from decorations provider vscode.git 517
[2022-10-06 08:17:41.033] [exthost] [warning] [Decorations] CAPPING events from decorations provider vscode.git 517
[2022-10-06 08:17:46.190] [exthost] [warning] [Decorations] CAPPING events from decorations provider vscode.git 517
[2022-10-06 08:17:51.339] [exthost] [warning] [Decorations] CAPPING events from decorations provider vscode.git 517
[2022-10-06 08:18:34.323] [exthost] [warning] [Decorations] CAPPING events from decorations provider vscode.git 517
[2022-10-06 08:18:39.485] [exthost] [warning] [Decorations] CAPPING events from decorations provider vscode.git 517
[2022-10-06 08:18:44.637] [exthost] [warning] [Decorations] CAPPING events from decorations provider vscode.git 517
[2022-10-06 08:18:49.821] [exthost] [warning] [Decorations] CAPPING events from decorations provider vscode.git 517
[2022-10-06 08:18:54.976] [exthost] [warning] [Decorations] CAPPING events from decorations provider vscode.git 517
[2022-10-06 08:19:00.153] [exthost] [warning] [Decorations] CAPPING events from decorations provider vscode.git 517
[2022-10-06 08:19:05.310] [exthost] [warning] [Decorations] CAPPING events from decorations provider vscode.git 517
[2022-10-06 08:19:10.465] [exthost] [warning] [Decorations] CAPPING events from decorations provider vscode.git 517
[2022-10-06 08:19:15.615] [exthost] [warning] [Decorations] CAPPING events from decorations provider vscode.git 517
[2022-10-06 08:19:20.799] [exthost] [warning] [Decorations] CAPPING events from decorations provider vscode.git 517
[2022-10-06 08:19:25.949] [exthost] [warning] [Decorations] CAPPING events from decorations provider vscode.git 517
[2022-10-06 08:19:31.103] [exthost] [warning] [Decorations] CAPPING events from decorations provider vscode.git 517
[2022-10-06 08:19:36.262] [exthost] [warning] [Decorations] CAPPING events from decorations provider vscode.git 517
[2022-10-06 08:19:41.416] [exthost] [warning] [Decorations] CAPPING events from decorations provider vscode.git 517
[2022-10-06 08:19:46.564] [exthost] [warning] [Decorations] CAPPING events from decorations provider vscode.git 517
[2022-10-06 08:19:51.714] [exthost] [warning] [Decorations] CAPPING events from decorations provider vscode.git 517
[2022-10-06 08:20:08.417] [exthost] [warning] [Decorations] CAPPING events from decorations provider vscode.git 517
[2022-10-06 08:20:14.852] [exthost] [warning] [Decorations] CAPPING events from decorations provider vscode.git 517
[2022-10-06 08:20:20.008] [exthost] [warning] [Decorations] CAPPING events from decorations provider vscode.git 517
[2022-10-06 08:20:25.160] [exthost] [warning] [Decorations] CAPPING events from decorations provider vscode.git 517
[2022-10-06 08:20:30.316] [exthost] [warning] [Decorations] CAPPING events from decorations provider vscode.git 517
[2022-10-06 08:20:35.481] [exthost] [warning] [Decorations] CAPPING events from decorations provider vscode.git 517
[2022-10-06 08:20:40.631] [exthost] [warning] [Decorations] CAPPING events from decorations provider vscode.git 517
[2022-10-06 08:20:45.782] [exthost] [warning] [Decorations] CAPPING events from decorations provider vscode.git 517
[2022-10-06 08:20:51.056] [exthost] [warning] [Decorations] CAPPING events from decorations provider vscode.git 517
[2022-10-06 08:20:56.204] [exthost] [warning] [Decorations] CAPPING events from decorations provider vscode.git 517
[2022-10-06 08:21:01.358] [exthost] [warning] [Decorations] CAPPING events from decorations provider vscode.git 517
[2022-10-06 08:21:39.645] [exthost] [warning] [Decorations] CAPPING events from decorations provider vscode.git 517
[2022-10-06 08:21:44.801] [exthost] [warning] [Decorations] CAPPING events from decorations provider vscode.git 517
[2022-10-06 08:21:49.958] [exthost] [warning] [Decorations] CAPPING events from decorations provider vscode.git 517
[2022-10-06 08:21:55.130] [exthost] [warning] [Decorations] CAPPING events from decorations provider vscode.git 517
[2022-10-06 08:22:00.293] [exthost] [warning] [Decorations] CAPPING events from decorations provider vscode.git 517
[2022-10-06 08:22:05.443] [exthost] [warning] [Decorations] CAPPING events from decorations provider vscode.git 519
[2022-10-06 08:22:17.286] [exthost] [warning] [Decorations] CAPPING events from decorations provider vscode.git 519
