[2022-09-15T05:57:48.287Z] Log level: Info
[2022-09-15T05:57:48.311Z] [info] Validating found git in: git
[2022-09-15T05:57:48.374Z] [info] Using git 2.34.1 from git
[2022-09-15T05:57:48.427Z] > git rev-parse --show-toplevel [19ms]
[2022-09-15T05:57:48.427Z] fatal: detected dubious ownership in repository at '/home/ubuntu/jinkange'
To add an exception for this directory, call:

	git config --global --add safe.directory /home/ubuntu/jinkange
[2022-09-15T05:57:48.480Z] > git rev-parse --show-toplevel [33ms]
[2022-09-15T05:57:48.480Z] fatal: detected dubious ownership in repository at '/home/ubuntu/jinkange'
To add an exception for this directory, call:

	git config --global --add safe.directory /home/ubuntu/jinkange
[2022-09-15T05:57:48.541Z] > git rev-parse --show-toplevel [50ms]
[2022-09-15T05:57:48.541Z] fatal: detected dubious ownership in repository at '/home/ubuntu/jinkange'
To add an exception for this directory, call:

	git config --global --add safe.directory /home/ubuntu/jinkange
[2022-09-15T05:57:48.618Z] > git rev-parse --show-toplevel [22ms]
[2022-09-15T05:57:48.618Z] fatal: detected dubious ownership in repository at '/home/ubuntu/jinkange'
To add an exception for this directory, call:

	git config --global --add safe.directory /home/ubuntu/jinkange
[2022-09-15T05:57:48.663Z] > git rev-parse --show-toplevel [25ms]
[2022-09-15T05:57:48.663Z] fatal: detected dubious ownership in repository at '/home/ubuntu/jinkange'
To add an exception for this directory, call:

	git config --global --add safe.directory /home/ubuntu/jinkange
[2022-09-15T05:57:48.679Z] > git rev-parse --show-toplevel [3ms]
[2022-09-15T05:57:48.679Z] fatal: detected dubious ownership in repository at '/home/ubuntu/jinkange'
To add an exception for this directory, call:

	git config --global --add safe.directory /home/ubuntu/jinkange
[2022-09-15T06:00:08.601Z] > git rev-parse --show-toplevel [4ms]
[2022-09-15T06:00:08.601Z] fatal: detected dubious ownership in repository at '/home/ubuntu/jinkange'
To add an exception for this directory, call:

	git config --global --add safe.directory /home/ubuntu/jinkange
[2022-09-15T06:00:09.316Z] > git rev-parse --show-toplevel [5ms]
[2022-09-15T06:00:09.316Z] fatal: detected dubious ownership in repository at '/home/ubuntu/jinkange'
To add an exception for this directory, call:

	git config --global --add safe.directory /home/ubuntu/jinkange
[2022-09-15T06:00:15.826Z] > git rev-parse --show-toplevel [11ms]
[2022-09-15T06:00:15.826Z] fatal: detected dubious ownership in repository at '/home/ubuntu/jinkange'
To add an exception for this directory, call:

	git config --global --add safe.directory /home/ubuntu/jinkange
[2022-09-15T06:00:19.202Z] > git rev-parse --show-toplevel [31ms]
[2022-09-15T06:00:19.202Z] fatal: detected dubious ownership in repository at '/home/ubuntu/jinkange'
To add an exception for this directory, call:

	git config --global --add safe.directory /home/ubuntu/jinkange
[2022-09-15T06:00:19.781Z] > git rev-parse --show-toplevel [10ms]
[2022-09-15T06:00:19.781Z] fatal: detected dubious ownership in repository at '/home/ubuntu/jinkange'
To add an exception for this directory, call:

	git config --global --add safe.directory /home/ubuntu/jinkange
