[2022-09-15 05:57:47.658] [exthost] [info] Extension host with pid 1351 started
[2022-09-15 05:57:47.663] [exthost] [error] Error: EEXIST: file already exists, open '/home/ubuntu/.vscode-server/data/User/workspaceStorage/79c8c1bf689d18c431c5140b29fc52cc/vscode.lock'
[2022-09-15 05:57:47.669] [exthost] [info] Lock '/home/ubuntu/.vscode-server/data/User/workspaceStorage/79c8c1bf689d18c431c5140b29fc52cc/vscode.lock': Could not acquire lock, checking if the file is stale.
[2022-09-15 05:57:47.677] [exthost] [info] Lock '/home/ubuntu/.vscode-server/data/User/workspaceStorage/79c8c1bf689d18c431c5140b29fc52cc/vscode.lock': The pid 6800 appears to be gone.
[2022-09-15 05:57:47.677] [exthost] [info] Lock '/home/ubuntu/.vscode-server/data/User/workspaceStorage/79c8c1bf689d18c431c5140b29fc52cc/vscode.lock': Deleting a stale lock.
[2022-09-15 05:57:47.697] [exthost] [info] Lock '/home/ubuntu/.vscode-server/data/User/workspaceStorage/79c8c1bf689d18c431c5140b29fc52cc/vscode.lock': Lock acquired.
[2022-09-15 05:57:47.847] [exthost] [info] ExtensionService#_doActivateExtension vscode.css-language-features, startup: false, activationEvent: 'onLanguage:css'
[2022-09-15 05:57:47.954] [exthost] [info] ExtensionService#_doActivateExtension vscode.debug-auto-launch, startup: true, activationEvent: '*'
[2022-09-15 05:57:47.961] [exthost] [info] ExtensionService#_doActivateExtension vscode.git-base, startup: true, activationEvent: '*', root cause: vscode.git
[2022-09-15 05:57:47.966] [exthost] [info] ExtensionService#_doActivateExtension vscode.ipynb, startup: true, activationEvent: '*'
[2022-09-15 05:57:48.001] [exthost] [info] ExtensionService#_doActivateExtension vscode.npm, startup: true, activationEvent: 'workspaceContains:package.json'
[2022-09-15 05:57:48.122] [exthost] [info] ExtensionService#_doActivateExtension vscode.git, startup: true, activationEvent: '*'
[2022-09-15 05:57:48.217] [exthost] [info] ExtensionService#_doActivateExtension vscode.github, startup: true, activationEvent: '*'
[2022-09-15 05:57:49.026] [exthost] [info] ExtensionService#_doActivateExtension vscode.emmet, startup: false, activationEvent: 'onStartupFinished'
[2022-09-15 05:57:49.054] [exthost] [info] ExtensionService#_doActivateExtension vscode.merge-conflict, startup: false, activationEvent: 'onStartupFinished'
[2022-09-15 05:57:49.059] [exthost] [info] Eager extensions activated
[2022-09-15 06:00:08.533] [exthost] [info] ExtensionService#_doActivateExtension vscode.typescript-language-features, startup: false, activationEvent: 'onLanguage:javascript'
[2022-09-16 11:30:31.908] [exthost] [info] Extension host terminating: received terminate message from renderer
[2022-09-16 11:30:31.909] [exthost] [info] Lock '/home/ubuntu/.vscode-server/data/User/workspaceStorage/79c8c1bf689d18c431c5140b29fc52cc/vscode.lock': Marking the lockfile as scheduled to be released in 6000 ms.
[2022-09-16 11:30:31.967] [exthost] [info] Extension host with pid 1351 exiting with code 0
