[2022-10-11 14:24:56.723] [exthost] [info] Extension host with pid 104240 started
[2022-10-11 14:24:56.738] [exthost] [info] Lock '/home/ubuntu/.vscode-server/data/User/workspaceStorage/f754b7aa2240ec878ccf37628a1e6a51/vscode.lock': Lock acquired.
[2022-10-11 14:24:56.837] [exthost] [info] ExtensionService#_doActivateExtension vscode.typescript-language-features, startup: false, activationEvent: 'onLanguage:javascript'
[2022-10-11 14:24:56.839] [exthost] [info] ExtensionService#_doActivateExtension vscode.debug-auto-launch, startup: true, activationEvent: '*'
[2022-10-11 14:24:56.839] [exthost] [info] ExtensionService#_doActivateExtension vscode.git-base, startup: true, activationEvent: '*', root cause: vscode.git
[2022-10-11 14:24:56.840] [exthost] [info] ExtensionService#_doActivateExtension vscode.ipynb, startup: true, activationEvent: '*'
[2022-10-11 14:24:56.840] [exthost] [info] ExtensionService#_doActivateExtension ecmel.vscode-html-css, startup: true, activationEvent: '*'
[2022-10-11 14:24:57.686] [exthost] [info] ExtensionService#_doActivateExtension vscode.git, startup: true, activationEvent: '*'
[2022-10-11 14:24:57.686] [exthost] [info] ExtensionService#_doActivateExtension vscode.github, startup: true, activationEvent: '*'
[2022-10-11 14:24:58.343] [exthost] [info] ExtensionService#_doActivateExtension vscode.emmet, startup: false, activationEvent: 'onStartupFinished'
[2022-10-11 14:24:58.349] [exthost] [info] ExtensionService#_doActivateExtension vscode.merge-conflict, startup: false, activationEvent: 'onStartupFinished'
[2022-10-11 14:24:58.350] [exthost] [info] ExtensionService#_doActivateExtension vscode.npm, startup: false, activationEvent: 'onStartupFinished', root cause: esbenp.prettier-vscode
[2022-10-11 14:24:58.350] [exthost] [info] Eager extensions activated
[2022-10-11 14:24:59.808] [exthost] [warning] [Decorations] CAPPING events from decorations provider vscode.git 7575
[2022-10-11 14:25:02.550] [exthost] [warning] [Decorations] CAPPING events from decorations provider vscode.git 7579
[2022-10-11 14:25:04.008] [exthost] [info] ExtensionService#_doActivateExtension esbenp.prettier-vscode, startup: false, activationEvent: 'onStartupFinished'
[2022-10-11 14:25:26.756] [exthost] [warning] [Decorations] CAPPING events from decorations provider vscode.git 7580
[2022-10-11 14:25:33.411] [exthost] [warning] [Decorations] CAPPING events from decorations provider vscode.git 7580
[2022-10-11 14:25:53.515] [exthost] [warning] [Decorations] CAPPING events from decorations provider vscode.git 7580
[2022-10-11 14:25:59.944] [exthost] [warning] [Decorations] CAPPING events from decorations provider vscode.git 7580
[2022-10-11 14:26:05.212] [exthost] [warning] [Decorations] CAPPING events from decorations provider vscode.git 7580
[2022-10-11 14:26:10.506] [exthost] [warning] [Decorations] CAPPING events from decorations provider vscode.git 7580
[2022-10-11 14:26:15.792] [exthost] [warning] [Decorations] CAPPING events from decorations provider vscode.git 7580
[2022-10-11 14:26:21.086] [exthost] [warning] [Decorations] CAPPING events from decorations provider vscode.git 7580
[2022-10-11 14:26:26.490] [exthost] [warning] [Decorations] CAPPING events from decorations provider vscode.git 7580
[2022-10-11 14:26:31.755] [exthost] [warning] [Decorations] CAPPING events from decorations provider vscode.git 7580
[2022-10-11 14:26:37.022] [exthost] [warning] [Decorations] CAPPING events from decorations provider vscode.git 7580
[2022-10-11 14:26:42.307] [exthost] [warning] [Decorations] CAPPING events from decorations provider vscode.git 7580
[2022-10-11 14:26:47.585] [exthost] [warning] [Decorations] CAPPING events from decorations provider vscode.git 7580
[2022-10-11 14:26:52.864] [exthost] [warning] [Decorations] CAPPING events from decorations provider vscode.git 7580
[2022-10-11 14:26:58.161] [exthost] [warning] [Decorations] CAPPING events from decorations provider vscode.git 7580
[2022-10-11 14:27:04.687] [exthost] [warning] [Decorations] CAPPING events from decorations provider vscode.git 7580
[2022-10-11 14:27:10.033] [exthost] [warning] [Decorations] CAPPING events from decorations provider vscode.git 7580
[2022-10-11 14:27:16.471] [exthost] [warning] [Decorations] CAPPING events from decorations provider vscode.git 7580
[2022-10-11 14:27:21.737] [exthost] [warning] [Decorations] CAPPING events from decorations provider vscode.git 7580
[2022-10-11 14:27:27.019] [exthost] [warning] [Decorations] CAPPING events from decorations provider vscode.git 7580
[2022-10-11 14:27:32.298] [exthost] [warning] [Decorations] CAPPING events from decorations provider vscode.git 7580
[2022-10-11 14:27:37.587] [exthost] [warning] [Decorations] CAPPING events from decorations provider vscode.git 7580
[2022-10-11 14:27:42.879] [exthost] [warning] [Decorations] CAPPING events from decorations provider vscode.git 7580
[2022-10-11 14:27:48.167] [exthost] [warning] [Decorations] CAPPING events from decorations provider vscode.git 7580
[2022-10-11 14:27:53.430] [exthost] [warning] [Decorations] CAPPING events from decorations provider vscode.git 7580
[2022-10-11 14:27:58.709] [exthost] [warning] [Decorations] CAPPING events from decorations provider vscode.git 7580
[2022-10-11 14:28:24.018] [exthost] [warning] [Decorations] CAPPING events from decorations provider vscode.git 7580
[2022-10-11 14:28:30.437] [exthost] [warning] [Decorations] CAPPING events from decorations provider vscode.git 7580
[2022-10-11 14:28:35.720] [exthost] [warning] [Decorations] CAPPING events from decorations provider vscode.git 7580
[2022-10-11 14:28:41.000] [exthost] [warning] [Decorations] CAPPING events from decorations provider vscode.git 7580
[2022-10-11 14:28:46.284] [exthost] [warning] [Decorations] CAPPING events from decorations provider vscode.git 7580
[2022-10-11 14:28:51.573] [exthost] [warning] [Decorations] CAPPING events from decorations provider vscode.git 7580
[2022-10-11 14:28:56.933] [exthost] [warning] [Decorations] CAPPING events from decorations provider vscode.git 7580
[2022-10-11 14:29:02.196] [exthost] [warning] [Decorations] CAPPING events from decorations provider vscode.git 7580
[2022-10-11 14:29:07.460] [exthost] [warning] [Decorations] CAPPING events from decorations provider vscode.git 7580
[2022-10-11 14:29:12.739] [exthost] [warning] [Decorations] CAPPING events from decorations provider vscode.git 7580
[2022-10-11 14:29:18.017] [exthost] [warning] [Decorations] CAPPING events from decorations provider vscode.git 7580
[2022-10-11 14:29:23.296] [exthost] [warning] [Decorations] CAPPING events from decorations provider vscode.git 7580
[2022-10-11 14:29:28.585] [exthost] [warning] [Decorations] CAPPING events from decorations provider vscode.git 7580
[2022-10-11 14:29:33.864] [exthost] [warning] [Decorations] CAPPING events from decorations provider vscode.git 7580
[2022-10-11 14:29:39.130] [exthost] [warning] [Decorations] CAPPING events from decorations provider vscode.git 7580
[2022-10-11 14:29:44.419] [exthost] [warning] [Decorations] CAPPING events from decorations provider vscode.git 7580
[2022-10-11 14:29:49.697] [exthost] [warning] [Decorations] CAPPING events from decorations provider vscode.git 7580
[2022-10-11 14:29:54.980] [exthost] [warning] [Decorations] CAPPING events from decorations provider vscode.git 7580
[2022-10-11 14:30:00.278] [exthost] [warning] [Decorations] CAPPING events from decorations provider vscode.git 7580
[2022-10-11 14:30:05.562] [exthost] [warning] [Decorations] CAPPING events from decorations provider vscode.git 7580
[2022-10-11 14:30:10.835] [exthost] [warning] [Decorations] CAPPING events from decorations provider vscode.git 7580
[2022-10-11 14:30:16.128] [exthost] [warning] [Decorations] CAPPING events from decorations provider vscode.git 7580
[2022-10-11 14:30:21.415] [exthost] [warning] [Decorations] CAPPING events from decorations provider vscode.git 7580
[2022-10-11 14:30:26.707] [exthost] [warning] [Decorations] CAPPING events from decorations provider vscode.git 7580
[2022-10-11 14:30:32.004] [exthost] [warning] [Decorations] CAPPING events from decorations provider vscode.git 7580
[2022-10-11 14:30:37.277] [exthost] [warning] [Decorations] CAPPING events from decorations provider vscode.git 7580
[2022-10-11 14:30:42.540] [exthost] [warning] [Decorations] CAPPING events from decorations provider vscode.git 7580
[2022-10-11 14:30:47.821] [exthost] [warning] [Decorations] CAPPING events from decorations provider vscode.git 7580
[2022-10-11 14:30:53.101] [exthost] [warning] [Decorations] CAPPING events from decorations provider vscode.git 7580
[2022-10-11 14:30:58.383] [exthost] [warning] [Decorations] CAPPING events from decorations provider vscode.git 7580
[2022-10-11 14:31:03.679] [exthost] [warning] [Decorations] CAPPING events from decorations provider vscode.git 7580
[2022-10-11 14:31:08.957] [exthost] [warning] [Decorations] CAPPING events from decorations provider vscode.git 7580
[2022-10-11 14:31:14.229] [exthost] [warning] [Decorations] CAPPING events from decorations provider vscode.git 7580
[2022-10-11 14:31:19.513] [exthost] [warning] [Decorations] CAPPING events from decorations provider vscode.git 7580
[2022-10-11 14:31:24.793] [exthost] [warning] [Decorations] CAPPING events from decorations provider vscode.git 7580
[2022-10-11 14:31:30.084] [exthost] [warning] [Decorations] CAPPING events from decorations provider vscode.git 7580
[2022-10-11 14:31:35.387] [exthost] [warning] [Decorations] CAPPING events from decorations provider vscode.git 7580
[2022-10-11 14:31:40.665] [exthost] [warning] [Decorations] CAPPING events from decorations provider vscode.git 7580
[2022-10-11 14:31:45.930] [exthost] [warning] [Decorations] CAPPING events from decorations provider vscode.git 7580
[2022-10-11 14:31:51.219] [exthost] [warning] [Decorations] CAPPING events from decorations provider vscode.git 7580
[2022-10-11 14:31:56.502] [exthost] [warning] [Decorations] CAPPING events from decorations provider vscode.git 7580
[2022-10-11 14:32:01.814] [exthost] [warning] [Decorations] CAPPING events from decorations provider vscode.git 7580
[2022-10-11 14:32:07.124] [exthost] [warning] [Decorations] CAPPING events from decorations provider vscode.git 7580
[2022-10-11 14:32:12.408] [exthost] [warning] [Decorations] CAPPING events from decorations provider vscode.git 7580
[2022-10-11 14:32:17.684] [exthost] [warning] [Decorations] CAPPING events from decorations provider vscode.git 7580
[2022-10-11 14:32:22.983] [exthost] [warning] [Decorations] CAPPING events from decorations provider vscode.git 7580
[2022-10-11 14:32:28.282] [exthost] [warning] [Decorations] CAPPING events from decorations provider vscode.git 7580
[2022-10-11 14:32:33.593] [exthost] [warning] [Decorations] CAPPING events from decorations provider vscode.git 7580
[2022-10-11 14:32:38.916] [exthost] [warning] [Decorations] CAPPING events from decorations provider vscode.git 7580
[2022-10-11 14:32:44.195] [exthost] [warning] [Decorations] CAPPING events from decorations provider vscode.git 7580
[2022-10-11 14:32:49.473] [exthost] [warning] [Decorations] CAPPING events from decorations provider vscode.git 7580
[2022-10-11 14:32:54.763] [exthost] [warning] [Decorations] CAPPING events from decorations provider vscode.git 7580
[2022-10-11 14:33:00.050] [exthost] [warning] [Decorations] CAPPING events from decorations provider vscode.git 7580
[2022-10-11 14:33:06.284] [exthost] [warning] [Decorations] CAPPING events from decorations provider vscode.git 7580
[2022-10-11 14:33:11.577] [exthost] [warning] [Decorations] CAPPING events from decorations provider vscode.git 7580
[2022-10-11 14:33:16.856] [exthost] [warning] [Decorations] CAPPING events from decorations provider vscode.git 7580
[2022-10-11 14:33:22.118] [exthost] [warning] [Decorations] CAPPING events from decorations provider vscode.git 7580
[2022-10-11 14:33:27.405] [exthost] [warning] [Decorations] CAPPING events from decorations provider vscode.git 7580
[2022-10-11 14:33:32.684] [exthost] [warning] [Decorations] CAPPING events from decorations provider vscode.git 7580
[2022-10-11 14:33:38.012] [exthost] [warning] [Decorations] CAPPING events from decorations provider vscode.git 7583
[2022-10-11 14:33:50.559] [exthost] [warning] [Decorations] CAPPING events from decorations provider vscode.git 7583
[2022-10-11 14:33:57.100] [exthost] [warning] [Decorations] CAPPING events from decorations provider vscode.git 7582
[2022-10-11 14:34:02.363] [exthost] [warning] [Decorations] CAPPING events from decorations provider vscode.git 7582
[2022-10-11 14:34:07.642] [exthost] [warning] [Decorations] CAPPING events from decorations provider vscode.git 7582
[2022-10-11 14:34:12.925] [exthost] [warning] [Decorations] CAPPING events from decorations provider vscode.git 7582
[2022-10-11 14:34:18.212] [exthost] [warning] [Decorations] CAPPING events from decorations provider vscode.git 7582
[2022-10-11 14:34:23.580] [exthost] [warning] [Decorations] CAPPING events from decorations provider vscode.git 7582
[2022-10-11 14:34:28.837] [exthost] [warning] [Decorations] CAPPING events from decorations provider vscode.git 7582
[2022-10-11 14:34:34.100] [exthost] [warning] [Decorations] CAPPING events from decorations provider vscode.git 7582
[2022-10-11 14:34:39.374] [exthost] [warning] [Decorations] CAPPING events from decorations provider vscode.git 7582
[2022-10-11 14:34:44.646] [exthost] [warning] [Decorations] CAPPING events from decorations provider vscode.git 7582
[2022-10-11 14:34:49.931] [exthost] [warning] [Decorations] CAPPING events from decorations provider vscode.git 7582
[2022-10-11 14:34:55.225] [exthost] [warning] [Decorations] CAPPING events from decorations provider vscode.git 7582
[2022-10-11 14:35:00.497] [exthost] [warning] [Decorations] CAPPING events from decorations provider vscode.git 7582
[2022-10-11 14:35:05.765] [exthost] [warning] [Decorations] CAPPING events from decorations provider vscode.git 7582
[2022-10-11 14:35:11.046] [exthost] [warning] [Decorations] CAPPING events from decorations provider vscode.git 7582
[2022-10-11 14:35:16.321] [exthost] [warning] [Decorations] CAPPING events from decorations provider vscode.git 7582
[2022-10-11 14:35:21.602] [exthost] [warning] [Decorations] CAPPING events from decorations provider vscode.git 7582
[2022-10-11 14:35:26.910] [exthost] [warning] [Decorations] CAPPING events from decorations provider vscode.git 7582
[2022-10-11 14:35:32.184] [exthost] [warning] [Decorations] CAPPING events from decorations provider vscode.git 7582
[2022-10-11 14:35:37.454] [exthost] [warning] [Decorations] CAPPING events from decorations provider vscode.git 7582
[2022-10-11 14:35:42.734] [exthost] [warning] [Decorations] CAPPING events from decorations provider vscode.git 7582
[2022-10-11 14:36:46.871] [exthost] [warning] [Decorations] CAPPING events from decorations provider vscode.git 7582
[2022-10-11 14:36:52.132] [exthost] [warning] [Decorations] CAPPING events from decorations provider vscode.git 7582
[2022-10-11 14:36:57.395] [exthost] [warning] [Decorations] CAPPING events from decorations provider vscode.git 7582
[2022-10-11 14:37:02.676] [exthost] [warning] [Decorations] CAPPING events from decorations provider vscode.git 7582
[2022-10-11 14:37:07.952] [exthost] [warning] [Decorations] CAPPING events from decorations provider vscode.git 7582
[2022-10-11 14:37:13.244] [exthost] [warning] [Decorations] CAPPING events from decorations provider vscode.git 7582
[2022-10-11 14:37:18.533] [exthost] [warning] [Decorations] CAPPING events from decorations provider vscode.git 7582
[2022-10-11 14:37:23.806] [exthost] [warning] [Decorations] CAPPING events from decorations provider vscode.git 7582
[2022-10-11 14:37:29.071] [exthost] [warning] [Decorations] CAPPING events from decorations provider vscode.git 7582
[2022-10-11 14:37:34.341] [exthost] [warning] [Decorations] CAPPING events from decorations provider vscode.git 7582
[2022-10-11 14:37:39.613] [exthost] [warning] [Decorations] CAPPING events from decorations provider vscode.git 7582
[2022-10-11 14:37:48.484] [exthost] [warning] [Decorations] CAPPING events from decorations provider vscode.git 7582
[2022-10-11 14:37:53.768] [exthost] [warning] [Decorations] CAPPING events from decorations provider vscode.git 7582
[2022-10-11 14:37:59.038] [exthost] [warning] [Decorations] CAPPING events from decorations provider vscode.git 7582
[2022-10-11 14:38:04.303] [exthost] [warning] [Decorations] CAPPING events from decorations provider vscode.git 7582
[2022-10-11 14:38:09.579] [exthost] [warning] [Decorations] CAPPING events from decorations provider vscode.git 7582
[2022-10-11 14:38:14.859] [exthost] [warning] [Decorations] CAPPING events from decorations provider vscode.git 7582
[2022-10-11 14:38:20.148] [exthost] [warning] [Decorations] CAPPING events from decorations provider vscode.git 7582
[2022-10-11 14:38:25.436] [exthost] [warning] [Decorations] CAPPING events from decorations provider vscode.git 7582
[2022-10-11 14:38:30.716] [exthost] [warning] [Decorations] CAPPING events from decorations provider vscode.git 7582
[2022-10-11 14:38:58.949] [exthost] [warning] [Decorations] CAPPING events from decorations provider vscode.git 7582
[2022-10-11 14:39:05.438] [exthost] [warning] [Decorations] CAPPING events from decorations provider vscode.git 7582
[2022-10-11 14:39:10.707] [exthost] [warning] [Decorations] CAPPING events from decorations provider vscode.git 7582
[2022-10-11 14:39:15.986] [exthost] [warning] [Decorations] CAPPING events from decorations provider vscode.git 7582
[2022-10-11 14:39:21.265] [exthost] [warning] [Decorations] CAPPING events from decorations provider vscode.git 7582
[2022-10-11 14:39:26.598] [exthost] [warning] [Decorations] CAPPING events from decorations provider vscode.git 7582
[2022-10-11 14:39:32.037] [exthost] [warning] [Decorations] CAPPING events from decorations provider vscode.git 7582
[2022-10-11 14:39:37.301] [exthost] [warning] [Decorations] CAPPING events from decorations provider vscode.git 7582
[2022-10-11 14:39:42.559] [exthost] [warning] [Decorations] CAPPING events from decorations provider vscode.git 7582
[2022-10-11 14:39:47.839] [exthost] [warning] [Decorations] CAPPING events from decorations provider vscode.git 7582
[2022-10-11 14:39:53.114] [exthost] [warning] [Decorations] CAPPING events from decorations provider vscode.git 7582
[2022-10-11 14:39:58.396] [exthost] [warning] [Decorations] CAPPING events from decorations provider vscode.git 7582
[2022-10-11 14:40:03.713] [exthost] [warning] [Decorations] CAPPING events from decorations provider vscode.git 7582
[2022-10-11 14:40:09.061] [exthost] [warning] [Decorations] CAPPING events from decorations provider vscode.git 7582
[2022-10-11 14:40:14.319] [exthost] [warning] [Decorations] CAPPING events from decorations provider vscode.git 7582
[2022-10-11 14:40:19.576] [exthost] [warning] [Decorations] CAPPING events from decorations provider vscode.git 7582
[2022-10-11 14:40:24.860] [exthost] [warning] [Decorations] CAPPING events from decorations provider vscode.git 7582
[2022-10-11 14:40:30.145] [exthost] [warning] [Decorations] CAPPING events from decorations provider vscode.git 7582
[2022-10-11 14:40:35.442] [exthost] [warning] [Decorations] CAPPING events from decorations provider vscode.git 7582
[2022-10-11 14:40:40.750] [exthost] [warning] [Decorations] CAPPING events from decorations provider vscode.git 7582
[2022-10-11 14:40:46.043] [exthost] [warning] [Decorations] CAPPING events from decorations provider vscode.git 7582
[2022-10-11 14:41:18.349] [exthost] [warning] [Decorations] CAPPING events from decorations provider vscode.git 7582
[2022-10-11 14:41:19.652] [exthost] [error] {"message":"Git error","stdout":"","stderr":"fatal: Pathspec '/home/ubuntu/jinkange/build' is in submodule 'jinkange'\n","exitCode":128,"gitErrorCode":"IsInSubmodule"}
[2022-10-11 14:41:19.652] [exthost] [error] {"message":"Git error","stdout":"","stderr":"fatal: Pathspec '/home/ubuntu/jinkange/build' is in submodule 'jinkange'\n","exitCode":128,"gitErrorCode":"IsInSubmodule"}
[2022-10-11 14:41:19.652] [exthost] [error] {"message":"Git error","stdout":"","stderr":"fatal: Pathspec '/home/ubuntu/jinkange/build' is in submodule 'jinkange'\n","exitCode":128,"gitErrorCode":"IsInSubmodule"}
[2022-10-11 14:41:19.652] [exthost] [error] {"message":"Git error","stdout":"","stderr":"fatal: Pathspec '/home/ubuntu/jinkange/build' is in submodule 'jinkange'\n","exitCode":128,"gitErrorCode":"IsInSubmodule"}
[2022-10-11 14:41:19.652] [exthost] [error] {"message":"Git error","stdout":"","stderr":"fatal: Pathspec '/home/ubuntu/jinkange/build' is in submodule 'jinkange'\n","exitCode":128,"gitErrorCode":"IsInSubmodule"}
[2022-10-11 14:41:19.652] [exthost] [error] {"message":"Git error","stdout":"","stderr":"fatal: Pathspec '/home/ubuntu/jinkange/build' is in submodule 'jinkange'\n","exitCode":128,"gitErrorCode":"IsInSubmodule"}
[2022-10-11 14:41:19.652] [exthost] [error] {"message":"Git error","stdout":"","stderr":"fatal: Pathspec '/home/ubuntu/jinkange/build' is in submodule 'jinkange'\n","exitCode":128,"gitErrorCode":"IsInSubmodule"}
[2022-10-11 14:41:19.652] [exthost] [error] {"message":"Git error","stdout":"","stderr":"fatal: Pathspec '/home/ubuntu/jinkange/build' is in submodule 'jinkange'\n","exitCode":128,"gitErrorCode":"IsInSubmodule"}
[2022-10-11 14:41:19.652] [exthost] [error] {"message":"Git error","stdout":"","stderr":"fatal: Pathspec '/home/ubuntu/jinkange/build' is in submodule 'jinkange'\n","exitCode":128,"gitErrorCode":"IsInSubmodule"}
[2022-10-11 14:41:19.652] [exthost] [error] {"message":"Git error","stdout":"","stderr":"fatal: Pathspec '/home/ubuntu/jinkange/build' is in submodule 'jinkange'\n","exitCode":128,"gitErrorCode":"IsInSubmodule"}
[2022-10-11 14:41:21.235] [exthost] [error] {"message":"Git error","stdout":"","stderr":"fatal: Pathspec '/home/ubuntu/jinkange/src/App.css' is in submodule 'jinkange'\n","exitCode":128,"gitErrorCode":"IsInSubmodule"}
[2022-10-11 14:41:21.235] [exthost] [error] {"message":"Git error","stdout":"","stderr":"fatal: Pathspec '/home/ubuntu/jinkange/src/App.css' is in submodule 'jinkange'\n","exitCode":128,"gitErrorCode":"IsInSubmodule"}
[2022-10-11 14:41:21.235] [exthost] [error] {"message":"Git error","stdout":"","stderr":"fatal: Pathspec '/home/ubuntu/jinkange/src/App.css' is in submodule 'jinkange'\n","exitCode":128,"gitErrorCode":"IsInSubmodule"}
[2022-10-11 14:41:21.235] [exthost] [error] {"message":"Git error","stdout":"","stderr":"fatal: Pathspec '/home/ubuntu/jinkange/src/App.css' is in submodule 'jinkange'\n","exitCode":128,"gitErrorCode":"IsInSubmodule"}
[2022-10-11 14:41:21.235] [exthost] [error] {"message":"Git error","stdout":"","stderr":"fatal: Pathspec '/home/ubuntu/jinkange/src/App.css' is in submodule 'jinkange'\n","exitCode":128,"gitErrorCode":"IsInSubmodule"}
[2022-10-11 14:41:21.235] [exthost] [error] {"message":"Git error","stdout":"","stderr":"fatal: Pathspec '/home/ubuntu/jinkange/src/App.css' is in submodule 'jinkange'\n","exitCode":128,"gitErrorCode":"IsInSubmodule"}
[2022-10-11 14:41:21.235] [exthost] [error] {"message":"Git error","stdout":"","stderr":"fatal: Pathspec '/home/ubuntu/jinkange/src/App.css' is in submodule 'jinkange'\n","exitCode":128,"gitErrorCode":"IsInSubmodule"}
[2022-10-11 14:41:21.235] [exthost] [error] {"message":"Git error","stdout":"","stderr":"fatal: Pathspec '/home/ubuntu/jinkange/src/App.css' is in submodule 'jinkange'\n","exitCode":128,"gitErrorCode":"IsInSubmodule"}
[2022-10-11 14:41:23.724] [exthost] [warning] [Decorations] CAPPING events from decorations provider vscode.git 7582
[2022-10-11 14:41:30.409] [exthost] [warning] [Decorations] CAPPING events from decorations provider vscode.git 7582
[2022-10-11 14:41:35.679] [exthost] [warning] [Decorations] CAPPING events from decorations provider vscode.git 7582
[2022-10-11 14:41:40.957] [exthost] [warning] [Decorations] CAPPING events from decorations provider vscode.git 7582
[2022-10-11 14:41:46.241] [exthost] [warning] [Decorations] CAPPING events from decorations provider vscode.git 7582
[2022-10-11 14:41:51.605] [exthost] [warning] [Decorations] CAPPING events from decorations provider vscode.git 7582
[2022-10-11 14:41:56.862] [exthost] [warning] [Decorations] CAPPING events from decorations provider vscode.git 7582
[2022-10-11 14:42:02.124] [exthost] [warning] [Decorations] CAPPING events from decorations provider vscode.git 7582
[2022-10-11 14:42:07.405] [exthost] [warning] [Decorations] CAPPING events from decorations provider vscode.git 7582
[2022-10-11 14:42:12.678] [exthost] [warning] [Decorations] CAPPING events from decorations provider vscode.git 7582
[2022-10-11 14:42:17.963] [exthost] [warning] [Decorations] CAPPING events from decorations provider vscode.git 7582
[2022-10-11 14:42:23.328] [exthost] [warning] [Decorations] CAPPING events from decorations provider vscode.git 7582
[2022-10-11 14:42:28.665] [exthost] [warning] [Decorations] CAPPING events from decorations provider vscode.git 7582
[2022-10-11 14:42:33.937] [exthost] [warning] [Decorations] CAPPING events from decorations provider vscode.git 7582
[2022-10-11 14:42:39.238] [exthost] [warning] [Decorations] CAPPING events from decorations provider vscode.git 7582
[2022-10-11 14:42:44.519] [exthost] [warning] [Decorations] CAPPING events from decorations provider vscode.git 7582
[2022-10-11 14:42:49.807] [exthost] [warning] [Decorations] CAPPING events from decorations provider vscode.git 7582
[2022-10-11 14:42:55.092] [exthost] [warning] [Decorations] CAPPING events from decorations provider vscode.git 7582
[2022-10-11 14:43:00.356] [exthost] [warning] [Decorations] CAPPING events from decorations provider vscode.git 7582
[2022-10-11 14:43:05.629] [exthost] [warning] [Decorations] CAPPING events from decorations provider vscode.git 7582
[2022-10-11 14:43:18.466] [exthost] [warning] [Decorations] CAPPING events from decorations provider vscode.git 7582
[2022-10-11 14:43:23.738] [exthost] [warning] [Decorations] CAPPING events from decorations provider vscode.git 7582
[2022-10-11 14:43:29.020] [exthost] [warning] [Decorations] CAPPING events from decorations provider vscode.git 7582
[2022-10-11 14:43:34.317] [exthost] [warning] [Decorations] CAPPING events from decorations provider vscode.git 7582
[2022-10-11 14:43:39.588] [exthost] [warning] [Decorations] CAPPING events from decorations provider vscode.git 7582
[2022-10-11 14:43:44.854] [exthost] [warning] [Decorations] CAPPING events from decorations provider vscode.git 7582
[2022-10-11 14:43:50.136] [exthost] [warning] [Decorations] CAPPING events from decorations provider vscode.git 7582
[2022-10-11 14:43:55.415] [exthost] [warning] [Decorations] CAPPING events from decorations provider vscode.git 7582
[2022-10-11 14:44:00.697] [exthost] [warning] [Decorations] CAPPING events from decorations provider vscode.git 7582
[2022-10-11 14:44:06.035] [exthost] [warning] [Decorations] CAPPING events from decorations provider vscode.git 7582
[2022-10-11 14:44:11.304] [exthost] [warning] [Decorations] CAPPING events from decorations provider vscode.git 7582
[2022-10-11 14:44:16.567] [exthost] [warning] [Decorations] CAPPING events from decorations provider vscode.git 7582
[2022-10-11 14:44:21.849] [exthost] [warning] [Decorations] CAPPING events from decorations provider vscode.git 7582
[2022-10-11 14:46:20.742] [exthost] [warning] [Decorations] CAPPING events from decorations provider vscode.git 7582
[2022-10-11 14:46:26.001] [exthost] [warning] [Decorations] CAPPING events from decorations provider vscode.git 7582
[2022-10-11 14:47:41.297] [exthost] [warning] [Decorations] CAPPING events from decorations provider vscode.git 7582
[2022-10-11 14:47:46.568] [exthost] [warning] [Decorations] CAPPING events from decorations provider vscode.git 7582
[2022-10-11 14:47:51.837] [exthost] [warning] [Decorations] CAPPING events from decorations provider vscode.git 7582
[2022-10-11 14:47:57.100] [exthost] [warning] [Decorations] CAPPING events from decorations provider vscode.git 7582
[2022-10-11 14:48:02.376] [exthost] [warning] [Decorations] CAPPING events from decorations provider vscode.git 7582
[2022-10-11 14:48:07.681] [exthost] [warning] [Decorations] CAPPING events from decorations provider vscode.git 7582
[2022-10-11 14:48:12.977] [exthost] [warning] [Decorations] CAPPING events from decorations provider vscode.git 7582
[2022-10-11 14:48:19.697] [exthost] [warning] [Decorations] CAPPING events from decorations provider vscode.git 7582
[2022-10-11 14:48:24.976] [exthost] [warning] [Decorations] CAPPING events from decorations provider vscode.git 7582
[2022-10-11 14:48:30.248] [exthost] [warning] [Decorations] CAPPING events from decorations provider vscode.git 7582
[2022-10-11 14:48:35.541] [exthost] [warning] [Decorations] CAPPING events from decorations provider vscode.git 7582
[2022-10-11 14:48:40.819] [exthost] [warning] [Decorations] CAPPING events from decorations provider vscode.git 7582
[2022-10-11 14:48:46.101] [exthost] [warning] [Decorations] CAPPING events from decorations provider vscode.git 7582
[2022-10-11 14:48:51.393] [exthost] [warning] [Decorations] CAPPING events from decorations provider vscode.git 7582
[2022-10-11 14:48:56.666] [exthost] [warning] [Decorations] CAPPING events from decorations provider vscode.git 7582
[2022-10-11 14:49:01.932] [exthost] [warning] [Decorations] CAPPING events from decorations provider vscode.git 7582
[2022-10-11 14:49:07.216] [exthost] [warning] [Decorations] CAPPING events from decorations provider vscode.git 7582
[2022-10-11 14:49:12.496] [exthost] [warning] [Decorations] CAPPING events from decorations provider vscode.git 7582
[2022-10-11 14:49:17.785] [exthost] [warning] [Decorations] CAPPING events from decorations provider vscode.git 7582
[2022-10-11 14:49:23.080] [exthost] [warning] [Decorations] CAPPING events from decorations provider vscode.git 7582
[2022-10-11 14:49:28.350] [exthost] [warning] [Decorations] CAPPING events from decorations provider vscode.git 7582
[2022-10-11 14:49:33.614] [exthost] [warning] [Decorations] CAPPING events from decorations provider vscode.git 7582
[2022-10-11 14:49:38.899] [exthost] [warning] [Decorations] CAPPING events from decorations provider vscode.git 7582
[2022-10-11 14:49:44.173] [exthost] [warning] [Decorations] CAPPING events from decorations provider vscode.git 7582
[2022-10-11 14:49:49.449] [exthost] [warning] [Decorations] CAPPING events from decorations provider vscode.git 7582
[2022-10-11 14:49:54.740] [exthost] [warning] [Decorations] CAPPING events from decorations provider vscode.git 7582
[2022-10-11 14:50:00.012] [exthost] [warning] [Decorations] CAPPING events from decorations provider vscode.git 7582
[2022-10-11 14:50:05.279] [exthost] [warning] [Decorations] CAPPING events from decorations provider vscode.git 7582
[2022-10-11 14:50:10.558] [exthost] [warning] [Decorations] CAPPING events from decorations provider vscode.git 7582
[2022-10-11 14:50:15.841] [exthost] [warning] [Decorations] CAPPING events from decorations provider vscode.git 7582
[2022-10-11 14:51:21.433] [exthost] [warning] [Decorations] CAPPING events from decorations provider vscode.git 7582
[2022-10-11 14:51:26.694] [exthost] [warning] [Decorations] CAPPING events from decorations provider vscode.git 7582
[2022-10-11 14:51:31.960] [exthost] [warning] [Decorations] CAPPING events from decorations provider vscode.git 7582
[2022-10-11 14:51:37.266] [exthost] [warning] [Decorations] CAPPING events from decorations provider vscode.git 7582
[2022-10-11 14:51:42.550] [exthost] [warning] [Decorations] CAPPING events from decorations provider vscode.git 7582
[2022-10-11 14:51:47.832] [exthost] [warning] [Decorations] CAPPING events from decorations provider vscode.git 7582
[2022-10-11 14:52:10.208] [exthost] [warning] [Decorations] CAPPING events from decorations provider vscode.git 7582
[2022-10-11 14:52:16.735] [exthost] [warning] [Decorations] CAPPING events from decorations provider vscode.git 7582
[2022-10-11 14:52:22.007] [exthost] [warning] [Decorations] CAPPING events from decorations provider vscode.git 7582
[2022-10-11 14:52:27.293] [exthost] [warning] [Decorations] CAPPING events from decorations provider vscode.git 7582
[2022-10-11 14:52:32.579] [exthost] [warning] [Decorations] CAPPING events from decorations provider vscode.git 7582
[2022-10-11 14:52:37.870] [exthost] [warning] [Decorations] CAPPING events from decorations provider vscode.git 7582
[2022-10-11 14:52:43.167] [exthost] [warning] [Decorations] CAPPING events from decorations provider vscode.git 7582
[2022-10-11 14:52:48.451] [exthost] [warning] [Decorations] CAPPING events from decorations provider vscode.git 7582
[2022-10-11 14:52:53.717] [exthost] [warning] [Decorations] CAPPING events from decorations provider vscode.git 7582
[2022-10-11 14:53:01.862] [exthost] [warning] [Decorations] CAPPING events from decorations provider vscode.git 7582
[2022-10-11 14:53:07.142] [exthost] [warning] [Decorations] CAPPING events from decorations provider vscode.git 7582
[2022-10-11 14:53:12.431] [exthost] [warning] [Decorations] CAPPING events from decorations provider vscode.git 7582
[2022-10-11 14:53:17.720] [exthost] [warning] [Decorations] CAPPING events from decorations provider vscode.git 7582
[2022-10-11 14:53:22.990] [exthost] [warning] [Decorations] CAPPING events from decorations provider vscode.git 7582
[2022-10-11 14:53:28.266] [exthost] [warning] [Decorations] CAPPING events from decorations provider vscode.git 7582
[2022-10-11 14:53:33.539] [exthost] [warning] [Decorations] CAPPING events from decorations provider vscode.git 7582
[2022-10-11 14:56:20.966] [exthost] [warning] [Decorations] CAPPING events from decorations provider vscode.git 7582
[2022-10-11 14:56:26.323] [exthost] [warning] [Decorations] CAPPING events from decorations provider vscode.git 7582
[2022-10-11 14:56:32.992] [exthost] [warning] [Decorations] CAPPING events from decorations provider vscode.git 7582
[2022-10-11 14:56:38.276] [exthost] [warning] [Decorations] CAPPING events from decorations provider vscode.git 7582
[2022-10-11 14:56:43.554] [exthost] [warning] [Decorations] CAPPING events from decorations provider vscode.git 7582
[2022-10-11 14:56:48.840] [exthost] [warning] [Decorations] CAPPING events from decorations provider vscode.git 7582
[2022-10-11 14:56:54.225] [exthost] [warning] [Decorations] CAPPING events from decorations provider vscode.git 7582
[2022-10-11 14:57:15.806] [exthost] [warning] [Decorations] CAPPING events from decorations provider vscode.git 7582
[2022-10-11 14:57:21.081] [exthost] [warning] [Decorations] CAPPING events from decorations provider vscode.git 7582
[2022-10-11 14:57:26.351] [exthost] [warning] [Decorations] CAPPING events from decorations provider vscode.git 7582
[2022-10-11 14:57:31.631] [exthost] [warning] [Decorations] CAPPING events from decorations provider vscode.git 7582
[2022-10-11 14:57:36.916] [exthost] [warning] [Decorations] CAPPING events from decorations provider vscode.git 7582
[2022-10-11 14:57:42.204] [exthost] [warning] [Decorations] CAPPING events from decorations provider vscode.git 7582
[2022-10-11 14:57:47.481] [exthost] [warning] [Decorations] CAPPING events from decorations provider vscode.git 7582
[2022-10-11 14:57:52.745] [exthost] [warning] [Decorations] CAPPING events from decorations provider vscode.git 7582
[2022-10-11 14:57:58.022] [exthost] [warning] [Decorations] CAPPING events from decorations provider vscode.git 7582
[2022-10-11 14:58:03.303] [exthost] [warning] [Decorations] CAPPING events from decorations provider vscode.git 7582
[2022-10-11 14:58:08.588] [exthost] [warning] [Decorations] CAPPING events from decorations provider vscode.git 7582
[2022-10-11 14:58:26.119] [exthost] [warning] [Decorations] CAPPING events from decorations provider vscode.git 7582
[2022-10-11 14:58:31.406] [exthost] [warning] [Decorations] CAPPING events from decorations provider vscode.git 7582
[2022-10-11 14:58:36.669] [exthost] [warning] [Decorations] CAPPING events from decorations provider vscode.git 7582
[2022-10-11 14:58:41.949] [exthost] [warning] [Decorations] CAPPING events from decorations provider vscode.git 7582
[2022-10-11 14:58:50.443] [exthost] [warning] [Decorations] CAPPING events from decorations provider vscode.git 7582
[2022-10-11 14:58:55.723] [exthost] [warning] [Decorations] CAPPING events from decorations provider vscode.git 7582
[2022-10-11 14:59:01.018] [exthost] [warning] [Decorations] CAPPING events from decorations provider vscode.git 7582
[2022-10-11 14:59:06.299] [exthost] [warning] [Decorations] CAPPING events from decorations provider vscode.git 7582
[2022-10-11 14:59:46.778] [exthost] [warning] [Decorations] CAPPING events from decorations provider vscode.git 7582
[2022-10-11 14:59:52.039] [exthost] [warning] [Decorations] CAPPING events from decorations provider vscode.git 7582
[2022-10-11 14:59:57.316] [exthost] [warning] [Decorations] CAPPING events from decorations provider vscode.git 7583
[2022-10-11 15:00:02.659] [exthost] [warning] [Decorations] CAPPING events from decorations provider vscode.git 7583
[2022-10-11 15:00:07.952] [exthost] [warning] [Decorations] CAPPING events from decorations provider vscode.git 7583
[2022-10-11 15:00:13.279] [exthost] [warning] [Decorations] CAPPING events from decorations provider vscode.git 7583
[2022-10-11 15:00:18.674] [exthost] [warning] [Decorations] CAPPING events from decorations provider vscode.git 7583
[2022-10-11 15:00:23.983] [exthost] [warning] [Decorations] CAPPING events from decorations provider vscode.git 7583
[2022-10-11 15:00:29.272] [exthost] [warning] [Decorations] CAPPING events from decorations provider vscode.git 7583
[2022-10-11 15:00:34.629] [exthost] [warning] [Decorations] CAPPING events from decorations provider vscode.git 7583
[2022-10-11 15:00:40.090] [exthost] [warning] [Decorations] CAPPING events from decorations provider vscode.git 9704
[2022-10-11 15:00:53.816] [exthost] [warning] [Decorations] CAPPING events from decorations provider vscode.git 11878
[2022-10-11 15:00:57.017] [exthost] [warning] [Decorations] CAPPING events from decorations provider vscode.git 10005
[2022-10-11 15:00:58.061] [exthost] [error] {"message":"Git error","stdout":"","stderr":"fatal: Pathspec '/home/ubuntu/jinkange/build' is in submodule 'jinkange'\n","exitCode":128,"gitErrorCode":"IsInSubmodule"}
[2022-10-11 15:00:58.061] [exthost] [error] {"message":"Git error","stdout":"","stderr":"fatal: Pathspec '/home/ubuntu/jinkange/build' is in submodule 'jinkange'\n","exitCode":128,"gitErrorCode":"IsInSubmodule"}
[2022-10-11 15:00:58.061] [exthost] [error] {"message":"Git error","stdout":"","stderr":"fatal: Pathspec '/home/ubuntu/jinkange/build' is in submodule 'jinkange'\n","exitCode":128,"gitErrorCode":"IsInSubmodule"}
[2022-10-11 15:00:58.061] [exthost] [error] {"message":"Git error","stdout":"","stderr":"fatal: Pathspec '/home/ubuntu/jinkange/build' is in submodule 'jinkange'\n","exitCode":128,"gitErrorCode":"IsInSubmodule"}
[2022-10-11 15:00:58.061] [exthost] [error] {"message":"Git error","stdout":"","stderr":"fatal: Pathspec '/home/ubuntu/jinkange/build' is in submodule 'jinkange'\n","exitCode":128,"gitErrorCode":"IsInSubmodule"}
[2022-10-11 15:00:58.062] [exthost] [error] {"message":"Git error","stdout":"","stderr":"fatal: Pathspec '/home/ubuntu/jinkange/build' is in submodule 'jinkange'\n","exitCode":128,"gitErrorCode":"IsInSubmodule"}
[2022-10-11 15:00:58.062] [exthost] [error] {"message":"Git error","stdout":"","stderr":"fatal: Pathspec '/home/ubuntu/jinkange/build' is in submodule 'jinkange'\n","exitCode":128,"gitErrorCode":"IsInSubmodule"}
[2022-10-11 15:00:58.062] [exthost] [error] {"message":"Git error","stdout":"","stderr":"fatal: Pathspec '/home/ubuntu/jinkange/build' is in submodule 'jinkange'\n","exitCode":128,"gitErrorCode":"IsInSubmodule"}
[2022-10-11 15:00:58.062] [exthost] [error] {"message":"Git error","stdout":"","stderr":"fatal: Pathspec '/home/ubuntu/jinkange/build' is in submodule 'jinkange'\n","exitCode":128,"gitErrorCode":"IsInSubmodule"}
[2022-10-11 15:00:58.062] [exthost] [error] {"message":"Git error","stdout":"","stderr":"fatal: Pathspec '/home/ubuntu/jinkange/build' is in submodule 'jinkange'\n","exitCode":128,"gitErrorCode":"IsInSubmodule"}
[2022-10-11 15:00:58.062] [exthost] [error] {"message":"Git error","stdout":"","stderr":"fatal: Pathspec '/home/ubuntu/jinkange/build' is in submodule 'jinkange'\n","exitCode":128,"gitErrorCode":"IsInSubmodule"}
[2022-10-11 15:00:58.062] [exthost] [error] {"message":"Git error","stdout":"","stderr":"fatal: Pathspec '/home/ubuntu/jinkange/build' is in submodule 'jinkange'\n","exitCode":128,"gitErrorCode":"IsInSubmodule"}
[2022-10-11 15:00:58.062] [exthost] [error] {"message":"Git error","stdout":"","stderr":"fatal: Pathspec '/home/ubuntu/jinkange/build' is in submodule 'jinkange'\n","exitCode":128,"gitErrorCode":"IsInSubmodule"}
[2022-10-11 15:00:58.062] [exthost] [error] {"message":"Git error","stdout":"","stderr":"fatal: Pathspec '/home/ubuntu/jinkange/build' is in submodule 'jinkange'\n","exitCode":128,"gitErrorCode":"IsInSubmodule"}
[2022-10-11 15:00:58.062] [exthost] [error] {"message":"Git error","stdout":"","stderr":"fatal: Pathspec '/home/ubuntu/jinkange/build' is in submodule 'jinkange'\n","exitCode":128,"gitErrorCode":"IsInSubmodule"}
[2022-10-11 15:00:58.062] [exthost] [error] {"message":"Git error","stdout":"","stderr":"fatal: Pathspec '/home/ubuntu/jinkange/build' is in submodule 'jinkange'\n","exitCode":128,"gitErrorCode":"IsInSubmodule"}
[2022-10-11 15:00:58.062] [exthost] [error] {"message":"Git error","stdout":"","stderr":"fatal: Pathspec '/home/ubuntu/jinkange/build' is in submodule 'jinkange'\n","exitCode":128,"gitErrorCode":"IsInSubmodule"}
[2022-10-11 15:00:58.062] [exthost] [error] {"message":"Git error","stdout":"","stderr":"fatal: Pathspec '/home/ubuntu/jinkange/build' is in submodule 'jinkange'\n","exitCode":128,"gitErrorCode":"IsInSubmodule"}
[2022-10-11 15:00:58.062] [exthost] [error] {"message":"Git error","stdout":"","stderr":"fatal: Pathspec '/home/ubuntu/jinkange/build' is in submodule 'jinkange'\n","exitCode":128,"gitErrorCode":"IsInSubmodule"}
[2022-10-11 15:00:58.062] [exthost] [error] {"message":"Git error","stdout":"","stderr":"fatal: Pathspec '/home/ubuntu/jinkange/build' is in submodule 'jinkange'\n","exitCode":128,"gitErrorCode":"IsInSubmodule"}
[2022-10-11 15:00:58.062] [exthost] [error] {"message":"Git error","stdout":"","stderr":"fatal: Pathspec '/home/ubuntu/jinkange/build' is in submodule 'jinkange'\n","exitCode":128,"gitErrorCode":"IsInSubmodule"}
[2022-10-11 15:00:58.062] [exthost] [error] {"message":"Git error","stdout":"","stderr":"fatal: Pathspec '/home/ubuntu/jinkange/build' is in submodule 'jinkange'\n","exitCode":128,"gitErrorCode":"IsInSubmodule"}
[2022-10-11 15:00:58.062] [exthost] [error] {"message":"Git error","stdout":"","stderr":"fatal: Pathspec '/home/ubuntu/jinkange/build' is in submodule 'jinkange'\n","exitCode":128,"gitErrorCode":"IsInSubmodule"}
[2022-10-11 15:00:58.062] [exthost] [error] {"message":"Git error","stdout":"","stderr":"fatal: Pathspec '/home/ubuntu/jinkange/build' is in submodule 'jinkange'\n","exitCode":128,"gitErrorCode":"IsInSubmodule"}
[2022-10-11 15:00:58.062] [exthost] [error] {"message":"Git error","stdout":"","stderr":"fatal: Pathspec '/home/ubuntu/jinkange/build' is in submodule 'jinkange'\n","exitCode":128,"gitErrorCode":"IsInSubmodule"}
[2022-10-11 15:00:58.062] [exthost] [error] {"message":"Git error","stdout":"","stderr":"fatal: Pathspec '/home/ubuntu/jinkange/build' is in submodule 'jinkange'\n","exitCode":128,"gitErrorCode":"IsInSubmodule"}
[2022-10-11 15:00:58.062] [exthost] [error] {"message":"Git error","stdout":"","stderr":"fatal: Pathspec '/home/ubuntu/jinkange/build' is in submodule 'jinkange'\n","exitCode":128,"gitErrorCode":"IsInSubmodule"}
[2022-10-11 15:00:58.062] [exthost] [error] {"message":"Git error","stdout":"","stderr":"fatal: Pathspec '/home/ubuntu/jinkange/build' is in submodule 'jinkange'\n","exitCode":128,"gitErrorCode":"IsInSubmodule"}
[2022-10-11 15:00:58.062] [exthost] [error] {"message":"Git error","stdout":"","stderr":"fatal: Pathspec '/home/ubuntu/jinkange/build' is in submodule 'jinkange'\n","exitCode":128,"gitErrorCode":"IsInSubmodule"}
[2022-10-11 15:00:58.062] [exthost] [error] {"message":"Git error","stdout":"","stderr":"fatal: Pathspec '/home/ubuntu/jinkange/build' is in submodule 'jinkange'\n","exitCode":128,"gitErrorCode":"IsInSubmodule"}
[2022-10-11 15:00:58.062] [exthost] [error] {"message":"Git error","stdout":"","stderr":"fatal: Pathspec '/home/ubuntu/jinkange/build' is in submodule 'jinkange'\n","exitCode":128,"gitErrorCode":"IsInSubmodule"}
[2022-10-11 15:00:58.062] [exthost] [error] {"message":"Git error","stdout":"","stderr":"fatal: Pathspec '/home/ubuntu/jinkange/build' is in submodule 'jinkange'\n","exitCode":128,"gitErrorCode":"IsInSubmodule"}
[2022-10-11 15:00:58.062] [exthost] [error] {"message":"Git error","stdout":"","stderr":"fatal: Pathspec '/home/ubuntu/jinkange/build' is in submodule 'jinkange'\n","exitCode":128,"gitErrorCode":"IsInSubmodule"}
[2022-10-11 15:00:58.062] [exthost] [error] {"message":"Git error","stdout":"","stderr":"fatal: Pathspec '/home/ubuntu/jinkange/build' is in submodule 'jinkange'\n","exitCode":128,"gitErrorCode":"IsInSubmodule"}
[2022-10-11 15:00:58.062] [exthost] [error] {"message":"Git error","stdout":"","stderr":"fatal: Pathspec '/home/ubuntu/jinkange/build' is in submodule 'jinkange'\n","exitCode":128,"gitErrorCode":"IsInSubmodule"}
[2022-10-11 15:00:58.062] [exthost] [error] {"message":"Git error","stdout":"","stderr":"fatal: Pathspec '/home/ubuntu/jinkange/build' is in submodule 'jinkange'\n","exitCode":128,"gitErrorCode":"IsInSubmodule"}
[2022-10-11 15:00:58.062] [exthost] [error] {"message":"Git error","stdout":"","stderr":"fatal: Pathspec '/home/ubuntu/jinkange/build' is in submodule 'jinkange'\n","exitCode":128,"gitErrorCode":"IsInSubmodule"}
[2022-10-11 15:00:58.062] [exthost] [error] {"message":"Git error","stdout":"","stderr":"fatal: Pathspec '/home/ubuntu/jinkange/build' is in submodule 'jinkange'\n","exitCode":128,"gitErrorCode":"IsInSubmodule"}
[2022-10-11 15:00:58.062] [exthost] [error] {"message":"Git error","stdout":"","stderr":"fatal: Pathspec '/home/ubuntu/jinkange/build' is in submodule 'jinkange'\n","exitCode":128,"gitErrorCode":"IsInSubmodule"}
[2022-10-11 15:00:58.062] [exthost] [error] {"message":"Git error","stdout":"","stderr":"fatal: Pathspec '/home/ubuntu/jinkange/build' is in submodule 'jinkange'\n","exitCode":128,"gitErrorCode":"IsInSubmodule"}
[2022-10-11 15:00:58.062] [exthost] [error] {"message":"Git error","stdout":"","stderr":"fatal: Pathspec '/home/ubuntu/jinkange/build' is in submodule 'jinkange'\n","exitCode":128,"gitErrorCode":"IsInSubmodule"}
[2022-10-11 15:00:58.062] [exthost] [error] {"message":"Git error","stdout":"","stderr":"fatal: Pathspec '/home/ubuntu/jinkange/build' is in submodule 'jinkange'\n","exitCode":128,"gitErrorCode":"IsInSubmodule"}
[2022-10-11 15:00:58.062] [exthost] [error] {"message":"Git error","stdout":"","stderr":"fatal: Pathspec '/home/ubuntu/jinkange/build' is in submodule 'jinkange'\n","exitCode":128,"gitErrorCode":"IsInSubmodule"}
[2022-10-11 15:00:58.062] [exthost] [error] {"message":"Git error","stdout":"","stderr":"fatal: Pathspec '/home/ubuntu/jinkange/build' is in submodule 'jinkange'\n","exitCode":128,"gitErrorCode":"IsInSubmodule"}
[2022-10-11 15:00:58.062] [exthost] [error] {"message":"Git error","stdout":"","stderr":"fatal: Pathspec '/home/ubuntu/jinkange/build' is in submodule 'jinkange'\n","exitCode":128,"gitErrorCode":"IsInSubmodule"}
[2022-10-11 15:00:58.062] [exthost] [error] {"message":"Git error","stdout":"","stderr":"fatal: Pathspec '/home/ubuntu/jinkange/build' is in submodule 'jinkange'\n","exitCode":128,"gitErrorCode":"IsInSubmodule"}
[2022-10-11 15:00:58.062] [exthost] [error] {"message":"Git error","stdout":"","stderr":"fatal: Pathspec '/home/ubuntu/jinkange/build' is in submodule 'jinkange'\n","exitCode":128,"gitErrorCode":"IsInSubmodule"}
[2022-10-11 15:00:58.062] [exthost] [error] {"message":"Git error","stdout":"","stderr":"fatal: Pathspec '/home/ubuntu/jinkange/build' is in submodule 'jinkange'\n","exitCode":128,"gitErrorCode":"IsInSubmodule"}
[2022-10-11 15:00:58.062] [exthost] [error] {"message":"Git error","stdout":"","stderr":"fatal: Pathspec '/home/ubuntu/jinkange/build' is in submodule 'jinkange'\n","exitCode":128,"gitErrorCode":"IsInSubmodule"}
[2022-10-11 15:00:58.062] [exthost] [error] {"message":"Git error","stdout":"","stderr":"fatal: Pathspec '/home/ubuntu/jinkange/build' is in submodule 'jinkange'\n","exitCode":128,"gitErrorCode":"IsInSubmodule"}
[2022-10-11 15:00:58.062] [exthost] [error] {"message":"Git error","stdout":"","stderr":"fatal: Pathspec '/home/ubuntu/jinkange/build' is in submodule 'jinkange'\n","exitCode":128,"gitErrorCode":"IsInSubmodule"}
[2022-10-11 15:00:58.062] [exthost] [error] {"message":"Git error","stdout":"","stderr":"fatal: Pathspec '/home/ubuntu/jinkange/build' is in submodule 'jinkange'\n","exitCode":128,"gitErrorCode":"IsInSubmodule"}
[2022-10-11 15:00:58.062] [exthost] [error] {"message":"Git error","stdout":"","stderr":"fatal: Pathspec '/home/ubuntu/jinkange/build' is in submodule 'jinkange'\n","exitCode":128,"gitErrorCode":"IsInSubmodule"}
[2022-10-11 15:01:01.247] [exthost] [warning] [Decorations] CAPPING events from decorations provider vscode.git 5671
[2022-10-11 15:01:06.506] [exthost] [warning] [Decorations] CAPPING events from decorations provider vscode.git 5671
[2022-10-11 15:01:11.732] [exthost] [warning] [Decorations] CAPPING events from decorations provider vscode.git 5671
[2022-10-11 15:01:17.057] [exthost] [warning] [Decorations] CAPPING events from decorations provider vscode.git 5671
[2022-10-11 15:01:22.347] [exthost] [warning] [Decorations] CAPPING events from decorations provider vscode.git 5671
[2022-10-11 15:01:27.557] [exthost] [warning] [Decorations] CAPPING events from decorations provider vscode.git 5671
[2022-10-11 15:01:32.767] [exthost] [warning] [Decorations] CAPPING events from decorations provider vscode.git 5671
[2022-10-11 15:01:38.045] [exthost] [warning] [Decorations] CAPPING events from decorations provider vscode.git 5671
[2022-10-11 15:01:43.293] [exthost] [warning] [Decorations] CAPPING events from decorations provider vscode.git 5671
[2022-10-11 15:01:48.510] [exthost] [warning] [Decorations] CAPPING events from decorations provider vscode.git 5671
[2022-10-11 15:01:53.732] [exthost] [warning] [Decorations] CAPPING events from decorations provider vscode.git 5671
[2022-10-11 15:01:58.959] [exthost] [warning] [Decorations] CAPPING events from decorations provider vscode.git 5671
[2022-10-11 15:02:04.168] [exthost] [warning] [Decorations] CAPPING events from decorations provider vscode.git 5671
[2022-10-11 15:02:09.375] [exthost] [warning] [Decorations] CAPPING events from decorations provider vscode.git 5671
[2022-10-11 15:02:14.582] [exthost] [warning] [Decorations] CAPPING events from decorations provider vscode.git 5671
[2022-10-11 15:02:20.092] [exthost] [warning] [Decorations] CAPPING events from decorations provider vscode.git 5671
[2022-10-11 15:02:25.303] [exthost] [warning] [Decorations] CAPPING events from decorations provider vscode.git 5671
[2022-10-11 15:02:30.518] [exthost] [warning] [Decorations] CAPPING events from decorations provider vscode.git 5671
[2022-10-11 15:02:36.269] [exthost] [warning] [Decorations] CAPPING events from decorations provider vscode.git 5671
[2022-10-11 15:02:41.572] [exthost] [warning] [Decorations] CAPPING events from decorations provider vscode.git 5671
[2022-10-11 15:02:46.775] [exthost] [warning] [Decorations] CAPPING events from decorations provider vscode.git 5671
[2022-10-11 15:02:51.981] [exthost] [warning] [Decorations] CAPPING events from decorations provider vscode.git 5671
[2022-10-11 15:02:57.183] [exthost] [warning] [Decorations] CAPPING events from decorations provider vscode.git 5671
[2022-10-11 15:04:55.894] [exthost] [warning] [Decorations] CAPPING events from decorations provider vscode.git 5671
[2022-10-11 15:05:01.100] [exthost] [warning] [Decorations] CAPPING events from decorations provider vscode.git 5671
[2022-10-11 15:05:06.315] [exthost] [warning] [Decorations] CAPPING events from decorations provider vscode.git 5671
[2022-10-11 15:05:11.521] [exthost] [warning] [Decorations] CAPPING events from decorations provider vscode.git 5671
[2022-10-11 15:05:16.733] [exthost] [warning] [Decorations] CAPPING events from decorations provider vscode.git 5671
[2022-10-11 15:05:21.948] [exthost] [warning] [Decorations] CAPPING events from decorations provider vscode.git 5671
[2022-10-11 15:05:27.164] [exthost] [warning] [Decorations] CAPPING events from decorations provider vscode.git 5671
[2022-10-11 15:05:32.390] [exthost] [warning] [Decorations] CAPPING events from decorations provider vscode.git 5671
[2022-10-11 15:05:37.644] [exthost] [warning] [Decorations] CAPPING events from decorations provider vscode.git 5671
[2022-10-11 15:06:09.502] [exthost] [warning] [Decorations] CAPPING events from decorations provider vscode.git 5653
[2022-10-11 15:06:14.701] [exthost] [warning] [Decorations] CAPPING events from decorations provider vscode.git 5653
[2022-10-11 15:06:19.905] [exthost] [warning] [Decorations] CAPPING events from decorations provider vscode.git 5653
[2022-10-11 15:06:25.105] [exthost] [warning] [Decorations] CAPPING events from decorations provider vscode.git 5653
[2022-10-11 15:06:30.315] [exthost] [warning] [Decorations] CAPPING events from decorations provider vscode.git 5653
[2022-10-11 15:06:35.529] [exthost] [warning] [Decorations] CAPPING events from decorations provider vscode.git 5653
[2022-10-11 15:06:40.747] [exthost] [warning] [Decorations] CAPPING events from decorations provider vscode.git 5653
[2022-10-11 15:06:45.970] [exthost] [warning] [Decorations] CAPPING events from decorations provider vscode.git 5653
[2022-10-11 15:06:51.173] [exthost] [warning] [Decorations] CAPPING events from decorations provider vscode.git 5653
[2022-10-11 15:06:56.382] [exthost] [warning] [Decorations] CAPPING events from decorations provider vscode.git 5657
[2022-10-11 15:07:01.594] [exthost] [warning] [Decorations] CAPPING events from decorations provider vscode.git 5657
[2022-10-11 15:07:06.805] [exthost] [warning] [Decorations] CAPPING events from decorations provider vscode.git 5671
[2022-10-11 15:07:39.986] [exthost] [warning] [Decorations] CAPPING events from decorations provider vscode.git 5671
[2022-10-11 15:07:46.074] [exthost] [warning] [Decorations] CAPPING events from decorations provider vscode.git 5671
[2022-10-11 15:07:51.283] [exthost] [warning] [Decorations] CAPPING events from decorations provider vscode.git 5671
[2022-10-11 15:07:56.490] [exthost] [warning] [Decorations] CAPPING events from decorations provider vscode.git 5671
[2022-10-11 15:08:10.238] [exthost] [warning] [Decorations] CAPPING events from decorations provider vscode.git 5671
[2022-10-11 15:08:18.075] [exthost] [warning] [Decorations] CAPPING events from decorations provider vscode.git 5671
[2022-10-11 15:08:25.593] [exthost] [warning] [Decorations] CAPPING events from decorations provider vscode.git 5671
[2022-10-11 15:08:33.104] [exthost] [warning] [Decorations] CAPPING events from decorations provider vscode.git 5671
[2022-10-11 15:08:40.576] [exthost] [warning] [Decorations] CAPPING events from decorations provider vscode.git 5671
[2022-10-11 15:09:00.582] [exthost] [warning] [Decorations] CAPPING events from decorations provider vscode.git 5671
[2022-10-11 15:09:08.092] [exthost] [warning] [Decorations] CAPPING events from decorations provider vscode.git 5671
[2022-10-11 15:09:15.574] [exthost] [warning] [Decorations] CAPPING events from decorations provider vscode.git 5671
[2022-10-11 15:09:23.144] [exthost] [warning] [Decorations] CAPPING events from decorations provider vscode.git 5671
[2022-10-11 15:09:30.653] [exthost] [warning] [Decorations] CAPPING events from decorations provider vscode.git 5671
[2022-10-11 15:09:38.151] [exthost] [warning] [Decorations] CAPPING events from decorations provider vscode.git 5671
[2022-10-11 15:09:45.642] [exthost] [warning] [Decorations] CAPPING events from decorations provider vscode.git 5671
[2022-10-11 15:09:53.149] [exthost] [warning] [Decorations] CAPPING events from decorations provider vscode.git 5671
[2022-10-11 15:10:00.679] [exthost] [warning] [Decorations] CAPPING events from decorations provider vscode.git 5671
[2022-10-11 15:10:08.154] [exthost] [warning] [Decorations] CAPPING events from decorations provider vscode.git 5671
[2022-10-11 15:10:15.669] [exthost] [warning] [Decorations] CAPPING events from decorations provider vscode.git 5671
[2022-10-11 15:10:23.171] [exthost] [warning] [Decorations] CAPPING events from decorations provider vscode.git 5671
[2022-10-11 15:10:30.668] [exthost] [warning] [Decorations] CAPPING events from decorations provider vscode.git 5671
[2022-10-11 15:10:38.165] [exthost] [warning] [Decorations] CAPPING events from decorations provider vscode.git 5671
[2022-10-11 15:10:45.688] [exthost] [warning] [Decorations] CAPPING events from decorations provider vscode.git 5671
[2022-10-11 15:10:53.195] [exthost] [warning] [Decorations] CAPPING events from decorations provider vscode.git 5671
[2022-10-11 15:11:00.779] [exthost] [warning] [Decorations] CAPPING events from decorations provider vscode.git 5671
[2022-10-11 15:11:08.262] [exthost] [warning] [Decorations] CAPPING events from decorations provider vscode.git 5671
[2022-10-11 15:11:15.743] [exthost] [warning] [Decorations] CAPPING events from decorations provider vscode.git 5671
[2022-10-11 15:11:23.245] [exthost] [warning] [Decorations] CAPPING events from decorations provider vscode.git 5671
[2022-10-11 15:11:30.768] [exthost] [warning] [Decorations] CAPPING events from decorations provider vscode.git 5671
[2022-10-11 15:11:38.280] [exthost] [warning] [Decorations] CAPPING events from decorations provider vscode.git 5671
[2022-10-11 15:11:45.819] [exthost] [warning] [Decorations] CAPPING events from decorations provider vscode.git 5671
[2022-10-11 15:11:53.347] [exthost] [warning] [Decorations] CAPPING events from decorations provider vscode.git 5671
[2022-10-11 15:12:00.931] [exthost] [warning] [Decorations] CAPPING events from decorations provider vscode.git 5671
[2022-10-11 15:12:08.413] [exthost] [warning] [Decorations] CAPPING events from decorations provider vscode.git 5671
[2022-10-11 15:12:15.898] [exthost] [warning] [Decorations] CAPPING events from decorations provider vscode.git 5671
[2022-10-11 15:12:23.401] [exthost] [warning] [Decorations] CAPPING events from decorations provider vscode.git 5671
[2022-10-11 15:12:30.882] [exthost] [warning] [Decorations] CAPPING events from decorations provider vscode.git 5671
[2022-10-11 15:12:38.374] [exthost] [warning] [Decorations] CAPPING events from decorations provider vscode.git 5671
[2022-10-11 15:12:45.868] [exthost] [warning] [Decorations] CAPPING events from decorations provider vscode.git 5671
[2022-10-11 15:12:53.379] [exthost] [warning] [Decorations] CAPPING events from decorations provider vscode.git 5671
[2022-10-11 15:13:00.856] [exthost] [warning] [Decorations] CAPPING events from decorations provider vscode.git 5671
[2022-10-11 15:13:08.368] [exthost] [warning] [Decorations] CAPPING events from decorations provider vscode.git 5671
[2022-10-11 15:13:15.880] [exthost] [warning] [Decorations] CAPPING events from decorations provider vscode.git 5671
[2022-10-11 15:13:23.374] [exthost] [warning] [Decorations] CAPPING events from decorations provider vscode.git 5671
[2022-10-11 15:13:30.900] [exthost] [warning] [Decorations] CAPPING events from decorations provider vscode.git 5671
[2022-10-11 15:13:38.421] [exthost] [warning] [Decorations] CAPPING events from decorations provider vscode.git 5671
[2022-10-11 15:13:45.953] [exthost] [warning] [Decorations] CAPPING events from decorations provider vscode.git 5671
[2022-10-11 15:13:53.544] [exthost] [warning] [Decorations] CAPPING events from decorations provider vscode.git 5671
[2022-10-11 15:14:01.048] [exthost] [warning] [Decorations] CAPPING events from decorations provider vscode.git 5671
[2022-10-11 15:14:08.567] [exthost] [warning] [Decorations] CAPPING events from decorations provider vscode.git 5671
[2022-10-11 15:14:16.046] [exthost] [warning] [Decorations] CAPPING events from decorations provider vscode.git 5671
[2022-10-11 15:14:23.550] [exthost] [warning] [Decorations] CAPPING events from decorations provider vscode.git 5671
[2022-10-11 15:14:31.053] [exthost] [warning] [Decorations] CAPPING events from decorations provider vscode.git 5671
[2022-10-11 15:14:38.594] [exthost] [warning] [Decorations] CAPPING events from decorations provider vscode.git 5671
[2022-10-11 15:14:46.123] [exthost] [warning] [Decorations] CAPPING events from decorations provider vscode.git 5671
[2022-10-11 15:14:53.743] [exthost] [warning] [Decorations] CAPPING events from decorations provider vscode.git 5671
[2022-10-11 15:15:01.221] [exthost] [warning] [Decorations] CAPPING events from decorations provider vscode.git 5671
[2022-10-11 15:15:08.701] [exthost] [warning] [Decorations] CAPPING events from decorations provider vscode.git 5671
[2022-10-11 15:15:16.194] [exthost] [warning] [Decorations] CAPPING events from decorations provider vscode.git 5671
[2022-10-11 15:15:23.672] [exthost] [warning] [Decorations] CAPPING events from decorations provider vscode.git 5671
[2022-10-11 15:15:31.166] [exthost] [warning] [Decorations] CAPPING events from decorations provider vscode.git 5671
[2022-10-11 15:15:38.670] [exthost] [warning] [Decorations] CAPPING events from decorations provider vscode.git 5671
[2022-10-11 15:15:46.186] [exthost] [warning] [Decorations] CAPPING events from decorations provider vscode.git 5671
[2022-10-11 15:15:53.701] [exthost] [warning] [Decorations] CAPPING events from decorations provider vscode.git 5671
[2022-10-11 15:16:01.297] [exthost] [warning] [Decorations] CAPPING events from decorations provider vscode.git 5671
[2022-10-11 15:16:08.780] [exthost] [warning] [Decorations] CAPPING events from decorations provider vscode.git 5671
[2022-10-11 15:16:16.250] [exthost] [warning] [Decorations] CAPPING events from decorations provider vscode.git 5671
[2022-10-11 15:16:23.724] [exthost] [warning] [Decorations] CAPPING events from decorations provider vscode.git 5671
[2022-10-11 15:16:31.254] [exthost] [warning] [Decorations] CAPPING events from decorations provider vscode.git 5671
[2022-10-11 15:16:38.758] [exthost] [warning] [Decorations] CAPPING events from decorations provider vscode.git 5671
[2022-10-11 15:16:46.256] [exthost] [warning] [Decorations] CAPPING events from decorations provider vscode.git 5671
[2022-10-11 15:16:53.775] [exthost] [warning] [Decorations] CAPPING events from decorations provider vscode.git 5671
[2022-10-11 15:17:01.284] [exthost] [warning] [Decorations] CAPPING events from decorations provider vscode.git 5671
[2022-10-11 15:17:08.811] [exthost] [warning] [Decorations] CAPPING events from decorations provider vscode.git 5671
[2022-10-11 15:17:16.335] [exthost] [warning] [Decorations] CAPPING events from decorations provider vscode.git 5671
[2022-10-11 15:17:23.843] [exthost] [warning] [Decorations] CAPPING events from decorations provider vscode.git 5671
[2022-10-11 15:17:31.449] [exthost] [warning] [Decorations] CAPPING events from decorations provider vscode.git 5671
[2022-10-11 15:17:38.983] [exthost] [warning] [Decorations] CAPPING events from decorations provider vscode.git 5671
[2022-10-11 15:17:46.502] [exthost] [warning] [Decorations] CAPPING events from decorations provider vscode.git 5671
[2022-10-11 15:17:54.019] [exthost] [warning] [Decorations] CAPPING events from decorations provider vscode.git 5671
[2022-10-11 15:18:01.612] [exthost] [warning] [Decorations] CAPPING events from decorations provider vscode.git 5671
[2022-10-11 15:18:09.099] [exthost] [warning] [Decorations] CAPPING events from decorations provider vscode.git 5671
[2022-10-11 15:18:16.600] [exthost] [warning] [Decorations] CAPPING events from decorations provider vscode.git 5671
[2022-10-11 15:18:24.096] [exthost] [warning] [Decorations] CAPPING events from decorations provider vscode.git 5671
[2022-10-11 15:18:31.694] [exthost] [warning] [Decorations] CAPPING events from decorations provider vscode.git 5671
[2022-10-11 15:18:39.220] [exthost] [warning] [Decorations] CAPPING events from decorations provider vscode.git 5671
[2022-10-11 15:18:46.734] [exthost] [warning] [Decorations] CAPPING events from decorations provider vscode.git 5671
[2022-10-11 15:18:54.262] [exthost] [warning] [Decorations] CAPPING events from decorations provider vscode.git 5671
[2022-10-11 15:19:01.837] [exthost] [warning] [Decorations] CAPPING events from decorations provider vscode.git 5671
[2022-10-11 18:46:00.050] [exthost] [info] Extension host terminating: renderer disconnected for too long (1)
[2022-10-11 18:46:00.051] [exthost] [info] Lock '/home/ubuntu/.vscode-server/data/User/workspaceStorage/f754b7aa2240ec878ccf37628a1e6a51/vscode.lock': Marking the lockfile as scheduled to be released in 6000 ms.
[2022-10-11 18:46:00.070] [exthost] [info] Extension host with pid 104240 exiting with code 0
