[2022-10-03T06:48:24.468Z] Log level: Info
[2022-10-03T06:48:24.476Z] [info] Validating found git in: git
[2022-10-03T06:48:24.558Z] [info] Using git 2.34.1 from git
[2022-10-03T06:48:24.607Z] > git rev-parse --show-toplevel [24ms]
[2022-10-03T06:48:24.619Z] > git rev-parse --git-dir --git-common-dir [3ms]
[2022-10-03T06:48:24.630Z] [info] Open repository: /home/ubuntu
[2022-10-03T06:48:25.202Z] > git check-ignore -v -z --stdin [38ms]
[2022-10-03T06:48:25.688Z] > git status -z -uall [1050ms]
[2022-10-03T06:48:25.695Z] > git symbolic-ref --short HEAD [2ms]
[2022-10-03T06:48:25.701Z] > git for-each-ref --format=%(refname)%00%(upstream:short)%00%(objectname)%00%(upstream:track)%00%(upstream:remotename)%00%(upstream:remoteref) refs/heads/main refs/remotes/main [2ms]
[2022-10-03T06:48:25.711Z] > git for-each-ref --sort -committerdate --format %(refname) %(objectname) %(*objectname) [6ms]
[2022-10-03T06:48:25.713Z] > git remote --verbose [4ms]
[2022-10-03T06:48:26.887Z] > git config --get commit.template [47ms]
[2022-10-03T06:48:27.987Z] > git status -z -uall [1069ms]
[2022-10-03T06:48:27.994Z] > git symbolic-ref --short HEAD [2ms]
[2022-10-03T06:48:28.001Z] > git for-each-ref --format=%(refname)%00%(upstream:short)%00%(objectname)%00%(upstream:track)%00%(upstream:remotename)%00%(upstream:remoteref) refs/heads/main refs/remotes/main [2ms]
[2022-10-03T06:48:28.012Z] > git for-each-ref --sort -committerdate --format %(refname) %(objectname) %(*objectname) [6ms]
[2022-10-03T06:48:28.014Z] > git remote --verbose [3ms]
[2022-10-03T06:48:28.123Z] > git config --get commit.template [3ms]
[2022-10-03T06:48:30.378Z] > git status -z -uall [1169ms]
[2022-10-03T06:48:30.386Z] > git symbolic-ref --short HEAD [2ms]
[2022-10-03T06:48:30.392Z] > git for-each-ref --format=%(refname)%00%(upstream:short)%00%(objectname)%00%(upstream:track)%00%(upstream:remotename)%00%(upstream:remoteref) refs/heads/main refs/remotes/main [2ms]
[2022-10-03T06:48:30.402Z] > git for-each-ref --sort -committerdate --format %(refname) %(objectname) %(*objectname) [6ms]
[2022-10-03T06:48:30.404Z] > git remote --verbose [3ms]
[2022-10-03T06:48:30.500Z] > git config --get commit.template [5ms]
[2022-10-03T06:48:36.528Z] > git status -z -uall [1018ms]
[2022-10-03T06:48:36.576Z] > git symbolic-ref --short HEAD [22ms]
[2022-10-03T06:48:36.590Z] > git for-each-ref --format=%(refname)%00%(upstream:short)%00%(objectname)%00%(upstream:track)%00%(upstream:remotename)%00%(upstream:remoteref) refs/heads/main refs/remotes/main [4ms]
[2022-10-03T06:48:36.600Z] > git for-each-ref --sort -committerdate --format %(refname) %(objectname) %(*objectname) [5ms]
[2022-10-03T06:48:36.603Z] > git remote --verbose [4ms]
[2022-10-03T06:48:36.698Z] > git config --get commit.template [3ms]
[2022-10-03T06:48:42.680Z] > git status -z -uall [975ms]
[2022-10-03T06:48:42.687Z] > git symbolic-ref --short HEAD [3ms]
[2022-10-03T06:48:42.693Z] > git for-each-ref --format=%(refname)%00%(upstream:short)%00%(objectname)%00%(upstream:track)%00%(upstream:remotename)%00%(upstream:remoteref) refs/heads/main refs/remotes/main [2ms]
[2022-10-03T06:48:42.702Z] > git for-each-ref --sort -committerdate --format %(refname) %(objectname) %(*objectname) [5ms]
[2022-10-03T06:48:42.705Z] > git remote --verbose [3ms]
[2022-10-03T06:48:42.781Z] > git config --get commit.template [3ms]
[2022-10-03T07:00:31.928Z] > git status -z -uall [980ms]
[2022-10-03T07:00:31.934Z] > git symbolic-ref --short HEAD [2ms]
[2022-10-03T07:00:31.942Z] > git for-each-ref --format=%(refname)%00%(upstream:short)%00%(objectname)%00%(upstream:track)%00%(upstream:remotename)%00%(upstream:remoteref) refs/heads/main refs/remotes/main [2ms]
[2022-10-03T07:00:31.949Z] > git for-each-ref --sort -committerdate --format %(refname) %(objectname) %(*objectname) [4ms]
[2022-10-03T07:00:31.952Z] > git remote --verbose [3ms]
[2022-10-03T07:00:32.077Z] > git config --get commit.template [23ms]
[2022-10-03T07:00:38.062Z] > git status -z -uall [968ms]
[2022-10-03T07:00:38.072Z] > git symbolic-ref --short HEAD [5ms]
[2022-10-03T07:00:38.077Z] > git for-each-ref --format=%(refname)%00%(upstream:short)%00%(objectname)%00%(upstream:track)%00%(upstream:remotename)%00%(upstream:remoteref) refs/heads/main refs/remotes/main [1ms]
[2022-10-03T07:00:38.087Z] > git for-each-ref --sort -committerdate --format %(refname) %(objectname) %(*objectname) [6ms]
[2022-10-03T07:00:38.089Z] > git remote --verbose [3ms]
[2022-10-03T07:00:38.168Z] > git config --get commit.template [3ms]
[2022-10-03T07:00:44.431Z] > git status -z -uall [1207ms]
[2022-10-03T07:00:44.439Z] > git symbolic-ref --short HEAD [2ms]
[2022-10-03T07:00:44.445Z] > git for-each-ref --format=%(refname)%00%(upstream:short)%00%(objectname)%00%(upstream:track)%00%(upstream:remotename)%00%(upstream:remoteref) refs/heads/main refs/remotes/main [2ms]
[2022-10-03T07:00:44.455Z] > git for-each-ref --sort -committerdate --format %(refname) %(objectname) %(*objectname) [6ms]
[2022-10-03T07:00:44.457Z] > git remote --verbose [3ms]
[2022-10-03T07:00:44.543Z] > git config --get commit.template [3ms]
[2022-10-03T10:06:00.392Z] > git status -z -uall [991ms]
[2022-10-03T10:06:00.400Z] > git symbolic-ref --short HEAD [3ms]
[2022-10-03T10:06:00.406Z] > git for-each-ref --format=%(refname)%00%(upstream:short)%00%(objectname)%00%(upstream:track)%00%(upstream:remotename)%00%(upstream:remoteref) refs/heads/main refs/remotes/main [2ms]
[2022-10-03T10:06:00.417Z] > git for-each-ref --sort -committerdate --format %(refname) %(objectname) %(*objectname) [7ms]
[2022-10-03T10:06:00.419Z] > git remote --verbose [4ms]
[2022-10-03T10:06:01.519Z] > git config --get commit.template [49ms]
[2022-10-03T10:06:07.741Z] > git status -z -uall [971ms]
[2022-10-03T10:06:07.748Z] > git symbolic-ref --short HEAD [2ms]
[2022-10-03T10:06:07.754Z] > git for-each-ref --format=%(refname)%00%(upstream:short)%00%(objectname)%00%(upstream:track)%00%(upstream:remotename)%00%(upstream:remoteref) refs/heads/main refs/remotes/main [2ms]
[2022-10-03T10:06:07.762Z] > git for-each-ref --sort -committerdate --format %(refname) %(objectname) %(*objectname) [5ms]
[2022-10-03T10:06:07.765Z] > git remote --verbose [3ms]
[2022-10-03T10:06:07.840Z] > git config --get commit.template [3ms]
