[2022-10-06T06:25:21.223Z] Log level: Info
[2022-10-06T06:25:21.251Z] [info] Validating found git in: git
[2022-10-06T06:25:21.411Z] [info] Using git 2.34.1 from git
[2022-10-06T06:25:21.477Z] > git rev-parse --show-toplevel [16ms]
[2022-10-06T06:25:21.477Z] fatal: detected dubious ownership in repository at '/home/ubuntu/jinkange'
To add an exception for this directory, call:

	git config --global --add safe.directory /home/ubuntu/jinkange
[2022-10-06T06:25:21.534Z] > git rev-parse --show-toplevel [26ms]
[2022-10-06T06:25:21.534Z] fatal: detected dubious ownership in repository at '/home/ubuntu/jinkange'
To add an exception for this directory, call:

	git config --global --add safe.directory /home/ubuntu/jinkange
[2022-10-06T06:25:21.561Z] > git rev-parse --show-toplevel [12ms]
[2022-10-06T06:25:21.561Z] fatal: detected dubious ownership in repository at '/home/ubuntu/jinkange'
To add an exception for this directory, call:

	git config --global --add safe.directory /home/ubuntu/jinkange
[2022-10-06T06:25:21.583Z] > git rev-parse --show-toplevel [10ms]
[2022-10-06T06:25:21.583Z] fatal: detected dubious ownership in repository at '/home/ubuntu/jinkange'
To add an exception for this directory, call:

	git config --global --add safe.directory /home/ubuntu/jinkange
[2022-10-06T06:25:21.831Z] > git rev-parse --show-toplevel [29ms]
[2022-10-06T06:25:21.831Z] fatal: detected dubious ownership in repository at '/home/ubuntu/jinkange'
To add an exception for this directory, call:

	git config --global --add safe.directory /home/ubuntu/jinkange
[2022-10-06T06:25:21.875Z] > git rev-parse --show-toplevel [18ms]
[2022-10-06T06:25:21.875Z] fatal: detected dubious ownership in repository at '/home/ubuntu/jinkange'
To add an exception for this directory, call:

	git config --global --add safe.directory /home/ubuntu/jinkange
[2022-10-06T06:25:21.883Z] > git rev-parse --show-toplevel [3ms]
[2022-10-06T06:25:21.883Z] fatal: detected dubious ownership in repository at '/home/ubuntu/jinkange'
To add an exception for this directory, call:

	git config --global --add safe.directory /home/ubuntu/jinkange
[2022-10-06T06:25:21.889Z] > git rev-parse --show-toplevel [2ms]
[2022-10-06T06:25:21.889Z] fatal: detected dubious ownership in repository at '/home/ubuntu/jinkange'
To add an exception for this directory, call:

	git config --global --add safe.directory /home/ubuntu/jinkange
[2022-10-06T06:25:26.999Z] > git rev-parse --show-toplevel [8ms]
[2022-10-06T06:25:26.999Z] fatal: detected dubious ownership in repository at '/home/ubuntu/jinkange'
To add an exception for this directory, call:

	git config --global --add safe.directory /home/ubuntu/jinkange
