*
* Visual Studio Code Server
*
* By using the software, you agree to
* the Visual Studio Code Server License Terms (https://aka.ms/vscode-server-license) and
* the Microsoft Privacy Statement (https://privacy.microsoft.com/en-US/privacystatement).
*
Server bound to 127.0.0.1:41333 (IPv4)
Extension host agent listening on 41333

[04:22:45] Extension host agent started.
[04:22:45] [127.0.0.1][dbf86dd0][ManagementConnection] New connection established.
[04:22:45] [127.0.0.1][ea77403a][ExtensionHostConnection] New connection established.
[04:22:45] [127.0.0.1][ea77403a][ExtensionHostConnection] <2118> Launched Extension Host Process.
[IPC Library: Pty Host]  WARN Shell integration cannot be enabled for executable "/bin/sh" and args [
  '-c',
  'wget --version > /dev/null\n' +
    'if [ $? -eq 0 ]\n' +
    'then\n' +
    "\twget --connect-timeout=7 --tries=1 --dns-timeout=7 -q --header='Metadata:true' -O - http://169.254.169.254/metadata/instance?api-version=2019-03-11\n" +
    'else\n' +
    '\tcurl --version > /dev/null\n' +
    '\tif [ $? -eq 0 ]\n' +
    '\tthen\n' +
    "\t\tcurl --connect-timeout 7 -s --header='Metadata:true' http://169.254.169.254/metadata/instance?api-version=2019-03-11\n" +
    '\tfi\n' +
    'fi\n' +
    'exit 0'
]
[IPC Library: Pty Host]  WARN Shell integration cannot be enabled for executable "/bin/sh" and args [
  '-c',
  'wget --version > /dev/null\n' +
    'if [ $? -eq 0 ]\n' +
    'then\n' +
    '\twget --connect-timeout=7 --tries=1 --dns-timeout=7 -q  -O - http://169.254.169.254/latest/meta-data/instance-id\n' +
    'else\n' +
    '\tcurl --version > /dev/null\n' +
    '\tif [ $? -eq 0 ]\n' +
    '\tthen\n' +
    '\t\tcurl --connect-timeout 7 -s  http://169.254.169.254/latest/meta-data/instance-id\n' +
    '\tfi\n' +
    'fi\n' +
    'exit 0'
]
[IPC Library: Pty Host]  WARN Shell integration cannot be enabled for executable "/bin/sh" and args [
  '-c',
  'wget --version > /dev/null\n' +
    'if [ $? -eq 0 ]\n' +
    'then\n' +
    '\twget --connect-timeout=7 --tries=1 --dns-timeout=7 -q  -O - http://169.254.169.254/metadata/v1/id\n' +
    'else\n' +
    '\tcurl --version > /dev/null\n' +
    '\tif [ $? -eq 0 ]\n' +
    '\tthen\n' +
    '\t\tcurl --connect-timeout 7 -s  http://169.254.169.254/metadata/v1/id\n' +
    '\tfi\n' +
    'fi\n' +
    'exit 0'
]
[IPC Library: Pty Host]  WARN Shell integration cannot be enabled for executable "/bin/sh" and args [
  '-c',
  'wget --version > /dev/null\n' +
    'if [ $? -eq 0 ]\n' +
    'then\n' +
    "\twget --connect-timeout=7 --tries=1 --dns-timeout=7 -q --header='Metadata-Flavor:Google' -O - http://metadata.google.internal/computeMetadata/v1/instance/id\n" +
    'else\n' +
    '\tcurl --version > /dev/null\n' +
    '\tif [ $? -eq 0 ]\n' +
    '\tthen\n' +
    "\t\tcurl --connect-timeout 7 -s --header='Metadata-Flavor:Google' http://metadata.google.internal/computeMetadata/v1/instance/id\n" +
    '\tfi\n' +
    'fi\n' +
    'exit 0'
]
[04:22:50] [127.0.0.1][dbf86dd0][ManagementConnection] The client has disconnected gracefully, so the connection will be disposed.
[04:22:50] [127.0.0.1][ea77403a][ExtensionHostConnection] <2118> Extension Host Process exited with code: 0, signal: null.
Last EH closed, waiting before shutting down
[04:22:50] Last EH closed, waiting before shutting down
Got delay-shutdown request while in shutdown timeout, delaying
[04:22:56] Got delay-shutdown request while in shutdown timeout, delaying
Cancelling previous shutdown timeout
[04:22:56] Cancelling previous shutdown timeout
[04:22:57] [127.0.0.1][0121c877][ManagementConnection] New connection established.
[04:22:57] [127.0.0.1][341c62cc][ExtensionHostConnection] New connection established.
[04:22:57] [127.0.0.1][341c62cc][ExtensionHostConnection] <2277> Launched Extension Host Process.
[IPC Library: Pty Host]  WARN Shell integration cannot be enabled for executable "/bin/sh" and args [
  '-c',
  'wget --version > /dev/null\n' +
    'if [ $? -eq 0 ]\n' +
    'then\n' +
    "\twget --connect-timeout=7 --tries=1 --dns-timeout=7 -q --header='Metadata:true' -O - http://169.254.169.254/metadata/instance?api-version=2019-03-11\n" +
    'else\n' +
    '\tcurl --version > /dev/null\n' +
    '\tif [ $? -eq 0 ]\n' +
    '\tthen\n' +
    "\t\tcurl --connect-timeout 7 -s --header='Metadata:true' http://169.254.169.254/metadata/instance?api-version=2019-03-11\n" +
    '\tfi\n' +
    'fi\n' +
    'exit 0'
]
[IPC Library: Pty Host]  WARN Shell integration cannot be enabled for executable "/bin/sh" and args [
  '-c',
  'wget --version > /dev/null\n' +
    'if [ $? -eq 0 ]\n' +
    'then\n' +
    '\twget --connect-timeout=7 --tries=1 --dns-timeout=7 -q  -O - http://169.254.169.254/latest/meta-data/instance-id\n' +
    'else\n' +
    '\tcurl --version > /dev/null\n' +
    '\tif [ $? -eq 0 ]\n' +
    '\tthen\n' +
    '\t\tcurl --connect-timeout 7 -s  http://169.254.169.254/latest/meta-data/instance-id\n' +
    '\tfi\n' +
    'fi\n' +
    'exit 0'
]
[IPC Library: Pty Host]  WARN Shell integration cannot be enabled for executable "/bin/sh" and args [
  '-c',
  'wget --version > /dev/null\n' +
    'if [ $? -eq 0 ]\n' +
    'then\n' +
    '\twget --connect-timeout=7 --tries=1 --dns-timeout=7 -q  -O - http://169.254.169.254/metadata/v1/id\n' +
    'else\n' +
    '\tcurl --version > /dev/null\n' +
    '\tif [ $? -eq 0 ]\n' +
    '\tthen\n' +
    '\t\tcurl --connect-timeout 7 -s  http://169.254.169.254/metadata/v1/id\n' +
    '\tfi\n' +
    'fi\n' +
    'exit 0'
]
[IPC Library: Pty Host]  WARN Shell integration cannot be enabled for executable "/bin/sh" and args [
  '-c',
  'wget --version > /dev/null\n' +
    'if [ $? -eq 0 ]\n' +
    'then\n' +
    "\twget --connect-timeout=7 --tries=1 --dns-timeout=7 -q --header='Metadata-Flavor:Google' -O - http://metadata.google.internal/computeMetadata/v1/instance/id\n" +
    'else\n' +
    '\tcurl --version > /dev/null\n' +
    '\tif [ $? -eq 0 ]\n' +
    '\tthen\n' +
    "\t\tcurl --connect-timeout 7 -s --header='Metadata-Flavor:Google' http://metadata.google.internal/computeMetadata/v1/instance/id\n" +
    '\tfi\n' +
    'fi\n' +
    'exit 0'
]
rejected promise not handled within 1 second: CodeExpectedError: Could not find pty on pty host
stack trace: CodeExpectedError: Could not find pty on pty host,    at a._throwIfNoPty (/home/ubuntu/.vscode-server/bin/64bbfbf67ada9953918d72e1df2f4d8e537d340e/out/vs/platform/terminal/node/ptyHostMain.js:27:7252),    at a.updateTitle (/home/ubuntu/.vscode-server/bin/64bbfbf67ada9953918d72e1df2f4d8e537d340e/out/vs/platform/terminal/node/ptyHostMain.js:27:2984),    at Object.call (/home/ubuntu/.vscode-server/bin/64bbfbf67ada9953918d72e1df2f4d8e537d340e/out/vs/platform/terminal/node/ptyHostMain.js:16:8386),    at c.onPromise (/home/ubuntu/.vscode-server/bin/64bbfbf67ada9953918d72e1df2f4d8e537d340e/out/vs/platform/terminal/node/ptyHostMain.js:15:5833),    at c.onRawMessage (/home/ubuntu/.vscode-server/bin/64bbfbf67ada9953918d72e1df2f4d8e537d340e/out/vs/platform/terminal/node/ptyHostMain.js:15:5216),    at /home/ubuntu/.vscode-server/bin/64bbfbf67ada9953918d72e1df2f4d8e537d340e/out/vs/platform/terminal/node/ptyHostMain.js:15:4502,    at m.invoke (/home/ubuntu/.vscode-server/bin/64bbfbf67ada9953918d72e1df2f4d8e537d340e/out/vs/platform/terminal/node/ptyHostMain.js:11:145),    at D.deliver (/home/ubuntu/.vscode-server/bin/64bbfbf67ada9953918d72e1df2f4d8e537d340e/out/vs/platform/terminal/node/ptyHostMain.js:11:2275),    at O.fire (/home/ubuntu/.vscode-server/bin/64bbfbf67ada9953918d72e1df2f4d8e537d340e/out/vs/platform/terminal/node/ptyHostMain.js:11:1853),    at process.X (/home/ubuntu/.vscode-server/bin/64bbfbf67ada9953918d72e1df2f4d8e537d340e/out/vs/platform/terminal/node/ptyHostMain.js:9:20837),    at process.emit (node:events:526:28),    at emit (node:internal/child_process:938:14),    at processTicksAndRejections (node:internal/process/task_queues:84:21)
[04:22:59] [Error [CodeExpectedError]: Could not find pty on pty host,    at a._throwIfNoPty (/home/ubuntu/.vscode-server/bin/64bbfbf67ada9953918d72e1df2f4d8e537d340e/out/vs/platform/terminal/node/ptyHostMain.js:27:7252),    at a.updateTitle (/home/ubuntu/.vscode-server/bin/64bbfbf67ada9953918d72e1df2f4d8e537d340e/out/vs/platform/terminal/node/ptyHostMain.js:27:2984),    at Object.call (/home/ubuntu/.vscode-server/bin/64bbfbf67ada9953918d72e1df2f4d8e537d340e/out/vs/platform/terminal/node/ptyHostMain.js:16:8386),    at c.onPromise (/home/ubuntu/.vscode-server/bin/64bbfbf67ada9953918d72e1df2f4d8e537d340e/out/vs/platform/terminal/node/ptyHostMain.js:15:5833),    at c.onRawMessage (/home/ubuntu/.vscode-server/bin/64bbfbf67ada9953918d72e1df2f4d8e537d340e/out/vs/platform/terminal/node/ptyHostMain.js:15:5216),    at /home/ubuntu/.vscode-server/bin/64bbfbf67ada9953918d72e1df2f4d8e537d340e/out/vs/platform/terminal/node/ptyHostMain.js:15:4502,    at m.invoke (/home/ubuntu/.vscode-server/bin/64bbfbf67ada9953918d72e1df2f4d8e537d340e/out/vs/platform/terminal/node/ptyHostMain.js:11:145),    at D.deliver (/home/ubuntu/.vscode-server/bin/64bbfbf67ada9953918d72e1df2f4d8e537d340e/out/vs/platform/terminal/node/ptyHostMain.js:11:2275),    at O.fire (/home/ubuntu/.vscode-server/bin/64bbfbf67ada9953918d72e1df2f4d8e537d340e/out/vs/platform/terminal/node/ptyHostMain.js:11:1853),    at process.X (/home/ubuntu/.vscode-server/bin/64bbfbf67ada9953918d72e1df2f4d8e537d340e/out/vs/platform/terminal/node/ptyHostMain.js:9:20837),    at process.emit (node:events:526:28),    at emit (node:internal/child_process:938:14),    at processTicksAndRejections (node:internal/process/task_queues:84:21)]
rejected promise not handled within 1 second: Error: connect ECONNREFUSED 127.0.0.1:3001
stack trace: Error: connect ECONNREFUSED 127.0.0.1:3001
    at TCPConnectWrap.afterConnect [as oncomplete] (node:net:1157:16)
[04:24:21] Error: connect ECONNREFUSED 127.0.0.1:3001
    at TCPConnectWrap.afterConnect [as oncomplete] (node:net:1157:16) {
  errno: -111,
  code: 'ECONNREFUSED',
  syscall: 'connect',
  address: '127.0.0.1',
  port: 3001
}
rejected promise not handled within 1 second: Error: connect ECONNREFUSED 127.0.0.1:3001
stack trace: Error: connect ECONNREFUSED 127.0.0.1:3001
    at TCPConnectWrap.afterConnect [as oncomplete] (node:net:1157:16)
[04:24:21] Error: connect ECONNREFUSED 127.0.0.1:3001
    at TCPConnectWrap.afterConnect [as oncomplete] (node:net:1157:16) {
  errno: -111,
  code: 'ECONNREFUSED',
  syscall: 'connect',
  address: '127.0.0.1',
  port: 3001
}
New EH opened, aborting shutdown
[04:27:56] New EH opened, aborting shutdown
[05:16:25] [127.0.0.1][0121c877][ManagementConnection] The client has reconnected.
rejected promise not handled within 1 second: CodeExpectedError: Could not find pty on pty host
stack trace: CodeExpectedError: Could not find pty on pty host,    at a._throwIfNoPty (/home/ubuntu/.vscode-server/bin/64bbfbf67ada9953918d72e1df2f4d8e537d340e/out/vs/platform/terminal/node/ptyHostMain.js:27:7252),    at a.updateIcon (/home/ubuntu/.vscode-server/bin/64bbfbf67ada9953918d72e1df2f4d8e537d340e/out/vs/platform/terminal/node/ptyHostMain.js:27:3046),    at Object.call (/home/ubuntu/.vscode-server/bin/64bbfbf67ada9953918d72e1df2f4d8e537d340e/out/vs/platform/terminal/node/ptyHostMain.js:16:8386),    at c.onPromise (/home/ubuntu/.vscode-server/bin/64bbfbf67ada9953918d72e1df2f4d8e537d340e/out/vs/platform/terminal/node/ptyHostMain.js:15:5833),    at c.onRawMessage (/home/ubuntu/.vscode-server/bin/64bbfbf67ada9953918d72e1df2f4d8e537d340e/out/vs/platform/terminal/node/ptyHostMain.js:15:5216),    at /home/ubuntu/.vscode-server/bin/64bbfbf67ada9953918d72e1df2f4d8e537d340e/out/vs/platform/terminal/node/ptyHostMain.js:15:4502,    at m.invoke (/home/ubuntu/.vscode-server/bin/64bbfbf67ada9953918d72e1df2f4d8e537d340e/out/vs/platform/terminal/node/ptyHostMain.js:11:145),    at D.deliver (/home/ubuntu/.vscode-server/bin/64bbfbf67ada9953918d72e1df2f4d8e537d340e/out/vs/platform/terminal/node/ptyHostMain.js:11:2275),    at O.fire (/home/ubuntu/.vscode-server/bin/64bbfbf67ada9953918d72e1df2f4d8e537d340e/out/vs/platform/terminal/node/ptyHostMain.js:11:1853),    at process.X (/home/ubuntu/.vscode-server/bin/64bbfbf67ada9953918d72e1df2f4d8e537d340e/out/vs/platform/terminal/node/ptyHostMain.js:9:20837),    at process.emit (node:events:526:28),    at emit (node:internal/child_process:938:14),    at processTicksAndRejections (node:internal/process/task_queues:84:21)
[05:16:26] [Error [CodeExpectedError]: Could not find pty on pty host,    at a._throwIfNoPty (/home/ubuntu/.vscode-server/bin/64bbfbf67ada9953918d72e1df2f4d8e537d340e/out/vs/platform/terminal/node/ptyHostMain.js:27:7252),    at a.updateIcon (/home/ubuntu/.vscode-server/bin/64bbfbf67ada9953918d72e1df2f4d8e537d340e/out/vs/platform/terminal/node/ptyHostMain.js:27:3046),    at Object.call (/home/ubuntu/.vscode-server/bin/64bbfbf67ada9953918d72e1df2f4d8e537d340e/out/vs/platform/terminal/node/ptyHostMain.js:16:8386),    at c.onPromise (/home/ubuntu/.vscode-server/bin/64bbfbf67ada9953918d72e1df2f4d8e537d340e/out/vs/platform/terminal/node/ptyHostMain.js:15:5833),    at c.onRawMessage (/home/ubuntu/.vscode-server/bin/64bbfbf67ada9953918d72e1df2f4d8e537d340e/out/vs/platform/terminal/node/ptyHostMain.js:15:5216),    at /home/ubuntu/.vscode-server/bin/64bbfbf67ada9953918d72e1df2f4d8e537d340e/out/vs/platform/terminal/node/ptyHostMain.js:15:4502,    at m.invoke (/home/ubuntu/.vscode-server/bin/64bbfbf67ada9953918d72e1df2f4d8e537d340e/out/vs/platform/terminal/node/ptyHostMain.js:11:145),    at D.deliver (/home/ubuntu/.vscode-server/bin/64bbfbf67ada9953918d72e1df2f4d8e537d340e/out/vs/platform/terminal/node/ptyHostMain.js:11:2275),    at O.fire (/home/ubuntu/.vscode-server/bin/64bbfbf67ada9953918d72e1df2f4d8e537d340e/out/vs/platform/terminal/node/ptyHostMain.js:11:1853),    at process.X (/home/ubuntu/.vscode-server/bin/64bbfbf67ada9953918d72e1df2f4d8e537d340e/out/vs/platform/terminal/node/ptyHostMain.js:9:20837),    at process.emit (node:events:526:28),    at emit (node:internal/child_process:938:14),    at processTicksAndRejections (node:internal/process/task_queues:84:21)]
rejected promise not handled within 1 second: CodeExpectedError: Could not find pty on pty host
stack trace: CodeExpectedError: Could not find pty on pty host,    at a._throwIfNoPty (/home/ubuntu/.vscode-server/bin/64bbfbf67ada9953918d72e1df2f4d8e537d340e/out/vs/platform/terminal/node/ptyHostMain.js:27:7252),    at a.updateTitle (/home/ubuntu/.vscode-server/bin/64bbfbf67ada9953918d72e1df2f4d8e537d340e/out/vs/platform/terminal/node/ptyHostMain.js:27:2984),    at Object.call (/home/ubuntu/.vscode-server/bin/64bbfbf67ada9953918d72e1df2f4d8e537d340e/out/vs/platform/terminal/node/ptyHostMain.js:16:8386),    at c.onPromise (/home/ubuntu/.vscode-server/bin/64bbfbf67ada9953918d72e1df2f4d8e537d340e/out/vs/platform/terminal/node/ptyHostMain.js:15:5833),    at c.onRawMessage (/home/ubuntu/.vscode-server/bin/64bbfbf67ada9953918d72e1df2f4d8e537d340e/out/vs/platform/terminal/node/ptyHostMain.js:15:5216),    at /home/ubuntu/.vscode-server/bin/64bbfbf67ada9953918d72e1df2f4d8e537d340e/out/vs/platform/terminal/node/ptyHostMain.js:15:4502,    at m.invoke (/home/ubuntu/.vscode-server/bin/64bbfbf67ada9953918d72e1df2f4d8e537d340e/out/vs/platform/terminal/node/ptyHostMain.js:11:145),    at D.deliver (/home/ubuntu/.vscode-server/bin/64bbfbf67ada9953918d72e1df2f4d8e537d340e/out/vs/platform/terminal/node/ptyHostMain.js:11:2275),    at O.fire (/home/ubuntu/.vscode-server/bin/64bbfbf67ada9953918d72e1df2f4d8e537d340e/out/vs/platform/terminal/node/ptyHostMain.js:11:1853),    at process.X (/home/ubuntu/.vscode-server/bin/64bbfbf67ada9953918d72e1df2f4d8e537d340e/out/vs/platform/terminal/node/ptyHostMain.js:9:20837),    at process.emit (node:events:526:28),    at emit (node:internal/child_process:938:14),    at processTicksAndRejections (node:internal/process/task_queues:84:21)
[05:16:26] [Error [CodeExpectedError]: Could not find pty on pty host,    at a._throwIfNoPty (/home/ubuntu/.vscode-server/bin/64bbfbf67ada9953918d72e1df2f4d8e537d340e/out/vs/platform/terminal/node/ptyHostMain.js:27:7252),    at a.updateTitle (/home/ubuntu/.vscode-server/bin/64bbfbf67ada9953918d72e1df2f4d8e537d340e/out/vs/platform/terminal/node/ptyHostMain.js:27:2984),    at Object.call (/home/ubuntu/.vscode-server/bin/64bbfbf67ada9953918d72e1df2f4d8e537d340e/out/vs/platform/terminal/node/ptyHostMain.js:16:8386),    at c.onPromise (/home/ubuntu/.vscode-server/bin/64bbfbf67ada9953918d72e1df2f4d8e537d340e/out/vs/platform/terminal/node/ptyHostMain.js:15:5833),    at c.onRawMessage (/home/ubuntu/.vscode-server/bin/64bbfbf67ada9953918d72e1df2f4d8e537d340e/out/vs/platform/terminal/node/ptyHostMain.js:15:5216),    at /home/ubuntu/.vscode-server/bin/64bbfbf67ada9953918d72e1df2f4d8e537d340e/out/vs/platform/terminal/node/ptyHostMain.js:15:4502,    at m.invoke (/home/ubuntu/.vscode-server/bin/64bbfbf67ada9953918d72e1df2f4d8e537d340e/out/vs/platform/terminal/node/ptyHostMain.js:11:145),    at D.deliver (/home/ubuntu/.vscode-server/bin/64bbfbf67ada9953918d72e1df2f4d8e537d340e/out/vs/platform/terminal/node/ptyHostMain.js:11:2275),    at O.fire (/home/ubuntu/.vscode-server/bin/64bbfbf67ada9953918d72e1df2f4d8e537d340e/out/vs/platform/terminal/node/ptyHostMain.js:11:1853),    at process.X (/home/ubuntu/.vscode-server/bin/64bbfbf67ada9953918d72e1df2f4d8e537d340e/out/vs/platform/terminal/node/ptyHostMain.js:9:20837),    at process.emit (node:events:526:28),    at emit (node:internal/child_process:938:14),    at processTicksAndRejections (node:internal/process/task_queues:84:21)]
rejected promise not handled within 1 second: CodeExpectedError: Could not find pty on pty host
stack trace: CodeExpectedError: Could not find pty on pty host,    at a._throwIfNoPty (/home/ubuntu/.vscode-server/bin/64bbfbf67ada9953918d72e1df2f4d8e537d340e/out/vs/platform/terminal/node/ptyHostMain.js:27:7252),    at a.updateTitle (/home/ubuntu/.vscode-server/bin/64bbfbf67ada9953918d72e1df2f4d8e537d340e/out/vs/platform/terminal/node/ptyHostMain.js:27:2984),    at Object.call (/home/ubuntu/.vscode-server/bin/64bbfbf67ada9953918d72e1df2f4d8e537d340e/out/vs/platform/terminal/node/ptyHostMain.js:16:8386),    at c.onPromise (/home/ubuntu/.vscode-server/bin/64bbfbf67ada9953918d72e1df2f4d8e537d340e/out/vs/platform/terminal/node/ptyHostMain.js:15:5833),    at c.onRawMessage (/home/ubuntu/.vscode-server/bin/64bbfbf67ada9953918d72e1df2f4d8e537d340e/out/vs/platform/terminal/node/ptyHostMain.js:15:5216),    at /home/ubuntu/.vscode-server/bin/64bbfbf67ada9953918d72e1df2f4d8e537d340e/out/vs/platform/terminal/node/ptyHostMain.js:15:4502,    at m.invoke (/home/ubuntu/.vscode-server/bin/64bbfbf67ada9953918d72e1df2f4d8e537d340e/out/vs/platform/terminal/node/ptyHostMain.js:11:145),    at D.deliver (/home/ubuntu/.vscode-server/bin/64bbfbf67ada9953918d72e1df2f4d8e537d340e/out/vs/platform/terminal/node/ptyHostMain.js:11:2275),    at O.fire (/home/ubuntu/.vscode-server/bin/64bbfbf67ada9953918d72e1df2f4d8e537d340e/out/vs/platform/terminal/node/ptyHostMain.js:11:1853),    at process.X (/home/ubuntu/.vscode-server/bin/64bbfbf67ada9953918d72e1df2f4d8e537d340e/out/vs/platform/terminal/node/ptyHostMain.js:9:20837),    at process.emit (node:events:526:28),    at emit (node:internal/child_process:938:14),    at processTicksAndRejections (node:internal/process/task_queues:84:21)
[05:16:26] [Error [CodeExpectedError]: Could not find pty on pty host,    at a._throwIfNoPty (/home/ubuntu/.vscode-server/bin/64bbfbf67ada9953918d72e1df2f4d8e537d340e/out/vs/platform/terminal/node/ptyHostMain.js:27:7252),    at a.updateTitle (/home/ubuntu/.vscode-server/bin/64bbfbf67ada9953918d72e1df2f4d8e537d340e/out/vs/platform/terminal/node/ptyHostMain.js:27:2984),    at Object.call (/home/ubuntu/.vscode-server/bin/64bbfbf67ada9953918d72e1df2f4d8e537d340e/out/vs/platform/terminal/node/ptyHostMain.js:16:8386),    at c.onPromise (/home/ubuntu/.vscode-server/bin/64bbfbf67ada9953918d72e1df2f4d8e537d340e/out/vs/platform/terminal/node/ptyHostMain.js:15:5833),    at c.onRawMessage (/home/ubuntu/.vscode-server/bin/64bbfbf67ada9953918d72e1df2f4d8e537d340e/out/vs/platform/terminal/node/ptyHostMain.js:15:5216),    at /home/ubuntu/.vscode-server/bin/64bbfbf67ada9953918d72e1df2f4d8e537d340e/out/vs/platform/terminal/node/ptyHostMain.js:15:4502,    at m.invoke (/home/ubuntu/.vscode-server/bin/64bbfbf67ada9953918d72e1df2f4d8e537d340e/out/vs/platform/terminal/node/ptyHostMain.js:11:145),    at D.deliver (/home/ubuntu/.vscode-server/bin/64bbfbf67ada9953918d72e1df2f4d8e537d340e/out/vs/platform/terminal/node/ptyHostMain.js:11:2275),    at O.fire (/home/ubuntu/.vscode-server/bin/64bbfbf67ada9953918d72e1df2f4d8e537d340e/out/vs/platform/terminal/node/ptyHostMain.js:11:1853),    at process.X (/home/ubuntu/.vscode-server/bin/64bbfbf67ada9953918d72e1df2f4d8e537d340e/out/vs/platform/terminal/node/ptyHostMain.js:9:20837),    at process.emit (node:events:526:28),    at emit (node:internal/child_process:938:14),    at processTicksAndRejections (node:internal/process/task_queues:84:21)]
rejected promise not handled within 1 second: CodeExpectedError: Could not find pty on pty host
stack trace: CodeExpectedError: Could not find pty on pty host,    at a._throwIfNoPty (/home/ubuntu/.vscode-server/bin/64bbfbf67ada9953918d72e1df2f4d8e537d340e/out/vs/platform/terminal/node/ptyHostMain.js:27:7252),    at a.updateTitle (/home/ubuntu/.vscode-server/bin/64bbfbf67ada9953918d72e1df2f4d8e537d340e/out/vs/platform/terminal/node/ptyHostMain.js:27:2984),    at Object.call (/home/ubuntu/.vscode-server/bin/64bbfbf67ada9953918d72e1df2f4d8e537d340e/out/vs/platform/terminal/node/ptyHostMain.js:16:8386),    at c.onPromise (/home/ubuntu/.vscode-server/bin/64bbfbf67ada9953918d72e1df2f4d8e537d340e/out/vs/platform/terminal/node/ptyHostMain.js:15:5833),    at c.onRawMessage (/home/ubuntu/.vscode-server/bin/64bbfbf67ada9953918d72e1df2f4d8e537d340e/out/vs/platform/terminal/node/ptyHostMain.js:15:5216),    at /home/ubuntu/.vscode-server/bin/64bbfbf67ada9953918d72e1df2f4d8e537d340e/out/vs/platform/terminal/node/ptyHostMain.js:15:4502,    at m.invoke (/home/ubuntu/.vscode-server/bin/64bbfbf67ada9953918d72e1df2f4d8e537d340e/out/vs/platform/terminal/node/ptyHostMain.js:11:145),    at D.deliver (/home/ubuntu/.vscode-server/bin/64bbfbf67ada9953918d72e1df2f4d8e537d340e/out/vs/platform/terminal/node/ptyHostMain.js:11:2275),    at O.fire (/home/ubuntu/.vscode-server/bin/64bbfbf67ada9953918d72e1df2f4d8e537d340e/out/vs/platform/terminal/node/ptyHostMain.js:11:1853),    at process.X (/home/ubuntu/.vscode-server/bin/64bbfbf67ada9953918d72e1df2f4d8e537d340e/out/vs/platform/terminal/node/ptyHostMain.js:9:20837),    at process.emit (node:events:526:28),    at emit (node:internal/child_process:938:14),    at processTicksAndRejections (node:internal/process/task_queues:84:21)
[05:16:27] [Error [CodeExpectedError]: Could not find pty on pty host,    at a._throwIfNoPty (/home/ubuntu/.vscode-server/bin/64bbfbf67ada9953918d72e1df2f4d8e537d340e/out/vs/platform/terminal/node/ptyHostMain.js:27:7252),    at a.updateTitle (/home/ubuntu/.vscode-server/bin/64bbfbf67ada9953918d72e1df2f4d8e537d340e/out/vs/platform/terminal/node/ptyHostMain.js:27:2984),    at Object.call (/home/ubuntu/.vscode-server/bin/64bbfbf67ada9953918d72e1df2f4d8e537d340e/out/vs/platform/terminal/node/ptyHostMain.js:16:8386),    at c.onPromise (/home/ubuntu/.vscode-server/bin/64bbfbf67ada9953918d72e1df2f4d8e537d340e/out/vs/platform/terminal/node/ptyHostMain.js:15:5833),    at c.onRawMessage (/home/ubuntu/.vscode-server/bin/64bbfbf67ada9953918d72e1df2f4d8e537d340e/out/vs/platform/terminal/node/ptyHostMain.js:15:5216),    at /home/ubuntu/.vscode-server/bin/64bbfbf67ada9953918d72e1df2f4d8e537d340e/out/vs/platform/terminal/node/ptyHostMain.js:15:4502,    at m.invoke (/home/ubuntu/.vscode-server/bin/64bbfbf67ada9953918d72e1df2f4d8e537d340e/out/vs/platform/terminal/node/ptyHostMain.js:11:145),    at D.deliver (/home/ubuntu/.vscode-server/bin/64bbfbf67ada9953918d72e1df2f4d8e537d340e/out/vs/platform/terminal/node/ptyHostMain.js:11:2275),    at O.fire (/home/ubuntu/.vscode-server/bin/64bbfbf67ada9953918d72e1df2f4d8e537d340e/out/vs/platform/terminal/node/ptyHostMain.js:11:1853),    at process.X (/home/ubuntu/.vscode-server/bin/64bbfbf67ada9953918d72e1df2f4d8e537d340e/out/vs/platform/terminal/node/ptyHostMain.js:9:20837),    at process.emit (node:events:526:28),    at emit (node:internal/child_process:938:14),    at processTicksAndRejections (node:internal/process/task_queues:84:21)]
[05:16:29] [127.0.0.1][341c62cc][ExtensionHostConnection] The client has reconnected.
[05:48:33] [127.0.0.1][1b8c8129][ManagementConnection] New connection established.
[05:48:33] [127.0.0.1][4017f200][ExtensionHostConnection] New connection established.
[05:48:33] [127.0.0.1][4017f200][ExtensionHostConnection] <4199> Launched Extension Host Process.
[IPC Library: Pty Host]  WARN Shell integration cannot be enabled for executable "/bin/sh" and args [
  '-c',
  'wget --version > /dev/null\n' +
    'if [ $? -eq 0 ]\n' +
    'then\n' +
    "\twget --connect-timeout=7 --tries=1 --dns-timeout=7 -q --header='Metadata:true' -O - http://169.254.169.254/metadata/instance?api-version=2019-03-11\n" +
    'else\n' +
    '\tcurl --version > /dev/null\n' +
    '\tif [ $? -eq 0 ]\n' +
    '\tthen\n' +
    "\t\tcurl --connect-timeout 7 -s --header='Metadata:true' http://169.254.169.254/metadata/instance?api-version=2019-03-11\n" +
    '\tfi\n' +
    'fi\n' +
    'exit 0'
]
[IPC Library: Pty Host]  WARN Shell integration cannot be enabled for executable "/bin/sh" and args [
  '-c',
  'wget --version > /dev/null\n' +
    'if [ $? -eq 0 ]\n' +
    'then\n' +
    '\twget --connect-timeout=7 --tries=1 --dns-timeout=7 -q  -O - http://169.254.169.254/latest/meta-data/instance-id\n' +
    'else\n' +
    '\tcurl --version > /dev/null\n' +
    '\tif [ $? -eq 0 ]\n' +
    '\tthen\n' +
    '\t\tcurl --connect-timeout 7 -s  http://169.254.169.254/latest/meta-data/instance-id\n' +
    '\tfi\n' +
    'fi\n' +
    'exit 0'
]
[IPC Library: Pty Host]  WARN Shell integration cannot be enabled for executable "/bin/sh" and args [
  '-c',
  'wget --version > /dev/null\n' +
    'if [ $? -eq 0 ]\n' +
    'then\n' +
    '\twget --connect-timeout=7 --tries=1 --dns-timeout=7 -q  -O - http://169.254.169.254/metadata/v1/id\n' +
    'else\n' +
    '\tcurl --version > /dev/null\n' +
    '\tif [ $? -eq 0 ]\n' +
    '\tthen\n' +
    '\t\tcurl --connect-timeout 7 -s  http://169.254.169.254/metadata/v1/id\n' +
    '\tfi\n' +
    'fi\n' +
    'exit 0'
]
[IPC Library: Pty Host]  WARN Shell integration cannot be enabled for executable "/bin/sh" and args [
  '-c',
  'wget --version > /dev/null\n' +
    'if [ $? -eq 0 ]\n' +
    'then\n' +
    "\twget --connect-timeout=7 --tries=1 --dns-timeout=7 -q --header='Metadata-Flavor:Google' -O - http://metadata.google.internal/computeMetadata/v1/instance/id\n" +
    'else\n' +
    '\tcurl --version > /dev/null\n' +
    '\tif [ $? -eq 0 ]\n' +
    '\tthen\n' +
    "\t\tcurl --connect-timeout 7 -s --header='Metadata-Flavor:Google' http://metadata.google.internal/computeMetadata/v1/instance/id\n" +
    '\tfi\n' +
    'fi\n' +
    'exit 0'
]
rejected promise not handled within 1 second: CodeExpectedError: Could not find pty on pty host
stack trace: CodeExpectedError: Could not find pty on pty host,    at a._throwIfNoPty (/home/ubuntu/.vscode-server/bin/64bbfbf67ada9953918d72e1df2f4d8e537d340e/out/vs/platform/terminal/node/ptyHostMain.js:27:7252),    at a.updateTitle (/home/ubuntu/.vscode-server/bin/64bbfbf67ada9953918d72e1df2f4d8e537d340e/out/vs/platform/terminal/node/ptyHostMain.js:27:2984),    at Object.call (/home/ubuntu/.vscode-server/bin/64bbfbf67ada9953918d72e1df2f4d8e537d340e/out/vs/platform/terminal/node/ptyHostMain.js:16:8386),    at c.onPromise (/home/ubuntu/.vscode-server/bin/64bbfbf67ada9953918d72e1df2f4d8e537d340e/out/vs/platform/terminal/node/ptyHostMain.js:15:5833),    at c.onRawMessage (/home/ubuntu/.vscode-server/bin/64bbfbf67ada9953918d72e1df2f4d8e537d340e/out/vs/platform/terminal/node/ptyHostMain.js:15:5216),    at /home/ubuntu/.vscode-server/bin/64bbfbf67ada9953918d72e1df2f4d8e537d340e/out/vs/platform/terminal/node/ptyHostMain.js:15:4502,    at m.invoke (/home/ubuntu/.vscode-server/bin/64bbfbf67ada9953918d72e1df2f4d8e537d340e/out/vs/platform/terminal/node/ptyHostMain.js:11:145),    at D.deliver (/home/ubuntu/.vscode-server/bin/64bbfbf67ada9953918d72e1df2f4d8e537d340e/out/vs/platform/terminal/node/ptyHostMain.js:11:2275),    at O.fire (/home/ubuntu/.vscode-server/bin/64bbfbf67ada9953918d72e1df2f4d8e537d340e/out/vs/platform/terminal/node/ptyHostMain.js:11:1853),    at process.X (/home/ubuntu/.vscode-server/bin/64bbfbf67ada9953918d72e1df2f4d8e537d340e/out/vs/platform/terminal/node/ptyHostMain.js:9:20837),    at process.emit (node:events:526:28),    at emit (node:internal/child_process:938:14),    at processTicksAndRejections (node:internal/process/task_queues:84:21)
[05:48:34] [Error [CodeExpectedError]: Could not find pty on pty host,    at a._throwIfNoPty (/home/ubuntu/.vscode-server/bin/64bbfbf67ada9953918d72e1df2f4d8e537d340e/out/vs/platform/terminal/node/ptyHostMain.js:27:7252),    at a.updateTitle (/home/ubuntu/.vscode-server/bin/64bbfbf67ada9953918d72e1df2f4d8e537d340e/out/vs/platform/terminal/node/ptyHostMain.js:27:2984),    at Object.call (/home/ubuntu/.vscode-server/bin/64bbfbf67ada9953918d72e1df2f4d8e537d340e/out/vs/platform/terminal/node/ptyHostMain.js:16:8386),    at c.onPromise (/home/ubuntu/.vscode-server/bin/64bbfbf67ada9953918d72e1df2f4d8e537d340e/out/vs/platform/terminal/node/ptyHostMain.js:15:5833),    at c.onRawMessage (/home/ubuntu/.vscode-server/bin/64bbfbf67ada9953918d72e1df2f4d8e537d340e/out/vs/platform/terminal/node/ptyHostMain.js:15:5216),    at /home/ubuntu/.vscode-server/bin/64bbfbf67ada9953918d72e1df2f4d8e537d340e/out/vs/platform/terminal/node/ptyHostMain.js:15:4502,    at m.invoke (/home/ubuntu/.vscode-server/bin/64bbfbf67ada9953918d72e1df2f4d8e537d340e/out/vs/platform/terminal/node/ptyHostMain.js:11:145),    at D.deliver (/home/ubuntu/.vscode-server/bin/64bbfbf67ada9953918d72e1df2f4d8e537d340e/out/vs/platform/terminal/node/ptyHostMain.js:11:2275),    at O.fire (/home/ubuntu/.vscode-server/bin/64bbfbf67ada9953918d72e1df2f4d8e537d340e/out/vs/platform/terminal/node/ptyHostMain.js:11:1853),    at process.X (/home/ubuntu/.vscode-server/bin/64bbfbf67ada9953918d72e1df2f4d8e537d340e/out/vs/platform/terminal/node/ptyHostMain.js:9:20837),    at process.emit (node:events:526:28),    at emit (node:internal/child_process:938:14),    at processTicksAndRejections (node:internal/process/task_queues:84:21)]
[05:48:40] [127.0.0.1][1b8c8129][ManagementConnection] The client has disconnected gracefully, so the connection will be disposed.
[05:48:42] [127.0.0.1][4017f200][ExtensionHostConnection] <4199> Extension Host Process exited with code: 0, signal: null.
[05:48:46] [127.0.0.1][b767788a][ManagementConnection] New connection established.
[05:48:46] [127.0.0.1][8150fd21][ExtensionHostConnection] New connection established.
[05:48:46] [127.0.0.1][8150fd21][ExtensionHostConnection] <4358> Launched Extension Host Process.
[IPC Library: Pty Host]  WARN Shell integration cannot be enabled for executable "/bin/sh" and args [
  '-c',
  'wget --version > /dev/null\n' +
    'if [ $? -eq 0 ]\n' +
    'then\n' +
    "\twget --connect-timeout=7 --tries=1 --dns-timeout=7 -q --header='Metadata:true' -O - http://169.254.169.254/metadata/instance?api-version=2019-03-11\n" +
    'else\n' +
    '\tcurl --version > /dev/null\n' +
    '\tif [ $? -eq 0 ]\n' +
    '\tthen\n' +
    "\t\tcurl --connect-timeout 7 -s --header='Metadata:true' http://169.254.169.254/metadata/instance?api-version=2019-03-11\n" +
    '\tfi\n' +
    'fi\n' +
    'exit 0'
]
[IPC Library: Pty Host]  WARN Shell integration cannot be enabled for executable "/bin/sh" and args [
  '-c',
  'wget --version > /dev/null\n' +
    'if [ $? -eq 0 ]\n' +
    'then\n' +
    '\twget --connect-timeout=7 --tries=1 --dns-timeout=7 -q  -O - http://169.254.169.254/latest/meta-data/instance-id\n' +
    'else\n' +
    '\tcurl --version > /dev/null\n' +
    '\tif [ $? -eq 0 ]\n' +
    '\tthen\n' +
    '\t\tcurl --connect-timeout 7 -s  http://169.254.169.254/latest/meta-data/instance-id\n' +
    '\tfi\n' +
    'fi\n' +
    'exit 0'
]
[IPC Library: Pty Host]  WARN Shell integration cannot be enabled for executable "/bin/sh" and args [
  '-c',
  'wget --version > /dev/null\n' +
    'if [ $? -eq 0 ]\n' +
    'then\n' +
    '\twget --connect-timeout=7 --tries=1 --dns-timeout=7 -q  -O - http://169.254.169.254/metadata/v1/id\n' +
    'else\n' +
    '\tcurl --version > /dev/null\n' +
    '\tif [ $? -eq 0 ]\n' +
    '\tthen\n' +
    '\t\tcurl --connect-timeout 7 -s  http://169.254.169.254/metadata/v1/id\n' +
    '\tfi\n' +
    'fi\n' +
    'exit 0'
]
[IPC Library: Pty Host]  WARN Shell integration cannot be enabled for executable "/bin/sh" and args [
  '-c',
  'wget --version > /dev/null\n' +
    'if [ $? -eq 0 ]\n' +
    'then\n' +
    "\twget --connect-timeout=7 --tries=1 --dns-timeout=7 -q --header='Metadata-Flavor:Google' -O - http://metadata.google.internal/computeMetadata/v1/instance/id\n" +
    'else\n' +
    '\tcurl --version > /dev/null\n' +
    '\tif [ $? -eq 0 ]\n' +
    '\tthen\n' +
    "\t\tcurl --connect-timeout 7 -s --header='Metadata-Flavor:Google' http://metadata.google.internal/computeMetadata/v1/instance/id\n" +
    '\tfi\n' +
    'fi\n' +
    'exit 0'
]
[IPC Library: Pty Host]  WARN Persistent process "10": Process had no disconnect runners but was an orphan
[IPC Library: Pty Host]  INFO Persistent process reconnection "10"
[IPC Library: Pty Host]  INFO Persistent process "10": Replaying 372 chars and 1 size events
[05:53:33] [127.0.0.1][341c62cc][ExtensionHostConnection] <2277> Extension Host Process exited with code: 0, signal: null.
[06:22:52] [127.0.0.1][ea6cd88c][ManagementConnection] New connection established.
[06:22:52] [127.0.0.1][80313bd7][ExtensionHostConnection] New connection established.
[06:22:52] [127.0.0.1][80313bd7][ExtensionHostConnection] <11685> Launched Extension Host Process.
[IPC Library: Pty Host]  WARN Shell integration cannot be enabled for executable "/bin/sh" and args [
  '-c',
  'wget --version > /dev/null\n' +
    'if [ $? -eq 0 ]\n' +
    'then\n' +
    "\twget --connect-timeout=7 --tries=1 --dns-timeout=7 -q --header='Metadata:true' -O - http://169.254.169.254/metadata/instance?api-version=2019-03-11\n" +
    'else\n' +
    '\tcurl --version > /dev/null\n' +
    '\tif [ $? -eq 0 ]\n' +
    '\tthen\n' +
    "\t\tcurl --connect-timeout 7 -s --header='Metadata:true' http://169.254.169.254/metadata/instance?api-version=2019-03-11\n" +
    '\tfi\n' +
    'fi\n' +
    'exit 0'
]
[IPC Library: Pty Host]  WARN Shell integration cannot be enabled for executable "/bin/sh" and args [
  '-c',
  'wget --version > /dev/null\n' +
    'if [ $? -eq 0 ]\n' +
    'then\n' +
    '\twget --connect-timeout=7 --tries=1 --dns-timeout=7 -q  -O - http://169.254.169.254/latest/meta-data/instance-id\n' +
    'else\n' +
    '\tcurl --version > /dev/null\n' +
    '\tif [ $? -eq 0 ]\n' +
    '\tthen\n' +
    '\t\tcurl --connect-timeout 7 -s  http://169.254.169.254/latest/meta-data/instance-id\n' +
    '\tfi\n' +
    'fi\n' +
    'exit 0'
]
[IPC Library: Pty Host]  WARN Shell integration cannot be enabled for executable "/bin/sh" and args [
  '-c',
  'wget --version > /dev/null\n' +
    'if [ $? -eq 0 ]\n' +
    'then\n' +
    '\twget --connect-timeout=7 --tries=1 --dns-timeout=7 -q  -O - http://169.254.169.254/metadata/v1/id\n' +
    'else\n' +
    '\tcurl --version > /dev/null\n' +
    '\tif [ $? -eq 0 ]\n' +
    '\tthen\n' +
    '\t\tcurl --connect-timeout 7 -s  http://169.254.169.254/metadata/v1/id\n' +
    '\tfi\n' +
    'fi\n' +
    'exit 0'
]
[IPC Library: Pty Host]  WARN Shell integration cannot be enabled for executable "/bin/sh" and args [
  '-c',
  'wget --version > /dev/null\n' +
    'if [ $? -eq 0 ]\n' +
    'then\n' +
    "\twget --connect-timeout=7 --tries=1 --dns-timeout=7 -q --header='Metadata-Flavor:Google' -O - http://metadata.google.internal/computeMetadata/v1/instance/id\n" +
    'else\n' +
    '\tcurl --version > /dev/null\n' +
    '\tif [ $? -eq 0 ]\n' +
    '\tthen\n' +
    "\t\tcurl --connect-timeout 7 -s --header='Metadata-Flavor:Google' http://metadata.google.internal/computeMetadata/v1/instance/id\n" +
    '\tfi\n' +
    'fi\n' +
    'exit 0'
]
[06:22:57] [127.0.0.1][ea6cd88c][ManagementConnection] The client has disconnected gracefully, so the connection will be disposed.
[06:22:57] [127.0.0.1][80313bd7][ExtensionHostConnection] <11685> Extension Host Process exited with code: 0, signal: null.
[06:23:04] [127.0.0.1][699a8d1a][ManagementConnection] New connection established.
[06:23:04] [127.0.0.1][a290cf0a][ExtensionHostConnection] New connection established.
[06:23:04] [127.0.0.1][a290cf0a][ExtensionHostConnection] <11844> Launched Extension Host Process.
[IPC Library: Pty Host]  WARN Shell integration cannot be enabled for executable "/bin/sh" and args [
  '-c',
  'wget --version > /dev/null\n' +
    'if [ $? -eq 0 ]\n' +
    'then\n' +
    "\twget --connect-timeout=7 --tries=1 --dns-timeout=7 -q --header='Metadata:true' -O - http://169.254.169.254/metadata/instance?api-version=2019-03-11\n" +
    'else\n' +
    '\tcurl --version > /dev/null\n' +
    '\tif [ $? -eq 0 ]\n' +
    '\tthen\n' +
    "\t\tcurl --connect-timeout 7 -s --header='Metadata:true' http://169.254.169.254/metadata/instance?api-version=2019-03-11\n" +
    '\tfi\n' +
    'fi\n' +
    'exit 0'
]
[IPC Library: Pty Host]  WARN Shell integration cannot be enabled for executable "/bin/sh" and args [
  '-c',
  'wget --version > /dev/null\n' +
    'if [ $? -eq 0 ]\n' +
    'then\n' +
    '\twget --connect-timeout=7 --tries=1 --dns-timeout=7 -q  -O - http://169.254.169.254/latest/meta-data/instance-id\n' +
    'else\n' +
    '\tcurl --version > /dev/null\n' +
    '\tif [ $? -eq 0 ]\n' +
    '\tthen\n' +
    '\t\tcurl --connect-timeout 7 -s  http://169.254.169.254/latest/meta-data/instance-id\n' +
    '\tfi\n' +
    'fi\n' +
    'exit 0'
]
[IPC Library: Pty Host]  WARN Shell integration cannot be enabled for executable "/bin/sh" and args [
  '-c',
  'wget --version > /dev/null\n' +
    'if [ $? -eq 0 ]\n' +
    'then\n' +
    '\twget --connect-timeout=7 --tries=1 --dns-timeout=7 -q  -O - http://169.254.169.254/metadata/v1/id\n' +
    'else\n' +
    '\tcurl --version > /dev/null\n' +
    '\tif [ $? -eq 0 ]\n' +
    '\tthen\n' +
    '\t\tcurl --connect-timeout 7 -s  http://169.254.169.254/metadata/v1/id\n' +
    '\tfi\n' +
    'fi\n' +
    'exit 0'
]
[IPC Library: Pty Host]  WARN Shell integration cannot be enabled for executable "/bin/sh" and args [
  '-c',
  'wget --version > /dev/null\n' +
    'if [ $? -eq 0 ]\n' +
    'then\n' +
    "\twget --connect-timeout=7 --tries=1 --dns-timeout=7 -q --header='Metadata-Flavor:Google' -O - http://metadata.google.internal/computeMetadata/v1/instance/id\n" +
    'else\n' +
    '\tcurl --version > /dev/null\n' +
    '\tif [ $? -eq 0 ]\n' +
    '\tthen\n' +
    "\t\tcurl --connect-timeout 7 -s --header='Metadata-Flavor:Google' http://metadata.google.internal/computeMetadata/v1/instance/id\n" +
    '\tfi\n' +
    'fi\n' +
    'exit 0'
]
rejected promise not handled within 1 second: CodeExpectedError: Could not find pty on pty host
stack trace: CodeExpectedError: Could not find pty on pty host,    at a._throwIfNoPty (/home/ubuntu/.vscode-server/bin/64bbfbf67ada9953918d72e1df2f4d8e537d340e/out/vs/platform/terminal/node/ptyHostMain.js:27:7252),    at a.updateTitle (/home/ubuntu/.vscode-server/bin/64bbfbf67ada9953918d72e1df2f4d8e537d340e/out/vs/platform/terminal/node/ptyHostMain.js:27:2984),    at Object.call (/home/ubuntu/.vscode-server/bin/64bbfbf67ada9953918d72e1df2f4d8e537d340e/out/vs/platform/terminal/node/ptyHostMain.js:16:8386),    at c.onPromise (/home/ubuntu/.vscode-server/bin/64bbfbf67ada9953918d72e1df2f4d8e537d340e/out/vs/platform/terminal/node/ptyHostMain.js:15:5833),    at c.onRawMessage (/home/ubuntu/.vscode-server/bin/64bbfbf67ada9953918d72e1df2f4d8e537d340e/out/vs/platform/terminal/node/ptyHostMain.js:15:5216),    at /home/ubuntu/.vscode-server/bin/64bbfbf67ada9953918d72e1df2f4d8e537d340e/out/vs/platform/terminal/node/ptyHostMain.js:15:4502,    at m.invoke (/home/ubuntu/.vscode-server/bin/64bbfbf67ada9953918d72e1df2f4d8e537d340e/out/vs/platform/terminal/node/ptyHostMain.js:11:145),    at D.deliver (/home/ubuntu/.vscode-server/bin/64bbfbf67ada9953918d72e1df2f4d8e537d340e/out/vs/platform/terminal/node/ptyHostMain.js:11:2275),    at O.fire (/home/ubuntu/.vscode-server/bin/64bbfbf67ada9953918d72e1df2f4d8e537d340e/out/vs/platform/terminal/node/ptyHostMain.js:11:1853),    at process.X (/home/ubuntu/.vscode-server/bin/64bbfbf67ada9953918d72e1df2f4d8e537d340e/out/vs/platform/terminal/node/ptyHostMain.js:9:20837),    at process.emit (node:events:526:28),    at emit (node:internal/child_process:938:14),    at processTicksAndRejections (node:internal/process/task_queues:84:21)
[06:23:06] [Error [CodeExpectedError]: Could not find pty on pty host,    at a._throwIfNoPty (/home/ubuntu/.vscode-server/bin/64bbfbf67ada9953918d72e1df2f4d8e537d340e/out/vs/platform/terminal/node/ptyHostMain.js:27:7252),    at a.updateTitle (/home/ubuntu/.vscode-server/bin/64bbfbf67ada9953918d72e1df2f4d8e537d340e/out/vs/platform/terminal/node/ptyHostMain.js:27:2984),    at Object.call (/home/ubuntu/.vscode-server/bin/64bbfbf67ada9953918d72e1df2f4d8e537d340e/out/vs/platform/terminal/node/ptyHostMain.js:16:8386),    at c.onPromise (/home/ubuntu/.vscode-server/bin/64bbfbf67ada9953918d72e1df2f4d8e537d340e/out/vs/platform/terminal/node/ptyHostMain.js:15:5833),    at c.onRawMessage (/home/ubuntu/.vscode-server/bin/64bbfbf67ada9953918d72e1df2f4d8e537d340e/out/vs/platform/terminal/node/ptyHostMain.js:15:5216),    at /home/ubuntu/.vscode-server/bin/64bbfbf67ada9953918d72e1df2f4d8e537d340e/out/vs/platform/terminal/node/ptyHostMain.js:15:4502,    at m.invoke (/home/ubuntu/.vscode-server/bin/64bbfbf67ada9953918d72e1df2f4d8e537d340e/out/vs/platform/terminal/node/ptyHostMain.js:11:145),    at D.deliver (/home/ubuntu/.vscode-server/bin/64bbfbf67ada9953918d72e1df2f4d8e537d340e/out/vs/platform/terminal/node/ptyHostMain.js:11:2275),    at O.fire (/home/ubuntu/.vscode-server/bin/64bbfbf67ada9953918d72e1df2f4d8e537d340e/out/vs/platform/terminal/node/ptyHostMain.js:11:1853),    at process.X (/home/ubuntu/.vscode-server/bin/64bbfbf67ada9953918d72e1df2f4d8e537d340e/out/vs/platform/terminal/node/ptyHostMain.js:9:20837),    at process.emit (node:events:526:28),    at emit (node:internal/child_process:938:14),    at processTicksAndRejections (node:internal/process/task_queues:84:21)]
rejected promise not handled within 1 second: Error: connect ECONNREFUSED 127.0.0.1:49379
stack trace: Error: connect ECONNREFUSED 127.0.0.1:49379
    at TCPConnectWrap.afterConnect [as oncomplete] (node:net:1157:16)
[06:41:44] Error: connect ECONNREFUSED 127.0.0.1:49379
    at TCPConnectWrap.afterConnect [as oncomplete] (node:net:1157:16) {
  errno: -111,
  code: 'ECONNREFUSED',
  syscall: 'connect',
  address: '127.0.0.1',
  port: 49379
}
rejected promise not handled within 1 second: Error: connect ECONNREFUSED 127.0.0.1:49379
stack trace: Error: connect ECONNREFUSED 127.0.0.1:49379
    at TCPConnectWrap.afterConnect [as oncomplete] (node:net:1157:16)
[06:41:44] Error: connect ECONNREFUSED 127.0.0.1:49379
    at TCPConnectWrap.afterConnect [as oncomplete] (node:net:1157:16) {
  errno: -111,
  code: 'ECONNREFUSED',
  syscall: 'connect',
  address: '127.0.0.1',
  port: 49379
}
[06:42:48] [127.0.0.1][b767788a][ManagementConnection] The client has disconnected gracefully, so the connection will be disposed.
[06:42:48] [127.0.0.1][8150fd21][ExtensionHostConnection] <4358> Extension Host Process exited with code: 0, signal: null.
rejected promise not handled within 1 second: Error: connect ECONNREFUSED 127.0.0.1:49404
stack trace: Error: connect ECONNREFUSED 127.0.0.1:49404
    at TCPConnectWrap.afterConnect [as oncomplete] (node:net:1157:16)
[06:42:52] Error: connect ECONNREFUSED 127.0.0.1:49404
    at TCPConnectWrap.afterConnect [as oncomplete] (node:net:1157:16) {
  errno: -111,
  code: 'ECONNREFUSED',
  syscall: 'connect',
  address: '127.0.0.1',
  port: 49404
}
rejected promise not handled within 1 second: Error: connect ECONNREFUSED 127.0.0.1:49404
stack trace: Error: connect ECONNREFUSED 127.0.0.1:49404
    at TCPConnectWrap.afterConnect [as oncomplete] (node:net:1157:16)
[06:42:52] Error: connect ECONNREFUSED 127.0.0.1:49404
    at TCPConnectWrap.afterConnect [as oncomplete] (node:net:1157:16) {
  errno: -111,
  code: 'ECONNREFUSED',
  syscall: 'connect',
  address: '127.0.0.1',
  port: 49404
}
