[2022-10-06T08:52:02.459Z] Log level: Info
[2022-10-06T08:52:02.467Z] [info] Validating found git in: git
[2022-10-06T08:52:02.507Z] [info] Using git 2.34.1 from git
[2022-10-06T08:52:02.604Z] > git rev-parse --show-toplevel [83ms]
[2022-10-06T08:52:02.618Z] > git rev-parse --git-dir --git-common-dir [6ms]
[2022-10-06T08:52:02.630Z] [info] Open repository: /home/ubuntu
[2022-10-06T08:52:03.096Z] > git status -z -uall [458ms]
[2022-10-06T08:52:03.124Z] > git symbolic-ref --short HEAD [11ms]
[2022-10-06T08:52:03.164Z] > git for-each-ref --format=%(refname)%00%(upstream:short)%00%(objectname)%00%(upstream:track)%00%(upstream:remotename)%00%(upstream:remoteref) refs/heads/main refs/remotes/main [26ms]
[2022-10-06T08:52:03.208Z] > git for-each-ref --sort -committerdate --format %(refname) %(objectname) %(*objectname) [27ms]
[2022-10-06T08:52:03.292Z] > git remote --verbose [89ms]
[2022-10-06T08:52:03.773Z] > git config --get commit.template [357ms]
[2022-10-06T08:52:04.621Z] > git status -z -uall [832ms]
[2022-10-06T08:52:04.639Z] > git check-ignore -v -z --stdin [294ms]
[2022-10-06T08:52:04.684Z] > git symbolic-ref --short HEAD [45ms]
[2022-10-06T08:52:04.722Z] > git show --textconv :docker_test/index.js [58ms]
[2022-10-06T08:52:04.723Z] > git ls-files --stage -- /home/ubuntu/docker_test/index.js [44ms]
[2022-10-06T08:52:04.738Z] > git for-each-ref --format=%(refname)%00%(upstream:short)%00%(objectname)%00%(upstream:track)%00%(upstream:remotename)%00%(upstream:remoteref) refs/heads/main refs/remotes/main [17ms]
[2022-10-06T08:52:04.796Z] > git for-each-ref --sort -committerdate --format %(refname) %(objectname) %(*objectname) [25ms]
[2022-10-06T08:52:04.808Z] > git remote --verbose [13ms]
[2022-10-06T08:52:04.923Z] > git config --get commit.template [13ms]
[2022-10-06T08:52:17.070Z] > git status -z -uall [750ms]
[2022-10-06T08:52:17.085Z] > git symbolic-ref --short HEAD [4ms]
[2022-10-06T08:52:17.094Z] > git for-each-ref --format=%(refname)%00%(upstream:short)%00%(objectname)%00%(upstream:track)%00%(upstream:remotename)%00%(upstream:remoteref) refs/heads/main refs/remotes/main [5ms]
[2022-10-06T08:52:17.104Z] > git for-each-ref --sort -committerdate --format %(refname) %(objectname) %(*objectname) [6ms]
[2022-10-06T08:52:17.106Z] > git remote --verbose [4ms]
[2022-10-06T08:52:17.130Z] > git config --get commit.template [3ms]
[2022-10-06T08:52:17.569Z] > git check-ignore -v -z --stdin [13ms]
[2022-10-06T08:55:42.437Z] > git status -z -uall [711ms]
[2022-10-06T08:55:42.449Z] > git symbolic-ref --short HEAD [5ms]
[2022-10-06T08:55:42.471Z] > git for-each-ref --format=%(refname)%00%(upstream:short)%00%(objectname)%00%(upstream:track)%00%(upstream:remotename)%00%(upstream:remoteref) refs/heads/main refs/remotes/main [5ms]
[2022-10-06T08:55:42.484Z] > git for-each-ref --sort -committerdate --format %(refname) %(objectname) %(*objectname) [9ms]
[2022-10-06T08:55:42.486Z] > git remote --verbose [7ms]
[2022-10-06T08:55:42.528Z] > git config --get commit.template [2ms]
[2022-10-06T08:55:47.777Z] > git status -z -uall [240ms]
[2022-10-06T08:55:47.785Z] > git symbolic-ref --short HEAD [2ms]
[2022-10-06T08:55:47.793Z] > git for-each-ref --format=%(refname)%00%(upstream:short)%00%(objectname)%00%(upstream:track)%00%(upstream:remotename)%00%(upstream:remoteref) refs/heads/main refs/remotes/main [2ms]
[2022-10-06T08:55:47.804Z] > git for-each-ref --sort -committerdate --format %(refname) %(objectname) %(*objectname) [7ms]
[2022-10-06T08:55:47.806Z] > git remote --verbose [4ms]
[2022-10-06T08:55:47.837Z] > git config --get commit.template [8ms]
[2022-10-06T08:55:56.223Z] > git status -z -uall [3375ms]
[2022-10-06T08:55:56.253Z] > git symbolic-ref --short HEAD [15ms]
[2022-10-06T08:55:56.265Z] > git for-each-ref --format=%(refname)%00%(upstream:short)%00%(objectname)%00%(upstream:track)%00%(upstream:remotename)%00%(upstream:remoteref) refs/heads/main refs/remotes/main [7ms]
[2022-10-06T08:55:56.278Z] > git remote --verbose [5ms]
[2022-10-06T08:55:56.278Z] > git for-each-ref --sort -committerdate --format %(refname) %(objectname) %(*objectname) [9ms]
[2022-10-06T08:55:56.317Z] > git config --get commit.template [3ms]
[2022-10-06T08:56:15.656Z] > git status -z -uall [14303ms]
[2022-10-06T08:56:15.888Z] > git symbolic-ref --short HEAD [74ms]
[2022-10-06T08:56:15.930Z] > git for-each-ref --format=%(refname)%00%(upstream:short)%00%(objectname)%00%(upstream:track)%00%(upstream:remotename)%00%(upstream:remoteref) refs/heads/main refs/remotes/main [32ms]
[2022-10-06T08:56:15.958Z] > git for-each-ref --sort -committerdate --format %(refname) %(objectname) %(*objectname) [21ms]
[2022-10-06T08:56:15.966Z] > git remote --verbose [11ms]
[2022-10-06T08:56:16.528Z] > git config --get commit.template [405ms]
[2022-10-06T08:56:48.408Z] > git status -z -uall [22492ms]
[2022-10-06T08:56:48.581Z] > git symbolic-ref --short HEAD [82ms]
[2022-10-06T08:56:48.828Z] > git for-each-ref --format=%(refname)%00%(upstream:short)%00%(objectname)%00%(upstream:track)%00%(upstream:remotename)%00%(upstream:remoteref) refs/heads/main refs/remotes/main [174ms]
[2022-10-06T08:56:48.980Z] > git remote --verbose [31ms]
[2022-10-06T08:56:49.006Z] > git for-each-ref --sort -committerdate --format %(refname) %(objectname) %(*objectname) [70ms]
[2022-10-06T08:56:49.849Z] > git config --get commit.template [312ms]
[2022-10-06T09:02:13.640Z] > git status -z -uall [232881ms]
[2022-10-06T09:02:16.603Z] > git symbolic-ref --short HEAD [2460ms]
[2022-10-06T09:02:26.177Z] > git for-each-ref --format=%(refname)%00%(upstream:short)%00%(objectname)%00%(upstream:track)%00%(upstream:remotename)%00%(upstream:remoteref) refs/heads/main refs/remotes/main [8687ms]
[2022-10-06T09:02:35.139Z] > git remote --verbose [6755ms]
[2022-10-06T09:02:36.146Z] > git for-each-ref --sort -committerdate --format %(refname) %(objectname) %(*objectname) [8791ms]
[2022-10-06T09:02:37.979Z] > git config --get commit.template [105ms]
