[2022-10-14 06:55:01.851] [exthost] [info] Extension host with pid 722555 started
[2022-10-14 06:55:01.875] [exthost] [info] Lock '/home/ubuntu/.vscode-server/data/User/workspaceStorage/f754b7aa2240ec878ccf37628a1e6a51/vscode.lock': Lock acquired.
[2022-10-14 06:55:02.942] [exthost] [info] ExtensionService#_doActivateExtension vscode.typescript-language-features, startup: false, activationEvent: 'onLanguage:javascript'
[2022-10-14 06:55:02.944] [exthost] [info] ExtensionService#_doActivateExtension vscode.debug-auto-launch, startup: true, activationEvent: '*'
[2022-10-14 06:55:02.944] [exthost] [info] ExtensionService#_doActivateExtension vscode.git-base, startup: true, activationEvent: '*', root cause: vscode.git
[2022-10-14 06:55:02.945] [exthost] [info] ExtensionService#_doActivateExtension vscode.ipynb, startup: true, activationEvent: '*'
[2022-10-14 06:55:02.945] [exthost] [info] ExtensionService#_doActivateExtension ecmel.vscode-html-css, startup: true, activationEvent: '*'
[2022-10-14 06:55:03.249] [exthost] [info] ExtensionService#_doActivateExtension vscode.npm, startup: true, activationEvent: 'workspaceContains:package.json'
[2022-10-14 06:55:03.534] [exthost] [info] ExtensionService#_doActivateExtension vscode.git, startup: true, activationEvent: '*'
[2022-10-14 06:55:03.535] [exthost] [info] ExtensionService#_doActivateExtension vscode.github, startup: true, activationEvent: '*'
[2022-10-14 06:55:05.146] [exthost] [warning] [Decorations] CAPPING events from decorations provider vscode.git 5646
[2022-10-14 06:55:07.325] [exthost] [info] ExtensionService#_doActivateExtension vscode.emmet, startup: false, activationEvent: 'onStartupFinished'
[2022-10-14 06:55:07.328] [exthost] [info] ExtensionService#_doActivateExtension vscode.merge-conflict, startup: false, activationEvent: 'onStartupFinished'
[2022-10-14 06:55:07.329] [exthost] [info] ExtensionService#_doActivateExtension esbenp.prettier-vscode, startup: false, activationEvent: 'onStartupFinished'
[2022-10-14 06:55:07.329] [exthost] [info] Eager extensions activated
[2022-10-14 06:55:07.823] [exthost] [warning] [Decorations] CAPPING events from decorations provider vscode.git 5649
[2022-10-14 06:55:20.987] [exthost] [warning] [Decorations] CAPPING events from decorations provider vscode.git 5655
[2022-10-14 06:55:26.269] [exthost] [warning] [Decorations] CAPPING events from decorations provider vscode.git 5655
[2022-10-14 06:55:31.566] [exthost] [warning] [Decorations] CAPPING events from decorations provider vscode.git 5655
[2022-10-14 06:55:36.858] [exthost] [warning] [Decorations] CAPPING events from decorations provider vscode.git 5655
[2022-10-14 06:55:42.147] [exthost] [warning] [Decorations] CAPPING events from decorations provider vscode.git 5655
[2022-10-14 06:55:47.439] [exthost] [warning] [Decorations] CAPPING events from decorations provider vscode.git 5655
[2022-10-14 06:55:52.799] [exthost] [warning] [Decorations] CAPPING events from decorations provider vscode.git 5655
[2022-10-14 06:55:58.081] [exthost] [warning] [Decorations] CAPPING events from decorations provider vscode.git 5655
[2022-10-14 06:56:03.367] [exthost] [warning] [Decorations] CAPPING events from decorations provider vscode.git 5655
[2022-10-14 06:56:08.667] [exthost] [warning] [Decorations] CAPPING events from decorations provider vscode.git 5655
[2022-10-14 06:56:13.955] [exthost] [warning] [Decorations] CAPPING events from decorations provider vscode.git 5655
[2022-10-14 06:56:19.246] [exthost] [warning] [Decorations] CAPPING events from decorations provider vscode.git 5655
[2022-10-14 06:56:24.556] [exthost] [warning] [Decorations] CAPPING events from decorations provider vscode.git 5655
[2022-10-14 06:56:29.856] [exthost] [warning] [Decorations] CAPPING events from decorations provider vscode.git 5655
[2022-10-14 06:56:35.162] [exthost] [warning] [Decorations] CAPPING events from decorations provider vscode.git 5655
[2022-10-14 06:56:40.472] [exthost] [warning] [Decorations] CAPPING events from decorations provider vscode.git 5655
[2022-10-14 06:56:45.768] [exthost] [warning] [Decorations] CAPPING events from decorations provider vscode.git 5655
[2022-10-14 06:56:51.086] [exthost] [warning] [Decorations] CAPPING events from decorations provider vscode.git 5655
[2022-10-14 06:56:56.396] [exthost] [warning] [Decorations] CAPPING events from decorations provider vscode.git 5655
[2022-10-14 06:57:01.688] [exthost] [warning] [Decorations] CAPPING events from decorations provider vscode.git 5655
[2022-10-14 06:57:06.978] [exthost] [warning] [Decorations] CAPPING events from decorations provider vscode.git 5655
[2022-10-14 06:57:12.256] [exthost] [warning] [Decorations] CAPPING events from decorations provider vscode.git 5655
[2022-10-14 06:57:17.557] [exthost] [warning] [Decorations] CAPPING events from decorations provider vscode.git 5655
[2022-10-14 06:57:22.853] [exthost] [warning] [Decorations] CAPPING events from decorations provider vscode.git 5655
[2022-10-14 06:57:28.159] [exthost] [warning] [Decorations] CAPPING events from decorations provider vscode.git 5655
[2022-10-14 06:57:33.455] [exthost] [warning] [Decorations] CAPPING events from decorations provider vscode.git 5655
[2022-10-14 06:57:38.749] [exthost] [warning] [Decorations] CAPPING events from decorations provider vscode.git 5655
[2022-10-14 06:57:44.039] [exthost] [warning] [Decorations] CAPPING events from decorations provider vscode.git 5655
[2022-10-14 06:57:49.336] [exthost] [warning] [Decorations] CAPPING events from decorations provider vscode.git 5655
[2022-10-14 06:57:54.642] [exthost] [warning] [Decorations] CAPPING events from decorations provider vscode.git 5655
[2022-10-14 06:57:59.947] [exthost] [warning] [Decorations] CAPPING events from decorations provider vscode.git 5655
[2022-10-14 06:58:05.243] [exthost] [warning] [Decorations] CAPPING events from decorations provider vscode.git 5655
[2022-10-14 06:58:10.534] [exthost] [warning] [Decorations] CAPPING events from decorations provider vscode.git 5655
[2022-10-14 06:58:15.825] [exthost] [warning] [Decorations] CAPPING events from decorations provider vscode.git 5655
[2022-10-14 06:58:21.117] [exthost] [warning] [Decorations] CAPPING events from decorations provider vscode.git 5655
[2022-10-14 06:58:26.404] [exthost] [warning] [Decorations] CAPPING events from decorations provider vscode.git 5655
[2022-10-14 06:58:31.710] [exthost] [warning] [Decorations] CAPPING events from decorations provider vscode.git 5655
[2022-10-14 06:58:37.079] [exthost] [warning] [Decorations] CAPPING events from decorations provider vscode.git 5655
[2022-10-14 06:58:42.362] [exthost] [warning] [Decorations] CAPPING events from decorations provider vscode.git 5655
[2022-10-14 06:58:47.648] [exthost] [warning] [Decorations] CAPPING events from decorations provider vscode.git 5655
[2022-10-14 06:58:52.936] [exthost] [warning] [Decorations] CAPPING events from decorations provider vscode.git 5655
[2022-10-14 06:58:58.223] [exthost] [warning] [Decorations] CAPPING events from decorations provider vscode.git 5655
[2022-10-14 06:59:03.513] [exthost] [warning] [Decorations] CAPPING events from decorations provider vscode.git 5655
[2022-10-14 06:59:08.816] [exthost] [warning] [Decorations] CAPPING events from decorations provider vscode.git 5655
[2022-10-14 06:59:14.119] [exthost] [warning] [Decorations] CAPPING events from decorations provider vscode.git 5655
[2022-10-14 06:59:19.417] [exthost] [warning] [Decorations] CAPPING events from decorations provider vscode.git 5655
[2022-10-14 06:59:24.704] [exthost] [warning] [Decorations] CAPPING events from decorations provider vscode.git 5655
[2022-10-14 06:59:30.005] [exthost] [warning] [Decorations] CAPPING events from decorations provider vscode.git 5655
[2022-10-14 06:59:35.305] [exthost] [warning] [Decorations] CAPPING events from decorations provider vscode.git 5655
[2022-10-14 06:59:40.611] [exthost] [warning] [Decorations] CAPPING events from decorations provider vscode.git 5655
[2022-10-14 06:59:58.577] [exthost] [warning] [Decorations] CAPPING events from decorations provider vscode.git 5655
[2022-10-14 07:00:03.869] [exthost] [warning] [Decorations] CAPPING events from decorations provider vscode.git 5655
[2022-10-14 07:00:38.039] [exthost] [warning] [Decorations] CAPPING events from decorations provider vscode.git 5656
[2022-10-14 07:00:57.340] [exthost] [warning] [Decorations] CAPPING events from decorations provider vscode.git 5655
[2022-10-14 07:01:26.626] [exthost] [warning] [Decorations] CAPPING events from decorations provider vscode.git 5655
[2022-10-14 07:01:36.388] [exthost] [warning] [Decorations] CAPPING events from decorations provider vscode.git 5655
[2022-10-14 07:01:58.169] [exthost] [warning] [Decorations] CAPPING events from decorations provider vscode.git 5655
[2022-10-14 07:02:03.591] [exthost] [warning] [Decorations] CAPPING events from decorations provider vscode.git 5655
[2022-10-14 07:02:08.875] [exthost] [warning] [Decorations] CAPPING events from decorations provider vscode.git 5655
[2022-10-14 07:03:10.761] [exthost] [warning] [Decorations] CAPPING events from decorations provider vscode.git 5657
[2022-10-14 07:03:28.395] [exthost] [warning] [Decorations] CAPPING events from decorations provider vscode.git 5657
[2022-10-14 07:03:33.695] [exthost] [warning] [Decorations] CAPPING events from decorations provider vscode.git 5657
[2022-10-14 07:03:38.978] [exthost] [warning] [Decorations] CAPPING events from decorations provider vscode.git 5657
[2022-10-14 07:04:18.332] [exthost] [warning] [Decorations] CAPPING events from decorations provider vscode.git 5659
[2022-10-14 07:04:23.609] [exthost] [warning] [Decorations] CAPPING events from decorations provider vscode.git 5659
[2022-10-14 07:04:28.898] [exthost] [warning] [Decorations] CAPPING events from decorations provider vscode.git 5659
[2022-10-14 07:04:34.184] [exthost] [warning] [Decorations] CAPPING events from decorations provider vscode.git 5659
[2022-10-14 07:04:39.478] [exthost] [warning] [Decorations] CAPPING events from decorations provider vscode.git 5659
[2022-10-14 07:04:44.777] [exthost] [warning] [Decorations] CAPPING events from decorations provider vscode.git 5659
[2022-10-14 07:04:50.077] [exthost] [warning] [Decorations] CAPPING events from decorations provider vscode.git 5659
[2022-10-14 07:04:55.395] [exthost] [warning] [Decorations] CAPPING events from decorations provider vscode.git 5659
[2022-10-14 07:05:00.704] [exthost] [warning] [Decorations] CAPPING events from decorations provider vscode.git 5659
[2022-10-14 07:05:06.004] [exthost] [warning] [Decorations] CAPPING events from decorations provider vscode.git 5659
[2022-10-14 07:05:11.295] [exthost] [warning] [Decorations] CAPPING events from decorations provider vscode.git 5659
[2022-10-14 07:05:16.593] [exthost] [warning] [Decorations] CAPPING events from decorations provider vscode.git 5659
[2022-10-14 07:05:21.894] [exthost] [warning] [Decorations] CAPPING events from decorations provider vscode.git 5659
[2022-10-14 07:05:27.207] [exthost] [warning] [Decorations] CAPPING events from decorations provider vscode.git 5659
[2022-10-14 07:05:32.576] [exthost] [warning] [Decorations] CAPPING events from decorations provider vscode.git 5659
[2022-10-14 07:05:37.857] [exthost] [warning] [Decorations] CAPPING events from decorations provider vscode.git 5659
[2022-10-14 07:05:43.139] [exthost] [warning] [Decorations] CAPPING events from decorations provider vscode.git 5659
[2022-10-14 07:05:48.430] [exthost] [warning] [Decorations] CAPPING events from decorations provider vscode.git 5659
[2022-10-14 07:05:53.720] [exthost] [warning] [Decorations] CAPPING events from decorations provider vscode.git 5659
[2022-10-14 07:05:59.020] [exthost] [warning] [Decorations] CAPPING events from decorations provider vscode.git 5659
[2022-10-14 07:06:04.335] [exthost] [warning] [Decorations] CAPPING events from decorations provider vscode.git 5659
[2022-10-14 07:06:09.733] [exthost] [warning] [Decorations] CAPPING events from decorations provider vscode.git 5659
[2022-10-14 07:06:15.015] [exthost] [warning] [Decorations] CAPPING events from decorations provider vscode.git 5659
[2022-10-14 07:06:20.302] [exthost] [warning] [Decorations] CAPPING events from decorations provider vscode.git 5659
[2022-10-14 07:06:25.596] [exthost] [warning] [Decorations] CAPPING events from decorations provider vscode.git 5659
[2022-10-14 07:06:30.897] [exthost] [warning] [Decorations] CAPPING events from decorations provider vscode.git 5659
[2022-10-14 07:06:36.196] [exthost] [warning] [Decorations] CAPPING events from decorations provider vscode.git 5659
[2022-10-14 07:06:41.512] [exthost] [warning] [Decorations] CAPPING events from decorations provider vscode.git 5659
[2022-10-14 07:06:46.886] [exthost] [warning] [Decorations] CAPPING events from decorations provider vscode.git 5659
[2022-10-14 07:06:52.166] [exthost] [warning] [Decorations] CAPPING events from decorations provider vscode.git 5659
[2022-10-14 07:06:57.451] [exthost] [warning] [Decorations] CAPPING events from decorations provider vscode.git 5659
[2022-10-14 07:07:02.828] [exthost] [warning] [Decorations] CAPPING events from decorations provider vscode.git 5659
[2022-10-14 07:07:08.145] [exthost] [warning] [Decorations] CAPPING events from decorations provider vscode.git 5659
[2022-10-14 07:07:13.446] [exthost] [warning] [Decorations] CAPPING events from decorations provider vscode.git 5659
[2022-10-14 07:07:18.755] [exthost] [warning] [Decorations] CAPPING events from decorations provider vscode.git 5659
[2022-10-14 07:07:24.054] [exthost] [warning] [Decorations] CAPPING events from decorations provider vscode.git 5659
[2022-10-14 07:07:29.350] [exthost] [warning] [Decorations] CAPPING events from decorations provider vscode.git 5659
[2022-10-14 07:07:34.631] [exthost] [warning] [Decorations] CAPPING events from decorations provider vscode.git 5659
[2022-10-14 07:07:39.931] [exthost] [warning] [Decorations] CAPPING events from decorations provider vscode.git 5659
[2022-10-14 07:07:45.235] [exthost] [warning] [Decorations] CAPPING events from decorations provider vscode.git 5659
[2022-10-14 07:07:50.539] [exthost] [warning] [Decorations] CAPPING events from decorations provider vscode.git 5659
[2022-10-14 07:07:55.916] [exthost] [warning] [Decorations] CAPPING events from decorations provider vscode.git 5659
[2022-10-14 07:08:01.194] [exthost] [warning] [Decorations] CAPPING events from decorations provider vscode.git 5659
[2022-10-14 07:08:06.475] [exthost] [warning] [Decorations] CAPPING events from decorations provider vscode.git 5659
[2022-10-14 07:08:11.762] [exthost] [warning] [Decorations] CAPPING events from decorations provider vscode.git 5659
[2022-10-14 07:08:17.073] [exthost] [warning] [Decorations] CAPPING events from decorations provider vscode.git 5659
[2022-10-14 07:08:22.375] [exthost] [warning] [Decorations] CAPPING events from decorations provider vscode.git 5659
[2022-10-14 07:08:27.692] [exthost] [warning] [Decorations] CAPPING events from decorations provider vscode.git 5659
[2022-10-14 07:08:33.062] [exthost] [warning] [Decorations] CAPPING events from decorations provider vscode.git 5659
[2022-10-14 07:08:38.340] [exthost] [warning] [Decorations] CAPPING events from decorations provider vscode.git 5659
[2022-10-14 07:08:43.630] [exthost] [warning] [Decorations] CAPPING events from decorations provider vscode.git 5659
[2022-10-14 07:08:48.921] [exthost] [warning] [Decorations] CAPPING events from decorations provider vscode.git 5659
[2022-10-14 07:08:54.215] [exthost] [warning] [Decorations] CAPPING events from decorations provider vscode.git 5659
[2022-10-14 07:08:59.517] [exthost] [warning] [Decorations] CAPPING events from decorations provider vscode.git 5659
[2022-10-14 07:09:04.852] [exthost] [warning] [Decorations] CAPPING events from decorations provider vscode.git 5659
[2022-10-14 07:09:10.143] [exthost] [warning] [Decorations] CAPPING events from decorations provider vscode.git 5659
[2022-10-14 07:09:15.433] [exthost] [warning] [Decorations] CAPPING events from decorations provider vscode.git 5659
[2022-10-14 07:09:20.724] [exthost] [warning] [Decorations] CAPPING events from decorations provider vscode.git 5659
[2022-10-14 07:09:26.020] [exthost] [warning] [Decorations] CAPPING events from decorations provider vscode.git 5659
[2022-10-14 07:09:31.316] [exthost] [warning] [Decorations] CAPPING events from decorations provider vscode.git 5659
[2022-10-14 07:09:36.624] [exthost] [warning] [Decorations] CAPPING events from decorations provider vscode.git 5659
[2022-10-14 07:09:41.999] [exthost] [warning] [Decorations] CAPPING events from decorations provider vscode.git 5659
[2022-10-14 07:09:47.281] [exthost] [warning] [Decorations] CAPPING events from decorations provider vscode.git 5659
[2022-10-14 07:09:52.562] [exthost] [warning] [Decorations] CAPPING events from decorations provider vscode.git 5659
[2022-10-14 07:09:57.850] [exthost] [warning] [Decorations] CAPPING events from decorations provider vscode.git 5659
[2022-10-14 07:10:03.153] [exthost] [warning] [Decorations] CAPPING events from decorations provider vscode.git 5659
[2022-10-14 07:10:08.451] [exthost] [warning] [Decorations] CAPPING events from decorations provider vscode.git 5659
[2022-10-14 07:10:13.760] [exthost] [warning] [Decorations] CAPPING events from decorations provider vscode.git 5659
[2022-10-14 07:10:19.125] [exthost] [warning] [Decorations] CAPPING events from decorations provider vscode.git 5659
[2022-10-14 07:10:24.412] [exthost] [warning] [Decorations] CAPPING events from decorations provider vscode.git 5659
[2022-10-14 07:10:29.696] [exthost] [warning] [Decorations] CAPPING events from decorations provider vscode.git 5659
[2022-10-14 07:10:34.978] [exthost] [warning] [Decorations] CAPPING events from decorations provider vscode.git 5659
[2022-10-14 07:10:40.271] [exthost] [warning] [Decorations] CAPPING events from decorations provider vscode.git 5659
[2022-10-14 07:10:45.570] [exthost] [warning] [Decorations] CAPPING events from decorations provider vscode.git 5659
[2022-10-14 07:10:50.866] [exthost] [warning] [Decorations] CAPPING events from decorations provider vscode.git 5659
[2022-10-14 07:10:56.160] [exthost] [warning] [Decorations] CAPPING events from decorations provider vscode.git 5659
[2022-10-14 07:11:01.452] [exthost] [warning] [Decorations] CAPPING events from decorations provider vscode.git 5659
[2022-10-14 07:11:06.737] [exthost] [warning] [Decorations] CAPPING events from decorations provider vscode.git 5659
[2022-10-14 07:11:12.032] [exthost] [warning] [Decorations] CAPPING events from decorations provider vscode.git 5659
[2022-10-14 07:11:17.336] [exthost] [warning] [Decorations] CAPPING events from decorations provider vscode.git 5659
[2022-10-14 07:11:22.644] [exthost] [warning] [Decorations] CAPPING events from decorations provider vscode.git 5659
[2022-10-14 07:11:28.013] [exthost] [warning] [Decorations] CAPPING events from decorations provider vscode.git 5659
[2022-10-14 07:11:33.295] [exthost] [warning] [Decorations] CAPPING events from decorations provider vscode.git 5659
[2022-10-14 07:11:38.576] [exthost] [warning] [Decorations] CAPPING events from decorations provider vscode.git 5659
[2022-10-14 07:11:43.863] [exthost] [warning] [Decorations] CAPPING events from decorations provider vscode.git 5659
[2022-10-14 07:11:49.153] [exthost] [warning] [Decorations] CAPPING events from decorations provider vscode.git 5659
[2022-10-14 07:11:54.445] [exthost] [warning] [Decorations] CAPPING events from decorations provider vscode.git 5659
[2022-10-14 07:11:59.748] [exthost] [warning] [Decorations] CAPPING events from decorations provider vscode.git 5659
[2022-10-14 07:12:05.026] [exthost] [warning] [Decorations] CAPPING events from decorations provider vscode.git 5659
[2022-10-14 07:12:10.310] [exthost] [warning] [Decorations] CAPPING events from decorations provider vscode.git 5659
[2022-10-14 07:12:15.593] [exthost] [warning] [Decorations] CAPPING events from decorations provider vscode.git 5659
[2022-10-14 07:12:20.869] [exthost] [warning] [Decorations] CAPPING events from decorations provider vscode.git 5659
[2022-10-14 07:12:26.165] [exthost] [warning] [Decorations] CAPPING events from decorations provider vscode.git 5659
[2022-10-14 07:12:31.471] [exthost] [warning] [Decorations] CAPPING events from decorations provider vscode.git 5659
[2022-10-14 07:12:36.785] [exthost] [warning] [Decorations] CAPPING events from decorations provider vscode.git 5659
[2022-10-14 07:12:42.152] [exthost] [warning] [Decorations] CAPPING events from decorations provider vscode.git 5659
[2022-10-14 07:12:47.440] [exthost] [warning] [Decorations] CAPPING events from decorations provider vscode.git 5659
[2022-10-14 07:12:52.727] [exthost] [warning] [Decorations] CAPPING events from decorations provider vscode.git 5659
[2022-10-14 07:12:58.012] [exthost] [warning] [Decorations] CAPPING events from decorations provider vscode.git 5659
[2022-10-14 07:13:03.306] [exthost] [warning] [Decorations] CAPPING events from decorations provider vscode.git 5659
[2022-10-14 07:13:08.605] [exthost] [warning] [Decorations] CAPPING events from decorations provider vscode.git 5659
[2022-10-14 07:13:13.906] [exthost] [warning] [Decorations] CAPPING events from decorations provider vscode.git 5659
[2022-10-14 07:13:19.284] [exthost] [warning] [Decorations] CAPPING events from decorations provider vscode.git 5659
[2022-10-14 07:13:24.565] [exthost] [warning] [Decorations] CAPPING events from decorations provider vscode.git 5659
[2022-10-14 07:13:29.849] [exthost] [warning] [Decorations] CAPPING events from decorations provider vscode.git 5659
[2022-10-14 07:13:35.139] [exthost] [warning] [Decorations] CAPPING events from decorations provider vscode.git 5659
[2022-10-14 07:13:40.433] [exthost] [warning] [Decorations] CAPPING events from decorations provider vscode.git 5659
[2022-10-14 07:13:45.729] [exthost] [warning] [Decorations] CAPPING events from decorations provider vscode.git 5659
[2022-10-14 07:13:51.035] [exthost] [warning] [Decorations] CAPPING events from decorations provider vscode.git 5659
[2022-10-14 07:13:56.424] [exthost] [warning] [Decorations] CAPPING events from decorations provider vscode.git 5659
[2022-10-14 07:14:01.701] [exthost] [warning] [Decorations] CAPPING events from decorations provider vscode.git 5659
[2022-10-14 07:14:06.986] [exthost] [warning] [Decorations] CAPPING events from decorations provider vscode.git 5659
[2022-10-14 07:14:12.267] [exthost] [warning] [Decorations] CAPPING events from decorations provider vscode.git 5659
[2022-10-14 07:14:17.561] [exthost] [warning] [Decorations] CAPPING events from decorations provider vscode.git 5659
[2022-10-14 07:14:22.861] [exthost] [warning] [Decorations] CAPPING events from decorations provider vscode.git 5659
[2022-10-14 07:14:28.177] [exthost] [warning] [Decorations] CAPPING events from decorations provider vscode.git 5659
[2022-10-14 07:14:33.502] [exthost] [warning] [Decorations] CAPPING events from decorations provider vscode.git 5659
[2022-10-14 07:14:38.782] [exthost] [warning] [Decorations] CAPPING events from decorations provider vscode.git 5659
[2022-10-14 07:14:44.064] [exthost] [warning] [Decorations] CAPPING events from decorations provider vscode.git 5659
[2022-10-14 07:14:49.339] [exthost] [warning] [Decorations] CAPPING events from decorations provider vscode.git 5659
[2022-10-14 07:14:54.638] [exthost] [warning] [Decorations] CAPPING events from decorations provider vscode.git 5659
[2022-10-14 07:14:59.940] [exthost] [warning] [Decorations] CAPPING events from decorations provider vscode.git 5659
[2022-10-14 07:15:05.259] [exthost] [warning] [Decorations] CAPPING events from decorations provider vscode.git 5659
[2022-10-14 07:20:45.686] [exthost] [warning] [Decorations] CAPPING events from decorations provider vscode.git 5659
[2022-10-14 07:21:01.479] [exthost] [warning] [Decorations] CAPPING events from decorations provider vscode.git 5659
[2022-10-14 07:21:06.779] [exthost] [warning] [Decorations] CAPPING events from decorations provider vscode.git 5659
[2022-10-14 07:21:33.245] [exthost] [warning] [Decorations] CAPPING events from decorations provider vscode.git 5660
[2022-10-14 07:21:39.226] [exthost] [warning] [Decorations] CAPPING events from decorations provider vscode.git 5661
[2022-10-14 07:21:44.517] [exthost] [warning] [Decorations] CAPPING events from decorations provider vscode.git 5661
[2022-10-14 07:21:49.798] [exthost] [warning] [Decorations] CAPPING events from decorations provider vscode.git 5661
[2022-10-14 07:21:55.837] [exthost] [warning] [Decorations] CAPPING events from decorations provider vscode.git 5661
[2022-10-14 07:22:01.902] [exthost] [warning] [Decorations] CAPPING events from decorations provider vscode.git 5661
[2022-10-14 07:22:07.213] [exthost] [warning] [Decorations] CAPPING events from decorations provider vscode.git 5661
[2022-10-14 07:22:12.591] [exthost] [warning] [Decorations] CAPPING events from decorations provider vscode.git 5661
[2022-10-14 07:22:17.867] [exthost] [warning] [Decorations] CAPPING events from decorations provider vscode.git 5661
[2022-10-14 07:22:23.148] [exthost] [warning] [Decorations] CAPPING events from decorations provider vscode.git 5661
[2022-10-14 07:22:28.433] [exthost] [warning] [Decorations] CAPPING events from decorations provider vscode.git 5661
[2022-10-14 07:22:33.731] [exthost] [warning] [Decorations] CAPPING events from decorations provider vscode.git 5661
[2022-10-14 07:22:39.022] [exthost] [warning] [Decorations] CAPPING events from decorations provider vscode.git 5661
[2022-10-14 07:22:44.333] [exthost] [warning] [Decorations] CAPPING events from decorations provider vscode.git 5661
[2022-10-14 07:22:49.618] [exthost] [warning] [Decorations] CAPPING events from decorations provider vscode.git 5661
[2022-10-14 07:23:18.911] [exthost] [warning] [Decorations] CAPPING events from decorations provider vscode.git 5661
[2022-10-14 07:23:24.206] [exthost] [warning] [Decorations] CAPPING events from decorations provider vscode.git 5661
[2022-10-14 07:23:29.482] [exthost] [warning] [Decorations] CAPPING events from decorations provider vscode.git 5661
[2022-10-14 07:23:41.993] [exthost] [warning] [Decorations] CAPPING events from decorations provider vscode.git 5661
[2022-10-14 07:23:53.582] [exthost] [warning] [Decorations] CAPPING events from decorations provider vscode.git 5663
[2022-10-14 07:23:55.958] [exthost] [info] ExtensionService#_doActivateExtension vscode.debug-server-ready, startup: false, activationEvent: 'onDebugResolve'
[2022-10-14 07:24:00.934] [exthost] [warning] [Decorations] CAPPING events from decorations provider vscode.git 5665
[2022-10-14 07:24:19.457] [exthost] [warning] [Decorations] CAPPING events from decorations provider vscode.git 5665
[2022-10-14 07:24:25.450] [exthost] [warning] [Decorations] CAPPING events from decorations provider vscode.git 5667
[2022-10-14 07:24:30.739] [exthost] [warning] [Decorations] CAPPING events from decorations provider vscode.git 5667
[2022-10-14 07:24:36.042] [exthost] [warning] [Decorations] CAPPING events from decorations provider vscode.git 5667
[2022-10-14 07:24:41.347] [exthost] [warning] [Decorations] CAPPING events from decorations provider vscode.git 5667
[2022-10-14 07:24:46.651] [exthost] [warning] [Decorations] CAPPING events from decorations provider vscode.git 5667
[2022-10-14 07:24:51.949] [exthost] [warning] [Decorations] CAPPING events from decorations provider vscode.git 5667
[2022-10-14 07:24:57.246] [exthost] [warning] [Decorations] CAPPING events from decorations provider vscode.git 5667
[2022-10-14 07:25:02.530] [exthost] [warning] [Decorations] CAPPING events from decorations provider vscode.git 5667
[2022-10-14 07:25:07.833] [exthost] [warning] [Decorations] CAPPING events from decorations provider vscode.git 5667
[2022-10-14 07:25:13.148] [exthost] [warning] [Decorations] CAPPING events from decorations provider vscode.git 5667
[2022-10-14 07:25:18.454] [exthost] [warning] [Decorations] CAPPING events from decorations provider vscode.git 5667
[2022-10-14 07:25:23.828] [exthost] [warning] [Decorations] CAPPING events from decorations provider vscode.git 5667
[2022-10-14 07:25:29.110] [exthost] [warning] [Decorations] CAPPING events from decorations provider vscode.git 5667
[2022-10-14 07:25:34.393] [exthost] [warning] [Decorations] CAPPING events from decorations provider vscode.git 5667
[2022-10-14 07:25:39.680] [exthost] [warning] [Decorations] CAPPING events from decorations provider vscode.git 5667
[2022-10-14 07:25:44.974] [exthost] [warning] [Decorations] CAPPING events from decorations provider vscode.git 5667
[2022-10-14 07:25:50.267] [exthost] [warning] [Decorations] CAPPING events from decorations provider vscode.git 5667
[2022-10-14 07:25:55.571] [exthost] [warning] [Decorations] CAPPING events from decorations provider vscode.git 5667
[2022-10-14 07:26:00.857] [exthost] [warning] [Decorations] CAPPING events from decorations provider vscode.git 5667
[2022-10-14 07:26:06.155] [exthost] [warning] [Decorations] CAPPING events from decorations provider vscode.git 5667
[2022-10-14 07:26:11.447] [exthost] [warning] [Decorations] CAPPING events from decorations provider vscode.git 5667
[2022-10-14 07:26:16.819] [exthost] [warning] [Decorations] CAPPING events from decorations provider vscode.git 5667
[2022-10-14 07:26:22.127] [exthost] [warning] [Decorations] CAPPING events from decorations provider vscode.git 5667
[2022-10-14 07:26:27.438] [exthost] [warning] [Decorations] CAPPING events from decorations provider vscode.git 5667
[2022-10-14 07:26:32.812] [exthost] [warning] [Decorations] CAPPING events from decorations provider vscode.git 5667
[2022-10-14 07:26:38.085] [exthost] [warning] [Decorations] CAPPING events from decorations provider vscode.git 5667
[2022-10-14 07:26:43.366] [exthost] [warning] [Decorations] CAPPING events from decorations provider vscode.git 5667
[2022-10-14 07:26:48.650] [exthost] [warning] [Decorations] CAPPING events from decorations provider vscode.git 5667
[2022-10-14 07:26:53.949] [exthost] [warning] [Decorations] CAPPING events from decorations provider vscode.git 5667
[2022-10-14 07:26:59.237] [exthost] [warning] [Decorations] CAPPING events from decorations provider vscode.git 5667
[2022-10-14 07:27:04.547] [exthost] [warning] [Decorations] CAPPING events from decorations provider vscode.git 5667
[2022-10-14 07:27:09.941] [exthost] [warning] [Decorations] CAPPING events from decorations provider vscode.git 5667
[2022-10-14 07:27:15.228] [exthost] [warning] [Decorations] CAPPING events from decorations provider vscode.git 5667
[2022-10-14 07:27:20.511] [exthost] [warning] [Decorations] CAPPING events from decorations provider vscode.git 5667
[2022-10-14 07:27:25.788] [exthost] [warning] [Decorations] CAPPING events from decorations provider vscode.git 5667
[2022-10-14 07:27:31.079] [exthost] [warning] [Decorations] CAPPING events from decorations provider vscode.git 5667
[2022-10-14 07:27:36.374] [exthost] [warning] [Decorations] CAPPING events from decorations provider vscode.git 5667
[2022-10-14 07:27:41.678] [exthost] [warning] [Decorations] CAPPING events from decorations provider vscode.git 5667
[2022-10-14 07:27:47.004] [exthost] [warning] [Decorations] CAPPING events from decorations provider vscode.git 5667
[2022-10-14 07:27:52.282] [exthost] [warning] [Decorations] CAPPING events from decorations provider vscode.git 5667
[2022-10-14 07:27:57.568] [exthost] [warning] [Decorations] CAPPING events from decorations provider vscode.git 5667
[2022-10-14 07:28:02.850] [exthost] [warning] [Decorations] CAPPING events from decorations provider vscode.git 5667
[2022-10-14 07:28:08.147] [exthost] [warning] [Decorations] CAPPING events from decorations provider vscode.git 5667
[2022-10-14 07:28:13.448] [exthost] [warning] [Decorations] CAPPING events from decorations provider vscode.git 5667
[2022-10-14 07:28:18.796] [exthost] [warning] [Decorations] CAPPING events from decorations provider vscode.git 5667
[2022-10-14 07:28:24.180] [exthost] [warning] [Decorations] CAPPING events from decorations provider vscode.git 5667
[2022-10-14 07:28:29.466] [exthost] [warning] [Decorations] CAPPING events from decorations provider vscode.git 5667
[2022-10-14 07:28:34.750] [exthost] [warning] [Decorations] CAPPING events from decorations provider vscode.git 5667
[2022-10-14 07:28:40.032] [exthost] [warning] [Decorations] CAPPING events from decorations provider vscode.git 5667
[2022-10-14 07:28:45.335] [exthost] [warning] [Decorations] CAPPING events from decorations provider vscode.git 5667
[2022-10-14 07:28:50.651] [exthost] [warning] [Decorations] CAPPING events from decorations provider vscode.git 5667
[2022-10-14 07:28:55.976] [exthost] [warning] [Decorations] CAPPING events from decorations provider vscode.git 5667
[2022-10-14 07:29:01.269] [exthost] [warning] [Decorations] CAPPING events from decorations provider vscode.git 5667
[2022-10-14 07:29:06.564] [exthost] [warning] [Decorations] CAPPING events from decorations provider vscode.git 5667
[2022-10-14 07:29:11.854] [exthost] [warning] [Decorations] CAPPING events from decorations provider vscode.git 5667
[2022-10-14 07:29:17.153] [exthost] [warning] [Decorations] CAPPING events from decorations provider vscode.git 5667
[2022-10-14 07:29:22.447] [exthost] [warning] [Decorations] CAPPING events from decorations provider vscode.git 5667
[2022-10-14 07:29:27.755] [exthost] [warning] [Decorations] CAPPING events from decorations provider vscode.git 5667
[2022-10-14 07:29:33.145] [exthost] [warning] [Decorations] CAPPING events from decorations provider vscode.git 5667
[2022-10-14 07:29:38.421] [exthost] [warning] [Decorations] CAPPING events from decorations provider vscode.git 5667
[2022-10-14 07:29:43.707] [exthost] [warning] [Decorations] CAPPING events from decorations provider vscode.git 5667
[2022-10-14 07:29:48.989] [exthost] [warning] [Decorations] CAPPING events from decorations provider vscode.git 5667
[2022-10-14 07:29:54.282] [exthost] [warning] [Decorations] CAPPING events from decorations provider vscode.git 5667
[2022-10-14 07:30:03.305] [exthost] [warning] [Decorations] CAPPING events from decorations provider vscode.git 5667
[2022-10-14 07:30:41.093] [exthost] [warning] [Decorations] CAPPING events from decorations provider vscode.git 5669
[2022-10-14 07:30:46.384] [exthost] [warning] [Decorations] CAPPING events from decorations provider vscode.git 5669
[2022-10-14 07:30:51.665] [exthost] [warning] [Decorations] CAPPING events from decorations provider vscode.git 5669
[2022-10-14 07:30:56.957] [exthost] [warning] [Decorations] CAPPING events from decorations provider vscode.git 5669
[2022-10-14 07:32:01.007] [exthost] [warning] [Decorations] CAPPING events from decorations provider vscode.git 5670
[2022-10-14 07:32:10.368] [exthost] [warning] [Decorations] CAPPING events from decorations provider vscode.git 5669
[2022-10-14 07:32:23.567] [exthost] [warning] [Decorations] CAPPING events from decorations provider vscode.git 5669
[2022-10-14 07:32:28.861] [exthost] [warning] [Decorations] CAPPING events from decorations provider vscode.git 5671
[2022-10-14 07:32:34.891] [exthost] [warning] [Decorations] CAPPING events from decorations provider vscode.git 5671
[2022-10-14 07:33:13.515] [exthost] [warning] [Decorations] CAPPING events from decorations provider vscode.git 5671
[2022-10-14 07:33:19.557] [exthost] [warning] [Decorations] CAPPING events from decorations provider vscode.git 5671
[2022-10-14 07:34:10.178] [exthost] [warning] [Decorations] CAPPING events from decorations provider vscode.git 5671
[2022-10-14 07:34:15.460] [exthost] [warning] [Decorations] CAPPING events from decorations provider vscode.git 5671
[2022-10-14 07:34:20.743] [exthost] [warning] [Decorations] CAPPING events from decorations provider vscode.git 5671
[2022-10-14 07:34:26.026] [exthost] [warning] [Decorations] CAPPING events from decorations provider vscode.git 5671
[2022-10-14 07:34:31.313] [exthost] [warning] [Decorations] CAPPING events from decorations provider vscode.git 5671
[2022-10-14 07:34:36.614] [exthost] [warning] [Decorations] CAPPING events from decorations provider vscode.git 5671
[2022-10-14 07:35:00.637] [exthost] [warning] [Decorations] CAPPING events from decorations provider vscode.git 5671
[2022-10-14 07:35:05.954] [exthost] [warning] [Decorations] CAPPING events from decorations provider vscode.git 5671
[2022-10-14 07:35:19.844] [exthost] [warning] [Decorations] CAPPING events from decorations provider vscode.git 5672
[2022-10-14 07:35:52.147] [exthost] [warning] [Decorations] CAPPING events from decorations provider vscode.git 5673
[2022-10-14 07:36:10.371] [exthost] [warning] [Decorations] CAPPING events from decorations provider vscode.git 5672
[2022-10-14 07:36:15.663] [exthost] [warning] [Decorations] CAPPING events from decorations provider vscode.git 5672
