[2022-10-13T03:17:09.236Z] Log level: Info
[2022-10-13T03:17:09.247Z] [info] Validating found git in: git
[2022-10-13T03:17:09.357Z] [info] Using git 2.34.1 from git
[2022-10-13T03:17:09.423Z] > git rev-parse --show-toplevel [22ms]
[2022-10-13T03:17:09.444Z] > git rev-parse --git-dir --git-common-dir [1ms]
[2022-10-13T03:17:09.458Z] [info] Open repository: /home/ubuntu
[2022-10-13T03:17:09.525Z] > git rev-parse --show-toplevel [2ms]
[2022-10-13T03:17:09.556Z] > git rev-parse --git-dir --git-common-dir [10ms]
[2022-10-13T03:17:09.560Z] [info] Open repository: /home/ubuntu/jinkange
[2022-10-13T03:17:09.631Z] > git status -z -uall [50ms]
[2022-10-13T03:17:09.682Z] > git rev-parse --show-toplevel [80ms]
[2022-10-13T03:17:09.700Z] > git symbolic-ref --short HEAD [37ms]
[2022-10-13T03:17:09.726Z] > git rev-parse --show-toplevel [27ms]
[2022-10-13T03:17:09.745Z] > git for-each-ref --format=%(refname)%00%(upstream:short)%00%(objectname)%00%(upstream:track)%00%(upstream:remotename)%00%(upstream:remoteref) refs/heads/master refs/remotes/master [22ms]
[2022-10-13T03:17:09.784Z] > git for-each-ref --sort -committerdate --format %(refname) %(objectname) %(*objectname) [11ms]
[2022-10-13T03:17:09.784Z] > git rev-parse --show-toplevel [42ms]
[2022-10-13T03:17:09.820Z] > git remote --verbose [39ms]
[2022-10-13T03:17:09.849Z] > git rev-parse --show-toplevel [30ms]
[2022-10-13T03:17:10.050Z] > git rev-parse --show-toplevel [191ms]
[2022-10-13T03:17:10.090Z] > git config --get commit.template [220ms]
[2022-10-13T03:17:10.199Z] > git rev-parse --show-toplevel [110ms]
[2022-10-13T03:17:10.242Z] > git status -z -uall [745ms]
[2022-10-13T03:17:10.307Z] > git status -z -uall [112ms]
[2022-10-13T03:17:10.334Z] > git symbolic-ref --short HEAD [27ms]
[2022-10-13T03:17:10.347Z] > git rev-parse --git-dir --git-common-dir [123ms]
[2022-10-13T03:17:10.351Z] [info] Open repository: /home/ubuntu/.nvm
[2022-10-13T03:17:10.398Z] > git status -z -uall [31ms]
[2022-10-13T03:17:10.411Z] > git for-each-ref --format=%(refname)%00%(upstream:short)%00%(objectname)%00%(upstream:track)%00%(upstream:remotename)%00%(upstream:remoteref) refs/heads/main refs/remotes/main [64ms]
[2022-10-13T03:17:10.455Z] > git symbolic-ref --short HEAD [132ms]
[2022-10-13T03:17:10.474Z] > git remote --verbose [24ms]
[2022-10-13T03:17:10.474Z] > git for-each-ref --sort -committerdate --format %(refname) %(objectname) %(*objectname) [51ms]
[2022-10-13T03:17:10.475Z] > git symbolic-ref --short HEAD [64ms]
[2022-10-13T03:17:10.475Z] fatal: ref HEAD is not a symbolic ref
[2022-10-13T03:17:10.516Z] > git rev-parse --show-toplevel [122ms]
[2022-10-13T03:17:11.090Z] > git rev-parse --show-toplevel [541ms]
[2022-10-13T03:17:11.159Z] > git rev-parse HEAD [643ms]
[2022-10-13T03:17:11.220Z] > git for-each-ref --format=%(refname)%00%(upstream:short)%00%(objectname)%00%(upstream:track)%00%(upstream:remotename)%00%(upstream:remoteref) refs/heads/master refs/remotes/master [753ms]
[2022-10-13T03:17:12.902Z] > git remote --verbose [1626ms]
[2022-10-13T03:17:12.902Z] > git for-each-ref --sort -committerdate --format %(refname) %(objectname) %(*objectname) [1655ms]
[2022-10-13T03:17:12.909Z] > git remote --verbose [1690ms]
[2022-10-13T03:17:12.909Z] > git for-each-ref --sort -committerdate --format %(refname) %(objectname) %(*objectname) [1729ms]
[2022-10-13T03:17:12.913Z] > git rev-parse --show-toplevel [1754ms]
[2022-10-13T03:17:13.003Z] > git config --get commit.template [116ms]
[2022-10-13T03:17:13.079Z] > git config --get commit.template [77ms]
[2022-10-13T03:17:13.103Z] > git config --get commit.template [128ms]
[2022-10-13T03:17:13.103Z] > git rev-parse --show-toplevel [151ms]
[2022-10-13T03:17:13.123Z] > git status -z -uall [21ms]
[2022-10-13T03:17:13.140Z] > git rev-parse --show-toplevel [19ms]
[2022-10-13T03:17:13.237Z] > git symbolic-ref --short HEAD [96ms]
[2022-10-13T03:17:13.237Z] fatal: ref HEAD is not a symbolic ref
[2022-10-13T03:17:13.273Z] > git rev-parse HEAD [12ms]
[2022-10-13T03:17:13.301Z] > git rev-parse --show-toplevel [137ms]
[2022-10-13T03:17:13.317Z] > git remote --verbose [17ms]
[2022-10-13T03:17:13.317Z] > git for-each-ref --sort -committerdate --format %(refname) %(objectname) %(*objectname) [27ms]
[2022-10-13T03:17:13.337Z] > git rev-parse --show-toplevel [28ms]
[2022-10-13T03:17:13.348Z] > git config --get commit.template [12ms]
[2022-10-13T03:17:13.376Z] > git rev-parse --show-toplevel [29ms]
[2022-10-13T03:17:13.549Z] > git status -z -uall [536ms]
[2022-10-13T03:17:13.602Z] > git symbolic-ref --short HEAD [19ms]
[2022-10-13T03:17:13.624Z] > git for-each-ref --format=%(refname)%00%(upstream:short)%00%(objectname)%00%(upstream:track)%00%(upstream:remotename)%00%(upstream:remoteref) refs/heads/main refs/remotes/main [7ms]
[2022-10-13T03:17:13.682Z] > git remote --verbose [4ms]
[2022-10-13T03:17:13.682Z] > git for-each-ref --sort -committerdate --format %(refname) %(objectname) %(*objectname) [37ms]
[2022-10-13T03:17:15.238Z] > git check-ignore -v -z --stdin [41ms]
[2022-10-13T03:17:15.240Z] > git check-ignore -v -z --stdin [19ms]
[2022-10-13T03:17:15.240Z] > git config --get commit.template [67ms]
[2022-10-13T03:17:15.479Z] > git check-ignore -v -z --stdin [270ms]
[2022-10-13T03:17:15.851Z] > git show --textconv :src/App.js [15ms]
[2022-10-13T03:17:15.852Z] > git ls-files --stage -- /home/ubuntu/jinkange/src/App.js [2ms]
[2022-10-13T03:17:15.873Z] > git cat-file -s 37845757234ccb68531c10cf7a2ffc589c47e342 [5ms]
[2022-10-13T03:17:16.165Z] > git check-ignore -v -z --stdin [47ms]
[2022-10-13T03:17:16.202Z] > git check-ignore -v -z --stdin [69ms]
[2022-10-13T03:17:16.202Z] > git check-ignore -v -z --stdin [39ms]
[2022-10-13T03:17:23.730Z] > git status -z -uall [17ms]
[2022-10-13T03:17:23.763Z] > git symbolic-ref --short HEAD [12ms]
[2022-10-13T03:17:23.779Z] > git for-each-ref --format=%(refname)%00%(upstream:short)%00%(objectname)%00%(upstream:track)%00%(upstream:remotename)%00%(upstream:remoteref) refs/heads/master refs/remotes/master [3ms]
[2022-10-13T03:17:23.853Z] > git for-each-ref --sort -committerdate --format %(refname) %(objectname) %(*objectname) [19ms]
[2022-10-13T03:17:23.861Z] > git remote --verbose [9ms]
[2022-10-13T03:17:23.902Z] > git config --get commit.template [7ms]
[2022-10-13T03:17:24.271Z] > git status -z -uall [542ms]
[2022-10-13T03:17:24.298Z] > git symbolic-ref --short HEAD [6ms]
[2022-10-13T03:17:24.319Z] > git for-each-ref --format=%(refname)%00%(upstream:short)%00%(objectname)%00%(upstream:track)%00%(upstream:remotename)%00%(upstream:remoteref) refs/heads/main refs/remotes/main [7ms]
[2022-10-13T03:17:24.346Z] > git for-each-ref --sort -committerdate --format %(refname) %(objectname) %(*objectname) [13ms]
[2022-10-13T03:17:24.353Z] > git remote --verbose [8ms]
[2022-10-13T03:17:26.169Z] > git config --get commit.template [16ms]
[2022-10-13T03:17:31.348Z] > git status -z -uall [165ms]
[2022-10-13T03:17:31.359Z] > git symbolic-ref --short HEAD [2ms]
[2022-10-13T03:17:31.367Z] > git for-each-ref --format=%(refname)%00%(upstream:short)%00%(objectname)%00%(upstream:track)%00%(upstream:remotename)%00%(upstream:remoteref) refs/heads/main refs/remotes/main [2ms]
[2022-10-13T03:17:31.383Z] > git for-each-ref --sort -committerdate --format %(refname) %(objectname) %(*objectname) [9ms]
[2022-10-13T03:17:31.385Z] > git remote --verbose [3ms]
[2022-10-13T03:17:31.467Z] > git config --get commit.template [2ms]
[2022-10-13T03:17:36.688Z] > git status -z -uall [208ms]
[2022-10-13T03:17:36.703Z] > git symbolic-ref --short HEAD [3ms]
[2022-10-13T03:17:36.714Z] > git for-each-ref --format=%(refname)%00%(upstream:short)%00%(objectname)%00%(upstream:track)%00%(upstream:remotename)%00%(upstream:remoteref) refs/heads/main refs/remotes/main [3ms]
[2022-10-13T03:17:36.732Z] > git for-each-ref --sort -committerdate --format %(refname) %(objectname) %(*objectname) [11ms]
[2022-10-13T03:17:36.735Z] > git remote --verbose [4ms]
[2022-10-13T03:17:36.832Z] > git config --get commit.template [2ms]
[2022-10-13T03:17:42.084Z] > git status -z -uall [240ms]
[2022-10-13T03:17:42.095Z] > git symbolic-ref --short HEAD [3ms]
[2022-10-13T03:17:42.184Z] > git for-each-ref --format=%(refname)%00%(upstream:short)%00%(objectname)%00%(upstream:track)%00%(upstream:remotename)%00%(upstream:remoteref) refs/heads/main refs/remotes/main [75ms]
[2022-10-13T03:17:42.202Z] > git for-each-ref --sort -committerdate --format %(refname) %(objectname) %(*objectname) [10ms]
[2022-10-13T03:17:42.205Z] > git remote --verbose [4ms]
[2022-10-13T03:17:42.316Z] > git config --get commit.template [2ms]
[2022-10-13T03:17:48.750Z] > git status -z -uall [230ms]
[2022-10-13T03:17:48.762Z] > git symbolic-ref --short HEAD [4ms]
[2022-10-13T03:17:48.776Z] > git for-each-ref --format=%(refname)%00%(upstream:short)%00%(objectname)%00%(upstream:track)%00%(upstream:remotename)%00%(upstream:remoteref) refs/heads/main refs/remotes/main [6ms]
[2022-10-13T03:17:48.802Z] > git for-each-ref --sort -committerdate --format %(refname) %(objectname) %(*objectname) [14ms]
[2022-10-13T03:17:48.804Z] > git remote --verbose [3ms]
[2022-10-13T03:17:48.914Z] > git config --get commit.template [11ms]
[2022-10-13T03:17:54.169Z] > git status -z -uall [243ms]
[2022-10-13T03:17:54.184Z] > git symbolic-ref --short HEAD [1ms]
[2022-10-13T03:17:54.201Z] > git for-each-ref --format=%(refname)%00%(upstream:short)%00%(objectname)%00%(upstream:track)%00%(upstream:remotename)%00%(upstream:remoteref) refs/heads/main refs/remotes/main [3ms]
[2022-10-13T03:17:54.215Z] > git for-each-ref --sort -committerdate --format %(refname) %(objectname) %(*objectname) [8ms]
[2022-10-13T03:17:54.217Z] > git remote --verbose [3ms]
[2022-10-13T03:17:55.275Z] > git config --get commit.template [20ms]
[2022-10-13T03:18:02.438Z] > git status -z -uall [252ms]
[2022-10-13T03:18:02.454Z] > git symbolic-ref --short HEAD [3ms]
[2022-10-13T03:18:02.466Z] > git for-each-ref --format=%(refname)%00%(upstream:short)%00%(objectname)%00%(upstream:track)%00%(upstream:remotename)%00%(upstream:remoteref) refs/heads/main refs/remotes/main [4ms]
[2022-10-13T03:18:02.485Z] > git for-each-ref --sort -committerdate --format %(refname) %(objectname) %(*objectname) [11ms]
[2022-10-13T03:18:02.487Z] > git remote --verbose [3ms]
[2022-10-13T03:18:03.905Z] > git config --get commit.template [1287ms]
[2022-10-13T03:18:10.979Z] > git show --textconv :src/App.js [9ms]
[2022-10-13T03:18:10.980Z] > git ls-files --stage -- /home/ubuntu/jinkange/src/App.js [1ms]
[2022-10-13T03:18:10.995Z] > git cat-file -s 37845757234ccb68531c10cf7a2ffc589c47e342 [7ms]
[2022-10-13T03:21:42.774Z] > git show --textconv :src/index.js [7ms]
[2022-10-13T03:21:42.775Z] > git ls-files --stage -- /home/ubuntu/jinkange/src/index.js [2ms]
[2022-10-13T03:21:42.782Z] > git cat-file -s d563c0fb10ba0e42724b21286eb546ee4e5734fc [2ms]
[2022-10-13T03:21:45.673Z] > git show --textconv :src/App.js [7ms]
[2022-10-13T03:21:45.674Z] > git ls-files --stage -- /home/ubuntu/jinkange/src/App.js [2ms]
[2022-10-13T03:21:45.680Z] > git cat-file -s 37845757234ccb68531c10cf7a2ffc589c47e342 [1ms]
[2022-10-13T03:21:50.253Z] > git show --textconv :src/index.js [7ms]
[2022-10-13T03:21:50.254Z] > git ls-files --stage -- /home/ubuntu/jinkange/src/index.js [2ms]
[2022-10-13T03:21:50.260Z] > git cat-file -s d563c0fb10ba0e42724b21286eb546ee4e5734fc [1ms]
[2022-10-13T03:22:00.264Z] > git show --textconv :src/App.js [51ms]
[2022-10-13T03:22:00.264Z] > git ls-files --stage -- /home/ubuntu/jinkange/src/App.js [20ms]
[2022-10-13T03:22:00.273Z] > git cat-file -s 37845757234ccb68531c10cf7a2ffc589c47e342 [3ms]
[2022-10-13T03:24:30.889Z] > git check-ignore -v -z --stdin [5ms]
[2022-10-13T03:24:34.089Z] > git check-ignore -v -z --stdin [6ms]
[2022-10-13T03:24:35.325Z] > git show --textconv :node/server.js [11ms]
[2022-10-13T03:24:35.331Z] > git ls-files --stage -- /home/ubuntu/node/server.js [7ms]
[2022-10-13T03:26:08.630Z] > git show --textconv :src/App.js [7ms]
[2022-10-13T03:26:08.631Z] > git ls-files --stage -- /home/ubuntu/jinkange/src/App.js [2ms]
[2022-10-13T03:26:08.639Z] > git cat-file -s 37845757234ccb68531c10cf7a2ffc589c47e342 [3ms]
[2022-10-13T03:30:40.417Z] > git show --textconv :node/server.js [6ms]
[2022-10-13T03:30:40.422Z] > git ls-files --stage -- /home/ubuntu/node/server.js [6ms]
[2022-10-13T03:30:46.454Z] > git show --textconv :src/App.js [6ms]
[2022-10-13T03:30:46.454Z] > git ls-files --stage -- /home/ubuntu/jinkange/src/App.js [1ms]
[2022-10-13T03:30:46.461Z] > git cat-file -s 37845757234ccb68531c10cf7a2ffc589c47e342 [1ms]
